19:43:33.484 [background-preinit] INFO  o.h.v.i.util.Version - [<clinit>,21] - HV000001: Hibernate Validator 6.2.0.Final
19:43:34.850 [main] INFO  c.a.n.c.r.client - [lambda$createClient$0,80] - [RpcClientFactory] create a new rpc client of a4a03a42-9837-489a-b373-3358d6ec9413_config-0
19:43:34.897 [main] INFO  o.r.Reflections - [scan,232] - Reflections took 28 ms to scan 1 urls, producing 3 keys and 6 values 
19:43:34.930 [main] INFO  o.r.Reflections - [scan,232] - Reflections took 17 ms to scan 1 urls, producing 4 keys and 9 values 
19:43:34.944 [main] INFO  o.r.Reflections - [scan,232] - Reflections took 12 ms to scan 1 urls, producing 3 keys and 10 values 
19:43:35.233 [main] INFO  o.r.Reflections - [scan,232] - Reflections took 281 ms to scan 208 urls, producing 0 keys and 0 values 
19:43:35.251 [main] INFO  o.r.Reflections - [scan,232] - Reflections took 14 ms to scan 1 urls, producing 1 keys and 5 values 
19:43:35.281 [main] INFO  o.r.Reflections - [scan,232] - Reflections took 27 ms to scan 1 urls, producing 1 keys and 7 values 
19:43:35.293 [main] INFO  o.r.Reflections - [scan,232] - Reflections took 10 ms to scan 1 urls, producing 2 keys and 8 values 
19:43:35.439 [main] INFO  o.r.Reflections - [scan,232] - Reflections took 143 ms to scan 208 urls, producing 0 keys and 0 values 
19:43:35.443 [main] INFO  c.a.n.c.r.client - [printIfInfoEnabled,60] - [a4a03a42-9837-489a-b373-3358d6ec9413_config-0] RpcClient init label, labels = {module=config, Vipserver-Tag=null, source=sdk, Amory-Tag=null, Location-Tag=null, taskId=0, AppName=unknown}
19:43:35.444 [main] INFO  c.a.n.c.r.client - [printIfInfoEnabled,60] - [a4a03a42-9837-489a-b373-3358d6ec9413_config-0] Register server push request handler:com.alibaba.nacos.client.config.impl.ClientWorker$ConfigRpcTransportClient$$Lambda$333/1023344953
19:43:35.444 [main] INFO  c.a.n.c.r.client - [printIfInfoEnabled,60] - [a4a03a42-9837-489a-b373-3358d6ec9413_config-0] Register server push request handler:com.alibaba.nacos.client.config.impl.ClientWorker$ConfigRpcTransportClient$$Lambda$334/2083106248
19:43:35.445 [main] INFO  c.a.n.c.r.client - [printIfInfoEnabled,60] - [a4a03a42-9837-489a-b373-3358d6ec9413_config-0] Registry connection listener to current client:com.alibaba.nacos.client.config.impl.ClientWorker$ConfigRpcTransportClient$1
19:43:35.446 [main] INFO  c.a.n.c.r.client - [printIfInfoEnabled,60] - [a4a03a42-9837-489a-b373-3358d6ec9413_config-0] RpcClient init, ServerListFactory = com.alibaba.nacos.client.config.impl.ClientWorker$ConfigRpcTransportClient$2
19:43:35.454 [main] INFO  c.a.n.c.r.client - [printIfInfoEnabled,60] - [a4a03a42-9837-489a-b373-3358d6ec9413_config-0] Try to connect to server on start up, server: {serverIp = '192.168.56.10', server main port = 8848}
19:43:38.469 [main] INFO  c.a.n.c.r.client - [printIfInfoEnabled,60] - [a4a03a42-9837-489a-b373-3358d6ec9413_config-0] Success to connect to server [192.168.56.10:8848] on start up, connectionId = 1653651819579_192.168.56.1_1744
19:43:38.469 [com.alibaba.nacos.client.remote.worker] INFO  c.a.n.c.r.client - [printIfInfoEnabled,60] - [a4a03a42-9837-489a-b373-3358d6ec9413_config-0] Notify connected event to listeners.
19:43:38.470 [main] INFO  c.a.n.c.r.client - [printIfInfoEnabled,60] - [a4a03a42-9837-489a-b373-3358d6ec9413_config-0] Register server push request handler:com.alibaba.nacos.common.remote.client.RpcClient$ConnectResetRequestHandler
19:43:38.470 [main] INFO  c.a.n.c.r.client - [printIfInfoEnabled,60] - [a4a03a42-9837-489a-b373-3358d6ec9413_config-0] Register server push request handler:com.alibaba.nacos.common.remote.client.RpcClient$$Lambda$343/1986677191
19:43:38.547 [main] INFO  c.y.g.YinswGatewayApplication - [logStartupProfileInfo,639] - The following profiles are active: dev
19:43:46.942 [main] INFO  c.a.c.s.g.s.SentinelSCGAutoConfiguration - [sentinelGatewayFilter,144] - [Sentinel SpringCloudGateway] register SentinelGatewayFilter with order: -2147483648
19:43:47.396 [main] INFO  c.a.n.c.r.client - [lambda$createClient$0,80] - [RpcClientFactory] create a new rpc client of accd9c27-15a7-413b-b987-ff00b10fd87a
19:43:47.397 [main] INFO  c.a.n.c.r.client - [printIfInfoEnabled,60] - [accd9c27-15a7-413b-b987-ff00b10fd87a] RpcClient init label, labels = {module=naming, source=sdk}
19:43:47.399 [main] INFO  c.a.n.c.r.client - [printIfInfoEnabled,60] - [accd9c27-15a7-413b-b987-ff00b10fd87a] RpcClient init, ServerListFactory = com.alibaba.nacos.client.naming.core.ServerListManager
19:43:47.399 [main] INFO  c.a.n.c.r.client - [printIfInfoEnabled,60] - [accd9c27-15a7-413b-b987-ff00b10fd87a] Registry connection listener to current client:com.alibaba.nacos.client.naming.remote.gprc.redo.NamingGrpcRedoService
19:43:47.400 [main] INFO  c.a.n.c.r.client - [printIfInfoEnabled,60] - [accd9c27-15a7-413b-b987-ff00b10fd87a] Register server push request handler:com.alibaba.nacos.client.naming.remote.gprc.NamingPushRequestHandler
19:43:47.401 [main] INFO  c.a.n.c.r.client - [printIfInfoEnabled,60] - [accd9c27-15a7-413b-b987-ff00b10fd87a] Try to connect to server on start up, server: {serverIp = '192.168.56.10', server main port = 8848}
19:43:47.512 [main] INFO  c.a.n.c.r.client - [printIfInfoEnabled,60] - [accd9c27-15a7-413b-b987-ff00b10fd87a] Success to connect to server [192.168.56.10:8848] on start up, connectionId = 1653651828723_192.168.56.1_2101
19:43:47.512 [com.alibaba.nacos.client.remote.worker] INFO  c.a.n.c.r.client - [printIfInfoEnabled,60] - [accd9c27-15a7-413b-b987-ff00b10fd87a] Notify connected event to listeners.
19:43:47.512 [main] INFO  c.a.n.c.r.client - [printIfInfoEnabled,60] - [accd9c27-15a7-413b-b987-ff00b10fd87a] Register server push request handler:com.alibaba.nacos.common.remote.client.RpcClient$ConnectResetRequestHandler
19:43:47.512 [main] INFO  c.a.n.c.r.client - [printIfInfoEnabled,60] - [accd9c27-15a7-413b-b987-ff00b10fd87a] Register server push request handler:com.alibaba.nacos.common.remote.client.RpcClient$$Lambda$343/1986677191
19:43:47.787 [main] INFO  c.a.c.s.g.s.SentinelSCGAutoConfiguration - [sentinelGatewayBlockExceptionHandler,134] - [Sentinel SpringCloudGateway] register SentinelGatewayBlockExceptionHandler
19:43:48.102 [main] INFO  c.a.n.c.r.client - [lambda$createClient$0,80] - [RpcClientFactory] create a new rpc client of 0f73ce9d-1ff6-4b23-b023-efe91eb0e700_config-0
19:43:48.102 [main] INFO  c.a.n.c.r.client - [printIfInfoEnabled,60] - [0f73ce9d-1ff6-4b23-b023-efe91eb0e700_config-0] RpcClient init label, labels = {module=config, Vipserver-Tag=null, source=sdk, Amory-Tag=null, Location-Tag=null, taskId=0, AppName=unknown}
19:43:48.102 [main] INFO  c.a.n.c.r.client - [printIfInfoEnabled,60] - [0f73ce9d-1ff6-4b23-b023-efe91eb0e700_config-0] Register server push request handler:com.alibaba.nacos.client.config.impl.ClientWorker$ConfigRpcTransportClient$$Lambda$333/1023344953
19:43:48.102 [main] INFO  c.a.n.c.r.client - [printIfInfoEnabled,60] - [0f73ce9d-1ff6-4b23-b023-efe91eb0e700_config-0] Register server push request handler:com.alibaba.nacos.client.config.impl.ClientWorker$ConfigRpcTransportClient$$Lambda$334/2083106248
19:43:48.102 [main] INFO  c.a.n.c.r.client - [printIfInfoEnabled,60] - [0f73ce9d-1ff6-4b23-b023-efe91eb0e700_config-0] Registry connection listener to current client:com.alibaba.nacos.client.config.impl.ClientWorker$ConfigRpcTransportClient$1
19:43:48.102 [main] INFO  c.a.n.c.r.client - [printIfInfoEnabled,60] - [0f73ce9d-1ff6-4b23-b023-efe91eb0e700_config-0] RpcClient init, ServerListFactory = com.alibaba.nacos.client.config.impl.ClientWorker$ConfigRpcTransportClient$2
19:43:48.103 [main] INFO  c.a.n.c.r.client - [printIfInfoEnabled,60] - [0f73ce9d-1ff6-4b23-b023-efe91eb0e700_config-0] Try to connect to server on start up, server: {serverIp = '192.168.56.10', server main port = 8848}
19:43:48.211 [main] INFO  c.a.n.c.r.client - [printIfInfoEnabled,60] - [0f73ce9d-1ff6-4b23-b023-efe91eb0e700_config-0] Success to connect to server [192.168.56.10:8848] on start up, connectionId = 1653651829424_192.168.56.1_2112
19:43:48.211 [com.alibaba.nacos.client.remote.worker] INFO  c.a.n.c.r.client - [printIfInfoEnabled,60] - [0f73ce9d-1ff6-4b23-b023-efe91eb0e700_config-0] Notify connected event to listeners.
19:43:48.211 [main] INFO  c.a.n.c.r.client - [printIfInfoEnabled,60] - [0f73ce9d-1ff6-4b23-b023-efe91eb0e700_config-0] Register server push request handler:com.alibaba.nacos.common.remote.client.RpcClient$ConnectResetRequestHandler
19:43:48.211 [main] INFO  c.a.n.c.r.client - [printIfInfoEnabled,60] - [0f73ce9d-1ff6-4b23-b023-efe91eb0e700_config-0] Register server push request handler:com.alibaba.nacos.common.remote.client.RpcClient$$Lambda$343/1986677191
19:43:48.869 [nacos-grpc-client-executor-20] INFO  c.a.n.c.r.client - [printIfInfoEnabled,60] - [accd9c27-15a7-413b-b987-ff00b10fd87a] Receive server push request, request = NotifySubscriberRequest, requestId = 26
19:43:48.871 [nacos-grpc-client-executor-20] INFO  c.a.n.c.r.client - [printIfInfoEnabled,60] - [accd9c27-15a7-413b-b987-ff00b10fd87a] Ack server push request, request = NotifySubscriberRequest, requestId = 26
19:43:49.750 [nacos-grpc-client-executor-21] INFO  c.a.n.c.r.client - [printIfInfoEnabled,60] - [accd9c27-15a7-413b-b987-ff00b10fd87a] Receive server push request, request = NotifySubscriberRequest, requestId = 27
19:43:49.751 [nacos-grpc-client-executor-21] INFO  c.a.n.c.r.client - [printIfInfoEnabled,60] - [accd9c27-15a7-413b-b987-ff00b10fd87a] Ack server push request, request = NotifySubscriberRequest, requestId = 27
19:43:49.753 [nacos-grpc-client-executor-22] INFO  c.a.n.c.r.client - [printIfInfoEnabled,60] - [accd9c27-15a7-413b-b987-ff00b10fd87a] Receive server push request, request = NotifySubscriberRequest, requestId = 28
19:43:49.753 [nacos-grpc-client-executor-22] INFO  c.a.n.c.r.client - [printIfInfoEnabled,60] - [accd9c27-15a7-413b-b987-ff00b10fd87a] Ack server push request, request = NotifySubscriberRequest, requestId = 28
19:43:49.755 [nacos-grpc-client-executor-23] INFO  c.a.n.c.r.client - [printIfInfoEnabled,60] - [accd9c27-15a7-413b-b987-ff00b10fd87a] Receive server push request, request = NotifySubscriberRequest, requestId = 29
19:43:49.755 [nacos-grpc-client-executor-23] INFO  c.a.n.c.r.client - [printIfInfoEnabled,60] - [accd9c27-15a7-413b-b987-ff00b10fd87a] Ack server push request, request = NotifySubscriberRequest, requestId = 29
19:43:50.468 [main] INFO  c.a.c.n.r.NacosServiceRegistry - [register,75] - nacos registry, DEFAULT_GROUP yinsw-gateway 10.1.67.15:8080 register finished
19:43:50.492 [main] INFO  c.y.g.YinswGatewayApplication - [logStarted,61] - Started YinswGatewayApplication in 18.389 seconds (JVM running for 19.594)
19:43:50.996 [nacos-grpc-client-executor-42] INFO  c.a.n.c.r.client - [printIfInfoEnabled,60] - [accd9c27-15a7-413b-b987-ff00b10fd87a] Receive server push request, request = NotifySubscriberRequest, requestId = 31
19:43:50.999 [nacos-grpc-client-executor-42] INFO  c.a.n.c.r.client - [printIfInfoEnabled,60] - [accd9c27-15a7-413b-b987-ff00b10fd87a] Ack server push request, request = NotifySubscriberRequest, requestId = 31
19:43:51.003 [nacos-grpc-client-executor-43] INFO  c.a.n.c.r.client - [printIfInfoEnabled,60] - [accd9c27-15a7-413b-b987-ff00b10fd87a] Receive server push request, request = NotifySubscriberRequest, requestId = 32
19:43:51.003 [nacos-grpc-client-executor-43] INFO  c.a.n.c.r.client - [printIfInfoEnabled,60] - [accd9c27-15a7-413b-b987-ff00b10fd87a] Ack server push request, request = NotifySubscriberRequest, requestId = 32
19:44:19.374 [nacos-grpc-client-executor-73] INFO  c.a.n.c.r.client - [printIfInfoEnabled,60] - [accd9c27-15a7-413b-b987-ff00b10fd87a] Receive server push request, request = NotifySubscriberRequest, requestId = 45
19:44:19.374 [nacos-grpc-client-executor-73] INFO  c.a.n.c.r.client - [printIfInfoEnabled,60] - [accd9c27-15a7-413b-b987-ff00b10fd87a] Ack server push request, request = NotifySubscriberRequest, requestId = 45
19:44:19.375 [nacos-grpc-client-executor-74] INFO  c.a.n.c.r.client - [printIfInfoEnabled,60] - [accd9c27-15a7-413b-b987-ff00b10fd87a] Receive server push request, request = NotifySubscriberRequest, requestId = 46
19:44:19.376 [nacos-grpc-client-executor-74] INFO  c.a.n.c.r.client - [printIfInfoEnabled,60] - [accd9c27-15a7-413b-b987-ff00b10fd87a] Ack server push request, request = NotifySubscriberRequest, requestId = 46
19:44:19.377 [nacos-grpc-client-executor-75] INFO  c.a.n.c.r.client - [printIfInfoEnabled,60] - [accd9c27-15a7-413b-b987-ff00b10fd87a] Receive server push request, request = NotifySubscriberRequest, requestId = 44
19:44:19.377 [nacos-grpc-client-executor-75] INFO  c.a.n.c.r.client - [printIfInfoEnabled,60] - [accd9c27-15a7-413b-b987-ff00b10fd87a] Ack server push request, request = NotifySubscriberRequest, requestId = 44
19:44:19.378 [nacos-grpc-client-executor-76] INFO  c.a.n.c.r.client - [printIfInfoEnabled,60] - [accd9c27-15a7-413b-b987-ff00b10fd87a] Receive server push request, request = NotifySubscriberRequest, requestId = 47
19:44:19.378 [nacos-grpc-client-executor-76] INFO  c.a.n.c.r.client - [printIfInfoEnabled,60] - [accd9c27-15a7-413b-b987-ff00b10fd87a] Ack server push request, request = NotifySubscriberRequest, requestId = 47
20:29:22.252 [nacos-grpc-client-executor-1215] INFO  c.a.n.c.r.client - [printIfInfoEnabled,60] - [accd9c27-15a7-413b-b987-ff00b10fd87a] Receive server push request, request = NotifySubscriberRequest, requestId = 52
20:29:22.254 [nacos-grpc-client-executor-1215] INFO  c.a.n.c.r.client - [printIfInfoEnabled,60] - [accd9c27-15a7-413b-b987-ff00b10fd87a] Ack server push request, request = NotifySubscriberRequest, requestId = 52
20:29:24.982 [SpringApplicationShutdownHook] INFO  c.a.c.n.r.NacosServiceRegistry - [deregister,90] - De-registering from Nacos Server now...
20:29:24.983 [SpringApplicationShutdownHook] INFO  c.a.c.n.r.NacosServiceRegistry - [deregister,110] - De-registration finished.
20:29:25.288 [SpringApplicationShutdownHook] INFO  c.a.n.c.r.client - [shutdown,454] - Shutdown rpc client, set status to shutdown
20:29:25.288 [SpringApplicationShutdownHook] INFO  c.a.n.c.r.client - [shutdown,456] - Shutdown client event executor java.util.concurrent.ScheduledThreadPoolExecutor@5e4f06d9[Running, pool size = 2, active threads = 2, queued tasks = 0, completed tasks = 0]
20:29:25.289 [SpringApplicationShutdownHook] INFO  c.a.n.c.r.client - [closeConnection,591] - Close current connection 1653651828723_192.168.56.1_2101
20:29:25.290 [nacos-grpc-client-executor-1218] INFO  c.a.n.c.r.c.g.GrpcClient - [printIfInfoEnabled,60] - [1653651828723_192.168.56.1_2101]Ignore complete event,isRunning:false,isAbandon=false
20:29:25.292 [SpringApplicationShutdownHook] INFO  c.a.n.c.r.c.g.GrpcClient - [shutdown,85] - Shutdown grpc executor java.util.concurrent.ThreadPoolExecutor@3c8545f4[Running, pool size = 11, active threads = 0, queued tasks = 0, completed tasks = 1219]
