10:29:19.966 [background-preinit] INFO  o.h.v.i.util.Version - [<clinit>,21] - HV000001: Hibernate Validator 6.2.0.Final
10:29:21.502 [main] INFO  c.a.n.c.r.client - [lambda$createClient$0,80] - [RpcClientFactory] create a new rpc client of aeca148f-726e-4d11-bf20-94cb429546cb_config-0
10:29:21.564 [main] INFO  o.r.Reflections - [scan,232] - Reflections took 40 ms to scan 1 urls, producing 3 keys and 6 values 
10:29:21.610 [main] INFO  o.r.Reflections - [scan,232] - Reflections took 24 ms to scan 1 urls, producing 4 keys and 9 values 
10:29:21.638 [main] INFO  o.r.Reflections - [scan,232] - Reflections took 24 ms to scan 1 urls, producing 3 keys and 10 values 
10:29:21.808 [main] INFO  o.r.Reflections - [scan,232] - Reflections took 166 ms to scan 208 urls, producing 0 keys and 0 values 
10:29:21.817 [main] INFO  o.r.Reflections - [scan,232] - Reflections took 8 ms to scan 1 urls, producing 1 keys and 5 values 
10:29:21.830 [main] INFO  o.r.Reflections - [scan,232] - Reflections took 11 ms to scan 1 urls, producing 1 keys and 7 values 
10:29:21.842 [main] INFO  o.r.Reflections - [scan,232] - Reflections took 10 ms to scan 1 urls, producing 2 keys and 8 values 
10:29:21.967 [main] INFO  o.r.Reflections - [scan,232] - Reflections took 123 ms to scan 208 urls, producing 0 keys and 0 values 
10:29:21.970 [main] INFO  c.a.n.c.r.client - [printIfInfoEnabled,60] - [aeca148f-726e-4d11-bf20-94cb429546cb_config-0] RpcClient init label, labels = {module=config, Vipserver-Tag=null, source=sdk, Amory-Tag=null, Location-Tag=null, taskId=0, AppName=unknown}
10:29:21.971 [main] INFO  c.a.n.c.r.client - [printIfInfoEnabled,60] - [aeca148f-726e-4d11-bf20-94cb429546cb_config-0] Register server push request handler:com.alibaba.nacos.client.config.impl.ClientWorker$ConfigRpcTransportClient$$Lambda$333/300659126
10:29:21.971 [main] INFO  c.a.n.c.r.client - [printIfInfoEnabled,60] - [aeca148f-726e-4d11-bf20-94cb429546cb_config-0] Register server push request handler:com.alibaba.nacos.client.config.impl.ClientWorker$ConfigRpcTransportClient$$Lambda$334/179233442
10:29:21.972 [main] INFO  c.a.n.c.r.client - [printIfInfoEnabled,60] - [aeca148f-726e-4d11-bf20-94cb429546cb_config-0] Registry connection listener to current client:com.alibaba.nacos.client.config.impl.ClientWorker$ConfigRpcTransportClient$1
10:29:21.972 [main] INFO  c.a.n.c.r.client - [printIfInfoEnabled,60] - [aeca148f-726e-4d11-bf20-94cb429546cb_config-0] RpcClient init, ServerListFactory = com.alibaba.nacos.client.config.impl.ClientWorker$ConfigRpcTransportClient$2
10:29:21.979 [main] INFO  c.a.n.c.r.client - [printIfInfoEnabled,60] - [aeca148f-726e-4d11-bf20-94cb429546cb_config-0] Try to connect to server on start up, server: {serverIp = '192.168.56.10', server main port = 8848}
10:29:24.805 [main] INFO  c.a.n.c.r.client - [printIfInfoEnabled,60] - [aeca148f-726e-4d11-bf20-94cb429546cb_config-0] Success to connect to server [192.168.56.10:8848] on start up, connectionId = 1653532165058_192.168.56.1_5170
10:29:24.806 [com.alibaba.nacos.client.remote.worker] INFO  c.a.n.c.r.client - [printIfInfoEnabled,60] - [aeca148f-726e-4d11-bf20-94cb429546cb_config-0] Notify connected event to listeners.
10:29:24.806 [main] INFO  c.a.n.c.r.client - [printIfInfoEnabled,60] - [aeca148f-726e-4d11-bf20-94cb429546cb_config-0] Register server push request handler:com.alibaba.nacos.common.remote.client.RpcClient$ConnectResetRequestHandler
10:29:24.807 [main] INFO  c.a.n.c.r.client - [printIfInfoEnabled,60] - [aeca148f-726e-4d11-bf20-94cb429546cb_config-0] Register server push request handler:com.alibaba.nacos.common.remote.client.RpcClient$$Lambda$343/2141178045
10:29:24.929 [main] INFO  c.y.g.YinswGatewayApplication - [logStartupProfileInfo,639] - The following profiles are active: dev
10:29:34.102 [main] INFO  c.a.c.s.g.s.SentinelSCGAutoConfiguration - [sentinelGatewayFilter,144] - [Sentinel SpringCloudGateway] register SentinelGatewayFilter with order: -2147483648
10:29:34.689 [main] INFO  c.a.n.c.r.client - [lambda$createClient$0,80] - [RpcClientFactory] create a new rpc client of b2d76a73-b826-4a60-b69e-ab094678a48c
10:29:34.690 [main] INFO  c.a.n.c.r.client - [printIfInfoEnabled,60] - [b2d76a73-b826-4a60-b69e-ab094678a48c] RpcClient init label, labels = {module=naming, source=sdk}
10:29:34.692 [main] INFO  c.a.n.c.r.client - [printIfInfoEnabled,60] - [b2d76a73-b826-4a60-b69e-ab094678a48c] RpcClient init, ServerListFactory = com.alibaba.nacos.client.naming.core.ServerListManager
10:29:34.693 [main] INFO  c.a.n.c.r.client - [printIfInfoEnabled,60] - [b2d76a73-b826-4a60-b69e-ab094678a48c] Registry connection listener to current client:com.alibaba.nacos.client.naming.remote.gprc.redo.NamingGrpcRedoService
10:29:34.693 [main] INFO  c.a.n.c.r.client - [printIfInfoEnabled,60] - [b2d76a73-b826-4a60-b69e-ab094678a48c] Register server push request handler:com.alibaba.nacos.client.naming.remote.gprc.NamingPushRequestHandler
10:29:34.694 [main] INFO  c.a.n.c.r.client - [printIfInfoEnabled,60] - [b2d76a73-b826-4a60-b69e-ab094678a48c] Try to connect to server on start up, server: {serverIp = '192.168.56.10', server main port = 8848}
10:29:34.841 [main] INFO  c.a.n.c.r.client - [printIfInfoEnabled,60] - [b2d76a73-b826-4a60-b69e-ab094678a48c] Success to connect to server [192.168.56.10:8848] on start up, connectionId = 1653532175316_192.168.56.1_5449
10:29:34.841 [main] INFO  c.a.n.c.r.client - [printIfInfoEnabled,60] - [b2d76a73-b826-4a60-b69e-ab094678a48c] Register server push request handler:com.alibaba.nacos.common.remote.client.RpcClient$ConnectResetRequestHandler
10:29:34.842 [main] INFO  c.a.n.c.r.client - [printIfInfoEnabled,60] - [b2d76a73-b826-4a60-b69e-ab094678a48c] Register server push request handler:com.alibaba.nacos.common.remote.client.RpcClient$$Lambda$343/2141178045
10:29:34.844 [com.alibaba.nacos.client.remote.worker] INFO  c.a.n.c.r.client - [printIfInfoEnabled,60] - [b2d76a73-b826-4a60-b69e-ab094678a48c] Notify connected event to listeners.
10:29:35.168 [main] INFO  c.a.c.s.g.s.SentinelSCGAutoConfiguration - [sentinelGatewayBlockExceptionHandler,134] - [Sentinel SpringCloudGateway] register SentinelGatewayBlockExceptionHandler
10:29:35.592 [main] INFO  c.a.n.c.r.client - [lambda$createClient$0,80] - [RpcClientFactory] create a new rpc client of 4b2d322c-6b45-4e45-9bd5-acc64db05dc5_config-0
10:29:35.592 [main] INFO  c.a.n.c.r.client - [printIfInfoEnabled,60] - [4b2d322c-6b45-4e45-9bd5-acc64db05dc5_config-0] RpcClient init label, labels = {module=config, Vipserver-Tag=null, source=sdk, Amory-Tag=null, Location-Tag=null, taskId=0, AppName=unknown}
10:29:35.593 [main] INFO  c.a.n.c.r.client - [printIfInfoEnabled,60] - [4b2d322c-6b45-4e45-9bd5-acc64db05dc5_config-0] Register server push request handler:com.alibaba.nacos.client.config.impl.ClientWorker$ConfigRpcTransportClient$$Lambda$333/300659126
10:29:35.593 [main] INFO  c.a.n.c.r.client - [printIfInfoEnabled,60] - [4b2d322c-6b45-4e45-9bd5-acc64db05dc5_config-0] Register server push request handler:com.alibaba.nacos.client.config.impl.ClientWorker$ConfigRpcTransportClient$$Lambda$334/179233442
10:29:35.593 [main] INFO  c.a.n.c.r.client - [printIfInfoEnabled,60] - [4b2d322c-6b45-4e45-9bd5-acc64db05dc5_config-0] Registry connection listener to current client:com.alibaba.nacos.client.config.impl.ClientWorker$ConfigRpcTransportClient$1
10:29:35.593 [main] INFO  c.a.n.c.r.client - [printIfInfoEnabled,60] - [4b2d322c-6b45-4e45-9bd5-acc64db05dc5_config-0] RpcClient init, ServerListFactory = com.alibaba.nacos.client.config.impl.ClientWorker$ConfigRpcTransportClient$2
10:29:35.594 [main] INFO  c.a.n.c.r.client - [printIfInfoEnabled,60] - [4b2d322c-6b45-4e45-9bd5-acc64db05dc5_config-0] Try to connect to server on start up, server: {serverIp = '192.168.56.10', server main port = 8848}
10:29:35.704 [main] INFO  c.a.n.c.r.client - [printIfInfoEnabled,60] - [4b2d322c-6b45-4e45-9bd5-acc64db05dc5_config-0] Success to connect to server [192.168.56.10:8848] on start up, connectionId = 1653532176202_192.168.56.1_5489
10:29:35.704 [com.alibaba.nacos.client.remote.worker] INFO  c.a.n.c.r.client - [printIfInfoEnabled,60] - [4b2d322c-6b45-4e45-9bd5-acc64db05dc5_config-0] Notify connected event to listeners.
10:29:35.704 [main] INFO  c.a.n.c.r.client - [printIfInfoEnabled,60] - [4b2d322c-6b45-4e45-9bd5-acc64db05dc5_config-0] Register server push request handler:com.alibaba.nacos.common.remote.client.RpcClient$ConnectResetRequestHandler
10:29:35.704 [main] INFO  c.a.n.c.r.client - [printIfInfoEnabled,60] - [4b2d322c-6b45-4e45-9bd5-acc64db05dc5_config-0] Register server push request handler:com.alibaba.nacos.common.remote.client.RpcClient$$Lambda$343/2141178045
10:29:36.376 [nacos-grpc-client-executor-12] INFO  c.a.n.c.r.client - [printIfInfoEnabled,60] - [b2d76a73-b826-4a60-b69e-ab094678a48c] Receive server push request, request = NotifySubscriberRequest, requestId = 3
10:29:36.378 [nacos-grpc-client-executor-12] INFO  c.a.n.c.r.client - [printIfInfoEnabled,60] - [b2d76a73-b826-4a60-b69e-ab094678a48c] Ack server push request, request = NotifySubscriberRequest, requestId = 3
10:29:36.457 [nacos-grpc-client-executor-13] INFO  c.a.n.c.r.client - [printIfInfoEnabled,60] - [b2d76a73-b826-4a60-b69e-ab094678a48c] Receive server push request, request = NotifySubscriberRequest, requestId = 4
10:29:36.458 [nacos-grpc-client-executor-13] INFO  c.a.n.c.r.client - [printIfInfoEnabled,60] - [b2d76a73-b826-4a60-b69e-ab094678a48c] Ack server push request, request = NotifySubscriberRequest, requestId = 4
10:29:36.461 [nacos-grpc-client-executor-14] INFO  c.a.n.c.r.client - [printIfInfoEnabled,60] - [b2d76a73-b826-4a60-b69e-ab094678a48c] Receive server push request, request = NotifySubscriberRequest, requestId = 5
10:29:36.462 [nacos-grpc-client-executor-14] INFO  c.a.n.c.r.client - [printIfInfoEnabled,60] - [b2d76a73-b826-4a60-b69e-ab094678a48c] Ack server push request, request = NotifySubscriberRequest, requestId = 5
10:29:39.400 [main] INFO  c.a.c.n.r.NacosServiceRegistry - [register,75] - nacos registry, DEFAULT_GROUP yinsw-gateway 10.1.67.15:8080 register finished
10:29:39.432 [main] INFO  c.y.g.YinswGatewayApplication - [logStarted,61] - Started YinswGatewayApplication in 20.649 seconds (JVM running for 22.235)
10:29:39.990 [nacos-grpc-client-executor-27] INFO  c.a.n.c.r.client - [printIfInfoEnabled,60] - [b2d76a73-b826-4a60-b69e-ab094678a48c] Receive server push request, request = NotifySubscriberRequest, requestId = 6
10:29:39.994 [nacos-grpc-client-executor-27] INFO  c.a.n.c.r.client - [printIfInfoEnabled,60] - [b2d76a73-b826-4a60-b69e-ab094678a48c] Ack server push request, request = NotifySubscriberRequest, requestId = 6
10:30:06.489 [nacos-grpc-client-executor-63] INFO  c.a.n.c.r.client - [printIfInfoEnabled,60] - [b2d76a73-b826-4a60-b69e-ab094678a48c] Receive server push request, request = NotifySubscriberRequest, requestId = 20
10:30:06.489 [nacos-grpc-client-executor-63] INFO  c.a.n.c.r.client - [printIfInfoEnabled,60] - [b2d76a73-b826-4a60-b69e-ab094678a48c] Ack server push request, request = NotifySubscriberRequest, requestId = 20
10:30:06.491 [nacos-grpc-client-executor-64] INFO  c.a.n.c.r.client - [printIfInfoEnabled,60] - [b2d76a73-b826-4a60-b69e-ab094678a48c] Receive server push request, request = NotifySubscriberRequest, requestId = 21
10:30:06.491 [nacos-grpc-client-executor-64] INFO  c.a.n.c.r.client - [printIfInfoEnabled,60] - [b2d76a73-b826-4a60-b69e-ab094678a48c] Ack server push request, request = NotifySubscriberRequest, requestId = 21
10:30:06.492 [nacos-grpc-client-executor-65] INFO  c.a.n.c.r.client - [printIfInfoEnabled,60] - [b2d76a73-b826-4a60-b69e-ab094678a48c] Receive server push request, request = NotifySubscriberRequest, requestId = 22
10:30:06.493 [nacos-grpc-client-executor-65] INFO  c.a.n.c.r.client - [printIfInfoEnabled,60] - [b2d76a73-b826-4a60-b69e-ab094678a48c] Ack server push request, request = NotifySubscriberRequest, requestId = 22
10:30:06.495 [nacos-grpc-client-executor-66] INFO  c.a.n.c.r.client - [printIfInfoEnabled,60] - [b2d76a73-b826-4a60-b69e-ab094678a48c] Receive server push request, request = NotifySubscriberRequest, requestId = 23
10:30:06.495 [nacos-grpc-client-executor-66] INFO  c.a.n.c.r.client - [printIfInfoEnabled,60] - [b2d76a73-b826-4a60-b69e-ab094678a48c] Ack server push request, request = NotifySubscriberRequest, requestId = 23
10:30:06.496 [nacos-grpc-client-executor-67] INFO  c.a.n.c.r.client - [printIfInfoEnabled,60] - [b2d76a73-b826-4a60-b69e-ab094678a48c] Receive server push request, request = NotifySubscriberRequest, requestId = 19
10:30:06.496 [nacos-grpc-client-executor-67] INFO  c.a.n.c.r.client - [printIfInfoEnabled,60] - [b2d76a73-b826-4a60-b69e-ab094678a48c] Ack server push request, request = NotifySubscriberRequest, requestId = 19
10:30:06.497 [nacos-grpc-client-executor-68] INFO  c.a.n.c.r.client - [printIfInfoEnabled,60] - [b2d76a73-b826-4a60-b69e-ab094678a48c] Receive server push request, request = NotifySubscriberRequest, requestId = 24
10:30:06.498 [nacos-grpc-client-executor-68] INFO  c.a.n.c.r.client - [printIfInfoEnabled,60] - [b2d76a73-b826-4a60-b69e-ab094678a48c] Ack server push request, request = NotifySubscriberRequest, requestId = 24
10:48:18.056 [background-preinit] INFO  o.h.v.i.util.Version - [<clinit>,21] - HV000001: Hibernate Validator 6.2.0.Final
10:48:19.861 [main] INFO  c.a.n.c.r.client - [lambda$createClient$0,80] - [RpcClientFactory] create a new rpc client of 38ac100b-f96a-4887-ab78-8761fca2149b_config-0
10:48:20.013 [main] INFO  o.r.Reflections - [scan,232] - Reflections took 66 ms to scan 1 urls, producing 3 keys and 6 values 
10:48:20.070 [main] INFO  o.r.Reflections - [scan,232] - Reflections took 20 ms to scan 1 urls, producing 4 keys and 9 values 
10:48:20.091 [main] INFO  o.r.Reflections - [scan,232] - Reflections took 19 ms to scan 1 urls, producing 3 keys and 10 values 
10:48:20.452 [main] INFO  o.r.Reflections - [scan,232] - Reflections took 355 ms to scan 208 urls, producing 0 keys and 0 values 
10:48:20.467 [main] INFO  o.r.Reflections - [scan,232] - Reflections took 13 ms to scan 1 urls, producing 1 keys and 5 values 
10:48:20.490 [main] INFO  o.r.Reflections - [scan,232] - Reflections took 20 ms to scan 1 urls, producing 1 keys and 7 values 
10:48:20.507 [main] INFO  o.r.Reflections - [scan,232] - Reflections took 13 ms to scan 1 urls, producing 2 keys and 8 values 
10:48:20.714 [main] INFO  o.r.Reflections - [scan,232] - Reflections took 204 ms to scan 208 urls, producing 0 keys and 0 values 
10:48:20.720 [main] INFO  c.a.n.c.r.client - [printIfInfoEnabled,60] - [38ac100b-f96a-4887-ab78-8761fca2149b_config-0] RpcClient init label, labels = {module=config, Vipserver-Tag=null, source=sdk, Amory-Tag=null, Location-Tag=null, taskId=0, AppName=unknown}
10:48:20.721 [main] INFO  c.a.n.c.r.client - [printIfInfoEnabled,60] - [38ac100b-f96a-4887-ab78-8761fca2149b_config-0] Register server push request handler:com.alibaba.nacos.client.config.impl.ClientWorker$ConfigRpcTransportClient$$Lambda$333/44249014
10:48:20.721 [main] INFO  c.a.n.c.r.client - [printIfInfoEnabled,60] - [38ac100b-f96a-4887-ab78-8761fca2149b_config-0] Register server push request handler:com.alibaba.nacos.client.config.impl.ClientWorker$ConfigRpcTransportClient$$Lambda$334/101740901
10:48:20.722 [main] INFO  c.a.n.c.r.client - [printIfInfoEnabled,60] - [38ac100b-f96a-4887-ab78-8761fca2149b_config-0] Registry connection listener to current client:com.alibaba.nacos.client.config.impl.ClientWorker$ConfigRpcTransportClient$1
10:48:20.723 [main] INFO  c.a.n.c.r.client - [printIfInfoEnabled,60] - [38ac100b-f96a-4887-ab78-8761fca2149b_config-0] RpcClient init, ServerListFactory = com.alibaba.nacos.client.config.impl.ClientWorker$ConfigRpcTransportClient$2
10:48:20.732 [main] INFO  c.a.n.c.r.client - [printIfInfoEnabled,60] - [38ac100b-f96a-4887-ab78-8761fca2149b_config-0] Try to connect to server on start up, server: {serverIp = '192.168.56.10', server main port = 8848}
10:48:24.834 [main] INFO  c.a.n.c.r.client - [printIfInfoEnabled,60] - [38ac100b-f96a-4887-ab78-8761fca2149b_config-0] Success to connect to server [192.168.56.10:8848] on start up, connectionId = 1653533305198_192.168.56.1_2513
10:48:24.834 [com.alibaba.nacos.client.remote.worker] INFO  c.a.n.c.r.client - [printIfInfoEnabled,60] - [38ac100b-f96a-4887-ab78-8761fca2149b_config-0] Notify connected event to listeners.
10:48:24.835 [main] INFO  c.a.n.c.r.client - [printIfInfoEnabled,60] - [38ac100b-f96a-4887-ab78-8761fca2149b_config-0] Register server push request handler:com.alibaba.nacos.common.remote.client.RpcClient$ConnectResetRequestHandler
10:48:24.836 [main] INFO  c.a.n.c.r.client - [printIfInfoEnabled,60] - [38ac100b-f96a-4887-ab78-8761fca2149b_config-0] Register server push request handler:com.alibaba.nacos.common.remote.client.RpcClient$$Lambda$343/708004780
10:48:25.091 [main] INFO  c.y.g.YinswGatewayApplication - [logStartupProfileInfo,639] - The following profiles are active: dev
10:48:33.911 [main] INFO  c.a.c.s.g.s.SentinelSCGAutoConfiguration - [sentinelGatewayFilter,144] - [Sentinel SpringCloudGateway] register SentinelGatewayFilter with order: -2147483648
10:48:34.237 [main] INFO  c.a.n.c.r.client - [lambda$createClient$0,80] - [RpcClientFactory] create a new rpc client of 83dd1adf-0c77-4c71-b6e1-0ab5a6c6fafc
10:48:34.238 [main] INFO  c.a.n.c.r.client - [printIfInfoEnabled,60] - [83dd1adf-0c77-4c71-b6e1-0ab5a6c6fafc] RpcClient init label, labels = {module=naming, source=sdk}
10:48:34.240 [main] INFO  c.a.n.c.r.client - [printIfInfoEnabled,60] - [83dd1adf-0c77-4c71-b6e1-0ab5a6c6fafc] RpcClient init, ServerListFactory = com.alibaba.nacos.client.naming.core.ServerListManager
10:48:34.240 [main] INFO  c.a.n.c.r.client - [printIfInfoEnabled,60] - [83dd1adf-0c77-4c71-b6e1-0ab5a6c6fafc] Registry connection listener to current client:com.alibaba.nacos.client.naming.remote.gprc.redo.NamingGrpcRedoService
10:48:34.242 [main] INFO  c.a.n.c.r.client - [printIfInfoEnabled,60] - [83dd1adf-0c77-4c71-b6e1-0ab5a6c6fafc] Register server push request handler:com.alibaba.nacos.client.naming.remote.gprc.NamingPushRequestHandler
10:48:34.243 [main] INFO  c.a.n.c.r.client - [printIfInfoEnabled,60] - [83dd1adf-0c77-4c71-b6e1-0ab5a6c6fafc] Try to connect to server on start up, server: {serverIp = '192.168.56.10', server main port = 8848}
10:48:34.353 [main] INFO  c.a.n.c.r.client - [printIfInfoEnabled,60] - [83dd1adf-0c77-4c71-b6e1-0ab5a6c6fafc] Success to connect to server [192.168.56.10:8848] on start up, connectionId = 1653533315032_192.168.56.1_2860
10:48:34.353 [com.alibaba.nacos.client.remote.worker] INFO  c.a.n.c.r.client - [printIfInfoEnabled,60] - [83dd1adf-0c77-4c71-b6e1-0ab5a6c6fafc] Notify connected event to listeners.
10:48:34.353 [main] INFO  c.a.n.c.r.client - [printIfInfoEnabled,60] - [83dd1adf-0c77-4c71-b6e1-0ab5a6c6fafc] Register server push request handler:com.alibaba.nacos.common.remote.client.RpcClient$ConnectResetRequestHandler
10:48:34.353 [main] INFO  c.a.n.c.r.client - [printIfInfoEnabled,60] - [83dd1adf-0c77-4c71-b6e1-0ab5a6c6fafc] Register server push request handler:com.alibaba.nacos.common.remote.client.RpcClient$$Lambda$343/708004780
10:48:34.709 [main] INFO  c.a.c.s.g.s.SentinelSCGAutoConfiguration - [sentinelGatewayBlockExceptionHandler,134] - [Sentinel SpringCloudGateway] register SentinelGatewayBlockExceptionHandler
10:48:35.056 [main] INFO  c.a.n.c.r.client - [lambda$createClient$0,80] - [RpcClientFactory] create a new rpc client of d843c159-bab6-495c-bc76-2955a30877bf_config-0
10:48:35.056 [main] INFO  c.a.n.c.r.client - [printIfInfoEnabled,60] - [d843c159-bab6-495c-bc76-2955a30877bf_config-0] RpcClient init label, labels = {module=config, Vipserver-Tag=null, source=sdk, Amory-Tag=null, Location-Tag=null, taskId=0, AppName=unknown}
10:48:35.056 [main] INFO  c.a.n.c.r.client - [printIfInfoEnabled,60] - [d843c159-bab6-495c-bc76-2955a30877bf_config-0] Register server push request handler:com.alibaba.nacos.client.config.impl.ClientWorker$ConfigRpcTransportClient$$Lambda$333/44249014
10:48:35.056 [main] INFO  c.a.n.c.r.client - [printIfInfoEnabled,60] - [d843c159-bab6-495c-bc76-2955a30877bf_config-0] Register server push request handler:com.alibaba.nacos.client.config.impl.ClientWorker$ConfigRpcTransportClient$$Lambda$334/101740901
10:48:35.056 [main] INFO  c.a.n.c.r.client - [printIfInfoEnabled,60] - [d843c159-bab6-495c-bc76-2955a30877bf_config-0] Registry connection listener to current client:com.alibaba.nacos.client.config.impl.ClientWorker$ConfigRpcTransportClient$1
10:48:35.056 [main] INFO  c.a.n.c.r.client - [printIfInfoEnabled,60] - [d843c159-bab6-495c-bc76-2955a30877bf_config-0] RpcClient init, ServerListFactory = com.alibaba.nacos.client.config.impl.ClientWorker$ConfigRpcTransportClient$2
10:48:35.057 [main] INFO  c.a.n.c.r.client - [printIfInfoEnabled,60] - [d843c159-bab6-495c-bc76-2955a30877bf_config-0] Try to connect to server on start up, server: {serverIp = '192.168.56.10', server main port = 8848}
10:48:35.176 [main] INFO  c.a.n.c.r.client - [printIfInfoEnabled,60] - [d843c159-bab6-495c-bc76-2955a30877bf_config-0] Success to connect to server [192.168.56.10:8848] on start up, connectionId = 1653533315851_192.168.56.1_2866
10:48:35.176 [main] INFO  c.a.n.c.r.client - [printIfInfoEnabled,60] - [d843c159-bab6-495c-bc76-2955a30877bf_config-0] Register server push request handler:com.alibaba.nacos.common.remote.client.RpcClient$ConnectResetRequestHandler
10:48:35.176 [com.alibaba.nacos.client.remote.worker] INFO  c.a.n.c.r.client - [printIfInfoEnabled,60] - [d843c159-bab6-495c-bc76-2955a30877bf_config-0] Notify connected event to listeners.
10:48:35.176 [main] INFO  c.a.n.c.r.client - [printIfInfoEnabled,60] - [d843c159-bab6-495c-bc76-2955a30877bf_config-0] Register server push request handler:com.alibaba.nacos.common.remote.client.RpcClient$$Lambda$343/708004780
10:48:35.539 [nacos-grpc-client-executor-18] INFO  c.a.n.c.r.client - [printIfInfoEnabled,60] - [83dd1adf-0c77-4c71-b6e1-0ab5a6c6fafc] Receive server push request, request = NotifySubscriberRequest, requestId = 3
10:48:35.540 [nacos-grpc-client-executor-18] INFO  c.a.n.c.r.client - [printIfInfoEnabled,60] - [83dd1adf-0c77-4c71-b6e1-0ab5a6c6fafc] Ack server push request, request = NotifySubscriberRequest, requestId = 3
10:48:35.836 [nacos-grpc-client-executor-19] INFO  c.a.n.c.r.client - [printIfInfoEnabled,60] - [83dd1adf-0c77-4c71-b6e1-0ab5a6c6fafc] Receive server push request, request = NotifySubscriberRequest, requestId = 5
10:48:35.838 [nacos-grpc-client-executor-19] INFO  c.a.n.c.r.client - [printIfInfoEnabled,60] - [83dd1adf-0c77-4c71-b6e1-0ab5a6c6fafc] Ack server push request, request = NotifySubscriberRequest, requestId = 5
10:48:35.937 [nacos-grpc-client-executor-20] INFO  c.a.n.c.r.client - [printIfInfoEnabled,60] - [83dd1adf-0c77-4c71-b6e1-0ab5a6c6fafc] Receive server push request, request = NotifySubscriberRequest, requestId = 6
10:48:35.938 [nacos-grpc-client-executor-20] INFO  c.a.n.c.r.client - [printIfInfoEnabled,60] - [83dd1adf-0c77-4c71-b6e1-0ab5a6c6fafc] Ack server push request, request = NotifySubscriberRequest, requestId = 6
10:48:35.940 [nacos-grpc-client-executor-21] INFO  c.a.n.c.r.client - [printIfInfoEnabled,60] - [83dd1adf-0c77-4c71-b6e1-0ab5a6c6fafc] Receive server push request, request = NotifySubscriberRequest, requestId = 7
10:48:35.940 [nacos-grpc-client-executor-21] INFO  c.a.n.c.r.client - [printIfInfoEnabled,60] - [83dd1adf-0c77-4c71-b6e1-0ab5a6c6fafc] Ack server push request, request = NotifySubscriberRequest, requestId = 7
10:48:37.928 [main] INFO  c.a.c.n.r.NacosServiceRegistry - [register,75] - nacos registry, DEFAULT_GROUP yinsw-gateway 10.1.67.15:8080 register finished
10:48:37.960 [main] INFO  c.y.g.YinswGatewayApplication - [logStarted,61] - Started YinswGatewayApplication in 21.574 seconds (JVM running for 24.108)
10:48:38.201 [nacos-grpc-client-executor-44] INFO  c.a.n.c.r.client - [printIfInfoEnabled,60] - [83dd1adf-0c77-4c71-b6e1-0ab5a6c6fafc] Receive server push request, request = NotifySubscriberRequest, requestId = 14
10:48:38.202 [nacos-grpc-client-executor-44] INFO  c.a.n.c.r.client - [printIfInfoEnabled,60] - [83dd1adf-0c77-4c71-b6e1-0ab5a6c6fafc] Ack server push request, request = NotifySubscriberRequest, requestId = 14
10:48:38.207 [nacos-grpc-client-executor-44] INFO  c.a.n.c.r.client - [printIfInfoEnabled,60] - [83dd1adf-0c77-4c71-b6e1-0ab5a6c6fafc] Receive server push request, request = NotifySubscriberRequest, requestId = 15
10:48:38.208 [nacos-grpc-client-executor-44] INFO  c.a.n.c.r.client - [printIfInfoEnabled,60] - [83dd1adf-0c77-4c71-b6e1-0ab5a6c6fafc] Ack server push request, request = NotifySubscriberRequest, requestId = 15
10:48:38.505 [nacos-grpc-client-executor-46] INFO  c.a.n.c.r.client - [printIfInfoEnabled,60] - [83dd1adf-0c77-4c71-b6e1-0ab5a6c6fafc] Receive server push request, request = NotifySubscriberRequest, requestId = 17
10:48:38.507 [nacos-grpc-client-executor-46] INFO  c.a.n.c.r.client - [printIfInfoEnabled,60] - [83dd1adf-0c77-4c71-b6e1-0ab5a6c6fafc] Ack server push request, request = NotifySubscriberRequest, requestId = 17
10:49:05.997 [nacos-grpc-client-executor-73] INFO  c.a.n.c.r.client - [printIfInfoEnabled,60] - [83dd1adf-0c77-4c71-b6e1-0ab5a6c6fafc] Receive server push request, request = NotifySubscriberRequest, requestId = 22
10:49:05.997 [nacos-grpc-client-executor-73] INFO  c.a.n.c.r.client - [printIfInfoEnabled,60] - [83dd1adf-0c77-4c71-b6e1-0ab5a6c6fafc] Ack server push request, request = NotifySubscriberRequest, requestId = 22
10:49:05.998 [nacos-grpc-client-executor-74] INFO  c.a.n.c.r.client - [printIfInfoEnabled,60] - [83dd1adf-0c77-4c71-b6e1-0ab5a6c6fafc] Receive server push request, request = NotifySubscriberRequest, requestId = 23
10:49:05.999 [nacos-grpc-client-executor-74] INFO  c.a.n.c.r.client - [printIfInfoEnabled,60] - [83dd1adf-0c77-4c71-b6e1-0ab5a6c6fafc] Ack server push request, request = NotifySubscriberRequest, requestId = 23
10:49:06.000 [nacos-grpc-client-executor-75] INFO  c.a.n.c.r.client - [printIfInfoEnabled,60] - [83dd1adf-0c77-4c71-b6e1-0ab5a6c6fafc] Receive server push request, request = NotifySubscriberRequest, requestId = 24
10:49:06.001 [nacos-grpc-client-executor-75] INFO  c.a.n.c.r.client - [printIfInfoEnabled,60] - [83dd1adf-0c77-4c71-b6e1-0ab5a6c6fafc] Ack server push request, request = NotifySubscriberRequest, requestId = 24
13:43:06.203 [SpringApplicationShutdownHook] INFO  c.a.c.n.r.NacosServiceRegistry - [deregister,90] - De-registering from Nacos Server now...
13:43:06.206 [SpringApplicationShutdownHook] INFO  c.a.c.n.r.NacosServiceRegistry - [deregister,110] - De-registration finished.
13:43:06.511 [SpringApplicationShutdownHook] INFO  c.a.n.c.r.client - [shutdown,454] - Shutdown rpc client, set status to shutdown
13:43:06.511 [SpringApplicationShutdownHook] INFO  c.a.n.c.r.client - [shutdown,456] - Shutdown client event executor java.util.concurrent.ScheduledThreadPoolExecutor@6a78f0fd[Running, pool size = 2, active threads = 2, queued tasks = 0, completed tasks = 0]
13:43:06.512 [SpringApplicationShutdownHook] INFO  c.a.n.c.r.client - [closeConnection,591] - Close current connection 1653533315032_192.168.56.1_2860
13:43:06.513 [nacos-grpc-client-executor-4102] INFO  c.a.n.c.r.c.g.GrpcClient - [printIfInfoEnabled,60] - [1653533315032_192.168.56.1_2860]Ignore complete event,isRunning:false,isAbandon=false
13:43:06.541 [SpringApplicationShutdownHook] INFO  c.a.n.c.r.c.g.GrpcClient - [shutdown,85] - Shutdown grpc executor java.util.concurrent.ThreadPoolExecutor@a80053d[Running, pool size = 6, active threads = 0, queued tasks = 0, completed tasks = 4103]
15:31:22.033 [background-preinit] INFO  o.h.v.i.util.Version - [<clinit>,21] - HV000001: Hibernate Validator 6.2.0.Final
15:31:23.374 [main] INFO  c.a.n.c.r.client - [lambda$createClient$0,80] - [RpcClientFactory] create a new rpc client of f7875815-fa0f-4d4d-8ad7-54e5d442186b_config-0
15:31:23.434 [main] INFO  o.r.Reflections - [scan,232] - Reflections took 39 ms to scan 1 urls, producing 3 keys and 6 values 
15:31:23.472 [main] INFO  o.r.Reflections - [scan,232] - Reflections took 22 ms to scan 1 urls, producing 4 keys and 9 values 
15:31:23.486 [main] INFO  o.r.Reflections - [scan,232] - Reflections took 11 ms to scan 1 urls, producing 3 keys and 10 values 
15:31:23.638 [main] INFO  o.r.Reflections - [scan,232] - Reflections took 149 ms to scan 208 urls, producing 0 keys and 0 values 
15:31:23.653 [main] INFO  o.r.Reflections - [scan,232] - Reflections took 14 ms to scan 1 urls, producing 1 keys and 5 values 
15:31:23.668 [main] INFO  o.r.Reflections - [scan,232] - Reflections took 13 ms to scan 1 urls, producing 1 keys and 7 values 
15:31:23.678 [main] INFO  o.r.Reflections - [scan,232] - Reflections took 8 ms to scan 1 urls, producing 2 keys and 8 values 
15:31:23.814 [main] INFO  o.r.Reflections - [scan,232] - Reflections took 133 ms to scan 208 urls, producing 0 keys and 0 values 
15:31:23.817 [main] INFO  c.a.n.c.r.client - [printIfInfoEnabled,60] - [f7875815-fa0f-4d4d-8ad7-54e5d442186b_config-0] RpcClient init label, labels = {module=config, Vipserver-Tag=null, source=sdk, Amory-Tag=null, Location-Tag=null, taskId=0, AppName=unknown}
15:31:23.818 [main] INFO  c.a.n.c.r.client - [printIfInfoEnabled,60] - [f7875815-fa0f-4d4d-8ad7-54e5d442186b_config-0] Register server push request handler:com.alibaba.nacos.client.config.impl.ClientWorker$ConfigRpcTransportClient$$Lambda$333/2083106248
15:31:23.818 [main] INFO  c.a.n.c.r.client - [printIfInfoEnabled,60] - [f7875815-fa0f-4d4d-8ad7-54e5d442186b_config-0] Register server push request handler:com.alibaba.nacos.client.config.impl.ClientWorker$ConfigRpcTransportClient$$Lambda$334/1261321871
15:31:23.819 [main] INFO  c.a.n.c.r.client - [printIfInfoEnabled,60] - [f7875815-fa0f-4d4d-8ad7-54e5d442186b_config-0] Registry connection listener to current client:com.alibaba.nacos.client.config.impl.ClientWorker$ConfigRpcTransportClient$1
15:31:23.819 [main] INFO  c.a.n.c.r.client - [printIfInfoEnabled,60] - [f7875815-fa0f-4d4d-8ad7-54e5d442186b_config-0] RpcClient init, ServerListFactory = com.alibaba.nacos.client.config.impl.ClientWorker$ConfigRpcTransportClient$2
15:31:23.827 [main] INFO  c.a.n.c.r.client - [printIfInfoEnabled,60] - [f7875815-fa0f-4d4d-8ad7-54e5d442186b_config-0] Try to connect to server on start up, server: {serverIp = '192.168.56.10', server main port = 8848}
15:31:25.976 [main] INFO  c.a.n.c.r.client - [printIfInfoEnabled,60] - [f7875815-fa0f-4d4d-8ad7-54e5d442186b_config-0] Success to connect to server [192.168.56.10:8848] on start up, connectionId = 1653550286896_192.168.56.1_14946
15:31:25.976 [com.alibaba.nacos.client.remote.worker] INFO  c.a.n.c.r.client - [printIfInfoEnabled,60] - [f7875815-fa0f-4d4d-8ad7-54e5d442186b_config-0] Notify connected event to listeners.
15:31:25.977 [main] INFO  c.a.n.c.r.client - [printIfInfoEnabled,60] - [f7875815-fa0f-4d4d-8ad7-54e5d442186b_config-0] Register server push request handler:com.alibaba.nacos.common.remote.client.RpcClient$ConnectResetRequestHandler
15:31:25.977 [main] INFO  c.a.n.c.r.client - [printIfInfoEnabled,60] - [f7875815-fa0f-4d4d-8ad7-54e5d442186b_config-0] Register server push request handler:com.alibaba.nacos.common.remote.client.RpcClient$$Lambda$343/498537855
15:31:26.050 [main] INFO  c.y.g.YinswGatewayApplication - [logStartupProfileInfo,639] - The following profiles are active: dev
15:31:32.307 [main] INFO  c.a.c.s.g.s.SentinelSCGAutoConfiguration - [sentinelGatewayFilter,144] - [Sentinel SpringCloudGateway] register SentinelGatewayFilter with order: -2147483648
15:31:32.665 [main] INFO  c.a.n.c.r.client - [lambda$createClient$0,80] - [RpcClientFactory] create a new rpc client of 6ce1ac61-b54a-47af-aa4d-cb1d5c27b0f1
15:31:32.665 [main] INFO  c.a.n.c.r.client - [printIfInfoEnabled,60] - [6ce1ac61-b54a-47af-aa4d-cb1d5c27b0f1] RpcClient init label, labels = {module=naming, source=sdk}
15:31:32.667 [main] INFO  c.a.n.c.r.client - [printIfInfoEnabled,60] - [6ce1ac61-b54a-47af-aa4d-cb1d5c27b0f1] RpcClient init, ServerListFactory = com.alibaba.nacos.client.naming.core.ServerListManager
15:31:32.667 [main] INFO  c.a.n.c.r.client - [printIfInfoEnabled,60] - [6ce1ac61-b54a-47af-aa4d-cb1d5c27b0f1] Registry connection listener to current client:com.alibaba.nacos.client.naming.remote.gprc.redo.NamingGrpcRedoService
15:31:32.667 [main] INFO  c.a.n.c.r.client - [printIfInfoEnabled,60] - [6ce1ac61-b54a-47af-aa4d-cb1d5c27b0f1] Register server push request handler:com.alibaba.nacos.client.naming.remote.gprc.NamingPushRequestHandler
15:31:32.668 [main] INFO  c.a.n.c.r.client - [printIfInfoEnabled,60] - [6ce1ac61-b54a-47af-aa4d-cb1d5c27b0f1] Try to connect to server on start up, server: {serverIp = '192.168.56.10', server main port = 8848}
15:31:32.777 [main] INFO  c.a.n.c.r.client - [printIfInfoEnabled,60] - [6ce1ac61-b54a-47af-aa4d-cb1d5c27b0f1] Success to connect to server [192.168.56.10:8848] on start up, connectionId = 1653550293791_192.168.56.1_1071
15:31:32.777 [com.alibaba.nacos.client.remote.worker] INFO  c.a.n.c.r.client - [printIfInfoEnabled,60] - [6ce1ac61-b54a-47af-aa4d-cb1d5c27b0f1] Notify connected event to listeners.
15:31:32.777 [main] INFO  c.a.n.c.r.client - [printIfInfoEnabled,60] - [6ce1ac61-b54a-47af-aa4d-cb1d5c27b0f1] Register server push request handler:com.alibaba.nacos.common.remote.client.RpcClient$ConnectResetRequestHandler
15:31:32.778 [main] INFO  c.a.n.c.r.client - [printIfInfoEnabled,60] - [6ce1ac61-b54a-47af-aa4d-cb1d5c27b0f1] Register server push request handler:com.alibaba.nacos.common.remote.client.RpcClient$$Lambda$343/498537855
15:31:32.998 [main] INFO  c.a.c.s.g.s.SentinelSCGAutoConfiguration - [sentinelGatewayBlockExceptionHandler,134] - [Sentinel SpringCloudGateway] register SentinelGatewayBlockExceptionHandler
15:31:33.294 [main] INFO  c.a.n.c.r.client - [lambda$createClient$0,80] - [RpcClientFactory] create a new rpc client of 50cd3d0d-c565-4a37-8559-e15ff88d6cd7_config-0
15:31:33.294 [main] INFO  c.a.n.c.r.client - [printIfInfoEnabled,60] - [50cd3d0d-c565-4a37-8559-e15ff88d6cd7_config-0] RpcClient init label, labels = {module=config, Vipserver-Tag=null, source=sdk, Amory-Tag=null, Location-Tag=null, taskId=0, AppName=unknown}
15:31:33.294 [main] INFO  c.a.n.c.r.client - [printIfInfoEnabled,60] - [50cd3d0d-c565-4a37-8559-e15ff88d6cd7_config-0] Register server push request handler:com.alibaba.nacos.client.config.impl.ClientWorker$ConfigRpcTransportClient$$Lambda$333/2083106248
15:31:33.294 [main] INFO  c.a.n.c.r.client - [printIfInfoEnabled,60] - [50cd3d0d-c565-4a37-8559-e15ff88d6cd7_config-0] Register server push request handler:com.alibaba.nacos.client.config.impl.ClientWorker$ConfigRpcTransportClient$$Lambda$334/1261321871
15:31:33.294 [main] INFO  c.a.n.c.r.client - [printIfInfoEnabled,60] - [50cd3d0d-c565-4a37-8559-e15ff88d6cd7_config-0] Registry connection listener to current client:com.alibaba.nacos.client.config.impl.ClientWorker$ConfigRpcTransportClient$1
15:31:33.294 [main] INFO  c.a.n.c.r.client - [printIfInfoEnabled,60] - [50cd3d0d-c565-4a37-8559-e15ff88d6cd7_config-0] RpcClient init, ServerListFactory = com.alibaba.nacos.client.config.impl.ClientWorker$ConfigRpcTransportClient$2
15:31:33.295 [main] INFO  c.a.n.c.r.client - [printIfInfoEnabled,60] - [50cd3d0d-c565-4a37-8559-e15ff88d6cd7_config-0] Try to connect to server on start up, server: {serverIp = '192.168.56.10', server main port = 8848}
15:31:33.404 [main] INFO  c.a.n.c.r.client - [printIfInfoEnabled,60] - [50cd3d0d-c565-4a37-8559-e15ff88d6cd7_config-0] Success to connect to server [192.168.56.10:8848] on start up, connectionId = 1653550294416_192.168.56.1_1073
15:31:33.404 [main] INFO  c.a.n.c.r.client - [printIfInfoEnabled,60] - [50cd3d0d-c565-4a37-8559-e15ff88d6cd7_config-0] Register server push request handler:com.alibaba.nacos.common.remote.client.RpcClient$ConnectResetRequestHandler
15:31:33.404 [com.alibaba.nacos.client.remote.worker] INFO  c.a.n.c.r.client - [printIfInfoEnabled,60] - [50cd3d0d-c565-4a37-8559-e15ff88d6cd7_config-0] Notify connected event to listeners.
15:31:33.404 [main] INFO  c.a.n.c.r.client - [printIfInfoEnabled,60] - [50cd3d0d-c565-4a37-8559-e15ff88d6cd7_config-0] Register server push request handler:com.alibaba.nacos.common.remote.client.RpcClient$$Lambda$343/498537855
15:31:34.019 [nacos-grpc-client-executor-16] INFO  c.a.n.c.r.client - [printIfInfoEnabled,60] - [6ce1ac61-b54a-47af-aa4d-cb1d5c27b0f1] Receive server push request, request = NotifySubscriberRequest, requestId = 3
15:31:34.020 [nacos-grpc-client-executor-16] INFO  c.a.n.c.r.client - [printIfInfoEnabled,60] - [6ce1ac61-b54a-47af-aa4d-cb1d5c27b0f1] Ack server push request, request = NotifySubscriberRequest, requestId = 3
15:31:34.118 [nacos-grpc-client-executor-17] INFO  c.a.n.c.r.client - [printIfInfoEnabled,60] - [6ce1ac61-b54a-47af-aa4d-cb1d5c27b0f1] Receive server push request, request = NotifySubscriberRequest, requestId = 4
15:31:34.118 [nacos-grpc-client-executor-17] INFO  c.a.n.c.r.client - [printIfInfoEnabled,60] - [6ce1ac61-b54a-47af-aa4d-cb1d5c27b0f1] Ack server push request, request = NotifySubscriberRequest, requestId = 4
15:31:34.120 [nacos-grpc-client-executor-18] INFO  c.a.n.c.r.client - [printIfInfoEnabled,60] - [6ce1ac61-b54a-47af-aa4d-cb1d5c27b0f1] Receive server push request, request = NotifySubscriberRequest, requestId = 5
15:31:34.120 [nacos-grpc-client-executor-18] INFO  c.a.n.c.r.client - [printIfInfoEnabled,60] - [6ce1ac61-b54a-47af-aa4d-cb1d5c27b0f1] Ack server push request, request = NotifySubscriberRequest, requestId = 5
15:31:35.696 [main] INFO  c.a.c.n.r.NacosServiceRegistry - [register,75] - nacos registry, DEFAULT_GROUP yinsw-gateway 10.1.67.15:8080 register finished
15:31:35.730 [main] INFO  c.y.g.YinswGatewayApplication - [logStarted,61] - Started YinswGatewayApplication in 14.931 seconds (JVM running for 15.976)
15:31:36.312 [nacos-grpc-client-executor-33] INFO  c.a.n.c.r.client - [printIfInfoEnabled,60] - [6ce1ac61-b54a-47af-aa4d-cb1d5c27b0f1] Receive server push request, request = NotifySubscriberRequest, requestId = 6
15:31:36.316 [nacos-grpc-client-executor-33] INFO  c.a.n.c.r.client - [printIfInfoEnabled,60] - [6ce1ac61-b54a-47af-aa4d-cb1d5c27b0f1] Ack server push request, request = NotifySubscriberRequest, requestId = 6
15:32:04.167 [nacos-grpc-client-executor-65] INFO  c.a.n.c.r.client - [printIfInfoEnabled,60] - [6ce1ac61-b54a-47af-aa4d-cb1d5c27b0f1] Receive server push request, request = NotifySubscriberRequest, requestId = 18
15:32:04.167 [nacos-grpc-client-executor-65] INFO  c.a.n.c.r.client - [printIfInfoEnabled,60] - [6ce1ac61-b54a-47af-aa4d-cb1d5c27b0f1] Ack server push request, request = NotifySubscriberRequest, requestId = 18
15:32:04.168 [nacos-grpc-client-executor-66] INFO  c.a.n.c.r.client - [printIfInfoEnabled,60] - [6ce1ac61-b54a-47af-aa4d-cb1d5c27b0f1] Receive server push request, request = NotifySubscriberRequest, requestId = 19
15:32:04.169 [nacos-grpc-client-executor-66] INFO  c.a.n.c.r.client - [printIfInfoEnabled,60] - [6ce1ac61-b54a-47af-aa4d-cb1d5c27b0f1] Ack server push request, request = NotifySubscriberRequest, requestId = 19
15:32:04.170 [nacos-grpc-client-executor-67] INFO  c.a.n.c.r.client - [printIfInfoEnabled,60] - [6ce1ac61-b54a-47af-aa4d-cb1d5c27b0f1] Receive server push request, request = NotifySubscriberRequest, requestId = 20
15:32:04.171 [nacos-grpc-client-executor-67] INFO  c.a.n.c.r.client - [printIfInfoEnabled,60] - [6ce1ac61-b54a-47af-aa4d-cb1d5c27b0f1] Ack server push request, request = NotifySubscriberRequest, requestId = 20
15:32:04.173 [nacos-grpc-client-executor-68] INFO  c.a.n.c.r.client - [printIfInfoEnabled,60] - [6ce1ac61-b54a-47af-aa4d-cb1d5c27b0f1] Receive server push request, request = NotifySubscriberRequest, requestId = 21
15:32:04.173 [nacos-grpc-client-executor-68] INFO  c.a.n.c.r.client - [printIfInfoEnabled,60] - [6ce1ac61-b54a-47af-aa4d-cb1d5c27b0f1] Ack server push request, request = NotifySubscriberRequest, requestId = 21
15:32:04.175 [nacos-grpc-client-executor-69] INFO  c.a.n.c.r.client - [printIfInfoEnabled,60] - [6ce1ac61-b54a-47af-aa4d-cb1d5c27b0f1] Receive server push request, request = NotifySubscriberRequest, requestId = 22
15:32:04.175 [nacos-grpc-client-executor-69] INFO  c.a.n.c.r.client - [printIfInfoEnabled,60] - [6ce1ac61-b54a-47af-aa4d-cb1d5c27b0f1] Ack server push request, request = NotifySubscriberRequest, requestId = 22
15:32:34.216 [nacos-grpc-client-executor-91] INFO  c.a.n.c.r.client - [printIfInfoEnabled,60] - [6ce1ac61-b54a-47af-aa4d-cb1d5c27b0f1] Receive server push request, request = NotifySubscriberRequest, requestId = 27
15:32:34.217 [nacos-grpc-client-executor-91] INFO  c.a.n.c.r.client - [printIfInfoEnabled,60] - [6ce1ac61-b54a-47af-aa4d-cb1d5c27b0f1] Ack server push request, request = NotifySubscriberRequest, requestId = 27
18:28:52.268 [SpringApplicationShutdownHook] INFO  c.a.c.n.r.NacosServiceRegistry - [deregister,90] - De-registering from Nacos Server now...
18:28:52.271 [SpringApplicationShutdownHook] INFO  c.a.c.n.r.NacosServiceRegistry - [deregister,110] - De-registration finished.
18:28:52.578 [SpringApplicationShutdownHook] INFO  c.a.n.c.r.client - [shutdown,454] - Shutdown rpc client, set status to shutdown
18:28:52.578 [SpringApplicationShutdownHook] INFO  c.a.n.c.r.client - [shutdown,456] - Shutdown client event executor java.util.concurrent.ScheduledThreadPoolExecutor@3ff075f0[Running, pool size = 2, active threads = 2, queued tasks = 0, completed tasks = 0]
18:28:52.579 [SpringApplicationShutdownHook] INFO  c.a.n.c.r.client - [closeConnection,591] - Close current connection 1653550293791_192.168.56.1_1071
18:28:52.580 [nacos-grpc-client-executor-4591] INFO  c.a.n.c.r.c.g.GrpcClient - [printIfInfoEnabled,60] - [1653550293791_192.168.56.1_1071]Ignore complete event,isRunning:false,isAbandon=false
18:28:52.583 [SpringApplicationShutdownHook] INFO  c.a.n.c.r.c.g.GrpcClient - [shutdown,85] - Shutdown grpc executor java.util.concurrent.ThreadPoolExecutor@503d0f6[Running, pool size = 5, active threads = 0, queued tasks = 0, completed tasks = 4592]
