20:37:12.946 [background-preinit] INFO  o.h.v.i.util.Version - [<clinit>,21] - HV000001: Hibernate Validator 6.2.0.Final
20:37:14.006 [main] INFO  c.a.n.c.r.client - [lambda$createClient$0,80] - [RpcClientFactory] create a new rpc client of 23a9e83c-cbf0-4127-a63a-081e41b52898_config-0
20:37:14.052 [main] INFO  o.r.Reflections - [scan,232] - Reflections took 27 ms to scan 1 urls, producing 3 keys and 6 values 
20:37:14.078 [main] INFO  o.r.Reflections - [scan,232] - Reflections took 11 ms to scan 1 urls, producing 4 keys and 9 values 
20:37:14.090 [main] INFO  o.r.Reflections - [scan,232] - Reflections took 10 ms to scan 1 urls, producing 3 keys and 10 values 
20:37:14.301 [main] INFO  o.r.Reflections - [scan,232] - Reflections took 208 ms to scan 214 urls, producing 0 keys and 0 values 
20:37:14.322 [main] INFO  o.r.Reflections - [scan,232] - Reflections took 11 ms to scan 1 urls, producing 1 keys and 5 values 
20:37:14.366 [main] INFO  o.r.Reflections - [scan,232] - Reflections took 41 ms to scan 1 urls, producing 1 keys and 7 values 
20:37:14.382 [main] INFO  o.r.Reflections - [scan,232] - Reflections took 13 ms to scan 1 urls, producing 2 keys and 8 values 
20:37:14.561 [main] INFO  o.r.Reflections - [scan,232] - Reflections took 176 ms to scan 214 urls, producing 0 keys and 0 values 
20:37:14.562 [main] INFO  c.a.n.c.r.client - [printIfInfoEnabled,60] - [23a9e83c-cbf0-4127-a63a-081e41b52898_config-0] RpcClient init label, labels = {module=config, Vipserver-Tag=null, source=sdk, Amory-Tag=null, Location-Tag=null, taskId=0, AppName=unknown}
20:37:14.562 [main] INFO  c.a.n.c.r.client - [printIfInfoEnabled,60] - [23a9e83c-cbf0-4127-a63a-081e41b52898_config-0] Register server push request handler:com.alibaba.nacos.client.config.impl.ClientWorker$ConfigRpcTransportClient$$Lambda$333/1867177582
20:37:14.563 [main] INFO  c.a.n.c.r.client - [printIfInfoEnabled,60] - [23a9e83c-cbf0-4127-a63a-081e41b52898_config-0] Register server push request handler:com.alibaba.nacos.client.config.impl.ClientWorker$ConfigRpcTransportClient$$Lambda$334/971256592
20:37:14.564 [main] INFO  c.a.n.c.r.client - [printIfInfoEnabled,60] - [23a9e83c-cbf0-4127-a63a-081e41b52898_config-0] Registry connection listener to current client:com.alibaba.nacos.client.config.impl.ClientWorker$ConfigRpcTransportClient$1
20:37:14.565 [main] INFO  c.a.n.c.r.client - [printIfInfoEnabled,60] - [23a9e83c-cbf0-4127-a63a-081e41b52898_config-0] RpcClient init, ServerListFactory = com.alibaba.nacos.client.config.impl.ClientWorker$ConfigRpcTransportClient$2
20:37:14.573 [main] INFO  c.a.n.c.r.client - [printIfInfoEnabled,60] - [23a9e83c-cbf0-4127-a63a-081e41b52898_config-0] Try to connect to server on start up, server: {serverIp = '192.168.56.10', server main port = 8848}
20:37:16.643 [main] INFO  c.a.n.c.r.client - [printIfInfoEnabled,60] - [23a9e83c-cbf0-4127-a63a-081e41b52898_config-0] Success to connect to server [192.168.56.10:8848] on start up, connectionId = 1654173438365_192.168.56.1_8270
20:37:16.643 [com.alibaba.nacos.client.remote.worker] INFO  c.a.n.c.r.client - [printIfInfoEnabled,60] - [23a9e83c-cbf0-4127-a63a-081e41b52898_config-0] Notify connected event to listeners.
20:37:16.644 [main] INFO  c.a.n.c.r.client - [printIfInfoEnabled,60] - [23a9e83c-cbf0-4127-a63a-081e41b52898_config-0] Register server push request handler:com.alibaba.nacos.common.remote.client.RpcClient$ConnectResetRequestHandler
20:37:16.644 [main] INFO  c.a.n.c.r.client - [printIfInfoEnabled,60] - [23a9e83c-cbf0-4127-a63a-081e41b52898_config-0] Register server push request handler:com.alibaba.nacos.common.remote.client.RpcClient$$Lambda$343/2078992278
20:37:16.739 [main] INFO  c.y.g.YinswGatewayApplication - [logStartupProfileInfo,639] - The following profiles are active: dev
20:37:23.964 [main] INFO  c.a.c.s.g.s.SentinelSCGAutoConfiguration - [sentinelGatewayFilter,144] - [Sentinel SpringCloudGateway] register SentinelGatewayFilter with order: -2147483648
20:37:24.459 [main] INFO  c.a.n.c.r.client - [lambda$createClient$0,80] - [RpcClientFactory] create a new rpc client of 6e5db890-9be0-406d-8180-d1c14dcb4dc9
20:37:24.460 [main] INFO  c.a.n.c.r.client - [printIfInfoEnabled,60] - [6e5db890-9be0-406d-8180-d1c14dcb4dc9] RpcClient init label, labels = {module=naming, source=sdk}
20:37:24.462 [main] INFO  c.a.n.c.r.client - [printIfInfoEnabled,60] - [6e5db890-9be0-406d-8180-d1c14dcb4dc9] RpcClient init, ServerListFactory = com.alibaba.nacos.client.naming.core.ServerListManager
20:37:24.463 [main] INFO  c.a.n.c.r.client - [printIfInfoEnabled,60] - [6e5db890-9be0-406d-8180-d1c14dcb4dc9] Registry connection listener to current client:com.alibaba.nacos.client.naming.remote.gprc.redo.NamingGrpcRedoService
20:37:24.464 [main] INFO  c.a.n.c.r.client - [printIfInfoEnabled,60] - [6e5db890-9be0-406d-8180-d1c14dcb4dc9] Register server push request handler:com.alibaba.nacos.client.naming.remote.gprc.NamingPushRequestHandler
20:37:24.465 [main] INFO  c.a.n.c.r.client - [printIfInfoEnabled,60] - [6e5db890-9be0-406d-8180-d1c14dcb4dc9] Try to connect to server on start up, server: {serverIp = '192.168.56.10', server main port = 8848}
20:37:24.576 [main] INFO  c.a.n.c.r.client - [printIfInfoEnabled,60] - [6e5db890-9be0-406d-8180-d1c14dcb4dc9] Success to connect to server [192.168.56.10:8848] on start up, connectionId = 1654173446413_192.168.56.1_8552
20:37:24.578 [com.alibaba.nacos.client.remote.worker] INFO  c.a.n.c.r.client - [printIfInfoEnabled,60] - [6e5db890-9be0-406d-8180-d1c14dcb4dc9] Notify connected event to listeners.
20:37:24.578 [main] INFO  c.a.n.c.r.client - [printIfInfoEnabled,60] - [6e5db890-9be0-406d-8180-d1c14dcb4dc9] Register server push request handler:com.alibaba.nacos.common.remote.client.RpcClient$ConnectResetRequestHandler
20:37:24.579 [main] INFO  c.a.n.c.r.client - [printIfInfoEnabled,60] - [6e5db890-9be0-406d-8180-d1c14dcb4dc9] Register server push request handler:com.alibaba.nacos.common.remote.client.RpcClient$$Lambda$343/2078992278
20:37:25.453 [main] INFO  c.a.c.s.g.s.SentinelSCGAutoConfiguration - [sentinelGatewayBlockExceptionHandler,134] - [Sentinel SpringCloudGateway] register SentinelGatewayBlockExceptionHandler
20:37:25.937 [main] INFO  c.a.n.c.r.client - [lambda$createClient$0,80] - [RpcClientFactory] create a new rpc client of d8744094-f912-4cd3-a7e9-a94ea32b84b5_config-0
20:37:25.938 [main] INFO  c.a.n.c.r.client - [printIfInfoEnabled,60] - [d8744094-f912-4cd3-a7e9-a94ea32b84b5_config-0] RpcClient init label, labels = {module=config, Vipserver-Tag=null, source=sdk, Amory-Tag=null, Location-Tag=null, taskId=0, AppName=unknown}
20:37:25.938 [main] INFO  c.a.n.c.r.client - [printIfInfoEnabled,60] - [d8744094-f912-4cd3-a7e9-a94ea32b84b5_config-0] Register server push request handler:com.alibaba.nacos.client.config.impl.ClientWorker$ConfigRpcTransportClient$$Lambda$333/1867177582
20:37:25.938 [main] INFO  c.a.n.c.r.client - [printIfInfoEnabled,60] - [d8744094-f912-4cd3-a7e9-a94ea32b84b5_config-0] Register server push request handler:com.alibaba.nacos.client.config.impl.ClientWorker$ConfigRpcTransportClient$$Lambda$334/971256592
20:37:25.938 [main] INFO  c.a.n.c.r.client - [printIfInfoEnabled,60] - [d8744094-f912-4cd3-a7e9-a94ea32b84b5_config-0] Registry connection listener to current client:com.alibaba.nacos.client.config.impl.ClientWorker$ConfigRpcTransportClient$1
20:37:25.938 [main] INFO  c.a.n.c.r.client - [printIfInfoEnabled,60] - [d8744094-f912-4cd3-a7e9-a94ea32b84b5_config-0] RpcClient init, ServerListFactory = com.alibaba.nacos.client.config.impl.ClientWorker$ConfigRpcTransportClient$2
20:37:25.939 [main] INFO  c.a.n.c.r.client - [printIfInfoEnabled,60] - [d8744094-f912-4cd3-a7e9-a94ea32b84b5_config-0] Try to connect to server on start up, server: {serverIp = '192.168.56.10', server main port = 8848}
20:37:26.049 [main] INFO  c.a.n.c.r.client - [printIfInfoEnabled,60] - [d8744094-f912-4cd3-a7e9-a94ea32b84b5_config-0] Success to connect to server [192.168.56.10:8848] on start up, connectionId = 1654173447887_192.168.56.1_8561
20:37:26.049 [main] INFO  c.a.n.c.r.client - [printIfInfoEnabled,60] - [d8744094-f912-4cd3-a7e9-a94ea32b84b5_config-0] Register server push request handler:com.alibaba.nacos.common.remote.client.RpcClient$ConnectResetRequestHandler
20:37:26.049 [com.alibaba.nacos.client.remote.worker] INFO  c.a.n.c.r.client - [printIfInfoEnabled,60] - [d8744094-f912-4cd3-a7e9-a94ea32b84b5_config-0] Notify connected event to listeners.
20:37:26.049 [main] INFO  c.a.n.c.r.client - [printIfInfoEnabled,60] - [d8744094-f912-4cd3-a7e9-a94ea32b84b5_config-0] Register server push request handler:com.alibaba.nacos.common.remote.client.RpcClient$$Lambda$343/2078992278
20:37:26.761 [nacos-grpc-client-executor-17] INFO  c.a.n.c.r.client - [printIfInfoEnabled,60] - [6e5db890-9be0-406d-8180-d1c14dcb4dc9] Receive server push request, request = NotifySubscriberRequest, requestId = 3
20:37:26.762 [nacos-grpc-client-executor-17] INFO  c.a.n.c.r.client - [printIfInfoEnabled,60] - [6e5db890-9be0-406d-8180-d1c14dcb4dc9] Ack server push request, request = NotifySubscriberRequest, requestId = 3
20:37:26.854 [nacos-grpc-client-executor-18] INFO  c.a.n.c.r.client - [printIfInfoEnabled,60] - [6e5db890-9be0-406d-8180-d1c14dcb4dc9] Receive server push request, request = NotifySubscriberRequest, requestId = 4
20:37:26.855 [nacos-grpc-client-executor-18] INFO  c.a.n.c.r.client - [printIfInfoEnabled,60] - [6e5db890-9be0-406d-8180-d1c14dcb4dc9] Ack server push request, request = NotifySubscriberRequest, requestId = 4
20:37:26.862 [nacos-grpc-client-executor-19] INFO  c.a.n.c.r.client - [printIfInfoEnabled,60] - [6e5db890-9be0-406d-8180-d1c14dcb4dc9] Receive server push request, request = NotifySubscriberRequest, requestId = 5
20:37:26.863 [nacos-grpc-client-executor-19] INFO  c.a.n.c.r.client - [printIfInfoEnabled,60] - [6e5db890-9be0-406d-8180-d1c14dcb4dc9] Ack server push request, request = NotifySubscriberRequest, requestId = 5
20:37:28.613 [main] INFO  c.a.c.n.r.NacosServiceRegistry - [register,75] - nacos registry, DEFAULT_GROUP yinsw-gateway 10.6.8.233:8080 register finished
20:37:28.658 [main] INFO  c.y.g.YinswGatewayApplication - [logStarted,61] - Started YinswGatewayApplication in 16.753 seconds (JVM running for 17.994)
20:37:29.171 [nacos-grpc-client-executor-29] INFO  c.a.n.c.r.client - [printIfInfoEnabled,60] - [6e5db890-9be0-406d-8180-d1c14dcb4dc9] Receive server push request, request = NotifySubscriberRequest, requestId = 6
20:37:29.174 [nacos-grpc-client-executor-29] INFO  c.a.n.c.r.client - [printIfInfoEnabled,60] - [6e5db890-9be0-406d-8180-d1c14dcb4dc9] Ack server push request, request = NotifySubscriberRequest, requestId = 6
20:37:56.998 [nacos-grpc-client-executor-60] INFO  c.a.n.c.r.client - [printIfInfoEnabled,60] - [6e5db890-9be0-406d-8180-d1c14dcb4dc9] Receive server push request, request = NotifySubscriberRequest, requestId = 21
20:37:56.999 [nacos-grpc-client-executor-60] INFO  c.a.n.c.r.client - [printIfInfoEnabled,60] - [6e5db890-9be0-406d-8180-d1c14dcb4dc9] Ack server push request, request = NotifySubscriberRequest, requestId = 21
20:37:57.001 [nacos-grpc-client-executor-61] INFO  c.a.n.c.r.client - [printIfInfoEnabled,60] - [6e5db890-9be0-406d-8180-d1c14dcb4dc9] Receive server push request, request = NotifySubscriberRequest, requestId = 22
20:37:57.001 [nacos-grpc-client-executor-61] INFO  c.a.n.c.r.client - [printIfInfoEnabled,60] - [6e5db890-9be0-406d-8180-d1c14dcb4dc9] Ack server push request, request = NotifySubscriberRequest, requestId = 22
20:37:57.002 [nacos-grpc-client-executor-62] INFO  c.a.n.c.r.client - [printIfInfoEnabled,60] - [6e5db890-9be0-406d-8180-d1c14dcb4dc9] Receive server push request, request = NotifySubscriberRequest, requestId = 23
20:37:57.002 [nacos-grpc-client-executor-62] INFO  c.a.n.c.r.client - [printIfInfoEnabled,60] - [6e5db890-9be0-406d-8180-d1c14dcb4dc9] Ack server push request, request = NotifySubscriberRequest, requestId = 23
20:37:57.004 [nacos-grpc-client-executor-63] INFO  c.a.n.c.r.client - [printIfInfoEnabled,60] - [6e5db890-9be0-406d-8180-d1c14dcb4dc9] Receive server push request, request = NotifySubscriberRequest, requestId = 24
20:37:57.005 [nacos-grpc-client-executor-63] INFO  c.a.n.c.r.client - [printIfInfoEnabled,60] - [6e5db890-9be0-406d-8180-d1c14dcb4dc9] Ack server push request, request = NotifySubscriberRequest, requestId = 24
20:37:57.006 [nacos-grpc-client-executor-64] INFO  c.a.n.c.r.client - [printIfInfoEnabled,60] - [6e5db890-9be0-406d-8180-d1c14dcb4dc9] Receive server push request, request = NotifySubscriberRequest, requestId = 25
20:37:57.006 [nacos-grpc-client-executor-64] INFO  c.a.n.c.r.client - [printIfInfoEnabled,60] - [6e5db890-9be0-406d-8180-d1c14dcb4dc9] Ack server push request, request = NotifySubscriberRequest, requestId = 25
20:38:30.678 [nacos-grpc-client-executor-83] INFO  c.a.n.c.r.client - [printIfInfoEnabled,60] - [6e5db890-9be0-406d-8180-d1c14dcb4dc9] Receive server push request, request = NotifySubscriberRequest, requestId = 29
20:38:30.680 [nacos-grpc-client-executor-83] INFO  c.a.n.c.r.client - [printIfInfoEnabled,60] - [6e5db890-9be0-406d-8180-d1c14dcb4dc9] Ack server push request, request = NotifySubscriberRequest, requestId = 29
20:39:21.154 [background-preinit] INFO  o.h.v.i.util.Version - [<clinit>,21] - HV000001: Hibernate Validator 6.2.0.Final
20:39:22.370 [main] INFO  c.a.n.c.r.client - [lambda$createClient$0,80] - [RpcClientFactory] create a new rpc client of df7e0d93-841f-4b36-ab56-ca88718bae06_config-0
20:39:22.423 [main] INFO  o.r.Reflections - [scan,232] - Reflections took 34 ms to scan 1 urls, producing 3 keys and 6 values 
20:39:22.461 [main] INFO  o.r.Reflections - [scan,232] - Reflections took 19 ms to scan 1 urls, producing 4 keys and 9 values 
20:39:22.482 [main] INFO  o.r.Reflections - [scan,232] - Reflections took 18 ms to scan 1 urls, producing 3 keys and 10 values 
20:39:22.695 [main] INFO  o.r.Reflections - [scan,232] - Reflections took 202 ms to scan 214 urls, producing 0 keys and 0 values 
20:39:22.710 [main] INFO  o.r.Reflections - [scan,232] - Reflections took 14 ms to scan 1 urls, producing 1 keys and 5 values 
20:39:22.728 [main] INFO  o.r.Reflections - [scan,232] - Reflections took 16 ms to scan 1 urls, producing 1 keys and 7 values 
20:39:22.745 [main] INFO  o.r.Reflections - [scan,232] - Reflections took 14 ms to scan 1 urls, producing 2 keys and 8 values 
20:39:22.943 [main] INFO  o.r.Reflections - [scan,232] - Reflections took 194 ms to scan 214 urls, producing 0 keys and 0 values 
20:39:22.948 [main] INFO  c.a.n.c.r.client - [printIfInfoEnabled,60] - [df7e0d93-841f-4b36-ab56-ca88718bae06_config-0] RpcClient init label, labels = {module=config, Vipserver-Tag=null, source=sdk, Amory-Tag=null, Location-Tag=null, taskId=0, AppName=unknown}
20:39:22.949 [main] INFO  c.a.n.c.r.client - [printIfInfoEnabled,60] - [df7e0d93-841f-4b36-ab56-ca88718bae06_config-0] Register server push request handler:com.alibaba.nacos.client.config.impl.ClientWorker$ConfigRpcTransportClient$$Lambda$333/956856274
20:39:22.949 [main] INFO  c.a.n.c.r.client - [printIfInfoEnabled,60] - [df7e0d93-841f-4b36-ab56-ca88718bae06_config-0] Register server push request handler:com.alibaba.nacos.client.config.impl.ClientWorker$ConfigRpcTransportClient$$Lambda$334/550707
20:39:22.950 [main] INFO  c.a.n.c.r.client - [printIfInfoEnabled,60] - [df7e0d93-841f-4b36-ab56-ca88718bae06_config-0] Registry connection listener to current client:com.alibaba.nacos.client.config.impl.ClientWorker$ConfigRpcTransportClient$1
20:39:22.951 [main] INFO  c.a.n.c.r.client - [printIfInfoEnabled,60] - [df7e0d93-841f-4b36-ab56-ca88718bae06_config-0] RpcClient init, ServerListFactory = com.alibaba.nacos.client.config.impl.ClientWorker$ConfigRpcTransportClient$2
20:39:22.961 [main] INFO  c.a.n.c.r.client - [printIfInfoEnabled,60] - [df7e0d93-841f-4b36-ab56-ca88718bae06_config-0] Try to connect to server on start up, server: {serverIp = '192.168.56.10', server main port = 8848}
20:39:25.415 [main] INFO  c.a.n.c.r.client - [printIfInfoEnabled,60] - [df7e0d93-841f-4b36-ab56-ca88718bae06_config-0] Success to connect to server [192.168.56.10:8848] on start up, connectionId = 1654173567121_192.168.56.1_9686
20:39:25.416 [com.alibaba.nacos.client.remote.worker] INFO  c.a.n.c.r.client - [printIfInfoEnabled,60] - [df7e0d93-841f-4b36-ab56-ca88718bae06_config-0] Notify connected event to listeners.
20:39:25.417 [main] INFO  c.a.n.c.r.client - [printIfInfoEnabled,60] - [df7e0d93-841f-4b36-ab56-ca88718bae06_config-0] Register server push request handler:com.alibaba.nacos.common.remote.client.RpcClient$ConnectResetRequestHandler
20:39:25.417 [main] INFO  c.a.n.c.r.client - [printIfInfoEnabled,60] - [df7e0d93-841f-4b36-ab56-ca88718bae06_config-0] Register server push request handler:com.alibaba.nacos.common.remote.client.RpcClient$$Lambda$343/1388280822
20:39:25.516 [main] INFO  c.y.g.YinswGatewayApplication - [logStartupProfileInfo,639] - The following profiles are active: dev
20:39:33.568 [main] INFO  c.a.c.s.g.s.SentinelSCGAutoConfiguration - [sentinelGatewayFilter,144] - [Sentinel SpringCloudGateway] register SentinelGatewayFilter with order: -2147483648
20:39:33.938 [main] INFO  c.a.n.c.r.client - [lambda$createClient$0,80] - [RpcClientFactory] create a new rpc client of 197f590b-fb4d-47a8-b052-1bd8c3886df2
20:39:33.938 [main] INFO  c.a.n.c.r.client - [printIfInfoEnabled,60] - [197f590b-fb4d-47a8-b052-1bd8c3886df2] RpcClient init label, labels = {module=naming, source=sdk}
20:39:33.940 [main] INFO  c.a.n.c.r.client - [printIfInfoEnabled,60] - [197f590b-fb4d-47a8-b052-1bd8c3886df2] RpcClient init, ServerListFactory = com.alibaba.nacos.client.naming.core.ServerListManager
20:39:33.941 [main] INFO  c.a.n.c.r.client - [printIfInfoEnabled,60] - [197f590b-fb4d-47a8-b052-1bd8c3886df2] Registry connection listener to current client:com.alibaba.nacos.client.naming.remote.gprc.redo.NamingGrpcRedoService
20:39:33.942 [main] INFO  c.a.n.c.r.client - [printIfInfoEnabled,60] - [197f590b-fb4d-47a8-b052-1bd8c3886df2] Register server push request handler:com.alibaba.nacos.client.naming.remote.gprc.NamingPushRequestHandler
20:39:33.942 [main] INFO  c.a.n.c.r.client - [printIfInfoEnabled,60] - [197f590b-fb4d-47a8-b052-1bd8c3886df2] Try to connect to server on start up, server: {serverIp = '192.168.56.10', server main port = 8848}
20:39:34.053 [main] INFO  c.a.n.c.r.client - [printIfInfoEnabled,60] - [197f590b-fb4d-47a8-b052-1bd8c3886df2] Success to connect to server [192.168.56.10:8848] on start up, connectionId = 1654173575892_192.168.56.1_10039
20:39:34.053 [com.alibaba.nacos.client.remote.worker] INFO  c.a.n.c.r.client - [printIfInfoEnabled,60] - [197f590b-fb4d-47a8-b052-1bd8c3886df2] Notify connected event to listeners.
20:39:34.053 [main] INFO  c.a.n.c.r.client - [printIfInfoEnabled,60] - [197f590b-fb4d-47a8-b052-1bd8c3886df2] Register server push request handler:com.alibaba.nacos.common.remote.client.RpcClient$ConnectResetRequestHandler
20:39:34.053 [main] INFO  c.a.n.c.r.client - [printIfInfoEnabled,60] - [197f590b-fb4d-47a8-b052-1bd8c3886df2] Register server push request handler:com.alibaba.nacos.common.remote.client.RpcClient$$Lambda$343/1388280822
20:39:34.871 [main] INFO  c.a.c.s.g.s.SentinelSCGAutoConfiguration - [sentinelGatewayBlockExceptionHandler,134] - [Sentinel SpringCloudGateway] register SentinelGatewayBlockExceptionHandler
20:39:35.319 [main] INFO  c.a.n.c.r.client - [lambda$createClient$0,80] - [RpcClientFactory] create a new rpc client of e040053e-b2d6-4866-8ac8-40e2ed343e3c_config-0
20:39:35.319 [main] INFO  c.a.n.c.r.client - [printIfInfoEnabled,60] - [e040053e-b2d6-4866-8ac8-40e2ed343e3c_config-0] RpcClient init label, labels = {module=config, Vipserver-Tag=null, source=sdk, Amory-Tag=null, Location-Tag=null, taskId=0, AppName=unknown}
20:39:35.319 [main] INFO  c.a.n.c.r.client - [printIfInfoEnabled,60] - [e040053e-b2d6-4866-8ac8-40e2ed343e3c_config-0] Register server push request handler:com.alibaba.nacos.client.config.impl.ClientWorker$ConfigRpcTransportClient$$Lambda$333/956856274
20:39:35.319 [main] INFO  c.a.n.c.r.client - [printIfInfoEnabled,60] - [e040053e-b2d6-4866-8ac8-40e2ed343e3c_config-0] Register server push request handler:com.alibaba.nacos.client.config.impl.ClientWorker$ConfigRpcTransportClient$$Lambda$334/550707
20:39:35.319 [main] INFO  c.a.n.c.r.client - [printIfInfoEnabled,60] - [e040053e-b2d6-4866-8ac8-40e2ed343e3c_config-0] Registry connection listener to current client:com.alibaba.nacos.client.config.impl.ClientWorker$ConfigRpcTransportClient$1
20:39:35.320 [main] INFO  c.a.n.c.r.client - [printIfInfoEnabled,60] - [e040053e-b2d6-4866-8ac8-40e2ed343e3c_config-0] RpcClient init, ServerListFactory = com.alibaba.nacos.client.config.impl.ClientWorker$ConfigRpcTransportClient$2
20:39:35.320 [main] INFO  c.a.n.c.r.client - [printIfInfoEnabled,60] - [e040053e-b2d6-4866-8ac8-40e2ed343e3c_config-0] Try to connect to server on start up, server: {serverIp = '192.168.56.10', server main port = 8848}
20:39:35.432 [main] INFO  c.a.n.c.r.client - [printIfInfoEnabled,60] - [e040053e-b2d6-4866-8ac8-40e2ed343e3c_config-0] Success to connect to server [192.168.56.10:8848] on start up, connectionId = 1654173577269_192.168.56.1_10130
20:39:35.432 [com.alibaba.nacos.client.remote.worker] INFO  c.a.n.c.r.client - [printIfInfoEnabled,60] - [e040053e-b2d6-4866-8ac8-40e2ed343e3c_config-0] Notify connected event to listeners.
20:39:35.432 [main] INFO  c.a.n.c.r.client - [printIfInfoEnabled,60] - [e040053e-b2d6-4866-8ac8-40e2ed343e3c_config-0] Register server push request handler:com.alibaba.nacos.common.remote.client.RpcClient$ConnectResetRequestHandler
20:39:35.432 [main] INFO  c.a.n.c.r.client - [printIfInfoEnabled,60] - [e040053e-b2d6-4866-8ac8-40e2ed343e3c_config-0] Register server push request handler:com.alibaba.nacos.common.remote.client.RpcClient$$Lambda$343/1388280822
20:39:36.132 [nacos-grpc-client-executor-23] INFO  c.a.n.c.r.client - [printIfInfoEnabled,60] - [197f590b-fb4d-47a8-b052-1bd8c3886df2] Receive server push request, request = NotifySubscriberRequest, requestId = 37
20:39:36.133 [nacos-grpc-client-executor-23] INFO  c.a.n.c.r.client - [printIfInfoEnabled,60] - [197f590b-fb4d-47a8-b052-1bd8c3886df2] Ack server push request, request = NotifySubscriberRequest, requestId = 37
20:39:36.223 [nacos-grpc-client-executor-24] INFO  c.a.n.c.r.client - [printIfInfoEnabled,60] - [197f590b-fb4d-47a8-b052-1bd8c3886df2] Receive server push request, request = NotifySubscriberRequest, requestId = 38
20:39:36.223 [nacos-grpc-client-executor-24] INFO  c.a.n.c.r.client - [printIfInfoEnabled,60] - [197f590b-fb4d-47a8-b052-1bd8c3886df2] Ack server push request, request = NotifySubscriberRequest, requestId = 38
20:39:36.225 [nacos-grpc-client-executor-25] INFO  c.a.n.c.r.client - [printIfInfoEnabled,60] - [197f590b-fb4d-47a8-b052-1bd8c3886df2] Receive server push request, request = NotifySubscriberRequest, requestId = 39
20:39:36.226 [nacos-grpc-client-executor-25] INFO  c.a.n.c.r.client - [printIfInfoEnabled,60] - [197f590b-fb4d-47a8-b052-1bd8c3886df2] Ack server push request, request = NotifySubscriberRequest, requestId = 39
20:39:36.227 [nacos-grpc-client-executor-26] INFO  c.a.n.c.r.client - [printIfInfoEnabled,60] - [197f590b-fb4d-47a8-b052-1bd8c3886df2] Receive server push request, request = NotifySubscriberRequest, requestId = 40
20:39:36.228 [nacos-grpc-client-executor-26] INFO  c.a.n.c.r.client - [printIfInfoEnabled,60] - [197f590b-fb4d-47a8-b052-1bd8c3886df2] Ack server push request, request = NotifySubscriberRequest, requestId = 40
20:39:36.229 [nacos-grpc-client-executor-27] INFO  c.a.n.c.r.client - [printIfInfoEnabled,60] - [197f590b-fb4d-47a8-b052-1bd8c3886df2] Receive server push request, request = NotifySubscriberRequest, requestId = 41
20:39:36.230 [nacos-grpc-client-executor-27] INFO  c.a.n.c.r.client - [printIfInfoEnabled,60] - [197f590b-fb4d-47a8-b052-1bd8c3886df2] Ack server push request, request = NotifySubscriberRequest, requestId = 41
20:39:36.231 [nacos-grpc-client-executor-28] INFO  c.a.n.c.r.client - [printIfInfoEnabled,60] - [197f590b-fb4d-47a8-b052-1bd8c3886df2] Receive server push request, request = NotifySubscriberRequest, requestId = 42
20:39:36.232 [nacos-grpc-client-executor-28] INFO  c.a.n.c.r.client - [printIfInfoEnabled,60] - [197f590b-fb4d-47a8-b052-1bd8c3886df2] Ack server push request, request = NotifySubscriberRequest, requestId = 42
20:39:36.233 [nacos-grpc-client-executor-29] INFO  c.a.n.c.r.client - [printIfInfoEnabled,60] - [197f590b-fb4d-47a8-b052-1bd8c3886df2] Receive server push request, request = NotifySubscriberRequest, requestId = 43
20:39:36.234 [nacos-grpc-client-executor-29] INFO  c.a.n.c.r.client - [printIfInfoEnabled,60] - [197f590b-fb4d-47a8-b052-1bd8c3886df2] Ack server push request, request = NotifySubscriberRequest, requestId = 43
20:39:36.236 [nacos-grpc-client-executor-30] INFO  c.a.n.c.r.client - [printIfInfoEnabled,60] - [197f590b-fb4d-47a8-b052-1bd8c3886df2] Receive server push request, request = NotifySubscriberRequest, requestId = 44
20:39:36.236 [nacos-grpc-client-executor-30] INFO  c.a.n.c.r.client - [printIfInfoEnabled,60] - [197f590b-fb4d-47a8-b052-1bd8c3886df2] Ack server push request, request = NotifySubscriberRequest, requestId = 44
20:39:37.514 [main] INFO  c.a.c.n.r.NacosServiceRegistry - [register,75] - nacos registry, DEFAULT_GROUP yinsw-gateway 10.6.8.233:8080 register finished
20:39:37.548 [main] INFO  c.y.g.YinswGatewayApplication - [logStarted,61] - Started YinswGatewayApplication in 17.375 seconds (JVM running for 18.54)
20:39:37.968 [nacos-grpc-client-executor-52] INFO  c.a.n.c.r.client - [printIfInfoEnabled,60] - [197f590b-fb4d-47a8-b052-1bd8c3886df2] Receive server push request, request = NotifySubscriberRequest, requestId = 45
20:39:37.973 [nacos-grpc-client-executor-52] INFO  c.a.n.c.r.client - [printIfInfoEnabled,60] - [197f590b-fb4d-47a8-b052-1bd8c3886df2] Ack server push request, request = NotifySubscriberRequest, requestId = 45
20:39:38.071 [nacos-grpc-client-executor-53] INFO  c.a.n.c.r.client - [printIfInfoEnabled,60] - [197f590b-fb4d-47a8-b052-1bd8c3886df2] Receive server push request, request = NotifySubscriberRequest, requestId = 47
20:39:38.073 [nacos-grpc-client-executor-53] INFO  c.a.n.c.r.client - [printIfInfoEnabled,60] - [197f590b-fb4d-47a8-b052-1bd8c3886df2] Ack server push request, request = NotifySubscriberRequest, requestId = 47
20:39:39.974 [nacos-grpc-client-executor-61] INFO  c.a.n.c.r.client - [printIfInfoEnabled,60] - [197f590b-fb4d-47a8-b052-1bd8c3886df2] Receive server push request, request = NotifySubscriberRequest, requestId = 54
20:39:39.976 [nacos-grpc-client-executor-61] INFO  c.a.n.c.r.client - [printIfInfoEnabled,60] - [197f590b-fb4d-47a8-b052-1bd8c3886df2] Ack server push request, request = NotifySubscriberRequest, requestId = 54
20:39:39.978 [nacos-grpc-client-executor-62] INFO  c.a.n.c.r.client - [printIfInfoEnabled,60] - [197f590b-fb4d-47a8-b052-1bd8c3886df2] Receive server push request, request = NotifySubscriberRequest, requestId = 58
20:39:39.980 [nacos-grpc-client-executor-62] INFO  c.a.n.c.r.client - [printIfInfoEnabled,60] - [197f590b-fb4d-47a8-b052-1bd8c3886df2] Ack server push request, request = NotifySubscriberRequest, requestId = 58
20:39:42.932 [nacos-grpc-client-executor-66] INFO  c.a.n.c.r.client - [printIfInfoEnabled,60] - [197f590b-fb4d-47a8-b052-1bd8c3886df2] Receive server push request, request = NotifySubscriberRequest, requestId = 61
20:39:42.932 [nacos-grpc-client-executor-66] INFO  c.a.n.c.r.client - [printIfInfoEnabled,60] - [197f590b-fb4d-47a8-b052-1bd8c3886df2] Ack server push request, request = NotifySubscriberRequest, requestId = 61
20:39:46.954 [nacos-grpc-client-executor-67] INFO  c.a.n.c.r.client - [printIfInfoEnabled,60] - [197f590b-fb4d-47a8-b052-1bd8c3886df2] Receive server push request, request = NotifySubscriberRequest, requestId = 66
20:39:46.955 [nacos-grpc-client-executor-67] INFO  c.a.n.c.r.client - [printIfInfoEnabled,60] - [197f590b-fb4d-47a8-b052-1bd8c3886df2] Ack server push request, request = NotifySubscriberRequest, requestId = 66
20:40:06.293 [nacos-grpc-client-executor-78] INFO  c.a.n.c.r.client - [printIfInfoEnabled,60] - [197f590b-fb4d-47a8-b052-1bd8c3886df2] Receive server push request, request = NotifySubscriberRequest, requestId = 69
20:40:06.293 [nacos-grpc-client-executor-78] INFO  c.a.n.c.r.client - [printIfInfoEnabled,60] - [197f590b-fb4d-47a8-b052-1bd8c3886df2] Ack server push request, request = NotifySubscriberRequest, requestId = 69
20:40:23.467 [nacos-grpc-client-executor-83] INFO  c.a.n.c.r.client - [printIfInfoEnabled,60] - [197f590b-fb4d-47a8-b052-1bd8c3886df2] Receive server push request, request = NotifySubscriberRequest, requestId = 72
20:40:23.468 [nacos-grpc-client-executor-83] INFO  c.a.n.c.r.client - [printIfInfoEnabled,60] - [197f590b-fb4d-47a8-b052-1bd8c3886df2] Ack server push request, request = NotifySubscriberRequest, requestId = 72
20:40:24.697 [nacos-grpc-client-executor-84] INFO  c.a.n.c.r.client - [printIfInfoEnabled,60] - [197f590b-fb4d-47a8-b052-1bd8c3886df2] Receive server push request, request = NotifySubscriberRequest, requestId = 74
20:40:24.698 [nacos-grpc-client-executor-84] INFO  c.a.n.c.r.client - [printIfInfoEnabled,60] - [197f590b-fb4d-47a8-b052-1bd8c3886df2] Ack server push request, request = NotifySubscriberRequest, requestId = 74
20:40:24.929 [SpringApplicationShutdownHook] INFO  c.a.c.n.r.NacosServiceRegistry - [deregister,90] - De-registering from Nacos Server now...
20:40:24.931 [SpringApplicationShutdownHook] INFO  c.a.c.n.r.NacosServiceRegistry - [deregister,110] - De-registration finished.
20:40:25.235 [SpringApplicationShutdownHook] INFO  c.a.n.c.r.client - [shutdown,454] - Shutdown rpc client, set status to shutdown
20:40:25.235 [SpringApplicationShutdownHook] INFO  c.a.n.c.r.client - [shutdown,456] - Shutdown client event executor java.util.concurrent.ScheduledThreadPoolExecutor@61131867[Running, pool size = 2, active threads = 2, queued tasks = 0, completed tasks = 0]
20:40:25.235 [SpringApplicationShutdownHook] INFO  c.a.n.c.r.client - [closeConnection,591] - Close current connection 1654173575892_192.168.56.1_10039
20:40:25.236 [nacos-grpc-client-executor-87] INFO  c.a.n.c.r.c.g.GrpcClient - [printIfInfoEnabled,60] - [1654173575892_192.168.56.1_10039]Ignore complete event,isRunning:false,isAbandon=false
20:40:25.238 [SpringApplicationShutdownHook] INFO  c.a.n.c.r.c.g.GrpcClient - [shutdown,85] - Shutdown grpc executor java.util.concurrent.ThreadPoolExecutor@3ba5c77e[Running, pool size = 6, active threads = 0, queued tasks = 0, completed tasks = 88]
20:41:19.589 [background-preinit] INFO  o.h.v.i.util.Version - [<clinit>,21] - HV000001: Hibernate Validator 6.2.0.Final
20:41:20.826 [main] INFO  c.a.n.c.r.client - [lambda$createClient$0,80] - [RpcClientFactory] create a new rpc client of a507ae05-ab09-4bff-a2ce-be9dce06bc2f_config-0
20:41:20.880 [main] INFO  o.r.Reflections - [scan,232] - Reflections took 34 ms to scan 1 urls, producing 3 keys and 6 values 
20:41:20.913 [main] INFO  o.r.Reflections - [scan,232] - Reflections took 20 ms to scan 1 urls, producing 4 keys and 9 values 
20:41:20.935 [main] INFO  o.r.Reflections - [scan,232] - Reflections took 19 ms to scan 1 urls, producing 3 keys and 10 values 
20:41:21.132 [main] INFO  o.r.Reflections - [scan,232] - Reflections took 193 ms to scan 214 urls, producing 0 keys and 0 values 
20:41:21.146 [main] INFO  o.r.Reflections - [scan,232] - Reflections took 13 ms to scan 1 urls, producing 1 keys and 5 values 
20:41:21.163 [main] INFO  o.r.Reflections - [scan,232] - Reflections took 15 ms to scan 1 urls, producing 1 keys and 7 values 
20:41:21.176 [main] INFO  o.r.Reflections - [scan,232] - Reflections took 11 ms to scan 1 urls, producing 2 keys and 8 values 
20:41:21.302 [main] INFO  o.r.Reflections - [scan,232] - Reflections took 124 ms to scan 214 urls, producing 0 keys and 0 values 
20:41:21.306 [main] INFO  c.a.n.c.r.client - [printIfInfoEnabled,60] - [a507ae05-ab09-4bff-a2ce-be9dce06bc2f_config-0] RpcClient init label, labels = {module=config, Vipserver-Tag=null, source=sdk, Amory-Tag=null, Location-Tag=null, taskId=0, AppName=unknown}
20:41:21.307 [main] INFO  c.a.n.c.r.client - [printIfInfoEnabled,60] - [a507ae05-ab09-4bff-a2ce-be9dce06bc2f_config-0] Register server push request handler:com.alibaba.nacos.client.config.impl.ClientWorker$ConfigRpcTransportClient$$Lambda$333/971256592
20:41:21.307 [main] INFO  c.a.n.c.r.client - [printIfInfoEnabled,60] - [a507ae05-ab09-4bff-a2ce-be9dce06bc2f_config-0] Register server push request handler:com.alibaba.nacos.client.config.impl.ClientWorker$ConfigRpcTransportClient$$Lambda$334/246745017
20:41:21.307 [main] INFO  c.a.n.c.r.client - [printIfInfoEnabled,60] - [a507ae05-ab09-4bff-a2ce-be9dce06bc2f_config-0] Registry connection listener to current client:com.alibaba.nacos.client.config.impl.ClientWorker$ConfigRpcTransportClient$1
20:41:21.308 [main] INFO  c.a.n.c.r.client - [printIfInfoEnabled,60] - [a507ae05-ab09-4bff-a2ce-be9dce06bc2f_config-0] RpcClient init, ServerListFactory = com.alibaba.nacos.client.config.impl.ClientWorker$ConfigRpcTransportClient$2
20:41:21.314 [main] INFO  c.a.n.c.r.client - [printIfInfoEnabled,60] - [a507ae05-ab09-4bff-a2ce-be9dce06bc2f_config-0] Try to connect to server on start up, server: {serverIp = '192.168.56.10', server main port = 8848}
20:41:23.353 [main] INFO  c.a.n.c.r.client - [printIfInfoEnabled,60] - [a507ae05-ab09-4bff-a2ce-be9dce06bc2f_config-0] Success to connect to server [192.168.56.10:8848] on start up, connectionId = 1654173685098_192.168.56.1_10842
20:41:23.353 [com.alibaba.nacos.client.remote.worker] INFO  c.a.n.c.r.client - [printIfInfoEnabled,60] - [a507ae05-ab09-4bff-a2ce-be9dce06bc2f_config-0] Notify connected event to listeners.
20:41:23.353 [main] INFO  c.a.n.c.r.client - [printIfInfoEnabled,60] - [a507ae05-ab09-4bff-a2ce-be9dce06bc2f_config-0] Register server push request handler:com.alibaba.nacos.common.remote.client.RpcClient$ConnectResetRequestHandler
20:41:23.354 [main] INFO  c.a.n.c.r.client - [printIfInfoEnabled,60] - [a507ae05-ab09-4bff-a2ce-be9dce06bc2f_config-0] Register server push request handler:com.alibaba.nacos.common.remote.client.RpcClient$$Lambda$343/1732902480
20:41:23.425 [main] INFO  c.y.g.YinswGatewayApplication - [logStartupProfileInfo,639] - The following profiles are active: dev
20:41:29.343 [main] INFO  c.a.c.s.g.s.SentinelSCGAutoConfiguration - [sentinelGatewayFilter,144] - [Sentinel SpringCloudGateway] register SentinelGatewayFilter with order: -2147483648
20:41:29.675 [main] INFO  c.a.n.c.r.client - [lambda$createClient$0,80] - [RpcClientFactory] create a new rpc client of 5277e5fc-9261-40e9-b4a0-1c85821ece98
20:41:29.676 [main] INFO  c.a.n.c.r.client - [printIfInfoEnabled,60] - [5277e5fc-9261-40e9-b4a0-1c85821ece98] RpcClient init label, labels = {module=naming, source=sdk}
20:41:29.677 [main] INFO  c.a.n.c.r.client - [printIfInfoEnabled,60] - [5277e5fc-9261-40e9-b4a0-1c85821ece98] RpcClient init, ServerListFactory = com.alibaba.nacos.client.naming.core.ServerListManager
20:41:29.678 [main] INFO  c.a.n.c.r.client - [printIfInfoEnabled,60] - [5277e5fc-9261-40e9-b4a0-1c85821ece98] Registry connection listener to current client:com.alibaba.nacos.client.naming.remote.gprc.redo.NamingGrpcRedoService
20:41:29.678 [main] INFO  c.a.n.c.r.client - [printIfInfoEnabled,60] - [5277e5fc-9261-40e9-b4a0-1c85821ece98] Register server push request handler:com.alibaba.nacos.client.naming.remote.gprc.NamingPushRequestHandler
20:41:29.679 [main] INFO  c.a.n.c.r.client - [printIfInfoEnabled,60] - [5277e5fc-9261-40e9-b4a0-1c85821ece98] Try to connect to server on start up, server: {serverIp = '192.168.56.10', server main port = 8848}
20:41:29.789 [main] INFO  c.a.n.c.r.client - [printIfInfoEnabled,60] - [5277e5fc-9261-40e9-b4a0-1c85821ece98] Success to connect to server [192.168.56.10:8848] on start up, connectionId = 1654173691628_192.168.56.1_11047
20:41:29.790 [com.alibaba.nacos.client.remote.worker] INFO  c.a.n.c.r.client - [printIfInfoEnabled,60] - [5277e5fc-9261-40e9-b4a0-1c85821ece98] Notify connected event to listeners.
20:41:29.790 [main] INFO  c.a.n.c.r.client - [printIfInfoEnabled,60] - [5277e5fc-9261-40e9-b4a0-1c85821ece98] Register server push request handler:com.alibaba.nacos.common.remote.client.RpcClient$ConnectResetRequestHandler
20:41:29.791 [main] INFO  c.a.n.c.r.client - [printIfInfoEnabled,60] - [5277e5fc-9261-40e9-b4a0-1c85821ece98] Register server push request handler:com.alibaba.nacos.common.remote.client.RpcClient$$Lambda$343/1732902480
20:41:31.287 [main] INFO  c.a.c.s.g.s.SentinelSCGAutoConfiguration - [sentinelGatewayBlockExceptionHandler,134] - [Sentinel SpringCloudGateway] register SentinelGatewayBlockExceptionHandler
20:41:31.599 [main] INFO  c.a.n.c.r.client - [lambda$createClient$0,80] - [RpcClientFactory] create a new rpc client of d8a2c8d2-fd0d-4733-ab00-7fce2ffae4ee_config-0
20:41:31.599 [main] INFO  c.a.n.c.r.client - [printIfInfoEnabled,60] - [d8a2c8d2-fd0d-4733-ab00-7fce2ffae4ee_config-0] RpcClient init label, labels = {module=config, Vipserver-Tag=null, source=sdk, Amory-Tag=null, Location-Tag=null, taskId=0, AppName=unknown}
20:41:31.599 [main] INFO  c.a.n.c.r.client - [printIfInfoEnabled,60] - [d8a2c8d2-fd0d-4733-ab00-7fce2ffae4ee_config-0] Register server push request handler:com.alibaba.nacos.client.config.impl.ClientWorker$ConfigRpcTransportClient$$Lambda$333/971256592
20:41:31.599 [main] INFO  c.a.n.c.r.client - [printIfInfoEnabled,60] - [d8a2c8d2-fd0d-4733-ab00-7fce2ffae4ee_config-0] Register server push request handler:com.alibaba.nacos.client.config.impl.ClientWorker$ConfigRpcTransportClient$$Lambda$334/246745017
20:41:31.600 [main] INFO  c.a.n.c.r.client - [printIfInfoEnabled,60] - [d8a2c8d2-fd0d-4733-ab00-7fce2ffae4ee_config-0] Registry connection listener to current client:com.alibaba.nacos.client.config.impl.ClientWorker$ConfigRpcTransportClient$1
20:41:31.600 [main] INFO  c.a.n.c.r.client - [printIfInfoEnabled,60] - [d8a2c8d2-fd0d-4733-ab00-7fce2ffae4ee_config-0] RpcClient init, ServerListFactory = com.alibaba.nacos.client.config.impl.ClientWorker$ConfigRpcTransportClient$2
20:41:31.600 [main] INFO  c.a.n.c.r.client - [printIfInfoEnabled,60] - [d8a2c8d2-fd0d-4733-ab00-7fce2ffae4ee_config-0] Try to connect to server on start up, server: {serverIp = '192.168.56.10', server main port = 8848}
20:41:31.709 [main] INFO  c.a.n.c.r.client - [printIfInfoEnabled,60] - [d8a2c8d2-fd0d-4733-ab00-7fce2ffae4ee_config-0] Success to connect to server [192.168.56.10:8848] on start up, connectionId = 1654173693550_192.168.56.1_11126
20:41:31.709 [com.alibaba.nacos.client.remote.worker] INFO  c.a.n.c.r.client - [printIfInfoEnabled,60] - [d8a2c8d2-fd0d-4733-ab00-7fce2ffae4ee_config-0] Notify connected event to listeners.
20:41:31.709 [main] INFO  c.a.n.c.r.client - [printIfInfoEnabled,60] - [d8a2c8d2-fd0d-4733-ab00-7fce2ffae4ee_config-0] Register server push request handler:com.alibaba.nacos.common.remote.client.RpcClient$ConnectResetRequestHandler
20:41:31.709 [main] INFO  c.a.n.c.r.client - [printIfInfoEnabled,60] - [d8a2c8d2-fd0d-4733-ab00-7fce2ffae4ee_config-0] Register server push request handler:com.alibaba.nacos.common.remote.client.RpcClient$$Lambda$343/1732902480
20:41:32.451 [nacos-grpc-client-executor-43] INFO  c.a.n.c.r.client - [printIfInfoEnabled,60] - [5277e5fc-9261-40e9-b4a0-1c85821ece98] Receive server push request, request = NotifySubscriberRequest, requestId = 80
20:41:32.452 [nacos-grpc-client-executor-43] INFO  c.a.n.c.r.client - [printIfInfoEnabled,60] - [5277e5fc-9261-40e9-b4a0-1c85821ece98] Ack server push request, request = NotifySubscriberRequest, requestId = 80
20:41:32.454 [nacos-grpc-client-executor-44] INFO  c.a.n.c.r.client - [printIfInfoEnabled,60] - [5277e5fc-9261-40e9-b4a0-1c85821ece98] Receive server push request, request = NotifySubscriberRequest, requestId = 82
20:41:32.455 [nacos-grpc-client-executor-44] INFO  c.a.n.c.r.client - [printIfInfoEnabled,60] - [5277e5fc-9261-40e9-b4a0-1c85821ece98] Ack server push request, request = NotifySubscriberRequest, requestId = 82
20:41:32.457 [nacos-grpc-client-executor-45] INFO  c.a.n.c.r.client - [printIfInfoEnabled,60] - [5277e5fc-9261-40e9-b4a0-1c85821ece98] Receive server push request, request = NotifySubscriberRequest, requestId = 83
20:41:32.458 [nacos-grpc-client-executor-45] INFO  c.a.n.c.r.client - [printIfInfoEnabled,60] - [5277e5fc-9261-40e9-b4a0-1c85821ece98] Ack server push request, request = NotifySubscriberRequest, requestId = 83
20:41:32.459 [nacos-grpc-client-executor-46] INFO  c.a.n.c.r.client - [printIfInfoEnabled,60] - [5277e5fc-9261-40e9-b4a0-1c85821ece98] Receive server push request, request = NotifySubscriberRequest, requestId = 84
20:41:32.460 [nacos-grpc-client-executor-46] INFO  c.a.n.c.r.client - [printIfInfoEnabled,60] - [5277e5fc-9261-40e9-b4a0-1c85821ece98] Ack server push request, request = NotifySubscriberRequest, requestId = 84
20:41:32.462 [nacos-grpc-client-executor-47] INFO  c.a.n.c.r.client - [printIfInfoEnabled,60] - [5277e5fc-9261-40e9-b4a0-1c85821ece98] Receive server push request, request = NotifySubscriberRequest, requestId = 85
20:41:32.462 [nacos-grpc-client-executor-47] INFO  c.a.n.c.r.client - [printIfInfoEnabled,60] - [5277e5fc-9261-40e9-b4a0-1c85821ece98] Ack server push request, request = NotifySubscriberRequest, requestId = 85
20:41:32.464 [nacos-grpc-client-executor-48] INFO  c.a.n.c.r.client - [printIfInfoEnabled,60] - [5277e5fc-9261-40e9-b4a0-1c85821ece98] Receive server push request, request = NotifySubscriberRequest, requestId = 86
20:41:32.465 [nacos-grpc-client-executor-48] INFO  c.a.n.c.r.client - [printIfInfoEnabled,60] - [5277e5fc-9261-40e9-b4a0-1c85821ece98] Ack server push request, request = NotifySubscriberRequest, requestId = 86
20:41:32.467 [nacos-grpc-client-executor-49] INFO  c.a.n.c.r.client - [printIfInfoEnabled,60] - [5277e5fc-9261-40e9-b4a0-1c85821ece98] Receive server push request, request = NotifySubscriberRequest, requestId = 81
20:41:32.467 [nacos-grpc-client-executor-49] INFO  c.a.n.c.r.client - [printIfInfoEnabled,60] - [5277e5fc-9261-40e9-b4a0-1c85821ece98] Ack server push request, request = NotifySubscriberRequest, requestId = 81
20:41:32.470 [nacos-grpc-client-executor-50] INFO  c.a.n.c.r.client - [printIfInfoEnabled,60] - [5277e5fc-9261-40e9-b4a0-1c85821ece98] Receive server push request, request = NotifySubscriberRequest, requestId = 87
20:41:32.471 [nacos-grpc-client-executor-50] INFO  c.a.n.c.r.client - [printIfInfoEnabled,60] - [5277e5fc-9261-40e9-b4a0-1c85821ece98] Ack server push request, request = NotifySubscriberRequest, requestId = 87
20:41:33.991 [main] INFO  c.a.c.n.r.NacosServiceRegistry - [register,75] - nacos registry, DEFAULT_GROUP yinsw-gateway 10.6.8.233:8080 register finished
20:41:34.029 [main] INFO  c.y.g.YinswGatewayApplication - [logStarted,61] - Started YinswGatewayApplication in 15.476 seconds (JVM running for 16.517)
20:41:34.520 [nacos-grpc-client-executor-66] INFO  c.a.n.c.r.client - [printIfInfoEnabled,60] - [5277e5fc-9261-40e9-b4a0-1c85821ece98] Receive server push request, request = NotifySubscriberRequest, requestId = 88
20:41:34.524 [nacos-grpc-client-executor-66] INFO  c.a.n.c.r.client - [printIfInfoEnabled,60] - [5277e5fc-9261-40e9-b4a0-1c85821ece98] Ack server push request, request = NotifySubscriberRequest, requestId = 88
20:41:35.862 [nacos-grpc-client-executor-73] INFO  c.a.n.c.r.client - [printIfInfoEnabled,60] - [5277e5fc-9261-40e9-b4a0-1c85821ece98] Receive server push request, request = NotifySubscriberRequest, requestId = 89
20:41:35.864 [nacos-grpc-client-executor-73] INFO  c.a.n.c.r.client - [printIfInfoEnabled,60] - [5277e5fc-9261-40e9-b4a0-1c85821ece98] Ack server push request, request = NotifySubscriberRequest, requestId = 89
20:41:38.449 [nacos-grpc-client-executor-75] INFO  c.a.n.c.r.client - [printIfInfoEnabled,60] - [5277e5fc-9261-40e9-b4a0-1c85821ece98] Receive server push request, request = NotifySubscriberRequest, requestId = 91
20:41:38.449 [nacos-grpc-client-executor-75] INFO  c.a.n.c.r.client - [printIfInfoEnabled,60] - [5277e5fc-9261-40e9-b4a0-1c85821ece98] Ack server push request, request = NotifySubscriberRequest, requestId = 91
20:41:40.178 [nacos-grpc-client-executor-80] INFO  c.a.n.c.r.client - [printIfInfoEnabled,60] - [5277e5fc-9261-40e9-b4a0-1c85821ece98] Receive server push request, request = NotifySubscriberRequest, requestId = 96
20:41:40.180 [nacos-grpc-client-executor-80] INFO  c.a.n.c.r.client - [printIfInfoEnabled,60] - [5277e5fc-9261-40e9-b4a0-1c85821ece98] Ack server push request, request = NotifySubscriberRequest, requestId = 96
20:41:40.505 [nacos-grpc-client-executor-81] INFO  c.a.n.c.r.client - [printIfInfoEnabled,60] - [5277e5fc-9261-40e9-b4a0-1c85821ece98] Receive server push request, request = NotifySubscriberRequest, requestId = 100
20:41:40.506 [nacos-grpc-client-executor-81] INFO  c.a.n.c.r.client - [printIfInfoEnabled,60] - [5277e5fc-9261-40e9-b4a0-1c85821ece98] Ack server push request, request = NotifySubscriberRequest, requestId = 100
20:41:44.091 [nacos-grpc-client-executor-82] INFO  c.a.n.c.r.client - [printIfInfoEnabled,60] - [5277e5fc-9261-40e9-b4a0-1c85821ece98] Receive server push request, request = NotifySubscriberRequest, requestId = 105
20:41:44.093 [nacos-grpc-client-executor-82] INFO  c.a.n.c.r.client - [printIfInfoEnabled,60] - [5277e5fc-9261-40e9-b4a0-1c85821ece98] Ack server push request, request = NotifySubscriberRequest, requestId = 105
20:41:48.224 [nacos-grpc-client-executor-84] INFO  c.a.n.c.r.client - [printIfInfoEnabled,60] - [5277e5fc-9261-40e9-b4a0-1c85821ece98] Receive server push request, request = NotifySubscriberRequest, requestId = 111
20:41:48.225 [nacos-grpc-client-executor-84] INFO  c.a.n.c.r.client - [printIfInfoEnabled,60] - [5277e5fc-9261-40e9-b4a0-1c85821ece98] Ack server push request, request = NotifySubscriberRequest, requestId = 111
20:41:50.069 [nacos-grpc-client-executor-85] INFO  c.a.n.c.r.client - [printIfInfoEnabled,60] - [5277e5fc-9261-40e9-b4a0-1c85821ece98] Receive server push request, request = NotifySubscriberRequest, requestId = 114
20:41:50.070 [nacos-grpc-client-executor-85] INFO  c.a.n.c.r.client - [printIfInfoEnabled,60] - [5277e5fc-9261-40e9-b4a0-1c85821ece98] Ack server push request, request = NotifySubscriberRequest, requestId = 114
20:42:02.525 [nacos-grpc-client-executor-95] INFO  c.a.n.c.r.client - [printIfInfoEnabled,60] - [5277e5fc-9261-40e9-b4a0-1c85821ece98] Receive server push request, request = NotifySubscriberRequest, requestId = 116
20:42:02.525 [nacos-grpc-client-executor-95] INFO  c.a.n.c.r.client - [printIfInfoEnabled,60] - [5277e5fc-9261-40e9-b4a0-1c85821ece98] Ack server push request, request = NotifySubscriberRequest, requestId = 116
20:42:10.381 [nacos-grpc-client-executor-98] INFO  c.a.n.c.r.client - [printIfInfoEnabled,60] - [5277e5fc-9261-40e9-b4a0-1c85821ece98] Receive server push request, request = NotifySubscriberRequest, requestId = 118
20:42:10.382 [nacos-grpc-client-executor-98] INFO  c.a.n.c.r.client - [printIfInfoEnabled,60] - [5277e5fc-9261-40e9-b4a0-1c85821ece98] Ack server push request, request = NotifySubscriberRequest, requestId = 118
21:43:44.001 [nacos-grpc-client-executor-1535] INFO  c.a.n.c.r.client - [printIfInfoEnabled,60] - [5277e5fc-9261-40e9-b4a0-1c85821ece98] Receive server push request, request = NotifySubscriberRequest, requestId = 125
21:43:44.003 [nacos-grpc-client-executor-1535] INFO  c.a.n.c.r.client - [printIfInfoEnabled,60] - [5277e5fc-9261-40e9-b4a0-1c85821ece98] Ack server push request, request = NotifySubscriberRequest, requestId = 125
21:43:45.255 [nacos-grpc-client-executor-1536] INFO  c.a.n.c.r.client - [printIfInfoEnabled,60] - [5277e5fc-9261-40e9-b4a0-1c85821ece98] Receive server push request, request = NotifySubscriberRequest, requestId = 127
21:43:45.256 [nacos-grpc-client-executor-1536] INFO  c.a.n.c.r.client - [printIfInfoEnabled,60] - [5277e5fc-9261-40e9-b4a0-1c85821ece98] Ack server push request, request = NotifySubscriberRequest, requestId = 127
21:43:45.592 [SpringApplicationShutdownHook] INFO  c.a.c.n.r.NacosServiceRegistry - [deregister,90] - De-registering from Nacos Server now...
21:43:45.593 [SpringApplicationShutdownHook] INFO  c.a.c.n.r.NacosServiceRegistry - [deregister,110] - De-registration finished.
21:43:45.899 [SpringApplicationShutdownHook] INFO  c.a.n.c.r.client - [shutdown,454] - Shutdown rpc client, set status to shutdown
21:43:45.899 [SpringApplicationShutdownHook] INFO  c.a.n.c.r.client - [shutdown,456] - Shutdown client event executor java.util.concurrent.ScheduledThreadPoolExecutor@e129cb4[Running, pool size = 2, active threads = 2, queued tasks = 0, completed tasks = 0]
21:43:45.900 [SpringApplicationShutdownHook] INFO  c.a.n.c.r.client - [closeConnection,591] - Close current connection 1654173691628_192.168.56.1_11047
21:43:45.902 [nacos-grpc-client-executor-1539] INFO  c.a.n.c.r.c.g.GrpcClient - [printIfInfoEnabled,60] - [1654173691628_192.168.56.1_11047]Ignore complete event,isRunning:false,isAbandon=false
21:43:45.906 [SpringApplicationShutdownHook] INFO  c.a.n.c.r.c.g.GrpcClient - [shutdown,85] - Shutdown grpc executor java.util.concurrent.ThreadPoolExecutor@40214c21[Running, pool size = 7, active threads = 0, queued tasks = 0, completed tasks = 1540]
