18:42:10.899 [background-preinit] INFO  o.h.v.i.util.Version - [<clinit>,21] - HV000001: Hibernate Validator 6.2.0.Final
18:42:12.220 [main] INFO  c.a.n.c.r.client - [lambda$createClient$0,80] - [RpcClientFactory] create a new rpc client of 1dee6b7f-45a2-466a-b970-d919cb7e1206_config-0
18:42:12.271 [main] INFO  o.r.Reflections - [scan,232] - Reflections took 33 ms to scan 1 urls, producing 3 keys and 6 values 
18:42:12.306 [main] INFO  o.r.Reflections - [scan,232] - Reflections took 19 ms to scan 1 urls, producing 4 keys and 9 values 
18:42:12.324 [main] INFO  o.r.Reflections - [scan,232] - Reflections took 15 ms to scan 1 urls, producing 3 keys and 10 values 
18:42:12.596 [main] INFO  o.r.Reflections - [scan,232] - Reflections took 268 ms to scan 197 urls, producing 0 keys and 0 values 
18:42:12.604 [main] INFO  o.r.Reflections - [scan,232] - Reflections took 7 ms to scan 1 urls, producing 1 keys and 5 values 
18:42:12.620 [main] INFO  o.r.Reflections - [scan,232] - Reflections took 13 ms to scan 1 urls, producing 1 keys and 7 values 
18:42:12.635 [main] INFO  o.r.Reflections - [scan,232] - Reflections took 13 ms to scan 1 urls, producing 2 keys and 8 values 
18:42:12.752 [main] INFO  o.r.Reflections - [scan,232] - Reflections took 115 ms to scan 197 urls, producing 0 keys and 0 values 
18:42:12.753 [main] INFO  c.a.n.c.r.client - [printIfInfoEnabled,60] - [1dee6b7f-45a2-466a-b970-d919cb7e1206_config-0] RpcClient init label, labels = {module=config, Vipserver-Tag=null, source=sdk, Amory-Tag=null, Location-Tag=null, taskId=0, AppName=unknown}
18:42:12.754 [main] INFO  c.a.n.c.r.client - [printIfInfoEnabled,60] - [1dee6b7f-45a2-466a-b970-d919cb7e1206_config-0] Register server push request handler:com.alibaba.nacos.client.config.impl.ClientWorker$ConfigRpcTransportClient$$Lambda$332/1261257916
18:42:12.755 [main] INFO  c.a.n.c.r.client - [printIfInfoEnabled,60] - [1dee6b7f-45a2-466a-b970-d919cb7e1206_config-0] Register server push request handler:com.alibaba.nacos.client.config.impl.ClientWorker$ConfigRpcTransportClient$$Lambda$333/1491676195
18:42:12.755 [main] INFO  c.a.n.c.r.client - [printIfInfoEnabled,60] - [1dee6b7f-45a2-466a-b970-d919cb7e1206_config-0] Registry connection listener to current client:com.alibaba.nacos.client.config.impl.ClientWorker$ConfigRpcTransportClient$1
18:42:12.756 [main] INFO  c.a.n.c.r.client - [printIfInfoEnabled,60] - [1dee6b7f-45a2-466a-b970-d919cb7e1206_config-0] RpcClient init, ServerListFactory = com.alibaba.nacos.client.config.impl.ClientWorker$ConfigRpcTransportClient$2
18:42:12.766 [main] INFO  c.a.n.c.r.client - [printIfInfoEnabled,60] - [1dee6b7f-45a2-466a-b970-d919cb7e1206_config-0] Try to connect to server on start up, server: {serverIp = '192.168.56.10', server main port = 8848}
18:42:16.980 [main] INFO  c.a.n.c.r.client - [printIfInfoEnabled,60] - [1dee6b7f-45a2-466a-b970-d919cb7e1206_config-0] Try to connect to server on start up, server: {serverIp = '192.168.56.10', server main port = 8848}
18:42:19.988 [main] INFO  c.a.n.c.r.client - [printIfInfoEnabled,60] - [1dee6b7f-45a2-466a-b970-d919cb7e1206_config-0] Try to connect to server on start up, server: {serverIp = '192.168.56.10', server main port = 8848}
18:42:23.011 [com.alibaba.nacos.client.remote.worker] INFO  c.a.n.c.r.client - [printIfInfoEnabled,60] - [1dee6b7f-45a2-466a-b970-d919cb7e1206_config-0] Try to reconnect to a new server, server is  not appointed, will choose a random server.
18:42:23.012 [main] INFO  c.a.n.c.r.client - [printIfInfoEnabled,60] - [1dee6b7f-45a2-466a-b970-d919cb7e1206_config-0] Register server push request handler:com.alibaba.nacos.common.remote.client.RpcClient$ConnectResetRequestHandler
18:42:23.012 [main] INFO  c.a.n.c.r.client - [printIfInfoEnabled,60] - [1dee6b7f-45a2-466a-b970-d919cb7e1206_config-0] Register server push request handler:com.alibaba.nacos.common.remote.client.RpcClient$$Lambda$342/1357944757
18:42:24.340 [main] INFO  c.y.j.YinswJobApplication - [logStartupProfileInfo,639] - The following profiles are active: dev
18:42:29.119 [com.alibaba.nacos.client.remote.worker] INFO  c.a.n.c.r.client - [printIfInfoEnabled,60] - [1dee6b7f-45a2-466a-b970-d919cb7e1206_config-0] Fail to connect server, after trying 1 times, last try server is {serverIp = '192.168.56.10', server main port = 8848}, error = unknown
18:42:29.253 [main] INFO  o.a.c.h.Http11NioProtocol - [log,173] - Initializing ProtocolHandler ["http-nio-9203"]
18:42:29.254 [main] INFO  o.a.c.c.StandardService - [log,173] - Starting service [Tomcat]
18:42:29.254 [main] INFO  o.a.c.c.StandardEngine - [log,173] - Starting Servlet engine: [Apache Tomcat/9.0.56]
18:42:29.422 [main] INFO  o.a.c.c.C.[.[.[/] - [log,173] - Initializing Spring embedded WebApplicationContext
18:42:30.115 [main] INFO  o.q.i.StdSchedulerFactory - [instantiate,1220] - Using default implementation for ThreadExecutor
18:42:30.202 [main] INFO  o.q.c.SchedulerSignalerImpl - [<init>,61] - Initialized Scheduler Signaller of type: class org.quartz.core.SchedulerSignalerImpl
18:42:30.203 [main] INFO  o.q.c.QuartzScheduler - [<init>,229] - Quartz Scheduler v.2.3.2 created.
18:42:30.230 [main] INFO  c.z.h.HikariDataSource - [getConnection,110] - HikariPool-1 - Starting...
18:42:32.335 [com.alibaba.nacos.client.remote.worker] INFO  c.a.n.c.r.client - [printIfInfoEnabled,60] - [1dee6b7f-45a2-466a-b970-d919cb7e1206_config-0] Fail to connect server, after trying 2 times, last try server is {serverIp = '192.168.56.10', server main port = 8848}, error = unknown
18:43:22.264 [background-preinit] INFO  o.h.v.i.util.Version - [<clinit>,21] - HV000001: Hibernate Validator 6.2.0.Final
18:43:23.675 [main] INFO  c.a.n.c.r.client - [lambda$createClient$0,80] - [RpcClientFactory] create a new rpc client of 2d18ae9e-dec6-4f9f-b7c3-ce85af4fe2b7_config-0
18:43:23.727 [main] INFO  o.r.Reflections - [scan,232] - Reflections took 32 ms to scan 1 urls, producing 3 keys and 6 values 
18:43:23.766 [main] INFO  o.r.Reflections - [scan,232] - Reflections took 22 ms to scan 1 urls, producing 4 keys and 9 values 
18:43:23.784 [main] INFO  o.r.Reflections - [scan,232] - Reflections took 15 ms to scan 1 urls, producing 3 keys and 10 values 
18:43:23.958 [main] INFO  o.r.Reflections - [scan,232] - Reflections took 171 ms to scan 197 urls, producing 0 keys and 0 values 
18:43:23.971 [main] INFO  o.r.Reflections - [scan,232] - Reflections took 11 ms to scan 1 urls, producing 1 keys and 5 values 
18:43:23.985 [main] INFO  o.r.Reflections - [scan,232] - Reflections took 12 ms to scan 1 urls, producing 1 keys and 7 values 
18:43:23.996 [main] INFO  o.r.Reflections - [scan,232] - Reflections took 9 ms to scan 1 urls, producing 2 keys and 8 values 
18:43:24.149 [main] INFO  o.r.Reflections - [scan,232] - Reflections took 151 ms to scan 197 urls, producing 0 keys and 0 values 
18:43:24.150 [main] INFO  c.a.n.c.r.client - [printIfInfoEnabled,60] - [2d18ae9e-dec6-4f9f-b7c3-ce85af4fe2b7_config-0] RpcClient init label, labels = {module=config, Vipserver-Tag=null, source=sdk, Amory-Tag=null, Location-Tag=null, taskId=0, AppName=unknown}
18:43:24.150 [main] INFO  c.a.n.c.r.client - [printIfInfoEnabled,60] - [2d18ae9e-dec6-4f9f-b7c3-ce85af4fe2b7_config-0] Register server push request handler:com.alibaba.nacos.client.config.impl.ClientWorker$ConfigRpcTransportClient$$Lambda$332/1927776715
18:43:24.151 [main] INFO  c.a.n.c.r.client - [printIfInfoEnabled,60] - [2d18ae9e-dec6-4f9f-b7c3-ce85af4fe2b7_config-0] Register server push request handler:com.alibaba.nacos.client.config.impl.ClientWorker$ConfigRpcTransportClient$$Lambda$333/2081952435
18:43:24.151 [main] INFO  c.a.n.c.r.client - [printIfInfoEnabled,60] - [2d18ae9e-dec6-4f9f-b7c3-ce85af4fe2b7_config-0] Registry connection listener to current client:com.alibaba.nacos.client.config.impl.ClientWorker$ConfigRpcTransportClient$1
18:43:24.152 [main] INFO  c.a.n.c.r.client - [printIfInfoEnabled,60] - [2d18ae9e-dec6-4f9f-b7c3-ce85af4fe2b7_config-0] RpcClient init, ServerListFactory = com.alibaba.nacos.client.config.impl.ClientWorker$ConfigRpcTransportClient$2
18:43:24.159 [main] INFO  c.a.n.c.r.client - [printIfInfoEnabled,60] - [2d18ae9e-dec6-4f9f-b7c3-ce85af4fe2b7_config-0] Try to connect to server on start up, server: {serverIp = '192.168.56.10', server main port = 8848}
18:43:28.424 [main] INFO  c.a.n.c.r.client - [printIfInfoEnabled,60] - [2d18ae9e-dec6-4f9f-b7c3-ce85af4fe2b7_config-0] Try to connect to server on start up, server: {serverIp = '192.168.56.10', server main port = 8848}
18:43:30.933 [main] INFO  c.a.n.c.r.client - [printIfInfoEnabled,60] - [2d18ae9e-dec6-4f9f-b7c3-ce85af4fe2b7_config-0] Try to connect to server on start up, server: {serverIp = '192.168.56.10', server main port = 8848}
18:43:33.094 [com.alibaba.nacos.client.remote.worker] INFO  c.a.n.c.r.client - [printIfInfoEnabled,60] - [2d18ae9e-dec6-4f9f-b7c3-ce85af4fe2b7_config-0] Try to reconnect to a new server, server is  not appointed, will choose a random server.
18:43:33.095 [main] INFO  c.a.n.c.r.client - [printIfInfoEnabled,60] - [2d18ae9e-dec6-4f9f-b7c3-ce85af4fe2b7_config-0] Register server push request handler:com.alibaba.nacos.common.remote.client.RpcClient$ConnectResetRequestHandler
18:43:33.095 [main] INFO  c.a.n.c.r.client - [printIfInfoEnabled,60] - [2d18ae9e-dec6-4f9f-b7c3-ce85af4fe2b7_config-0] Register server push request handler:com.alibaba.nacos.common.remote.client.RpcClient$$Lambda$342/2129138446
18:43:34.392 [main] INFO  c.y.j.YinswJobApplication - [logStartupProfileInfo,639] - The following profiles are active: dev
18:43:36.328 [main] INFO  o.a.c.h.Http11NioProtocol - [log,173] - Initializing ProtocolHandler ["http-nio-9203"]
18:43:36.328 [main] INFO  o.a.c.c.StandardService - [log,173] - Starting service [Tomcat]
18:43:36.328 [main] INFO  o.a.c.c.StandardEngine - [log,173] - Starting Servlet engine: [Apache Tomcat/9.0.56]
18:43:36.434 [main] INFO  o.a.c.c.C.[.[.[/] - [log,173] - Initializing Spring embedded WebApplicationContext
18:43:36.736 [main] INFO  o.q.i.StdSchedulerFactory - [instantiate,1220] - Using default implementation for ThreadExecutor
18:43:36.745 [main] INFO  o.q.c.SchedulerSignalerImpl - [<init>,61] - Initialized Scheduler Signaller of type: class org.quartz.core.SchedulerSignalerImpl
18:43:36.745 [main] INFO  o.q.c.QuartzScheduler - [<init>,229] - Quartz Scheduler v.2.3.2 created.
18:43:36.752 [main] INFO  c.z.h.HikariDataSource - [getConnection,110] - HikariPool-1 - Starting...
18:43:37.567 [com.alibaba.nacos.client.remote.worker] INFO  c.a.n.c.r.client - [printIfInfoEnabled,60] - [2d18ae9e-dec6-4f9f-b7c3-ce85af4fe2b7_config-0] Fail to connect server, after trying 1 times, last try server is {serverIp = '192.168.56.10', server main port = 8848}, error = unknown
18:43:39.803 [com.alibaba.nacos.client.remote.worker] INFO  c.a.n.c.r.client - [printIfInfoEnabled,60] - [2d18ae9e-dec6-4f9f-b7c3-ce85af4fe2b7_config-0] Fail to connect server, after trying 2 times, last try server is {serverIp = '192.168.56.10', server main port = 8848}, error = unknown
18:43:42.162 [com.alibaba.nacos.client.remote.worker] INFO  c.a.n.c.r.client - [printIfInfoEnabled,60] - [2d18ae9e-dec6-4f9f-b7c3-ce85af4fe2b7_config-0] Fail to connect server, after trying 3 times, last try server is {serverIp = '192.168.56.10', server main port = 8848}, error = unknown
18:43:44.582 [com.alibaba.nacos.client.remote.worker] INFO  c.a.n.c.r.client - [printIfInfoEnabled,60] - [2d18ae9e-dec6-4f9f-b7c3-ce85af4fe2b7_config-0] Fail to connect server, after trying 4 times, last try server is {serverIp = '192.168.56.10', server main port = 8848}, error = unknown
18:43:47.091 [com.alibaba.nacos.client.remote.worker] INFO  c.a.n.c.r.client - [printIfInfoEnabled,60] - [2d18ae9e-dec6-4f9f-b7c3-ce85af4fe2b7_config-0] Fail to connect server, after trying 5 times, last try server is {serverIp = '192.168.56.10', server main port = 8848}, error = unknown
18:43:48.847 [main] INFO  o.q.c.QuartzScheduler - [initialize,294] - Scheduler meta-data: Quartz Scheduler (v2.3.2) 'yinswScheduler' with instanceId 'DESKTOP-C19PSU21653907416737'
  Scheduler class: 'org.quartz.core.QuartzScheduler' - running locally.
  NOT STARTED.
  Currently in standby mode.
  Number of jobs executed: 0
  Using thread pool 'org.quartz.simpl.SimpleThreadPool' - with 20 threads.
  Using job-store 'org.springframework.scheduling.quartz.LocalDataSourceJobStore' - which supports persistence. and is clustered.

18:43:48.847 [main] INFO  o.q.i.StdSchedulerFactory - [instantiate,1374] - Quartz scheduler 'yinswScheduler' initialized from an externally provided properties instance.
18:43:48.847 [main] INFO  o.q.i.StdSchedulerFactory - [instantiate,1378] - Quartz scheduler version: 2.3.2
18:43:48.849 [main] INFO  o.q.c.QuartzScheduler - [setJobFactory,2293] - JobFactory set to: org.springframework.scheduling.quartz.AdaptableJobFactory@6cb43fd3
18:43:49.210 [main] INFO  c.z.h.HikariDataSource - [getConnection,110] - HikariPool-1 - Starting...
18:43:49.699 [com.alibaba.nacos.client.remote.worker] INFO  c.a.n.c.r.client - [printIfInfoEnabled,60] - [2d18ae9e-dec6-4f9f-b7c3-ce85af4fe2b7_config-0] Fail to connect server, after trying 6 times, last try server is {serverIp = '192.168.56.10', server main port = 8848}, error = unknown
18:43:52.406 [com.alibaba.nacos.client.remote.worker] INFO  c.a.n.c.r.client - [printIfInfoEnabled,60] - [2d18ae9e-dec6-4f9f-b7c3-ce85af4fe2b7_config-0] Fail to connect server, after trying 7 times, last try server is {serverIp = '192.168.56.10', server main port = 8848}, error = unknown
18:43:55.215 [com.alibaba.nacos.client.remote.worker] INFO  c.a.n.c.r.client - [printIfInfoEnabled,60] - [2d18ae9e-dec6-4f9f-b7c3-ce85af4fe2b7_config-0] Fail to connect server, after trying 8 times, last try server is {serverIp = '192.168.56.10', server main port = 8848}, error = unknown
18:43:58.220 [com.alibaba.nacos.client.remote.worker] INFO  c.a.n.c.r.client - [printIfInfoEnabled,60] - [2d18ae9e-dec6-4f9f-b7c3-ce85af4fe2b7_config-0] Fail to connect server, after trying 9 times, last try server is {serverIp = '192.168.56.10', server main port = 8848}, error = unknown
18:44:00.282 [main] INFO  o.q.c.QuartzScheduler - [shutdown,666] - Scheduler yinswScheduler_$_DESKTOP-C19PSU21653907416737 shutting down.
18:44:00.282 [main] INFO  o.q.c.QuartzScheduler - [standby,585] - Scheduler yinswScheduler_$_DESKTOP-C19PSU21653907416737 paused.
18:44:00.283 [main] INFO  o.q.c.QuartzScheduler - [shutdown,740] - Scheduler yinswScheduler_$_DESKTOP-C19PSU21653907416737 shutdown complete.
18:44:00.285 [main] INFO  o.a.c.c.StandardService - [log,173] - Stopping service [Tomcat]
18:44:31.251 [background-preinit] INFO  o.h.v.i.util.Version - [<clinit>,21] - HV000001: Hibernate Validator 6.2.0.Final
18:44:32.542 [main] INFO  c.a.n.c.r.client - [lambda$createClient$0,80] - [RpcClientFactory] create a new rpc client of 0eb5b22b-9867-4485-8fa7-22a525db5e2a_config-0
18:44:32.582 [main] INFO  o.r.Reflections - [scan,232] - Reflections took 25 ms to scan 1 urls, producing 3 keys and 6 values 
18:44:32.603 [main] INFO  o.r.Reflections - [scan,232] - Reflections took 11 ms to scan 1 urls, producing 4 keys and 9 values 
18:44:32.613 [main] INFO  o.r.Reflections - [scan,232] - Reflections took 8 ms to scan 1 urls, producing 3 keys and 10 values 
18:44:32.728 [main] INFO  o.r.Reflections - [scan,232] - Reflections took 112 ms to scan 197 urls, producing 0 keys and 0 values 
18:44:32.735 [main] INFO  o.r.Reflections - [scan,232] - Reflections took 7 ms to scan 1 urls, producing 1 keys and 5 values 
18:44:32.746 [main] INFO  o.r.Reflections - [scan,232] - Reflections took 9 ms to scan 1 urls, producing 1 keys and 7 values 
18:44:32.755 [main] INFO  o.r.Reflections - [scan,232] - Reflections took 8 ms to scan 1 urls, producing 2 keys and 8 values 
18:44:32.859 [main] INFO  o.r.Reflections - [scan,232] - Reflections took 102 ms to scan 197 urls, producing 0 keys and 0 values 
18:44:32.860 [main] INFO  c.a.n.c.r.client - [printIfInfoEnabled,60] - [0eb5b22b-9867-4485-8fa7-22a525db5e2a_config-0] RpcClient init label, labels = {module=config, Vipserver-Tag=null, source=sdk, Amory-Tag=null, Location-Tag=null, taskId=0, AppName=unknown}
18:44:32.860 [main] INFO  c.a.n.c.r.client - [printIfInfoEnabled,60] - [0eb5b22b-9867-4485-8fa7-22a525db5e2a_config-0] Register server push request handler:com.alibaba.nacos.client.config.impl.ClientWorker$ConfigRpcTransportClient$$Lambda$332/1359603919
18:44:32.860 [main] INFO  c.a.n.c.r.client - [printIfInfoEnabled,60] - [0eb5b22b-9867-4485-8fa7-22a525db5e2a_config-0] Register server push request handler:com.alibaba.nacos.client.config.impl.ClientWorker$ConfigRpcTransportClient$$Lambda$333/1063723524
18:44:32.861 [main] INFO  c.a.n.c.r.client - [printIfInfoEnabled,60] - [0eb5b22b-9867-4485-8fa7-22a525db5e2a_config-0] Registry connection listener to current client:com.alibaba.nacos.client.config.impl.ClientWorker$ConfigRpcTransportClient$1
18:44:32.861 [main] INFO  c.a.n.c.r.client - [printIfInfoEnabled,60] - [0eb5b22b-9867-4485-8fa7-22a525db5e2a_config-0] RpcClient init, ServerListFactory = com.alibaba.nacos.client.config.impl.ClientWorker$ConfigRpcTransportClient$2
18:44:32.867 [main] INFO  c.a.n.c.r.client - [printIfInfoEnabled,60] - [0eb5b22b-9867-4485-8fa7-22a525db5e2a_config-0] Try to connect to server on start up, server: {serverIp = '192.168.56.10', server main port = 8848}
18:44:36.584 [main] INFO  c.a.n.c.r.client - [printIfInfoEnabled,60] - [0eb5b22b-9867-4485-8fa7-22a525db5e2a_config-0] Try to connect to server on start up, server: {serverIp = '192.168.56.10', server main port = 8848}
18:44:38.599 [main] INFO  c.a.n.c.r.client - [printIfInfoEnabled,60] - [0eb5b22b-9867-4485-8fa7-22a525db5e2a_config-0] Try to connect to server on start up, server: {serverIp = '192.168.56.10', server main port = 8848}
18:44:40.611 [com.alibaba.nacos.client.remote.worker] INFO  c.a.n.c.r.client - [printIfInfoEnabled,60] - [0eb5b22b-9867-4485-8fa7-22a525db5e2a_config-0] Try to reconnect to a new server, server is  not appointed, will choose a random server.
18:44:40.612 [main] INFO  c.a.n.c.r.client - [printIfInfoEnabled,60] - [0eb5b22b-9867-4485-8fa7-22a525db5e2a_config-0] Register server push request handler:com.alibaba.nacos.common.remote.client.RpcClient$ConnectResetRequestHandler
18:44:40.613 [main] INFO  c.a.n.c.r.client - [printIfInfoEnabled,60] - [0eb5b22b-9867-4485-8fa7-22a525db5e2a_config-0] Register server push request handler:com.alibaba.nacos.common.remote.client.RpcClient$$Lambda$342/1315447704
18:44:41.944 [main] INFO  c.y.j.YinswJobApplication - [logStartupProfileInfo,639] - The following profiles are active: dev
18:44:44.418 [main] INFO  o.a.c.h.Http11NioProtocol - [log,173] - Initializing ProtocolHandler ["http-nio-9203"]
18:44:44.419 [main] INFO  o.a.c.c.StandardService - [log,173] - Starting service [Tomcat]
18:44:44.419 [main] INFO  o.a.c.c.StandardEngine - [log,173] - Starting Servlet engine: [Apache Tomcat/9.0.56]
18:44:44.554 [main] INFO  o.a.c.c.C.[.[.[/] - [log,173] - Initializing Spring embedded WebApplicationContext
18:44:44.749 [com.alibaba.nacos.client.remote.worker] INFO  c.a.n.c.r.client - [printIfInfoEnabled,60] - [0eb5b22b-9867-4485-8fa7-22a525db5e2a_config-0] Fail to connect server, after trying 1 times, last try server is {serverIp = '192.168.56.10', server main port = 8848}, error = unknown
18:44:45.026 [main] INFO  o.q.i.StdSchedulerFactory - [instantiate,1220] - Using default implementation for ThreadExecutor
18:44:45.039 [main] INFO  o.q.c.SchedulerSignalerImpl - [<init>,61] - Initialized Scheduler Signaller of type: class org.quartz.core.SchedulerSignalerImpl
18:44:45.039 [main] INFO  o.q.c.QuartzScheduler - [<init>,229] - Quartz Scheduler v.2.3.2 created.
18:44:45.047 [main] INFO  c.z.h.HikariDataSource - [getConnection,110] - HikariPool-1 - Starting...
18:44:46.985 [com.alibaba.nacos.client.remote.worker] INFO  c.a.n.c.r.client - [printIfInfoEnabled,60] - [0eb5b22b-9867-4485-8fa7-22a525db5e2a_config-0] Fail to connect server, after trying 2 times, last try server is {serverIp = '192.168.56.10', server main port = 8848}, error = unknown
18:44:49.296 [com.alibaba.nacos.client.remote.worker] INFO  c.a.n.c.r.client - [printIfInfoEnabled,60] - [0eb5b22b-9867-4485-8fa7-22a525db5e2a_config-0] Fail to connect server, after trying 3 times, last try server is {serverIp = '192.168.56.10', server main port = 8848}, error = unknown
18:44:51.710 [com.alibaba.nacos.client.remote.worker] INFO  c.a.n.c.r.client - [printIfInfoEnabled,60] - [0eb5b22b-9867-4485-8fa7-22a525db5e2a_config-0] Fail to connect server, after trying 4 times, last try server is {serverIp = '192.168.56.10', server main port = 8848}, error = unknown
18:44:54.233 [com.alibaba.nacos.client.remote.worker] INFO  c.a.n.c.r.client - [printIfInfoEnabled,60] - [0eb5b22b-9867-4485-8fa7-22a525db5e2a_config-0] Fail to connect server, after trying 5 times, last try server is {serverIp = '192.168.56.10', server main port = 8848}, error = unknown
18:44:56.843 [com.alibaba.nacos.client.remote.worker] INFO  c.a.n.c.r.client - [printIfInfoEnabled,60] - [0eb5b22b-9867-4485-8fa7-22a525db5e2a_config-0] Fail to connect server, after trying 6 times, last try server is {serverIp = '192.168.56.10', server main port = 8848}, error = unknown
18:44:56.920 [main] INFO  o.q.c.QuartzScheduler - [initialize,294] - Scheduler meta-data: Quartz Scheduler (v2.3.2) 'yinswScheduler' with instanceId 'DESKTOP-C19PSU21653907485027'
  Scheduler class: 'org.quartz.core.QuartzScheduler' - running locally.
  NOT STARTED.
  Currently in standby mode.
  Number of jobs executed: 0
  Using thread pool 'org.quartz.simpl.SimpleThreadPool' - with 20 threads.
  Using job-store 'org.springframework.scheduling.quartz.LocalDataSourceJobStore' - which supports persistence. and is clustered.

18:44:56.920 [main] INFO  o.q.i.StdSchedulerFactory - [instantiate,1374] - Quartz scheduler 'yinswScheduler' initialized from an externally provided properties instance.
18:44:56.920 [main] INFO  o.q.i.StdSchedulerFactory - [instantiate,1378] - Quartz scheduler version: 2.3.2
18:44:56.921 [main] INFO  o.q.c.QuartzScheduler - [setJobFactory,2293] - JobFactory set to: org.springframework.scheduling.quartz.AdaptableJobFactory@1cdad619
18:44:57.317 [main] INFO  c.z.h.HikariDataSource - [getConnection,110] - HikariPool-1 - Starting...
18:44:59.555 [com.alibaba.nacos.client.remote.worker] INFO  c.a.n.c.r.client - [printIfInfoEnabled,60] - [0eb5b22b-9867-4485-8fa7-22a525db5e2a_config-0] Fail to connect server, after trying 7 times, last try server is {serverIp = '192.168.56.10', server main port = 8848}, error = unknown
18:45:02.366 [com.alibaba.nacos.client.remote.worker] INFO  c.a.n.c.r.client - [printIfInfoEnabled,60] - [0eb5b22b-9867-4485-8fa7-22a525db5e2a_config-0] Fail to connect server, after trying 8 times, last try server is {serverIp = '192.168.56.10', server main port = 8848}, error = unknown
18:45:05.280 [com.alibaba.nacos.client.remote.worker] INFO  c.a.n.c.r.client - [printIfInfoEnabled,60] - [0eb5b22b-9867-4485-8fa7-22a525db5e2a_config-0] Fail to connect server, after trying 9 times, last try server is {serverIp = '192.168.56.10', server main port = 8848}, error = unknown
18:45:08.289 [com.alibaba.nacos.client.remote.worker] INFO  c.a.n.c.r.client - [printIfInfoEnabled,60] - [0eb5b22b-9867-4485-8fa7-22a525db5e2a_config-0] Fail to connect server, after trying 10 times, last try server is {serverIp = '192.168.56.10', server main port = 8848}, error = unknown
18:45:08.432 [main] INFO  o.q.c.QuartzScheduler - [shutdown,666] - Scheduler yinswScheduler_$_DESKTOP-C19PSU21653907485027 shutting down.
18:45:08.432 [main] INFO  o.q.c.QuartzScheduler - [standby,585] - Scheduler yinswScheduler_$_DESKTOP-C19PSU21653907485027 paused.
18:45:08.433 [main] INFO  o.q.c.QuartzScheduler - [shutdown,740] - Scheduler yinswScheduler_$_DESKTOP-C19PSU21653907485027 shutdown complete.
18:45:08.434 [main] INFO  o.a.c.c.StandardService - [log,173] - Stopping service [Tomcat]
18:45:44.684 [background-preinit] INFO  o.h.v.i.util.Version - [<clinit>,21] - HV000001: Hibernate Validator 6.2.0.Final
18:45:45.651 [main] INFO  c.a.n.c.r.client - [lambda$createClient$0,80] - [RpcClientFactory] create a new rpc client of ae0edf5b-c09f-4f55-8e9c-471cd9bdfeb5_config-0
18:45:45.694 [main] INFO  o.r.Reflections - [scan,232] - Reflections took 28 ms to scan 1 urls, producing 3 keys and 6 values 
18:45:45.729 [main] INFO  o.r.Reflections - [scan,232] - Reflections took 17 ms to scan 1 urls, producing 4 keys and 9 values 
18:45:45.742 [main] INFO  o.r.Reflections - [scan,232] - Reflections took 10 ms to scan 1 urls, producing 3 keys and 10 values 
18:45:45.899 [main] INFO  o.r.Reflections - [scan,232] - Reflections took 155 ms to scan 197 urls, producing 0 keys and 0 values 
18:45:45.907 [main] INFO  o.r.Reflections - [scan,232] - Reflections took 7 ms to scan 1 urls, producing 1 keys and 5 values 
18:45:45.918 [main] INFO  o.r.Reflections - [scan,232] - Reflections took 9 ms to scan 1 urls, producing 1 keys and 7 values 
18:45:45.928 [main] INFO  o.r.Reflections - [scan,232] - Reflections took 8 ms to scan 1 urls, producing 2 keys and 8 values 
18:45:46.033 [main] INFO  o.r.Reflections - [scan,232] - Reflections took 103 ms to scan 197 urls, producing 0 keys and 0 values 
18:45:46.034 [main] INFO  c.a.n.c.r.client - [printIfInfoEnabled,60] - [ae0edf5b-c09f-4f55-8e9c-471cd9bdfeb5_config-0] RpcClient init label, labels = {module=config, Vipserver-Tag=null, source=sdk, Amory-Tag=null, Location-Tag=null, taskId=0, AppName=unknown}
18:45:46.034 [main] INFO  c.a.n.c.r.client - [printIfInfoEnabled,60] - [ae0edf5b-c09f-4f55-8e9c-471cd9bdfeb5_config-0] Register server push request handler:com.alibaba.nacos.client.config.impl.ClientWorker$ConfigRpcTransportClient$$Lambda$332/1286134778
18:45:46.035 [main] INFO  c.a.n.c.r.client - [printIfInfoEnabled,60] - [ae0edf5b-c09f-4f55-8e9c-471cd9bdfeb5_config-0] Register server push request handler:com.alibaba.nacos.client.config.impl.ClientWorker$ConfigRpcTransportClient$$Lambda$333/1885562991
18:45:46.035 [main] INFO  c.a.n.c.r.client - [printIfInfoEnabled,60] - [ae0edf5b-c09f-4f55-8e9c-471cd9bdfeb5_config-0] Registry connection listener to current client:com.alibaba.nacos.client.config.impl.ClientWorker$ConfigRpcTransportClient$1
18:45:46.036 [main] INFO  c.a.n.c.r.client - [printIfInfoEnabled,60] - [ae0edf5b-c09f-4f55-8e9c-471cd9bdfeb5_config-0] RpcClient init, ServerListFactory = com.alibaba.nacos.client.config.impl.ClientWorker$ConfigRpcTransportClient$2
18:45:46.041 [main] INFO  c.a.n.c.r.client - [printIfInfoEnabled,60] - [ae0edf5b-c09f-4f55-8e9c-471cd9bdfeb5_config-0] Try to connect to server on start up, server: {serverIp = '192.168.56.10', server main port = 8848}
18:45:48.926 [main] INFO  c.a.n.c.r.client - [printIfInfoEnabled,60] - [ae0edf5b-c09f-4f55-8e9c-471cd9bdfeb5_config-0] Try to connect to server on start up, server: {serverIp = '192.168.56.10', server main port = 8848}
18:45:50.942 [main] INFO  c.a.n.c.r.client - [printIfInfoEnabled,60] - [ae0edf5b-c09f-4f55-8e9c-471cd9bdfeb5_config-0] Try to connect to server on start up, server: {serverIp = '192.168.56.10', server main port = 8848}
18:45:52.977 [main] INFO  c.a.n.c.r.client - [printIfInfoEnabled,60] - [ae0edf5b-c09f-4f55-8e9c-471cd9bdfeb5_config-0] Register server push request handler:com.alibaba.nacos.common.remote.client.RpcClient$ConnectResetRequestHandler
18:45:52.978 [com.alibaba.nacos.client.remote.worker] INFO  c.a.n.c.r.client - [printIfInfoEnabled,60] - [ae0edf5b-c09f-4f55-8e9c-471cd9bdfeb5_config-0] Try to reconnect to a new server, server is  not appointed, will choose a random server.
18:45:52.978 [main] INFO  c.a.n.c.r.client - [printIfInfoEnabled,60] - [ae0edf5b-c09f-4f55-8e9c-471cd9bdfeb5_config-0] Register server push request handler:com.alibaba.nacos.common.remote.client.RpcClient$$Lambda$342/300111306
18:45:54.289 [main] INFO  c.y.j.YinswJobApplication - [logStartupProfileInfo,639] - The following profiles are active: dev
18:45:57.051 [main] INFO  o.a.c.h.Http11NioProtocol - [log,173] - Initializing ProtocolHandler ["http-nio-9203"]
18:45:57.052 [main] INFO  o.a.c.c.StandardService - [log,173] - Starting service [Tomcat]
18:45:57.052 [main] INFO  o.a.c.c.StandardEngine - [log,173] - Starting Servlet engine: [Apache Tomcat/9.0.56]
18:45:57.118 [com.alibaba.nacos.client.remote.worker] INFO  c.a.n.c.r.client - [printIfInfoEnabled,60] - [ae0edf5b-c09f-4f55-8e9c-471cd9bdfeb5_config-0] Fail to connect server, after trying 1 times, last try server is {serverIp = '192.168.56.10', server main port = 8848}, error = unknown
18:45:57.184 [main] INFO  o.a.c.c.C.[.[.[/] - [log,173] - Initializing Spring embedded WebApplicationContext
18:45:57.567 [main] INFO  o.q.i.StdSchedulerFactory - [instantiate,1220] - Using default implementation for ThreadExecutor
18:45:57.578 [main] INFO  o.q.c.SchedulerSignalerImpl - [<init>,61] - Initialized Scheduler Signaller of type: class org.quartz.core.SchedulerSignalerImpl
18:45:57.579 [main] INFO  o.q.c.QuartzScheduler - [<init>,229] - Quartz Scheduler v.2.3.2 created.
18:45:57.586 [main] INFO  c.z.h.HikariDataSource - [getConnection,110] - HikariPool-1 - Starting...
18:45:59.335 [com.alibaba.nacos.client.remote.worker] INFO  c.a.n.c.r.client - [printIfInfoEnabled,60] - [ae0edf5b-c09f-4f55-8e9c-471cd9bdfeb5_config-0] Fail to connect server, after trying 2 times, last try server is {serverIp = '192.168.56.10', server main port = 8848}, error = unknown
18:46:01.647 [com.alibaba.nacos.client.remote.worker] INFO  c.a.n.c.r.client - [printIfInfoEnabled,60] - [ae0edf5b-c09f-4f55-8e9c-471cd9bdfeb5_config-0] Fail to connect server, after trying 3 times, last try server is {serverIp = '192.168.56.10', server main port = 8848}, error = unknown
18:46:04.056 [com.alibaba.nacos.client.remote.worker] INFO  c.a.n.c.r.client - [printIfInfoEnabled,60] - [ae0edf5b-c09f-4f55-8e9c-471cd9bdfeb5_config-0] Fail to connect server, after trying 4 times, last try server is {serverIp = '192.168.56.10', server main port = 8848}, error = unknown
18:46:06.571 [com.alibaba.nacos.client.remote.worker] INFO  c.a.n.c.r.client - [printIfInfoEnabled,60] - [ae0edf5b-c09f-4f55-8e9c-471cd9bdfeb5_config-0] Fail to connect server, after trying 5 times, last try server is {serverIp = '192.168.56.10', server main port = 8848}, error = unknown
18:46:09.064 [main] INFO  o.q.c.QuartzScheduler - [initialize,294] - Scheduler meta-data: Quartz Scheduler (v2.3.2) 'yinswScheduler' with instanceId 'DESKTOP-C19PSU21653907557568'
  Scheduler class: 'org.quartz.core.QuartzScheduler' - running locally.
  NOT STARTED.
  Currently in standby mode.
  Number of jobs executed: 0
  Using thread pool 'org.quartz.simpl.SimpleThreadPool' - with 20 threads.
  Using job-store 'org.springframework.scheduling.quartz.LocalDataSourceJobStore' - which supports persistence. and is clustered.

18:46:09.064 [main] INFO  o.q.i.StdSchedulerFactory - [instantiate,1374] - Quartz scheduler 'yinswScheduler' initialized from an externally provided properties instance.
18:46:09.064 [main] INFO  o.q.i.StdSchedulerFactory - [instantiate,1378] - Quartz scheduler version: 2.3.2
18:46:09.065 [main] INFO  o.q.c.QuartzScheduler - [setJobFactory,2293] - JobFactory set to: org.springframework.scheduling.quartz.AdaptableJobFactory@682fe17b
18:46:09.281 [com.alibaba.nacos.client.remote.worker] INFO  c.a.n.c.r.client - [printIfInfoEnabled,60] - [ae0edf5b-c09f-4f55-8e9c-471cd9bdfeb5_config-0] Fail to connect server, after trying 6 times, last try server is {serverIp = '192.168.56.10', server main port = 8848}, error = unknown
18:46:09.362 [main] INFO  c.z.h.HikariDataSource - [getConnection,110] - HikariPool-1 - Starting...
18:46:11.991 [com.alibaba.nacos.client.remote.worker] INFO  c.a.n.c.r.client - [printIfInfoEnabled,60] - [ae0edf5b-c09f-4f55-8e9c-471cd9bdfeb5_config-0] Fail to connect server, after trying 7 times, last try server is {serverIp = '192.168.56.10', server main port = 8848}, error = unknown
18:46:14.797 [com.alibaba.nacos.client.remote.worker] INFO  c.a.n.c.r.client - [printIfInfoEnabled,60] - [ae0edf5b-c09f-4f55-8e9c-471cd9bdfeb5_config-0] Fail to connect server, after trying 8 times, last try server is {serverIp = '192.168.56.10', server main port = 8848}, error = unknown
18:46:17.704 [com.alibaba.nacos.client.remote.worker] INFO  c.a.n.c.r.client - [printIfInfoEnabled,60] - [ae0edf5b-c09f-4f55-8e9c-471cd9bdfeb5_config-0] Fail to connect server, after trying 9 times, last try server is {serverIp = '192.168.56.10', server main port = 8848}, error = unknown
18:46:19.624 [main] INFO  o.q.c.QuartzScheduler - [shutdown,666] - Scheduler yinswScheduler_$_DESKTOP-C19PSU21653907557568 shutting down.
18:46:19.624 [main] INFO  o.q.c.QuartzScheduler - [standby,585] - Scheduler yinswScheduler_$_DESKTOP-C19PSU21653907557568 paused.
18:46:19.625 [main] INFO  o.q.c.QuartzScheduler - [shutdown,740] - Scheduler yinswScheduler_$_DESKTOP-C19PSU21653907557568 shutdown complete.
18:46:19.626 [main] INFO  o.a.c.c.StandardService - [log,173] - Stopping service [Tomcat]
18:48:25.408 [background-preinit] INFO  o.h.v.i.util.Version - [<clinit>,21] - HV000001: Hibernate Validator 6.2.0.Final
18:48:26.463 [main] INFO  c.a.n.c.r.client - [lambda$createClient$0,80] - [RpcClientFactory] create a new rpc client of 6837691a-ee94-4018-9b85-6101f5a3a634_config-0
18:48:26.502 [main] INFO  o.r.Reflections - [scan,232] - Reflections took 23 ms to scan 1 urls, producing 3 keys and 6 values 
18:48:26.525 [main] INFO  o.r.Reflections - [scan,232] - Reflections took 12 ms to scan 1 urls, producing 4 keys and 9 values 
18:48:26.540 [main] INFO  o.r.Reflections - [scan,232] - Reflections took 12 ms to scan 1 urls, producing 3 keys and 10 values 
18:48:26.674 [main] INFO  o.r.Reflections - [scan,232] - Reflections took 132 ms to scan 197 urls, producing 0 keys and 0 values 
18:48:26.684 [main] INFO  o.r.Reflections - [scan,232] - Reflections took 10 ms to scan 1 urls, producing 1 keys and 5 values 
18:48:26.698 [main] INFO  o.r.Reflections - [scan,232] - Reflections took 12 ms to scan 1 urls, producing 1 keys and 7 values 
18:48:26.708 [main] INFO  o.r.Reflections - [scan,232] - Reflections took 8 ms to scan 1 urls, producing 2 keys and 8 values 
18:48:26.846 [main] INFO  o.r.Reflections - [scan,232] - Reflections took 136 ms to scan 197 urls, producing 0 keys and 0 values 
18:48:26.848 [main] INFO  c.a.n.c.r.client - [printIfInfoEnabled,60] - [6837691a-ee94-4018-9b85-6101f5a3a634_config-0] RpcClient init label, labels = {module=config, Vipserver-Tag=null, source=sdk, Amory-Tag=null, Location-Tag=null, taskId=0, AppName=unknown}
18:48:26.850 [main] INFO  c.a.n.c.r.client - [printIfInfoEnabled,60] - [6837691a-ee94-4018-9b85-6101f5a3a634_config-0] Register server push request handler:com.alibaba.nacos.client.config.impl.ClientWorker$ConfigRpcTransportClient$$Lambda$332/407747276
18:48:26.850 [main] INFO  c.a.n.c.r.client - [printIfInfoEnabled,60] - [6837691a-ee94-4018-9b85-6101f5a3a634_config-0] Register server push request handler:com.alibaba.nacos.client.config.impl.ClientWorker$ConfigRpcTransportClient$$Lambda$333/45019084
18:48:26.851 [main] INFO  c.a.n.c.r.client - [printIfInfoEnabled,60] - [6837691a-ee94-4018-9b85-6101f5a3a634_config-0] Registry connection listener to current client:com.alibaba.nacos.client.config.impl.ClientWorker$ConfigRpcTransportClient$1
18:48:26.852 [main] INFO  c.a.n.c.r.client - [printIfInfoEnabled,60] - [6837691a-ee94-4018-9b85-6101f5a3a634_config-0] RpcClient init, ServerListFactory = com.alibaba.nacos.client.config.impl.ClientWorker$ConfigRpcTransportClient$2
18:48:26.859 [main] INFO  c.a.n.c.r.client - [printIfInfoEnabled,60] - [6837691a-ee94-4018-9b85-6101f5a3a634_config-0] Try to connect to server on start up, server: {serverIp = '192.168.56.10', server main port = 8848}
18:48:30.585 [main] INFO  c.a.n.c.r.client - [printIfInfoEnabled,60] - [6837691a-ee94-4018-9b85-6101f5a3a634_config-0] Try to connect to server on start up, server: {serverIp = '192.168.56.10', server main port = 8848}
18:48:32.593 [main] INFO  c.a.n.c.r.client - [printIfInfoEnabled,60] - [6837691a-ee94-4018-9b85-6101f5a3a634_config-0] Try to connect to server on start up, server: {serverIp = '192.168.56.10', server main port = 8848}
18:48:34.603 [com.alibaba.nacos.client.remote.worker] INFO  c.a.n.c.r.client - [printIfInfoEnabled,60] - [6837691a-ee94-4018-9b85-6101f5a3a634_config-0] Try to reconnect to a new server, server is  not appointed, will choose a random server.
18:48:34.603 [main] INFO  c.a.n.c.r.client - [printIfInfoEnabled,60] - [6837691a-ee94-4018-9b85-6101f5a3a634_config-0] Register server push request handler:com.alibaba.nacos.common.remote.client.RpcClient$ConnectResetRequestHandler
18:48:34.604 [main] INFO  c.a.n.c.r.client - [printIfInfoEnabled,60] - [6837691a-ee94-4018-9b85-6101f5a3a634_config-0] Register server push request handler:com.alibaba.nacos.common.remote.client.RpcClient$$Lambda$342/2086673744
18:48:35.886 [main] INFO  c.y.j.YinswJobApplication - [logStartupProfileInfo,639] - The following profiles are active: dev
18:48:38.490 [main] INFO  o.a.c.h.Http11NioProtocol - [log,173] - Initializing ProtocolHandler ["http-nio-9203"]
18:48:38.491 [main] INFO  o.a.c.c.StandardService - [log,173] - Starting service [Tomcat]
18:48:38.491 [main] INFO  o.a.c.c.StandardEngine - [log,173] - Starting Servlet engine: [Apache Tomcat/9.0.56]
18:48:38.614 [main] INFO  o.a.c.c.C.[.[.[/] - [log,173] - Initializing Spring embedded WebApplicationContext
18:48:38.736 [com.alibaba.nacos.client.remote.worker] INFO  c.a.n.c.r.client - [printIfInfoEnabled,60] - [6837691a-ee94-4018-9b85-6101f5a3a634_config-0] Fail to connect server, after trying 1 times, last try server is {serverIp = '192.168.56.10', server main port = 8848}, error = unknown
18:48:39.004 [main] INFO  o.q.i.StdSchedulerFactory - [instantiate,1220] - Using default implementation for ThreadExecutor
18:48:39.015 [main] INFO  o.q.c.SchedulerSignalerImpl - [<init>,61] - Initialized Scheduler Signaller of type: class org.quartz.core.SchedulerSignalerImpl
18:48:39.015 [main] INFO  o.q.c.QuartzScheduler - [<init>,229] - Quartz Scheduler v.2.3.2 created.
18:48:39.023 [main] INFO  c.z.h.HikariDataSource - [getConnection,110] - HikariPool-1 - Starting...
18:48:39.672 [main] INFO  c.z.h.HikariDataSource - [getConnection,123] - HikariPool-1 - Start completed.
18:48:39.690 [main] INFO  o.q.c.QuartzScheduler - [initialize,294] - Scheduler meta-data: Quartz Scheduler (v2.3.2) 'yinswScheduler' with instanceId 'DESKTOP-C19PSU21653907719006'
  Scheduler class: 'org.quartz.core.QuartzScheduler' - running locally.
  NOT STARTED.
  Currently in standby mode.
  Number of jobs executed: 0
  Using thread pool 'org.quartz.simpl.SimpleThreadPool' - with 20 threads.
  Using job-store 'org.springframework.scheduling.quartz.LocalDataSourceJobStore' - which supports persistence. and is clustered.

18:48:39.691 [main] INFO  o.q.i.StdSchedulerFactory - [instantiate,1374] - Quartz scheduler 'yinswScheduler' initialized from an externally provided properties instance.
18:48:39.691 [main] INFO  o.q.i.StdSchedulerFactory - [instantiate,1378] - Quartz scheduler version: 2.3.2
18:48:39.694 [main] INFO  o.q.c.QuartzScheduler - [setJobFactory,2293] - JobFactory set to: org.springframework.scheduling.quartz.AdaptableJobFactory@7a569672
18:48:40.948 [com.alibaba.nacos.client.remote.worker] INFO  c.a.n.c.r.client - [printIfInfoEnabled,60] - [6837691a-ee94-4018-9b85-6101f5a3a634_config-0] Fail to connect server, after trying 2 times, last try server is {serverIp = '192.168.56.10', server main port = 8848}, error = unknown
18:48:40.989 [main] INFO  c.a.c.s.SentinelWebAutoConfiguration - [addInterceptors,80] - [Sentinel Starter] register SentinelWebInterceptor with urlPatterns: [/**].
18:48:42.004 [main] INFO  c.a.n.c.r.client - [lambda$createClient$0,80] - [RpcClientFactory] create a new rpc client of f374ca7e-72ad-464b-a934-d4c9dd550f4f
18:48:42.004 [main] INFO  c.a.n.c.r.client - [printIfInfoEnabled,60] - [f374ca7e-72ad-464b-a934-d4c9dd550f4f] RpcClient init label, labels = {module=naming, source=sdk}
18:48:42.006 [main] INFO  c.a.n.c.r.client - [printIfInfoEnabled,60] - [f374ca7e-72ad-464b-a934-d4c9dd550f4f] RpcClient init, ServerListFactory = com.alibaba.nacos.client.naming.core.ServerListManager
18:48:42.007 [main] INFO  c.a.n.c.r.client - [printIfInfoEnabled,60] - [f374ca7e-72ad-464b-a934-d4c9dd550f4f] Registry connection listener to current client:com.alibaba.nacos.client.naming.remote.gprc.redo.NamingGrpcRedoService
18:48:42.007 [main] INFO  c.a.n.c.r.client - [printIfInfoEnabled,60] - [f374ca7e-72ad-464b-a934-d4c9dd550f4f] Register server push request handler:com.alibaba.nacos.client.naming.remote.gprc.NamingPushRequestHandler
18:48:42.008 [main] INFO  c.a.n.c.r.client - [printIfInfoEnabled,60] - [f374ca7e-72ad-464b-a934-d4c9dd550f4f] Try to connect to server on start up, server: {serverIp = '192.168.56.10', server main port = 8848}
18:48:43.257 [com.alibaba.nacos.client.remote.worker] INFO  c.a.n.c.r.client - [printIfInfoEnabled,60] - [6837691a-ee94-4018-9b85-6101f5a3a634_config-0] Fail to connect server, after trying 3 times, last try server is {serverIp = '192.168.56.10', server main port = 8848}, error = unknown
18:48:44.017 [main] INFO  c.a.n.c.r.client - [printIfInfoEnabled,60] - [f374ca7e-72ad-464b-a934-d4c9dd550f4f] Try to connect to server on start up, server: {serverIp = '192.168.56.10', server main port = 8848}
18:48:45.662 [com.alibaba.nacos.client.remote.worker] INFO  c.a.n.c.r.client - [printIfInfoEnabled,60] - [6837691a-ee94-4018-9b85-6101f5a3a634_config-0] Fail to connect server, after trying 4 times, last try server is {serverIp = '192.168.56.10', server main port = 8848}, error = unknown
18:48:46.023 [main] INFO  c.a.n.c.r.client - [printIfInfoEnabled,60] - [f374ca7e-72ad-464b-a934-d4c9dd550f4f] Try to connect to server on start up, server: {serverIp = '192.168.56.10', server main port = 8848}
18:48:48.030 [com.alibaba.nacos.client.remote.worker] INFO  c.a.n.c.r.client - [printIfInfoEnabled,60] - [f374ca7e-72ad-464b-a934-d4c9dd550f4f] Try to reconnect to a new server, server is  not appointed, will choose a random server.
18:48:48.030 [main] INFO  c.a.n.c.r.client - [printIfInfoEnabled,60] - [f374ca7e-72ad-464b-a934-d4c9dd550f4f] Register server push request handler:com.alibaba.nacos.common.remote.client.RpcClient$ConnectResetRequestHandler
18:48:48.030 [main] INFO  c.a.n.c.r.client - [printIfInfoEnabled,60] - [f374ca7e-72ad-464b-a934-d4c9dd550f4f] Register server push request handler:com.alibaba.nacos.common.remote.client.RpcClient$$Lambda$342/2086673744
18:48:48.171 [com.alibaba.nacos.client.remote.worker] INFO  c.a.n.c.r.client - [printIfInfoEnabled,60] - [6837691a-ee94-4018-9b85-6101f5a3a634_config-0] Fail to connect server, after trying 5 times, last try server is {serverIp = '192.168.56.10', server main port = 8848}, error = unknown
18:48:50.202 [main] INFO  o.a.c.h.Http11NioProtocol - [log,173] - Starting ProtocolHandler ["http-nio-9203"]
18:48:50.787 [com.alibaba.nacos.client.remote.worker] INFO  c.a.n.c.r.client - [printIfInfoEnabled,60] - [6837691a-ee94-4018-9b85-6101f5a3a634_config-0] Fail to connect server, after trying 6 times, last try server is {serverIp = '192.168.56.10', server main port = 8848}, error = unknown
18:48:51.126 [main] INFO  c.a.n.c.r.client - [shutdown,454] - Shutdown rpc client, set status to shutdown
18:48:51.127 [main] INFO  c.a.n.c.r.client - [shutdown,456] - Shutdown client event executor java.util.concurrent.ScheduledThreadPoolExecutor@4708acc6[Running, pool size = 2, active threads = 2, queued tasks = 0, completed tasks = 0]
18:48:51.127 [main] INFO  c.a.n.c.r.c.g.GrpcClient - [shutdown,85] - Shutdown grpc executor java.util.concurrent.ThreadPoolExecutor@59cc46a4[Running, pool size = 8, active threads = 0, queued tasks = 0, completed tasks = 8]
18:48:51.127 [com.alibaba.nacos.client.remote.worker] INFO  c.a.n.c.r.client - [printIfInfoEnabled,60] - [f374ca7e-72ad-464b-a934-d4c9dd550f4f] Fail to connect server, after trying 1 times, last try server is {serverIp = '192.168.56.10', server main port = 8848}, error = unknown
18:48:51.144 [main] INFO  o.q.c.QuartzScheduler - [shutdown,666] - Scheduler yinswScheduler_$_DESKTOP-C19PSU21653907719006 shutting down.
18:48:51.144 [main] INFO  o.q.c.QuartzScheduler - [standby,585] - Scheduler yinswScheduler_$_DESKTOP-C19PSU21653907719006 paused.
18:48:51.145 [main] INFO  o.q.c.QuartzScheduler - [shutdown,740] - Scheduler yinswScheduler_$_DESKTOP-C19PSU21653907719006 shutdown complete.
18:48:51.145 [main] INFO  c.z.h.HikariDataSource - [close,350] - HikariPool-1 - Shutdown initiated...
18:48:51.153 [main] INFO  c.z.h.HikariDataSource - [close,352] - HikariPool-1 - Shutdown completed.
18:48:51.327 [com.alibaba.nacos.client.remote.worker] INFO  c.a.n.c.r.client - [printIfInfoEnabled,60] - [f374ca7e-72ad-464b-a934-d4c9dd550f4f] Client is shutdown, stop reconnect to server
18:48:51.442 [main] INFO  o.a.c.h.Http11NioProtocol - [log,173] - Pausing ProtocolHandler ["http-nio-9203"]
18:48:51.442 [main] INFO  o.a.c.c.StandardService - [log,173] - Stopping service [Tomcat]
18:48:51.447 [main] INFO  o.a.c.h.Http11NioProtocol - [log,173] - Stopping ProtocolHandler ["http-nio-9203"]
18:48:51.449 [main] INFO  o.a.c.h.Http11NioProtocol - [log,173] - Destroying ProtocolHandler ["http-nio-9203"]
18:48:53.496 [com.alibaba.nacos.client.remote.worker] INFO  c.a.n.c.r.client - [printIfInfoEnabled,60] - [6837691a-ee94-4018-9b85-6101f5a3a634_config-0] Fail to connect server, after trying 7 times, last try server is {serverIp = '192.168.56.10', server main port = 8848}, error = unknown
18:48:56.301 [com.alibaba.nacos.client.remote.worker] INFO  c.a.n.c.r.client - [printIfInfoEnabled,60] - [6837691a-ee94-4018-9b85-6101f5a3a634_config-0] Fail to connect server, after trying 8 times, last try server is {serverIp = '192.168.56.10', server main port = 8848}, error = unknown
18:48:59.207 [com.alibaba.nacos.client.remote.worker] INFO  c.a.n.c.r.client - [printIfInfoEnabled,60] - [6837691a-ee94-4018-9b85-6101f5a3a634_config-0] Fail to connect server, after trying 9 times, last try server is {serverIp = '192.168.56.10', server main port = 8848}, error = unknown
18:49:02.230 [com.alibaba.nacos.client.remote.worker] INFO  c.a.n.c.r.client - [printIfInfoEnabled,60] - [6837691a-ee94-4018-9b85-6101f5a3a634_config-0] Fail to connect server, after trying 10 times, last try server is {serverIp = '192.168.56.10', server main port = 8848}, error = unknown
18:49:05.349 [com.alibaba.nacos.client.remote.worker] INFO  c.a.n.c.r.client - [printIfInfoEnabled,60] - [6837691a-ee94-4018-9b85-6101f5a3a634_config-0] Fail to connect server, after trying 11 times, last try server is {serverIp = '192.168.56.10', server main port = 8848}, error = unknown
18:49:08.557 [com.alibaba.nacos.client.remote.worker] INFO  c.a.n.c.r.client - [printIfInfoEnabled,60] - [6837691a-ee94-4018-9b85-6101f5a3a634_config-0] Fail to connect server, after trying 12 times, last try server is {serverIp = '192.168.56.10', server main port = 8848}, error = unknown
18:49:11.862 [com.alibaba.nacos.client.remote.worker] INFO  c.a.n.c.r.client - [printIfInfoEnabled,60] - [6837691a-ee94-4018-9b85-6101f5a3a634_config-0] Fail to connect server, after trying 13 times, last try server is {serverIp = '192.168.56.10', server main port = 8848}, error = unknown
18:49:15.281 [com.alibaba.nacos.client.remote.worker] INFO  c.a.n.c.r.client - [printIfInfoEnabled,60] - [6837691a-ee94-4018-9b85-6101f5a3a634_config-0] Fail to connect server, after trying 14 times, last try server is {serverIp = '192.168.56.10', server main port = 8848}, error = unknown
18:49:18.785 [com.alibaba.nacos.client.remote.worker] INFO  c.a.n.c.r.client - [printIfInfoEnabled,60] - [6837691a-ee94-4018-9b85-6101f5a3a634_config-0] Fail to connect server, after trying 15 times, last try server is {serverIp = '192.168.56.10', server main port = 8848}, error = unknown
18:49:22.394 [com.alibaba.nacos.client.remote.worker] INFO  c.a.n.c.r.client - [printIfInfoEnabled,60] - [6837691a-ee94-4018-9b85-6101f5a3a634_config-0] Fail to connect server, after trying 16 times, last try server is {serverIp = '192.168.56.10', server main port = 8848}, error = unknown
18:49:26.098 [com.alibaba.nacos.client.remote.worker] INFO  c.a.n.c.r.client - [printIfInfoEnabled,60] - [6837691a-ee94-4018-9b85-6101f5a3a634_config-0] Fail to connect server, after trying 17 times, last try server is {serverIp = '192.168.56.10', server main port = 8848}, error = unknown
18:49:29.903 [com.alibaba.nacos.client.remote.worker] INFO  c.a.n.c.r.client - [printIfInfoEnabled,60] - [6837691a-ee94-4018-9b85-6101f5a3a634_config-0] Fail to connect server, after trying 18 times, last try server is {serverIp = '192.168.56.10', server main port = 8848}, error = unknown
18:49:33.812 [com.alibaba.nacos.client.remote.worker] INFO  c.a.n.c.r.client - [printIfInfoEnabled,60] - [6837691a-ee94-4018-9b85-6101f5a3a634_config-0] Fail to connect server, after trying 19 times, last try server is {serverIp = '192.168.56.10', server main port = 8848}, error = unknown
18:49:37.818 [com.alibaba.nacos.client.remote.worker] INFO  c.a.n.c.r.client - [printIfInfoEnabled,60] - [6837691a-ee94-4018-9b85-6101f5a3a634_config-0] Fail to connect server, after trying 20 times, last try server is {serverIp = '192.168.56.10', server main port = 8848}, error = unknown
18:49:41.924 [com.alibaba.nacos.client.remote.worker] INFO  c.a.n.c.r.client - [printIfInfoEnabled,60] - [6837691a-ee94-4018-9b85-6101f5a3a634_config-0] Fail to connect server, after trying 21 times, last try server is {serverIp = '192.168.56.10', server main port = 8848}, error = unknown
18:49:46.129 [com.alibaba.nacos.client.remote.worker] INFO  c.a.n.c.r.client - [printIfInfoEnabled,60] - [6837691a-ee94-4018-9b85-6101f5a3a634_config-0] Fail to connect server, after trying 22 times, last try server is {serverIp = '192.168.56.10', server main port = 8848}, error = unknown
18:49:50.437 [com.alibaba.nacos.client.remote.worker] INFO  c.a.n.c.r.client - [printIfInfoEnabled,60] - [6837691a-ee94-4018-9b85-6101f5a3a634_config-0] Fail to connect server, after trying 23 times, last try server is {serverIp = '192.168.56.10', server main port = 8848}, error = unknown
18:49:54.858 [com.alibaba.nacos.client.remote.worker] INFO  c.a.n.c.r.client - [printIfInfoEnabled,60] - [6837691a-ee94-4018-9b85-6101f5a3a634_config-0] Fail to connect server, after trying 24 times, last try server is {serverIp = '192.168.56.10', server main port = 8848}, error = unknown
18:49:59.362 [com.alibaba.nacos.client.remote.worker] INFO  c.a.n.c.r.client - [printIfInfoEnabled,60] - [6837691a-ee94-4018-9b85-6101f5a3a634_config-0] Fail to connect server, after trying 25 times, last try server is {serverIp = '192.168.56.10', server main port = 8848}, error = unknown
18:50:03.970 [com.alibaba.nacos.client.remote.worker] INFO  c.a.n.c.r.client - [printIfInfoEnabled,60] - [6837691a-ee94-4018-9b85-6101f5a3a634_config-0] Fail to connect server, after trying 26 times, last try server is {serverIp = '192.168.56.10', server main port = 8848}, error = unknown
18:50:08.677 [com.alibaba.nacos.client.remote.worker] INFO  c.a.n.c.r.client - [printIfInfoEnabled,60] - [6837691a-ee94-4018-9b85-6101f5a3a634_config-0] Fail to connect server, after trying 27 times, last try server is {serverIp = '192.168.56.10', server main port = 8848}, error = unknown
18:50:13.483 [com.alibaba.nacos.client.remote.worker] INFO  c.a.n.c.r.client - [printIfInfoEnabled,60] - [6837691a-ee94-4018-9b85-6101f5a3a634_config-0] Fail to connect server, after trying 28 times, last try server is {serverIp = '192.168.56.10', server main port = 8848}, error = unknown
18:50:18.391 [com.alibaba.nacos.client.remote.worker] INFO  c.a.n.c.r.client - [printIfInfoEnabled,60] - [6837691a-ee94-4018-9b85-6101f5a3a634_config-0] Fail to connect server, after trying 29 times, last try server is {serverIp = '192.168.56.10', server main port = 8848}, error = unknown
18:50:23.399 [com.alibaba.nacos.client.remote.worker] INFO  c.a.n.c.r.client - [printIfInfoEnabled,60] - [6837691a-ee94-4018-9b85-6101f5a3a634_config-0] Fail to connect server, after trying 30 times, last try server is {serverIp = '192.168.56.10', server main port = 8848}, error = unknown
18:50:28.508 [com.alibaba.nacos.client.remote.worker] INFO  c.a.n.c.r.client - [printIfInfoEnabled,60] - [6837691a-ee94-4018-9b85-6101f5a3a634_config-0] Fail to connect server, after trying 31 times, last try server is {serverIp = '192.168.56.10', server main port = 8848}, error = unknown
18:50:33.713 [com.alibaba.nacos.client.remote.worker] INFO  c.a.n.c.r.client - [printIfInfoEnabled,60] - [6837691a-ee94-4018-9b85-6101f5a3a634_config-0] Fail to connect server, after trying 32 times, last try server is {serverIp = '192.168.56.10', server main port = 8848}, error = unknown
18:50:39.022 [com.alibaba.nacos.client.remote.worker] INFO  c.a.n.c.r.client - [printIfInfoEnabled,60] - [6837691a-ee94-4018-9b85-6101f5a3a634_config-0] Fail to connect server, after trying 33 times, last try server is {serverIp = '192.168.56.10', server main port = 8848}, error = unknown
18:52:41.895 [background-preinit] INFO  o.h.v.i.util.Version - [<clinit>,21] - HV000001: Hibernate Validator 6.2.0.Final
18:52:43.290 [main] INFO  c.a.n.c.r.client - [lambda$createClient$0,80] - [RpcClientFactory] create a new rpc client of ac53b69c-b53d-4066-8071-859c01d662bb_config-0
18:52:43.341 [main] INFO  o.r.Reflections - [scan,232] - Reflections took 31 ms to scan 1 urls, producing 3 keys and 6 values 
18:52:43.383 [main] INFO  o.r.Reflections - [scan,232] - Reflections took 18 ms to scan 1 urls, producing 4 keys and 9 values 
18:52:43.402 [main] INFO  o.r.Reflections - [scan,232] - Reflections took 15 ms to scan 1 urls, producing 3 keys and 10 values 
18:52:43.577 [main] INFO  o.r.Reflections - [scan,232] - Reflections took 172 ms to scan 197 urls, producing 0 keys and 0 values 
18:52:43.588 [main] INFO  o.r.Reflections - [scan,232] - Reflections took 10 ms to scan 1 urls, producing 1 keys and 5 values 
18:52:43.604 [main] INFO  o.r.Reflections - [scan,232] - Reflections took 14 ms to scan 1 urls, producing 1 keys and 7 values 
18:52:43.616 [main] INFO  o.r.Reflections - [scan,232] - Reflections took 9 ms to scan 1 urls, producing 2 keys and 8 values 
18:52:43.781 [main] INFO  o.r.Reflections - [scan,232] - Reflections took 163 ms to scan 197 urls, producing 0 keys and 0 values 
18:52:43.782 [main] INFO  c.a.n.c.r.client - [printIfInfoEnabled,60] - [ac53b69c-b53d-4066-8071-859c01d662bb_config-0] RpcClient init label, labels = {module=config, Vipserver-Tag=null, source=sdk, Amory-Tag=null, Location-Tag=null, taskId=0, AppName=unknown}
18:52:43.783 [main] INFO  c.a.n.c.r.client - [printIfInfoEnabled,60] - [ac53b69c-b53d-4066-8071-859c01d662bb_config-0] Register server push request handler:com.alibaba.nacos.client.config.impl.ClientWorker$ConfigRpcTransportClient$$Lambda$332/223783590
18:52:43.783 [main] INFO  c.a.n.c.r.client - [printIfInfoEnabled,60] - [ac53b69c-b53d-4066-8071-859c01d662bb_config-0] Register server push request handler:com.alibaba.nacos.client.config.impl.ClientWorker$ConfigRpcTransportClient$$Lambda$333/1769128714
18:52:43.783 [main] INFO  c.a.n.c.r.client - [printIfInfoEnabled,60] - [ac53b69c-b53d-4066-8071-859c01d662bb_config-0] Registry connection listener to current client:com.alibaba.nacos.client.config.impl.ClientWorker$ConfigRpcTransportClient$1
18:52:43.784 [main] INFO  c.a.n.c.r.client - [printIfInfoEnabled,60] - [ac53b69c-b53d-4066-8071-859c01d662bb_config-0] RpcClient init, ServerListFactory = com.alibaba.nacos.client.config.impl.ClientWorker$ConfigRpcTransportClient$2
18:52:43.791 [main] INFO  c.a.n.c.r.client - [printIfInfoEnabled,60] - [ac53b69c-b53d-4066-8071-859c01d662bb_config-0] Try to connect to server on start up, server: {serverIp = '192.168.56.10', server main port = 8848}
18:52:46.437 [main] INFO  c.a.n.c.r.client - [printIfInfoEnabled,60] - [ac53b69c-b53d-4066-8071-859c01d662bb_config-0] Success to connect to server [192.168.56.10:8848] on start up, connectionId = 1653907964364_192.168.56.1_12345
18:52:46.443 [com.alibaba.nacos.client.remote.worker] INFO  c.a.n.c.r.client - [printIfInfoEnabled,60] - [ac53b69c-b53d-4066-8071-859c01d662bb_config-0] Notify connected event to listeners.
18:52:46.443 [main] INFO  c.a.n.c.r.client - [printIfInfoEnabled,60] - [ac53b69c-b53d-4066-8071-859c01d662bb_config-0] Register server push request handler:com.alibaba.nacos.common.remote.client.RpcClient$ConnectResetRequestHandler
18:52:46.444 [main] INFO  c.a.n.c.r.client - [printIfInfoEnabled,60] - [ac53b69c-b53d-4066-8071-859c01d662bb_config-0] Register server push request handler:com.alibaba.nacos.common.remote.client.RpcClient$$Lambda$342/1648537147
18:52:46.577 [main] INFO  c.y.j.YinswJobApplication - [logStartupProfileInfo,639] - The following profiles are active: dev
18:52:49.964 [main] INFO  o.a.c.h.Http11NioProtocol - [log,173] - Initializing ProtocolHandler ["http-nio-9203"]
18:52:49.965 [main] INFO  o.a.c.c.StandardService - [log,173] - Starting service [Tomcat]
18:52:49.965 [main] INFO  o.a.c.c.StandardEngine - [log,173] - Starting Servlet engine: [Apache Tomcat/9.0.56]
18:52:50.089 [main] INFO  o.a.c.c.C.[.[.[/] - [log,173] - Initializing Spring embedded WebApplicationContext
18:52:50.436 [main] INFO  o.q.i.StdSchedulerFactory - [instantiate,1220] - Using default implementation for ThreadExecutor
18:52:50.446 [main] INFO  o.q.c.SchedulerSignalerImpl - [<init>,61] - Initialized Scheduler Signaller of type: class org.quartz.core.SchedulerSignalerImpl
18:52:50.446 [main] INFO  o.q.c.QuartzScheduler - [<init>,229] - Quartz Scheduler v.2.3.2 created.
18:52:50.454 [main] INFO  c.z.h.HikariDataSource - [getConnection,110] - HikariPool-1 - Starting...
18:52:51.115 [main] INFO  c.z.h.HikariDataSource - [getConnection,123] - HikariPool-1 - Start completed.
18:52:51.126 [main] INFO  o.q.c.QuartzScheduler - [initialize,294] - Scheduler meta-data: Quartz Scheduler (v2.3.2) 'yinswScheduler' with instanceId 'DESKTOP-C19PSU21653907970438'
  Scheduler class: 'org.quartz.core.QuartzScheduler' - running locally.
  NOT STARTED.
  Currently in standby mode.
  Number of jobs executed: 0
  Using thread pool 'org.quartz.simpl.SimpleThreadPool' - with 20 threads.
  Using job-store 'org.springframework.scheduling.quartz.LocalDataSourceJobStore' - which supports persistence. and is clustered.

18:52:51.126 [main] INFO  o.q.i.StdSchedulerFactory - [instantiate,1374] - Quartz scheduler 'yinswScheduler' initialized from an externally provided properties instance.
18:52:51.126 [main] INFO  o.q.i.StdSchedulerFactory - [instantiate,1378] - Quartz scheduler version: 2.3.2
18:52:51.128 [main] INFO  o.q.c.QuartzScheduler - [setJobFactory,2293] - JobFactory set to: org.springframework.scheduling.quartz.AdaptableJobFactory@c49e434
18:52:52.143 [main] INFO  c.a.c.s.SentinelWebAutoConfiguration - [addInterceptors,80] - [Sentinel Starter] register SentinelWebInterceptor with urlPatterns: [/**].
18:52:53.153 [main] INFO  c.a.n.c.r.client - [lambda$createClient$0,80] - [RpcClientFactory] create a new rpc client of 1f7a65da-f8df-4b7c-b685-e4b5248cbf2d
18:52:53.153 [main] INFO  c.a.n.c.r.client - [printIfInfoEnabled,60] - [1f7a65da-f8df-4b7c-b685-e4b5248cbf2d] RpcClient init label, labels = {module=naming, source=sdk}
18:52:53.155 [main] INFO  c.a.n.c.r.client - [printIfInfoEnabled,60] - [1f7a65da-f8df-4b7c-b685-e4b5248cbf2d] RpcClient init, ServerListFactory = com.alibaba.nacos.client.naming.core.ServerListManager
18:52:53.155 [main] INFO  c.a.n.c.r.client - [printIfInfoEnabled,60] - [1f7a65da-f8df-4b7c-b685-e4b5248cbf2d] Registry connection listener to current client:com.alibaba.nacos.client.naming.remote.gprc.redo.NamingGrpcRedoService
18:52:53.156 [main] INFO  c.a.n.c.r.client - [printIfInfoEnabled,60] - [1f7a65da-f8df-4b7c-b685-e4b5248cbf2d] Register server push request handler:com.alibaba.nacos.client.naming.remote.gprc.NamingPushRequestHandler
18:52:53.156 [main] INFO  c.a.n.c.r.client - [printIfInfoEnabled,60] - [1f7a65da-f8df-4b7c-b685-e4b5248cbf2d] Try to connect to server on start up, server: {serverIp = '192.168.56.10', server main port = 8848}
18:52:53.268 [main] INFO  c.a.n.c.r.client - [printIfInfoEnabled,60] - [1f7a65da-f8df-4b7c-b685-e4b5248cbf2d] Success to connect to server [192.168.56.10:8848] on start up, connectionId = 1653907971403_192.168.56.1_12703
18:52:53.268 [com.alibaba.nacos.client.remote.worker] INFO  c.a.n.c.r.client - [printIfInfoEnabled,60] - [1f7a65da-f8df-4b7c-b685-e4b5248cbf2d] Notify connected event to listeners.
18:52:53.268 [main] INFO  c.a.n.c.r.client - [printIfInfoEnabled,60] - [1f7a65da-f8df-4b7c-b685-e4b5248cbf2d] Register server push request handler:com.alibaba.nacos.common.remote.client.RpcClient$ConnectResetRequestHandler
18:52:53.269 [main] INFO  c.a.n.c.r.client - [printIfInfoEnabled,60] - [1f7a65da-f8df-4b7c-b685-e4b5248cbf2d] Register server push request handler:com.alibaba.nacos.common.remote.client.RpcClient$$Lambda$342/1648537147
18:52:55.635 [main] INFO  o.a.c.h.Http11NioProtocol - [log,173] - Starting ProtocolHandler ["http-nio-9203"]
18:52:55.660 [main] INFO  c.a.c.n.r.NacosServiceRegistry - [register,75] - nacos registry, DEFAULT_GROUP yinsw-job 192.168.0.46:9203 register finished
18:52:55.893 [http-nio-9203-exec-1] INFO  o.a.c.c.C.[.[.[/] - [log,173] - Initializing Spring DispatcherServlet 'dispatcherServlet'
18:52:56.154 [nacos-grpc-client-executor-8] INFO  c.a.n.c.r.client - [printIfInfoEnabled,60] - [1f7a65da-f8df-4b7c-b685-e4b5248cbf2d] Receive server push request, request = NotifySubscriberRequest, requestId = 11
18:52:56.157 [nacos-grpc-client-executor-8] INFO  c.a.n.c.r.client - [printIfInfoEnabled,60] - [1f7a65da-f8df-4b7c-b685-e4b5248cbf2d] Ack server push request, request = NotifySubscriberRequest, requestId = 11
18:52:56.619 [main] INFO  c.y.j.YinswJobApplication - [logStarted,61] - Started YinswJobApplication in 15.855 seconds (JVM running for 16.969)
18:52:57.685 [Quartz Scheduler [yinswScheduler]] INFO  o.q.c.QuartzScheduler - [start,547] - Scheduler yinswScheduler_$_DESKTOP-C19PSU21653907970438 started.
20:51:54.062 [SpringApplicationShutdownHook] INFO  o.q.c.QuartzScheduler - [standby,585] - Scheduler yinswScheduler_$_DESKTOP-C19PSU21653907970438 paused.
20:51:54.370 [SpringApplicationShutdownHook] INFO  c.a.c.n.r.NacosServiceRegistry - [deregister,90] - De-registering from Nacos Server now...
20:51:54.372 [SpringApplicationShutdownHook] INFO  c.a.c.n.r.NacosServiceRegistry - [deregister,110] - De-registration finished.
20:51:54.677 [SpringApplicationShutdownHook] INFO  c.a.n.c.r.client - [shutdown,454] - Shutdown rpc client, set status to shutdown
20:51:54.677 [SpringApplicationShutdownHook] INFO  c.a.n.c.r.client - [shutdown,456] - Shutdown client event executor java.util.concurrent.ScheduledThreadPoolExecutor@23c3ac94[Running, pool size = 2, active threads = 2, queued tasks = 0, completed tasks = 0]
20:51:54.678 [SpringApplicationShutdownHook] INFO  c.a.n.c.r.client - [closeConnection,591] - Close current connection 1653907971403_192.168.56.1_12703
20:51:54.679 [nacos-grpc-client-executor-1459] INFO  c.a.n.c.r.c.g.GrpcClient - [printIfInfoEnabled,60] - [1653907971403_192.168.56.1_12703]Ignore complete event,isRunning:false,isAbandon=false
20:51:54.681 [SpringApplicationShutdownHook] INFO  c.a.n.c.r.c.g.GrpcClient - [shutdown,85] - Shutdown grpc executor java.util.concurrent.ThreadPoolExecutor@42816f49[Running, pool size = 5, active threads = 0, queued tasks = 0, completed tasks = 1460]
20:51:54.902 [SpringApplicationShutdownHook] INFO  o.q.c.QuartzScheduler - [shutdown,666] - Scheduler yinswScheduler_$_DESKTOP-C19PSU21653907970438 shutting down.
20:51:54.903 [SpringApplicationShutdownHook] INFO  o.q.c.QuartzScheduler - [standby,585] - Scheduler yinswScheduler_$_DESKTOP-C19PSU21653907970438 paused.
20:51:54.904 [SpringApplicationShutdownHook] INFO  o.q.c.QuartzScheduler - [shutdown,740] - Scheduler yinswScheduler_$_DESKTOP-C19PSU21653907970438 shutdown complete.
20:51:54.904 [SpringApplicationShutdownHook] INFO  c.z.h.HikariDataSource - [close,350] - HikariPool-1 - Shutdown initiated...
20:51:54.909 [SpringApplicationShutdownHook] INFO  c.z.h.HikariDataSource - [close,352] - HikariPool-1 - Shutdown completed.
