10:21:14.791 [background-preinit] INFO  o.h.v.i.util.Version - [<clinit>,21] - HV000001: Hibernate Validator 6.2.0.Final
10:21:16.205 [main] INFO  c.a.n.c.r.client - [lambda$createClient$0,80] - [RpcClientFactory] create a new rpc client of c77b91cb-65f9-4d2c-85e4-0f63d2283f18_config-0
10:21:16.255 [main] INFO  o.r.Reflections - [scan,232] - Reflections took 35 ms to scan 1 urls, producing 3 keys and 6 values 
10:21:16.296 [main] INFO  o.r.Reflections - [scan,232] - Reflections took 25 ms to scan 1 urls, producing 4 keys and 9 values 
10:21:16.311 [main] INFO  o.r.Reflections - [scan,232] - Reflections took 12 ms to scan 1 urls, producing 3 keys and 10 values 
10:21:16.459 [main] INFO  o.r.Reflections - [scan,232] - Reflections took 144 ms to scan 197 urls, producing 0 keys and 0 values 
10:21:16.472 [main] INFO  o.r.Reflections - [scan,232] - Reflections took 12 ms to scan 1 urls, producing 1 keys and 5 values 
10:21:16.483 [main] INFO  o.r.Reflections - [scan,232] - Reflections took 9 ms to scan 1 urls, producing 1 keys and 7 values 
10:21:16.492 [main] INFO  o.r.Reflections - [scan,232] - Reflections took 6 ms to scan 1 urls, producing 2 keys and 8 values 
10:21:16.591 [main] INFO  o.r.Reflections - [scan,232] - Reflections took 98 ms to scan 197 urls, producing 0 keys and 0 values 
10:21:16.592 [main] INFO  c.a.n.c.r.client - [printIfInfoEnabled,60] - [c77b91cb-65f9-4d2c-85e4-0f63d2283f18_config-0] RpcClient init label, labels = {module=config, Vipserver-Tag=null, source=sdk, Amory-Tag=null, Location-Tag=null, taskId=0, AppName=unknown}
10:21:16.593 [main] INFO  c.a.n.c.r.client - [printIfInfoEnabled,60] - [c77b91cb-65f9-4d2c-85e4-0f63d2283f18_config-0] Register server push request handler:com.alibaba.nacos.client.config.impl.ClientWorker$ConfigRpcTransportClient$$Lambda$332/1602288195
10:21:16.593 [main] INFO  c.a.n.c.r.client - [printIfInfoEnabled,60] - [c77b91cb-65f9-4d2c-85e4-0f63d2283f18_config-0] Register server push request handler:com.alibaba.nacos.client.config.impl.ClientWorker$ConfigRpcTransportClient$$Lambda$333/382252989
10:21:16.593 [main] INFO  c.a.n.c.r.client - [printIfInfoEnabled,60] - [c77b91cb-65f9-4d2c-85e4-0f63d2283f18_config-0] Registry connection listener to current client:com.alibaba.nacos.client.config.impl.ClientWorker$ConfigRpcTransportClient$1
10:21:16.594 [main] INFO  c.a.n.c.r.client - [printIfInfoEnabled,60] - [c77b91cb-65f9-4d2c-85e4-0f63d2283f18_config-0] RpcClient init, ServerListFactory = com.alibaba.nacos.client.config.impl.ClientWorker$ConfigRpcTransportClient$2
10:21:16.599 [main] INFO  c.a.n.c.r.client - [printIfInfoEnabled,60] - [c77b91cb-65f9-4d2c-85e4-0f63d2283f18_config-0] Try to connect to server on start up, server: {serverIp = '192.168.56.10', server main port = 8848}
10:21:20.444 [main] INFO  c.a.n.c.r.client - [printIfInfoEnabled,60] - [c77b91cb-65f9-4d2c-85e4-0f63d2283f18_config-0] Try to connect to server on start up, server: {serverIp = '192.168.56.10', server main port = 8848}
10:21:22.458 [main] INFO  c.a.n.c.r.client - [printIfInfoEnabled,60] - [c77b91cb-65f9-4d2c-85e4-0f63d2283f18_config-0] Try to connect to server on start up, server: {serverIp = '192.168.56.10', server main port = 8848}
10:21:24.502 [com.alibaba.nacos.client.remote.worker] INFO  c.a.n.c.r.client - [printIfInfoEnabled,60] - [c77b91cb-65f9-4d2c-85e4-0f63d2283f18_config-0] Try to reconnect to a new server, server is  not appointed, will choose a random server.
10:21:24.505 [main] INFO  c.a.n.c.r.client - [printIfInfoEnabled,60] - [c77b91cb-65f9-4d2c-85e4-0f63d2283f18_config-0] Register server push request handler:com.alibaba.nacos.common.remote.client.RpcClient$ConnectResetRequestHandler
10:21:24.506 [main] INFO  c.a.n.c.r.client - [printIfInfoEnabled,60] - [c77b91cb-65f9-4d2c-85e4-0f63d2283f18_config-0] Register server push request handler:com.alibaba.nacos.common.remote.client.RpcClient$$Lambda$342/1964514128
10:21:25.883 [main] INFO  c.y.j.YinswJobApplication - [logStartupProfileInfo,639] - The following profiles are active: dev
10:21:28.695 [main] INFO  o.a.c.h.Http11NioProtocol - [log,173] - Initializing ProtocolHandler ["http-nio-9203"]
10:21:28.696 [main] INFO  o.a.c.c.StandardService - [log,173] - Starting service [Tomcat]
10:21:28.696 [main] INFO  o.a.c.c.StandardEngine - [log,173] - Starting Servlet engine: [Apache Tomcat/9.0.56]
10:21:28.823 [main] INFO  o.a.c.c.C.[.[.[/] - [log,173] - Initializing Spring embedded WebApplicationContext
10:21:28.833 [com.alibaba.nacos.client.remote.worker] INFO  c.a.n.c.r.client - [printIfInfoEnabled,60] - [c77b91cb-65f9-4d2c-85e4-0f63d2283f18_config-0] Fail to connect server, after trying 1 times, last try server is {serverIp = '192.168.56.10', server main port = 8848}, error = unknown
10:21:29.282 [main] INFO  o.q.i.StdSchedulerFactory - [instantiate,1220] - Using default implementation for ThreadExecutor
10:21:29.305 [main] INFO  o.q.c.SchedulerSignalerImpl - [<init>,61] - Initialized Scheduler Signaller of type: class org.quartz.core.SchedulerSignalerImpl
10:21:29.305 [main] INFO  o.q.c.QuartzScheduler - [<init>,229] - Quartz Scheduler v.2.3.2 created.
10:21:29.312 [main] INFO  c.z.h.HikariDataSource - [getConnection,110] - HikariPool-1 - Starting...
10:21:31.106 [com.alibaba.nacos.client.remote.worker] INFO  c.a.n.c.r.client - [printIfInfoEnabled,60] - [c77b91cb-65f9-4d2c-85e4-0f63d2283f18_config-0] Fail to connect server, after trying 2 times, last try server is {serverIp = '192.168.56.10', server main port = 8848}, error = unknown
10:21:31.463 [main] INFO  c.z.h.HikariDataSource - [getConnection,123] - HikariPool-1 - Start completed.
10:21:31.473 [main] INFO  o.q.c.QuartzScheduler - [initialize,294] - Scheduler meta-data: Quartz Scheduler (v2.3.2) 'yinswScheduler' with instanceId 'DESKTOP-C19PSU21653963689295'
  Scheduler class: 'org.quartz.core.QuartzScheduler' - running locally.
  NOT STARTED.
  Currently in standby mode.
  Number of jobs executed: 0
  Using thread pool 'org.quartz.simpl.SimpleThreadPool' - with 20 threads.
  Using job-store 'org.springframework.scheduling.quartz.LocalDataSourceJobStore' - which supports persistence. and is clustered.

10:21:31.473 [main] INFO  o.q.i.StdSchedulerFactory - [instantiate,1374] - Quartz scheduler 'yinswScheduler' initialized from an externally provided properties instance.
10:21:31.473 [main] INFO  o.q.i.StdSchedulerFactory - [instantiate,1378] - Quartz scheduler version: 2.3.2
10:21:31.474 [main] INFO  o.q.c.QuartzScheduler - [setJobFactory,2293] - JobFactory set to: org.springframework.scheduling.quartz.AdaptableJobFactory@709d2a6c
10:21:33.294 [main] INFO  c.a.c.s.SentinelWebAutoConfiguration - [addInterceptors,80] - [Sentinel Starter] register SentinelWebInterceptor with urlPatterns: [/**].
10:21:33.446 [com.alibaba.nacos.client.remote.worker] INFO  c.a.n.c.r.client - [printIfInfoEnabled,60] - [c77b91cb-65f9-4d2c-85e4-0f63d2283f18_config-0] Fail to connect server, after trying 3 times, last try server is {serverIp = '192.168.56.10', server main port = 8848}, error = unknown
10:21:34.104 [main] INFO  c.a.n.c.r.client - [lambda$createClient$0,80] - [RpcClientFactory] create a new rpc client of 96adc8a9-7f8a-4fa9-aca0-73ba37d473f0
10:21:34.105 [main] INFO  c.a.n.c.r.client - [printIfInfoEnabled,60] - [96adc8a9-7f8a-4fa9-aca0-73ba37d473f0] RpcClient init label, labels = {module=naming, source=sdk}
10:21:34.106 [main] INFO  c.a.n.c.r.client - [printIfInfoEnabled,60] - [96adc8a9-7f8a-4fa9-aca0-73ba37d473f0] RpcClient init, ServerListFactory = com.alibaba.nacos.client.naming.core.ServerListManager
10:21:34.106 [main] INFO  c.a.n.c.r.client - [printIfInfoEnabled,60] - [96adc8a9-7f8a-4fa9-aca0-73ba37d473f0] Registry connection listener to current client:com.alibaba.nacos.client.naming.remote.gprc.redo.NamingGrpcRedoService
10:21:34.107 [main] INFO  c.a.n.c.r.client - [printIfInfoEnabled,60] - [96adc8a9-7f8a-4fa9-aca0-73ba37d473f0] Register server push request handler:com.alibaba.nacos.client.naming.remote.gprc.NamingPushRequestHandler
10:21:34.107 [main] INFO  c.a.n.c.r.client - [printIfInfoEnabled,60] - [96adc8a9-7f8a-4fa9-aca0-73ba37d473f0] Try to connect to server on start up, server: {serverIp = '192.168.56.10', server main port = 8848}
10:21:35.875 [com.alibaba.nacos.client.remote.worker] INFO  c.a.n.c.r.client - [printIfInfoEnabled,60] - [c77b91cb-65f9-4d2c-85e4-0f63d2283f18_config-0] Fail to connect server, after trying 4 times, last try server is {serverIp = '192.168.56.10', server main port = 8848}, error = unknown
10:21:36.114 [main] INFO  c.a.n.c.r.client - [printIfInfoEnabled,60] - [96adc8a9-7f8a-4fa9-aca0-73ba37d473f0] Try to connect to server on start up, server: {serverIp = '192.168.56.10', server main port = 8848}
10:21:38.123 [main] INFO  c.a.n.c.r.client - [printIfInfoEnabled,60] - [96adc8a9-7f8a-4fa9-aca0-73ba37d473f0] Try to connect to server on start up, server: {serverIp = '192.168.56.10', server main port = 8848}
10:21:38.394 [com.alibaba.nacos.client.remote.worker] INFO  c.a.n.c.r.client - [printIfInfoEnabled,60] - [c77b91cb-65f9-4d2c-85e4-0f63d2283f18_config-0] Fail to connect server, after trying 5 times, last try server is {serverIp = '192.168.56.10', server main port = 8848}, error = unknown
10:21:40.140 [com.alibaba.nacos.client.remote.worker] INFO  c.a.n.c.r.client - [printIfInfoEnabled,60] - [96adc8a9-7f8a-4fa9-aca0-73ba37d473f0] Try to reconnect to a new server, server is  not appointed, will choose a random server.
10:21:40.140 [main] INFO  c.a.n.c.r.client - [printIfInfoEnabled,60] - [96adc8a9-7f8a-4fa9-aca0-73ba37d473f0] Register server push request handler:com.alibaba.nacos.common.remote.client.RpcClient$ConnectResetRequestHandler
10:21:40.140 [main] INFO  c.a.n.c.r.client - [printIfInfoEnabled,60] - [96adc8a9-7f8a-4fa9-aca0-73ba37d473f0] Register server push request handler:com.alibaba.nacos.common.remote.client.RpcClient$$Lambda$342/1964514128
10:21:41.005 [com.alibaba.nacos.client.remote.worker] INFO  c.a.n.c.r.client - [printIfInfoEnabled,60] - [c77b91cb-65f9-4d2c-85e4-0f63d2283f18_config-0] Fail to connect server, after trying 6 times, last try server is {serverIp = '192.168.56.10', server main port = 8848}, error = unknown
10:21:42.277 [main] INFO  o.a.c.h.Http11NioProtocol - [log,173] - Starting ProtocolHandler ["http-nio-9203"]
10:21:43.207 [main] INFO  c.a.n.c.r.client - [shutdown,454] - Shutdown rpc client, set status to shutdown
10:21:43.207 [main] INFO  c.a.n.c.r.client - [shutdown,456] - Shutdown client event executor java.util.concurrent.ScheduledThreadPoolExecutor@258f97f8[Running, pool size = 2, active threads = 2, queued tasks = 0, completed tasks = 0]
10:21:43.207 [main] INFO  c.a.n.c.r.c.g.GrpcClient - [shutdown,85] - Shutdown grpc executor java.util.concurrent.ThreadPoolExecutor@38c9e937[Running, pool size = 8, active threads = 0, queued tasks = 0, completed tasks = 8]
10:21:43.208 [com.alibaba.nacos.client.remote.worker] INFO  c.a.n.c.r.client - [printIfInfoEnabled,60] - [96adc8a9-7f8a-4fa9-aca0-73ba37d473f0] Fail to connect server, after trying 1 times, last try server is {serverIp = '192.168.56.10', server main port = 8848}, error = unknown
10:21:43.233 [main] INFO  o.q.c.QuartzScheduler - [shutdown,666] - Scheduler yinswScheduler_$_DESKTOP-C19PSU21653963689295 shutting down.
10:21:43.233 [main] INFO  o.q.c.QuartzScheduler - [standby,585] - Scheduler yinswScheduler_$_DESKTOP-C19PSU21653963689295 paused.
10:21:43.233 [main] INFO  o.q.c.QuartzScheduler - [shutdown,740] - Scheduler yinswScheduler_$_DESKTOP-C19PSU21653963689295 shutdown complete.
10:21:43.234 [main] INFO  c.z.h.HikariDataSource - [close,350] - HikariPool-1 - Shutdown initiated...
10:21:43.241 [main] INFO  c.z.h.HikariDataSource - [close,352] - HikariPool-1 - Shutdown completed.
10:21:43.408 [com.alibaba.nacos.client.remote.worker] INFO  c.a.n.c.r.client - [printIfInfoEnabled,60] - [96adc8a9-7f8a-4fa9-aca0-73ba37d473f0] Client is shutdown, stop reconnect to server
10:21:43.515 [main] INFO  o.a.c.h.Http11NioProtocol - [log,173] - Pausing ProtocolHandler ["http-nio-9203"]
10:21:43.515 [main] INFO  o.a.c.c.StandardService - [log,173] - Stopping service [Tomcat]
10:21:43.519 [main] INFO  o.a.c.h.Http11NioProtocol - [log,173] - Stopping ProtocolHandler ["http-nio-9203"]
10:21:43.520 [main] INFO  o.a.c.h.Http11NioProtocol - [log,173] - Destroying ProtocolHandler ["http-nio-9203"]
10:21:43.714 [com.alibaba.nacos.client.remote.worker] INFO  c.a.n.c.r.client - [printIfInfoEnabled,60] - [c77b91cb-65f9-4d2c-85e4-0f63d2283f18_config-0] Fail to connect server, after trying 7 times, last try server is {serverIp = '192.168.56.10', server main port = 8848}, error = unknown
10:21:46.537 [com.alibaba.nacos.client.remote.worker] INFO  c.a.n.c.r.client - [printIfInfoEnabled,60] - [c77b91cb-65f9-4d2c-85e4-0f63d2283f18_config-0] Fail to connect server, after trying 8 times, last try server is {serverIp = '192.168.56.10', server main port = 8848}, error = unknown
10:21:49.450 [com.alibaba.nacos.client.remote.worker] INFO  c.a.n.c.r.client - [printIfInfoEnabled,60] - [c77b91cb-65f9-4d2c-85e4-0f63d2283f18_config-0] Fail to connect server, after trying 9 times, last try server is {serverIp = '192.168.56.10', server main port = 8848}, error = unknown
10:21:52.459 [com.alibaba.nacos.client.remote.worker] INFO  c.a.n.c.r.client - [printIfInfoEnabled,60] - [c77b91cb-65f9-4d2c-85e4-0f63d2283f18_config-0] Fail to connect server, after trying 10 times, last try server is {serverIp = '192.168.56.10', server main port = 8848}, error = unknown
10:21:55.567 [com.alibaba.nacos.client.remote.worker] INFO  c.a.n.c.r.client - [printIfInfoEnabled,60] - [c77b91cb-65f9-4d2c-85e4-0f63d2283f18_config-0] Fail to connect server, after trying 11 times, last try server is {serverIp = '192.168.56.10', server main port = 8848}, error = unknown
10:21:58.772 [com.alibaba.nacos.client.remote.worker] INFO  c.a.n.c.r.client - [printIfInfoEnabled,60] - [c77b91cb-65f9-4d2c-85e4-0f63d2283f18_config-0] Fail to connect server, after trying 12 times, last try server is {serverIp = '192.168.56.10', server main port = 8848}, error = unknown
10:22:02.083 [com.alibaba.nacos.client.remote.worker] INFO  c.a.n.c.r.client - [printIfInfoEnabled,60] - [c77b91cb-65f9-4d2c-85e4-0f63d2283f18_config-0] Fail to connect server, after trying 13 times, last try server is {serverIp = '192.168.56.10', server main port = 8848}, error = unknown
10:22:05.491 [com.alibaba.nacos.client.remote.worker] INFO  c.a.n.c.r.client - [printIfInfoEnabled,60] - [c77b91cb-65f9-4d2c-85e4-0f63d2283f18_config-0] Fail to connect server, after trying 14 times, last try server is {serverIp = '192.168.56.10', server main port = 8848}, error = unknown
10:22:09.008 [com.alibaba.nacos.client.remote.worker] INFO  c.a.n.c.r.client - [printIfInfoEnabled,60] - [c77b91cb-65f9-4d2c-85e4-0f63d2283f18_config-0] Fail to connect server, after trying 15 times, last try server is {serverIp = '192.168.56.10', server main port = 8848}, error = unknown
10:22:45.063 [background-preinit] INFO  o.h.v.i.util.Version - [<clinit>,21] - HV000001: Hibernate Validator 6.2.0.Final
10:22:46.721 [main] INFO  c.a.n.c.r.client - [lambda$createClient$0,80] - [RpcClientFactory] create a new rpc client of c1b079c2-b724-47d7-b41a-06105b1fb6c4_config-0
10:22:46.788 [main] INFO  o.r.Reflections - [scan,232] - Reflections took 41 ms to scan 1 urls, producing 3 keys and 6 values 
10:22:46.839 [main] INFO  o.r.Reflections - [scan,232] - Reflections took 25 ms to scan 1 urls, producing 4 keys and 9 values 
10:22:46.860 [main] INFO  o.r.Reflections - [scan,232] - Reflections took 18 ms to scan 1 urls, producing 3 keys and 10 values 
10:22:47.113 [main] INFO  o.r.Reflections - [scan,232] - Reflections took 250 ms to scan 197 urls, producing 0 keys and 0 values 
10:22:47.142 [main] INFO  o.r.Reflections - [scan,232] - Reflections took 28 ms to scan 1 urls, producing 1 keys and 5 values 
10:22:47.171 [main] INFO  o.r.Reflections - [scan,232] - Reflections took 24 ms to scan 1 urls, producing 1 keys and 7 values 
10:22:47.188 [main] INFO  o.r.Reflections - [scan,232] - Reflections took 14 ms to scan 1 urls, producing 2 keys and 8 values 
10:22:47.441 [main] INFO  o.r.Reflections - [scan,232] - Reflections took 250 ms to scan 197 urls, producing 0 keys and 0 values 
10:22:47.443 [main] INFO  c.a.n.c.r.client - [printIfInfoEnabled,60] - [c1b079c2-b724-47d7-b41a-06105b1fb6c4_config-0] RpcClient init label, labels = {module=config, Vipserver-Tag=null, source=sdk, Amory-Tag=null, Location-Tag=null, taskId=0, AppName=unknown}
10:22:47.444 [main] INFO  c.a.n.c.r.client - [printIfInfoEnabled,60] - [c1b079c2-b724-47d7-b41a-06105b1fb6c4_config-0] Register server push request handler:com.alibaba.nacos.client.config.impl.ClientWorker$ConfigRpcTransportClient$$Lambda$332/1872417052
10:22:47.445 [main] INFO  c.a.n.c.r.client - [printIfInfoEnabled,60] - [c1b079c2-b724-47d7-b41a-06105b1fb6c4_config-0] Register server push request handler:com.alibaba.nacos.client.config.impl.ClientWorker$ConfigRpcTransportClient$$Lambda$333/1261257916
10:22:47.446 [main] INFO  c.a.n.c.r.client - [printIfInfoEnabled,60] - [c1b079c2-b724-47d7-b41a-06105b1fb6c4_config-0] Registry connection listener to current client:com.alibaba.nacos.client.config.impl.ClientWorker$ConfigRpcTransportClient$1
10:22:47.454 [main] INFO  c.a.n.c.r.client - [printIfInfoEnabled,60] - [c1b079c2-b724-47d7-b41a-06105b1fb6c4_config-0] RpcClient init, ServerListFactory = com.alibaba.nacos.client.config.impl.ClientWorker$ConfigRpcTransportClient$2
10:22:47.475 [main] INFO  c.a.n.c.r.client - [printIfInfoEnabled,60] - [c1b079c2-b724-47d7-b41a-06105b1fb6c4_config-0] Try to connect to server on start up, server: {serverIp = '192.168.56.10', server main port = 8848}
10:22:50.861 [main] INFO  c.a.n.c.r.client - [printIfInfoEnabled,60] - [c1b079c2-b724-47d7-b41a-06105b1fb6c4_config-0] Success to connect to server [192.168.56.10:8848] on start up, connectionId = 1653963770601_192.168.56.1_6941
10:22:50.865 [com.alibaba.nacos.client.remote.worker] INFO  c.a.n.c.r.client - [printIfInfoEnabled,60] - [c1b079c2-b724-47d7-b41a-06105b1fb6c4_config-0] Notify connected event to listeners.
10:22:50.867 [main] INFO  c.a.n.c.r.client - [printIfInfoEnabled,60] - [c1b079c2-b724-47d7-b41a-06105b1fb6c4_config-0] Register server push request handler:com.alibaba.nacos.common.remote.client.RpcClient$ConnectResetRequestHandler
10:22:50.869 [main] INFO  c.a.n.c.r.client - [printIfInfoEnabled,60] - [c1b079c2-b724-47d7-b41a-06105b1fb6c4_config-0] Register server push request handler:com.alibaba.nacos.common.remote.client.RpcClient$$Lambda$342/1698182759
10:22:51.197 [main] INFO  c.y.j.YinswJobApplication - [logStartupProfileInfo,639] - The following profiles are active: dev
10:22:54.572 [main] INFO  o.a.c.h.Http11NioProtocol - [log,173] - Initializing ProtocolHandler ["http-nio-9203"]
10:22:54.573 [main] INFO  o.a.c.c.StandardService - [log,173] - Starting service [Tomcat]
10:22:54.573 [main] INFO  o.a.c.c.StandardEngine - [log,173] - Starting Servlet engine: [Apache Tomcat/9.0.56]
10:22:54.728 [main] INFO  o.a.c.c.C.[.[.[/] - [log,173] - Initializing Spring embedded WebApplicationContext
10:22:55.111 [main] INFO  o.q.i.StdSchedulerFactory - [instantiate,1220] - Using default implementation for ThreadExecutor
10:22:55.125 [main] INFO  o.q.c.SchedulerSignalerImpl - [<init>,61] - Initialized Scheduler Signaller of type: class org.quartz.core.SchedulerSignalerImpl
10:22:55.125 [main] INFO  o.q.c.QuartzScheduler - [<init>,229] - Quartz Scheduler v.2.3.2 created.
10:22:55.135 [main] INFO  c.z.h.HikariDataSource - [getConnection,110] - HikariPool-1 - Starting...
10:22:55.839 [main] INFO  c.z.h.HikariDataSource - [getConnection,123] - HikariPool-1 - Start completed.
10:22:55.849 [main] INFO  o.q.c.QuartzScheduler - [initialize,294] - Scheduler meta-data: Quartz Scheduler (v2.3.2) 'yinswScheduler' with instanceId 'DESKTOP-C19PSU21653963775113'
  Scheduler class: 'org.quartz.core.QuartzScheduler' - running locally.
  NOT STARTED.
  Currently in standby mode.
  Number of jobs executed: 0
  Using thread pool 'org.quartz.simpl.SimpleThreadPool' - with 20 threads.
  Using job-store 'org.springframework.scheduling.quartz.LocalDataSourceJobStore' - which supports persistence. and is clustered.

10:22:55.850 [main] INFO  o.q.i.StdSchedulerFactory - [instantiate,1374] - Quartz scheduler 'yinswScheduler' initialized from an externally provided properties instance.
10:22:55.850 [main] INFO  o.q.i.StdSchedulerFactory - [instantiate,1378] - Quartz scheduler version: 2.3.2
10:22:55.851 [main] INFO  o.q.c.QuartzScheduler - [setJobFactory,2293] - JobFactory set to: org.springframework.scheduling.quartz.AdaptableJobFactory@6e225c34
10:22:57.032 [main] INFO  c.a.c.s.SentinelWebAutoConfiguration - [addInterceptors,80] - [Sentinel Starter] register SentinelWebInterceptor with urlPatterns: [/**].
10:22:58.036 [main] INFO  c.a.n.c.r.client - [lambda$createClient$0,80] - [RpcClientFactory] create a new rpc client of e4ebb5a5-5804-4559-a1f9-de149756677a
10:22:58.036 [main] INFO  c.a.n.c.r.client - [printIfInfoEnabled,60] - [e4ebb5a5-5804-4559-a1f9-de149756677a] RpcClient init label, labels = {module=naming, source=sdk}
10:22:58.039 [main] INFO  c.a.n.c.r.client - [printIfInfoEnabled,60] - [e4ebb5a5-5804-4559-a1f9-de149756677a] RpcClient init, ServerListFactory = com.alibaba.nacos.client.naming.core.ServerListManager
10:22:58.039 [main] INFO  c.a.n.c.r.client - [printIfInfoEnabled,60] - [e4ebb5a5-5804-4559-a1f9-de149756677a] Registry connection listener to current client:com.alibaba.nacos.client.naming.remote.gprc.redo.NamingGrpcRedoService
10:22:58.039 [main] INFO  c.a.n.c.r.client - [printIfInfoEnabled,60] - [e4ebb5a5-5804-4559-a1f9-de149756677a] Register server push request handler:com.alibaba.nacos.client.naming.remote.gprc.NamingPushRequestHandler
10:22:58.040 [main] INFO  c.a.n.c.r.client - [printIfInfoEnabled,60] - [e4ebb5a5-5804-4559-a1f9-de149756677a] Try to connect to server on start up, server: {serverIp = '192.168.56.10', server main port = 8848}
10:22:58.166 [main] INFO  c.a.n.c.r.client - [printIfInfoEnabled,60] - [e4ebb5a5-5804-4559-a1f9-de149756677a] Success to connect to server [192.168.56.10:8848] on start up, connectionId = 1653963778074_192.168.56.1_7292
10:22:58.166 [com.alibaba.nacos.client.remote.worker] INFO  c.a.n.c.r.client - [printIfInfoEnabled,60] - [e4ebb5a5-5804-4559-a1f9-de149756677a] Notify connected event to listeners.
10:22:58.166 [main] INFO  c.a.n.c.r.client - [printIfInfoEnabled,60] - [e4ebb5a5-5804-4559-a1f9-de149756677a] Register server push request handler:com.alibaba.nacos.common.remote.client.RpcClient$ConnectResetRequestHandler
10:22:58.167 [main] INFO  c.a.n.c.r.client - [printIfInfoEnabled,60] - [e4ebb5a5-5804-4559-a1f9-de149756677a] Register server push request handler:com.alibaba.nacos.common.remote.client.RpcClient$$Lambda$342/1698182759
10:23:01.459 [main] INFO  o.a.c.h.Http11NioProtocol - [log,173] - Starting ProtocolHandler ["http-nio-9203"]
10:23:01.497 [main] INFO  c.a.c.n.r.NacosServiceRegistry - [register,75] - nacos registry, DEFAULT_GROUP yinsw-job 192.168.0.18:9203 register finished
10:23:01.964 [nacos-grpc-client-executor-7] INFO  c.a.n.c.r.client - [printIfInfoEnabled,60] - [e4ebb5a5-5804-4559-a1f9-de149756677a] Receive server push request, request = NotifySubscriberRequest, requestId = 13
10:23:01.969 [nacos-grpc-client-executor-7] INFO  c.a.n.c.r.client - [printIfInfoEnabled,60] - [e4ebb5a5-5804-4559-a1f9-de149756677a] Ack server push request, request = NotifySubscriberRequest, requestId = 13
10:23:02.576 [http-nio-9203-exec-1] INFO  o.a.c.c.C.[.[.[/] - [log,173] - Initializing Spring DispatcherServlet 'dispatcherServlet'
10:23:02.686 [main] INFO  c.y.j.YinswJobApplication - [logStarted,61] - Started YinswJobApplication in 19.108 seconds (JVM running for 20.279)
10:23:03.748 [Quartz Scheduler [yinswScheduler]] INFO  o.q.c.QuartzScheduler - [start,547] - Scheduler yinswScheduler_$_DESKTOP-C19PSU21653963775113 started.
16:34:31.729 [background-preinit] INFO  o.h.v.i.util.Version - [<clinit>,21] - HV000001: Hibernate Validator 6.2.0.Final
16:34:33.069 [main] INFO  c.a.n.c.r.client - [lambda$createClient$0,80] - [RpcClientFactory] create a new rpc client of 66b6b8b6-bcb3-4ea2-a873-b8365cbff43b_config-0
16:34:33.145 [main] INFO  o.r.Reflections - [scan,232] - Reflections took 49 ms to scan 1 urls, producing 3 keys and 6 values 
16:34:33.192 [main] INFO  o.r.Reflections - [scan,232] - Reflections took 22 ms to scan 1 urls, producing 4 keys and 9 values 
16:34:33.212 [main] INFO  o.r.Reflections - [scan,232] - Reflections took 17 ms to scan 1 urls, producing 3 keys and 10 values 
16:34:33.469 [main] INFO  o.r.Reflections - [scan,232] - Reflections took 252 ms to scan 197 urls, producing 0 keys and 0 values 
16:34:33.487 [main] INFO  o.r.Reflections - [scan,232] - Reflections took 16 ms to scan 1 urls, producing 1 keys and 5 values 
16:34:33.510 [main] INFO  o.r.Reflections - [scan,232] - Reflections took 19 ms to scan 1 urls, producing 1 keys and 7 values 
16:34:33.527 [main] INFO  o.r.Reflections - [scan,232] - Reflections took 15 ms to scan 1 urls, producing 2 keys and 8 values 
16:34:33.795 [main] INFO  o.r.Reflections - [scan,232] - Reflections took 265 ms to scan 197 urls, producing 0 keys and 0 values 
16:34:33.796 [main] INFO  c.a.n.c.r.client - [printIfInfoEnabled,60] - [66b6b8b6-bcb3-4ea2-a873-b8365cbff43b_config-0] RpcClient init label, labels = {module=config, Vipserver-Tag=null, source=sdk, Amory-Tag=null, Location-Tag=null, taskId=0, AppName=unknown}
16:34:33.797 [main] INFO  c.a.n.c.r.client - [printIfInfoEnabled,60] - [66b6b8b6-bcb3-4ea2-a873-b8365cbff43b_config-0] Register server push request handler:com.alibaba.nacos.client.config.impl.ClientWorker$ConfigRpcTransportClient$$Lambda$332/492947164
16:34:33.798 [main] INFO  c.a.n.c.r.client - [printIfInfoEnabled,60] - [66b6b8b6-bcb3-4ea2-a873-b8365cbff43b_config-0] Register server push request handler:com.alibaba.nacos.client.config.impl.ClientWorker$ConfigRpcTransportClient$$Lambda$333/87845070
16:34:33.799 [main] INFO  c.a.n.c.r.client - [printIfInfoEnabled,60] - [66b6b8b6-bcb3-4ea2-a873-b8365cbff43b_config-0] Registry connection listener to current client:com.alibaba.nacos.client.config.impl.ClientWorker$ConfigRpcTransportClient$1
16:34:33.799 [main] INFO  c.a.n.c.r.client - [printIfInfoEnabled,60] - [66b6b8b6-bcb3-4ea2-a873-b8365cbff43b_config-0] RpcClient init, ServerListFactory = com.alibaba.nacos.client.config.impl.ClientWorker$ConfigRpcTransportClient$2
16:34:33.808 [main] INFO  c.a.n.c.r.client - [printIfInfoEnabled,60] - [66b6b8b6-bcb3-4ea2-a873-b8365cbff43b_config-0] Try to connect to server on start up, server: {serverIp = '192.168.56.10', server main port = 8848}
16:34:36.254 [main] INFO  c.a.n.c.r.client - [printIfInfoEnabled,60] - [66b6b8b6-bcb3-4ea2-a873-b8365cbff43b_config-0] Success to connect to server [192.168.56.10:8848] on start up, connectionId = 1653986076260_192.168.56.1_9820
16:34:36.254 [com.alibaba.nacos.client.remote.worker] INFO  c.a.n.c.r.client - [printIfInfoEnabled,60] - [66b6b8b6-bcb3-4ea2-a873-b8365cbff43b_config-0] Notify connected event to listeners.
16:34:36.255 [main] INFO  c.a.n.c.r.client - [printIfInfoEnabled,60] - [66b6b8b6-bcb3-4ea2-a873-b8365cbff43b_config-0] Register server push request handler:com.alibaba.nacos.common.remote.client.RpcClient$ConnectResetRequestHandler
16:34:36.255 [main] INFO  c.a.n.c.r.client - [printIfInfoEnabled,60] - [66b6b8b6-bcb3-4ea2-a873-b8365cbff43b_config-0] Register server push request handler:com.alibaba.nacos.common.remote.client.RpcClient$$Lambda$342/1135523296
16:34:36.330 [main] INFO  c.y.j.YinswJobApplication - [logStartupProfileInfo,639] - The following profiles are active: dev
16:34:38.807 [main] INFO  o.a.c.h.Http11NioProtocol - [log,173] - Initializing ProtocolHandler ["http-nio-9203"]
16:34:38.808 [main] INFO  o.a.c.c.StandardService - [log,173] - Starting service [Tomcat]
16:34:38.809 [main] INFO  o.a.c.c.StandardEngine - [log,173] - Starting Servlet engine: [Apache Tomcat/9.0.56]
16:34:38.925 [main] INFO  o.a.c.c.C.[.[.[/] - [log,173] - Initializing Spring embedded WebApplicationContext
16:34:39.425 [main] INFO  o.q.i.StdSchedulerFactory - [instantiate,1220] - Using default implementation for ThreadExecutor
16:34:39.437 [main] INFO  o.q.c.SchedulerSignalerImpl - [<init>,61] - Initialized Scheduler Signaller of type: class org.quartz.core.SchedulerSignalerImpl
16:34:39.437 [main] INFO  o.q.c.QuartzScheduler - [<init>,229] - Quartz Scheduler v.2.3.2 created.
16:34:39.445 [main] INFO  c.z.h.HikariDataSource - [getConnection,110] - HikariPool-1 - Starting...
16:34:40.147 [main] INFO  c.z.h.HikariDataSource - [getConnection,123] - HikariPool-1 - Start completed.
16:34:40.156 [main] INFO  o.q.c.QuartzScheduler - [initialize,294] - Scheduler meta-data: Quartz Scheduler (v2.3.2) 'yinswScheduler' with instanceId 'DESKTOP-C19PSU21653986079426'
  Scheduler class: 'org.quartz.core.QuartzScheduler' - running locally.
  NOT STARTED.
  Currently in standby mode.
  Number of jobs executed: 0
  Using thread pool 'org.quartz.simpl.SimpleThreadPool' - with 20 threads.
  Using job-store 'org.springframework.scheduling.quartz.LocalDataSourceJobStore' - which supports persistence. and is clustered.

16:34:40.156 [main] INFO  o.q.i.StdSchedulerFactory - [instantiate,1374] - Quartz scheduler 'yinswScheduler' initialized from an externally provided properties instance.
16:34:40.157 [main] INFO  o.q.i.StdSchedulerFactory - [instantiate,1378] - Quartz scheduler version: 2.3.2
16:34:40.158 [main] INFO  o.q.c.QuartzScheduler - [setJobFactory,2293] - JobFactory set to: org.springframework.scheduling.quartz.AdaptableJobFactory@35d3202b
16:34:41.585 [main] INFO  c.a.c.s.SentinelWebAutoConfiguration - [addInterceptors,80] - [Sentinel Starter] register SentinelWebInterceptor with urlPatterns: [/**].
16:34:42.732 [main] INFO  c.a.n.c.r.client - [lambda$createClient$0,80] - [RpcClientFactory] create a new rpc client of 72b33a55-8ca0-4575-8a2f-5fbbf4e2d464
16:34:42.733 [main] INFO  c.a.n.c.r.client - [printIfInfoEnabled,60] - [72b33a55-8ca0-4575-8a2f-5fbbf4e2d464] RpcClient init label, labels = {module=naming, source=sdk}
16:34:42.735 [main] INFO  c.a.n.c.r.client - [printIfInfoEnabled,60] - [72b33a55-8ca0-4575-8a2f-5fbbf4e2d464] RpcClient init, ServerListFactory = com.alibaba.nacos.client.naming.core.ServerListManager
16:34:42.735 [main] INFO  c.a.n.c.r.client - [printIfInfoEnabled,60] - [72b33a55-8ca0-4575-8a2f-5fbbf4e2d464] Registry connection listener to current client:com.alibaba.nacos.client.naming.remote.gprc.redo.NamingGrpcRedoService
16:34:42.736 [main] INFO  c.a.n.c.r.client - [printIfInfoEnabled,60] - [72b33a55-8ca0-4575-8a2f-5fbbf4e2d464] Register server push request handler:com.alibaba.nacos.client.naming.remote.gprc.NamingPushRequestHandler
16:34:42.736 [main] INFO  c.a.n.c.r.client - [printIfInfoEnabled,60] - [72b33a55-8ca0-4575-8a2f-5fbbf4e2d464] Try to connect to server on start up, server: {serverIp = '192.168.56.10', server main port = 8848}
16:34:42.848 [main] INFO  c.a.n.c.r.client - [printIfInfoEnabled,60] - [72b33a55-8ca0-4575-8a2f-5fbbf4e2d464] Success to connect to server [192.168.56.10:8848] on start up, connectionId = 1653986082983_192.168.56.1_10065
16:34:42.848 [com.alibaba.nacos.client.remote.worker] INFO  c.a.n.c.r.client - [printIfInfoEnabled,60] - [72b33a55-8ca0-4575-8a2f-5fbbf4e2d464] Notify connected event to listeners.
16:34:42.848 [main] INFO  c.a.n.c.r.client - [printIfInfoEnabled,60] - [72b33a55-8ca0-4575-8a2f-5fbbf4e2d464] Register server push request handler:com.alibaba.nacos.common.remote.client.RpcClient$ConnectResetRequestHandler
16:34:42.849 [main] INFO  c.a.n.c.r.client - [printIfInfoEnabled,60] - [72b33a55-8ca0-4575-8a2f-5fbbf4e2d464] Register server push request handler:com.alibaba.nacos.common.remote.client.RpcClient$$Lambda$342/1135523296
16:34:45.836 [main] INFO  o.a.c.h.Http11NioProtocol - [log,173] - Starting ProtocolHandler ["http-nio-9203"]
16:34:45.856 [main] INFO  c.a.c.n.r.NacosServiceRegistry - [register,75] - nacos registry, DEFAULT_GROUP yinsw-job 10.6.9.58:9203 register finished
16:34:46.345 [nacos-grpc-client-executor-6] INFO  c.a.n.c.r.client - [printIfInfoEnabled,60] - [72b33a55-8ca0-4575-8a2f-5fbbf4e2d464] Receive server push request, request = NotifySubscriberRequest, requestId = 8
16:34:46.348 [nacos-grpc-client-executor-6] INFO  c.a.n.c.r.client - [printIfInfoEnabled,60] - [72b33a55-8ca0-4575-8a2f-5fbbf4e2d464] Ack server push request, request = NotifySubscriberRequest, requestId = 8
16:34:46.775 [main] INFO  c.y.j.YinswJobApplication - [logStarted,61] - Started YinswJobApplication in 16.237 seconds (JVM running for 17.549)
16:34:46.792 [http-nio-9203-exec-1] INFO  o.a.c.c.C.[.[.[/] - [log,173] - Initializing Spring DispatcherServlet 'dispatcherServlet'
16:34:47.772 [Quartz Scheduler [yinswScheduler]] INFO  o.q.c.QuartzScheduler - [start,547] - Scheduler yinswScheduler_$_DESKTOP-C19PSU21653986079426 started.
16:36:45.098 [background-preinit] INFO  o.h.v.i.util.Version - [<clinit>,21] - HV000001: Hibernate Validator 6.2.0.Final
16:36:46.640 [main] INFO  c.a.n.c.r.client - [lambda$createClient$0,80] - [RpcClientFactory] create a new rpc client of d68cc1b2-dce5-4b45-a721-0ea372720a6a_config-0
16:36:46.713 [main] INFO  o.r.Reflections - [scan,232] - Reflections took 46 ms to scan 1 urls, producing 3 keys and 6 values 
16:36:46.751 [main] INFO  o.r.Reflections - [scan,232] - Reflections took 20 ms to scan 1 urls, producing 4 keys and 9 values 
16:36:46.772 [main] INFO  o.r.Reflections - [scan,232] - Reflections took 18 ms to scan 1 urls, producing 3 keys and 10 values 
16:36:47.003 [main] INFO  o.r.Reflections - [scan,232] - Reflections took 228 ms to scan 197 urls, producing 0 keys and 0 values 
16:36:47.021 [main] INFO  o.r.Reflections - [scan,232] - Reflections took 15 ms to scan 1 urls, producing 1 keys and 5 values 
16:36:47.041 [main] INFO  o.r.Reflections - [scan,232] - Reflections took 18 ms to scan 1 urls, producing 1 keys and 7 values 
16:36:47.058 [main] INFO  o.r.Reflections - [scan,232] - Reflections took 14 ms to scan 1 urls, producing 2 keys and 8 values 
16:36:47.246 [main] INFO  o.r.Reflections - [scan,232] - Reflections took 185 ms to scan 197 urls, producing 0 keys and 0 values 
16:36:47.248 [main] INFO  c.a.n.c.r.client - [printIfInfoEnabled,60] - [d68cc1b2-dce5-4b45-a721-0ea372720a6a_config-0] RpcClient init label, labels = {module=config, Vipserver-Tag=null, source=sdk, Amory-Tag=null, Location-Tag=null, taskId=0, AppName=unknown}
16:36:47.249 [main] INFO  c.a.n.c.r.client - [printIfInfoEnabled,60] - [d68cc1b2-dce5-4b45-a721-0ea372720a6a_config-0] Register server push request handler:com.alibaba.nacos.client.config.impl.ClientWorker$ConfigRpcTransportClient$$Lambda$332/42158278
16:36:47.250 [main] INFO  c.a.n.c.r.client - [printIfInfoEnabled,60] - [d68cc1b2-dce5-4b45-a721-0ea372720a6a_config-0] Register server push request handler:com.alibaba.nacos.client.config.impl.ClientWorker$ConfigRpcTransportClient$$Lambda$333/1843459456
16:36:47.250 [main] INFO  c.a.n.c.r.client - [printIfInfoEnabled,60] - [d68cc1b2-dce5-4b45-a721-0ea372720a6a_config-0] Registry connection listener to current client:com.alibaba.nacos.client.config.impl.ClientWorker$ConfigRpcTransportClient$1
16:36:47.251 [main] INFO  c.a.n.c.r.client - [printIfInfoEnabled,60] - [d68cc1b2-dce5-4b45-a721-0ea372720a6a_config-0] RpcClient init, ServerListFactory = com.alibaba.nacos.client.config.impl.ClientWorker$ConfigRpcTransportClient$2
16:36:47.261 [main] INFO  c.a.n.c.r.client - [printIfInfoEnabled,60] - [d68cc1b2-dce5-4b45-a721-0ea372720a6a_config-0] Try to connect to server on start up, server: {serverIp = '192.168.56.10', server main port = 8848}
16:36:50.500 [main] INFO  c.a.n.c.r.client - [printIfInfoEnabled,60] - [d68cc1b2-dce5-4b45-a721-0ea372720a6a_config-0] Success to connect to server [192.168.56.10:8848] on start up, connectionId = 1653986210514_192.168.56.1_11139
16:36:50.500 [com.alibaba.nacos.client.remote.worker] INFO  c.a.n.c.r.client - [printIfInfoEnabled,60] - [d68cc1b2-dce5-4b45-a721-0ea372720a6a_config-0] Notify connected event to listeners.
16:36:50.501 [main] INFO  c.a.n.c.r.client - [printIfInfoEnabled,60] - [d68cc1b2-dce5-4b45-a721-0ea372720a6a_config-0] Register server push request handler:com.alibaba.nacos.common.remote.client.RpcClient$ConnectResetRequestHandler
16:36:50.501 [main] INFO  c.a.n.c.r.client - [printIfInfoEnabled,60] - [d68cc1b2-dce5-4b45-a721-0ea372720a6a_config-0] Register server push request handler:com.alibaba.nacos.common.remote.client.RpcClient$$Lambda$342/883862737
16:36:50.600 [main] INFO  c.y.j.YinswJobApplication - [logStartupProfileInfo,639] - The following profiles are active: dev
16:36:53.946 [main] INFO  o.a.c.h.Http11NioProtocol - [log,173] - Initializing ProtocolHandler ["http-nio-9203"]
16:36:53.948 [main] INFO  o.a.c.c.StandardService - [log,173] - Starting service [Tomcat]
16:36:53.948 [main] INFO  o.a.c.c.StandardEngine - [log,173] - Starting Servlet engine: [Apache Tomcat/9.0.56]
16:36:54.120 [main] INFO  o.a.c.c.C.[.[.[/] - [log,173] - Initializing Spring embedded WebApplicationContext
16:36:54.707 [main] INFO  o.q.i.StdSchedulerFactory - [instantiate,1220] - Using default implementation for ThreadExecutor
16:36:54.719 [main] INFO  o.q.c.SchedulerSignalerImpl - [<init>,61] - Initialized Scheduler Signaller of type: class org.quartz.core.SchedulerSignalerImpl
16:36:54.720 [main] INFO  o.q.c.QuartzScheduler - [<init>,229] - Quartz Scheduler v.2.3.2 created.
16:36:54.729 [main] INFO  c.z.h.HikariDataSource - [getConnection,110] - HikariPool-1 - Starting...
16:36:55.528 [main] INFO  c.z.h.HikariDataSource - [getConnection,123] - HikariPool-1 - Start completed.
16:36:55.541 [main] INFO  o.q.c.QuartzScheduler - [initialize,294] - Scheduler meta-data: Quartz Scheduler (v2.3.2) 'yinswScheduler' with instanceId 'DESKTOP-C19PSU21653986214709'
  Scheduler class: 'org.quartz.core.QuartzScheduler' - running locally.
  NOT STARTED.
  Currently in standby mode.
  Number of jobs executed: 0
  Using thread pool 'org.quartz.simpl.SimpleThreadPool' - with 20 threads.
  Using job-store 'org.springframework.scheduling.quartz.LocalDataSourceJobStore' - which supports persistence. and is clustered.

16:36:55.542 [main] INFO  o.q.i.StdSchedulerFactory - [instantiate,1374] - Quartz scheduler 'yinswScheduler' initialized from an externally provided properties instance.
16:36:55.542 [main] INFO  o.q.i.StdSchedulerFactory - [instantiate,1378] - Quartz scheduler version: 2.3.2
16:36:55.544 [main] INFO  o.q.c.QuartzScheduler - [setJobFactory,2293] - JobFactory set to: org.springframework.scheduling.quartz.AdaptableJobFactory@57e6d56a
16:36:56.850 [main] INFO  c.a.c.s.SentinelWebAutoConfiguration - [addInterceptors,80] - [Sentinel Starter] register SentinelWebInterceptor with urlPatterns: [/**].
16:36:57.987 [main] INFO  c.a.n.c.r.client - [lambda$createClient$0,80] - [RpcClientFactory] create a new rpc client of b20357dc-0bb2-4efe-84f4-1ea05f5f6238
16:36:57.987 [main] INFO  c.a.n.c.r.client - [printIfInfoEnabled,60] - [b20357dc-0bb2-4efe-84f4-1ea05f5f6238] RpcClient init label, labels = {module=naming, source=sdk}
16:36:57.989 [main] INFO  c.a.n.c.r.client - [printIfInfoEnabled,60] - [b20357dc-0bb2-4efe-84f4-1ea05f5f6238] RpcClient init, ServerListFactory = com.alibaba.nacos.client.naming.core.ServerListManager
16:36:57.989 [main] INFO  c.a.n.c.r.client - [printIfInfoEnabled,60] - [b20357dc-0bb2-4efe-84f4-1ea05f5f6238] Registry connection listener to current client:com.alibaba.nacos.client.naming.remote.gprc.redo.NamingGrpcRedoService
16:36:57.990 [main] INFO  c.a.n.c.r.client - [printIfInfoEnabled,60] - [b20357dc-0bb2-4efe-84f4-1ea05f5f6238] Register server push request handler:com.alibaba.nacos.client.naming.remote.gprc.NamingPushRequestHandler
16:36:57.990 [main] INFO  c.a.n.c.r.client - [printIfInfoEnabled,60] - [b20357dc-0bb2-4efe-84f4-1ea05f5f6238] Try to connect to server on start up, server: {serverIp = '192.168.56.10', server main port = 8848}
16:36:58.097 [main] INFO  c.a.n.c.r.client - [printIfInfoEnabled,60] - [b20357dc-0bb2-4efe-84f4-1ea05f5f6238] Success to connect to server [192.168.56.10:8848] on start up, connectionId = 1653986218233_192.168.56.1_11443
16:36:58.097 [com.alibaba.nacos.client.remote.worker] INFO  c.a.n.c.r.client - [printIfInfoEnabled,60] - [b20357dc-0bb2-4efe-84f4-1ea05f5f6238] Notify connected event to listeners.
16:36:58.097 [main] INFO  c.a.n.c.r.client - [printIfInfoEnabled,60] - [b20357dc-0bb2-4efe-84f4-1ea05f5f6238] Register server push request handler:com.alibaba.nacos.common.remote.client.RpcClient$ConnectResetRequestHandler
16:36:58.097 [main] INFO  c.a.n.c.r.client - [printIfInfoEnabled,60] - [b20357dc-0bb2-4efe-84f4-1ea05f5f6238] Register server push request handler:com.alibaba.nacos.common.remote.client.RpcClient$$Lambda$342/883862737
16:37:00.489 [main] INFO  o.a.c.h.Http11NioProtocol - [log,173] - Starting ProtocolHandler ["http-nio-9203"]
16:37:00.511 [main] INFO  c.a.c.n.r.NacosServiceRegistry - [register,75] - nacos registry, DEFAULT_GROUP yinsw-job 10.6.9.58:9203 register finished
16:37:00.891 [http-nio-9203-exec-1] INFO  o.a.c.c.C.[.[.[/] - [log,173] - Initializing Spring DispatcherServlet 'dispatcherServlet'
16:37:01.005 [nacos-grpc-client-executor-7] INFO  c.a.n.c.r.client - [printIfInfoEnabled,60] - [b20357dc-0bb2-4efe-84f4-1ea05f5f6238] Receive server push request, request = NotifySubscriberRequest, requestId = 49
16:37:01.007 [nacos-grpc-client-executor-7] INFO  c.a.n.c.r.client - [printIfInfoEnabled,60] - [b20357dc-0bb2-4efe-84f4-1ea05f5f6238] Ack server push request, request = NotifySubscriberRequest, requestId = 49
16:37:01.508 [main] INFO  c.y.j.YinswJobApplication - [logStarted,61] - Started YinswJobApplication in 17.616 seconds (JVM running for 18.777)
16:37:02.506 [Quartz Scheduler [yinswScheduler]] INFO  o.q.c.QuartzScheduler - [start,547] - Scheduler yinswScheduler_$_DESKTOP-C19PSU21653986214709 started.
17:06:31.329 [SpringApplicationShutdownHook] INFO  o.q.c.QuartzScheduler - [standby,585] - Scheduler yinswScheduler_$_DESKTOP-C19PSU21653986214709 paused.
17:06:31.662 [SpringApplicationShutdownHook] INFO  c.a.c.n.r.NacosServiceRegistry - [deregister,90] - De-registering from Nacos Server now...
17:06:31.663 [SpringApplicationShutdownHook] INFO  c.a.c.n.r.NacosServiceRegistry - [deregister,110] - De-registration finished.
17:06:31.970 [SpringApplicationShutdownHook] INFO  c.a.n.c.r.client - [shutdown,454] - Shutdown rpc client, set status to shutdown
17:06:31.970 [SpringApplicationShutdownHook] INFO  c.a.n.c.r.client - [shutdown,456] - Shutdown client event executor java.util.concurrent.ScheduledThreadPoolExecutor@df0f24e[Running, pool size = 2, active threads = 2, queued tasks = 0, completed tasks = 0]
17:06:31.970 [SpringApplicationShutdownHook] INFO  c.a.n.c.r.client - [closeConnection,591] - Close current connection 1653986218233_192.168.56.1_11443
17:06:31.971 [nacos-grpc-client-executor-391] INFO  c.a.n.c.r.c.g.GrpcClient - [printIfInfoEnabled,60] - [1653986218233_192.168.56.1_11443]Ignore complete event,isRunning:false,isAbandon=false
17:06:31.973 [SpringApplicationShutdownHook] INFO  c.a.n.c.r.c.g.GrpcClient - [shutdown,85] - Shutdown grpc executor java.util.concurrent.ThreadPoolExecutor@23b7a89c[Running, pool size = 5, active threads = 0, queued tasks = 0, completed tasks = 392]
17:06:32.195 [SpringApplicationShutdownHook] INFO  o.q.c.QuartzScheduler - [shutdown,666] - Scheduler yinswScheduler_$_DESKTOP-C19PSU21653986214709 shutting down.
17:06:32.195 [SpringApplicationShutdownHook] INFO  o.q.c.QuartzScheduler - [standby,585] - Scheduler yinswScheduler_$_DESKTOP-C19PSU21653986214709 paused.
17:06:32.196 [SpringApplicationShutdownHook] INFO  o.q.c.QuartzScheduler - [shutdown,740] - Scheduler yinswScheduler_$_DESKTOP-C19PSU21653986214709 shutdown complete.
17:06:32.197 [SpringApplicationShutdownHook] INFO  c.z.h.HikariDataSource - [close,350] - HikariPool-1 - Shutdown initiated...
17:06:32.205 [SpringApplicationShutdownHook] INFO  c.z.h.HikariDataSource - [close,352] - HikariPool-1 - Shutdown completed.
