20:37:18.986 [background-preinit] INFO  o.h.v.i.util.Version - [<clinit>,21] - HV000001: Hibernate Validator 6.2.0.Final
20:37:20.396 [main] INFO  c.a.n.c.r.client - [lambda$createClient$0,80] - [RpcClientFactory] create a new rpc client of 755d3ddc-bc26-4556-afe4-dea56f041596_config-0
20:37:20.470 [main] INFO  o.r.Reflections - [scan,232] - Reflections took 49 ms to scan 1 urls, producing 3 keys and 6 values 
20:37:20.521 [main] INFO  o.r.Reflections - [scan,232] - Reflections took 28 ms to scan 1 urls, producing 4 keys and 9 values 
20:37:20.538 [main] INFO  o.r.Reflections - [scan,232] - Reflections took 14 ms to scan 1 urls, producing 3 keys and 10 values 
20:37:20.804 [main] INFO  o.r.Reflections - [scan,232] - Reflections took 262 ms to scan 203 urls, producing 0 keys and 0 values 
20:37:20.819 [main] INFO  o.r.Reflections - [scan,232] - Reflections took 14 ms to scan 1 urls, producing 1 keys and 5 values 
20:37:20.835 [main] INFO  o.r.Reflections - [scan,232] - Reflections took 12 ms to scan 1 urls, producing 1 keys and 7 values 
20:37:20.852 [main] INFO  o.r.Reflections - [scan,232] - Reflections took 15 ms to scan 1 urls, producing 2 keys and 8 values 
20:37:21.033 [main] INFO  o.r.Reflections - [scan,232] - Reflections took 178 ms to scan 203 urls, producing 0 keys and 0 values 
20:37:21.035 [main] INFO  c.a.n.c.r.client - [printIfInfoEnabled,60] - [755d3ddc-bc26-4556-afe4-dea56f041596_config-0] RpcClient init label, labels = {module=config, Vipserver-Tag=null, source=sdk, Amory-Tag=null, Location-Tag=null, taskId=0, AppName=unknown}
20:37:21.035 [main] INFO  c.a.n.c.r.client - [printIfInfoEnabled,60] - [755d3ddc-bc26-4556-afe4-dea56f041596_config-0] Register server push request handler:com.alibaba.nacos.client.config.impl.ClientWorker$ConfigRpcTransportClient$$Lambda$332/2025066647
20:37:21.036 [main] INFO  c.a.n.c.r.client - [printIfInfoEnabled,60] - [755d3ddc-bc26-4556-afe4-dea56f041596_config-0] Register server push request handler:com.alibaba.nacos.client.config.impl.ClientWorker$ConfigRpcTransportClient$$Lambda$333/741191984
20:37:21.037 [main] INFO  c.a.n.c.r.client - [printIfInfoEnabled,60] - [755d3ddc-bc26-4556-afe4-dea56f041596_config-0] Registry connection listener to current client:com.alibaba.nacos.client.config.impl.ClientWorker$ConfigRpcTransportClient$1
20:37:21.037 [main] INFO  c.a.n.c.r.client - [printIfInfoEnabled,60] - [755d3ddc-bc26-4556-afe4-dea56f041596_config-0] RpcClient init, ServerListFactory = com.alibaba.nacos.client.config.impl.ClientWorker$ConfigRpcTransportClient$2
20:37:21.046 [main] INFO  c.a.n.c.r.client - [printIfInfoEnabled,60] - [755d3ddc-bc26-4556-afe4-dea56f041596_config-0] Try to connect to server on start up, server: {serverIp = '192.168.56.10', server main port = 8848}
20:37:23.666 [main] INFO  c.a.n.c.r.client - [printIfInfoEnabled,60] - [755d3ddc-bc26-4556-afe4-dea56f041596_config-0] Success to connect to server [192.168.56.10:8848] on start up, connectionId = 1654173445321_192.168.56.1_8482
20:37:23.667 [com.alibaba.nacos.client.remote.worker] INFO  c.a.n.c.r.client - [printIfInfoEnabled,60] - [755d3ddc-bc26-4556-afe4-dea56f041596_config-0] Notify connected event to listeners.
20:37:23.667 [main] INFO  c.a.n.c.r.client - [printIfInfoEnabled,60] - [755d3ddc-bc26-4556-afe4-dea56f041596_config-0] Register server push request handler:com.alibaba.nacos.common.remote.client.RpcClient$ConnectResetRequestHandler
20:37:23.667 [main] INFO  c.a.n.c.r.client - [printIfInfoEnabled,60] - [755d3ddc-bc26-4556-afe4-dea56f041596_config-0] Register server push request handler:com.alibaba.nacos.common.remote.client.RpcClient$$Lambda$342/1579140143
20:37:23.766 [main] INFO  c.y.j.YinswJobApplication - [logStartupProfileInfo,639] - The following profiles are active: dev
20:37:26.960 [main] INFO  o.a.c.h.Http11NioProtocol - [log,173] - Initializing ProtocolHandler ["http-nio-9203"]
20:37:26.960 [main] INFO  o.a.c.c.StandardService - [log,173] - Starting service [Tomcat]
20:37:26.961 [main] INFO  o.a.c.c.StandardEngine - [log,173] - Starting Servlet engine: [Apache Tomcat/9.0.56]
20:37:27.177 [main] INFO  o.a.c.c.C.[.[.[/] - [log,173] - Initializing Spring embedded WebApplicationContext
20:37:27.782 [main] INFO  o.q.i.StdSchedulerFactory - [instantiate,1220] - Using default implementation for ThreadExecutor
20:37:27.798 [main] INFO  o.q.c.SchedulerSignalerImpl - [<init>,61] - Initialized Scheduler Signaller of type: class org.quartz.core.SchedulerSignalerImpl
20:37:27.798 [main] INFO  o.q.c.QuartzScheduler - [<init>,229] - Quartz Scheduler v.2.3.2 created.
20:37:27.822 [main] INFO  c.z.h.HikariDataSource - [getConnection,110] - HikariPool-1 - Starting...
20:37:28.615 [main] INFO  c.z.h.HikariDataSource - [getConnection,123] - HikariPool-1 - Start completed.
20:37:28.816 [main] INFO  o.q.c.QuartzScheduler - [initialize,294] - Scheduler meta-data: Quartz Scheduler (v2.3.2) 'yinswScheduler' with instanceId 'DESKTOP-C19PSU21654173447784'
  Scheduler class: 'org.quartz.core.QuartzScheduler' - running locally.
  NOT STARTED.
  Currently in standby mode.
  Number of jobs executed: 0
  Using thread pool 'org.quartz.simpl.SimpleThreadPool' - with 20 threads.
  Using job-store 'org.springframework.scheduling.quartz.LocalDataSourceJobStore' - which supports persistence. and is clustered.

20:37:28.816 [main] INFO  o.q.i.StdSchedulerFactory - [instantiate,1374] - Quartz scheduler 'yinswScheduler' initialized from an externally provided properties instance.
20:37:28.817 [main] INFO  o.q.i.StdSchedulerFactory - [instantiate,1378] - Quartz scheduler version: 2.3.2
20:37:28.819 [main] INFO  o.q.c.QuartzScheduler - [setJobFactory,2293] - JobFactory set to: org.springframework.scheduling.quartz.AdaptableJobFactory@31b67d61
20:37:30.552 [main] INFO  c.a.c.s.SentinelWebAutoConfiguration - [addInterceptors,80] - [Sentinel Starter] register SentinelWebInterceptor with urlPatterns: [/**].
20:37:31.893 [main] INFO  c.a.n.c.r.client - [lambda$createClient$0,80] - [RpcClientFactory] create a new rpc client of d2dbecf6-d80d-4f21-b891-07d24d218e48
20:37:31.894 [main] INFO  c.a.n.c.r.client - [printIfInfoEnabled,60] - [d2dbecf6-d80d-4f21-b891-07d24d218e48] RpcClient init label, labels = {module=naming, source=sdk}
20:37:31.895 [main] INFO  c.a.n.c.r.client - [printIfInfoEnabled,60] - [d2dbecf6-d80d-4f21-b891-07d24d218e48] RpcClient init, ServerListFactory = com.alibaba.nacos.client.naming.core.ServerListManager
20:37:31.896 [main] INFO  c.a.n.c.r.client - [printIfInfoEnabled,60] - [d2dbecf6-d80d-4f21-b891-07d24d218e48] Registry connection listener to current client:com.alibaba.nacos.client.naming.remote.gprc.redo.NamingGrpcRedoService
20:37:31.896 [main] INFO  c.a.n.c.r.client - [printIfInfoEnabled,60] - [d2dbecf6-d80d-4f21-b891-07d24d218e48] Register server push request handler:com.alibaba.nacos.client.naming.remote.gprc.NamingPushRequestHandler
20:37:31.897 [main] INFO  c.a.n.c.r.client - [printIfInfoEnabled,60] - [d2dbecf6-d80d-4f21-b891-07d24d218e48] Try to connect to server on start up, server: {serverIp = '192.168.56.10', server main port = 8848}
20:37:32.009 [main] INFO  c.a.n.c.r.client - [printIfInfoEnabled,60] - [d2dbecf6-d80d-4f21-b891-07d24d218e48] Success to connect to server [192.168.56.10:8848] on start up, connectionId = 1654173453844_192.168.56.1_8812
20:37:32.009 [com.alibaba.nacos.client.remote.worker] INFO  c.a.n.c.r.client - [printIfInfoEnabled,60] - [d2dbecf6-d80d-4f21-b891-07d24d218e48] Notify connected event to listeners.
20:37:32.009 [main] INFO  c.a.n.c.r.client - [printIfInfoEnabled,60] - [d2dbecf6-d80d-4f21-b891-07d24d218e48] Register server push request handler:com.alibaba.nacos.common.remote.client.RpcClient$ConnectResetRequestHandler
20:37:32.009 [main] INFO  c.a.n.c.r.client - [printIfInfoEnabled,60] - [d2dbecf6-d80d-4f21-b891-07d24d218e48] Register server push request handler:com.alibaba.nacos.common.remote.client.RpcClient$$Lambda$342/1579140143
20:37:34.708 [main] INFO  o.a.c.h.Http11NioProtocol - [log,173] - Starting ProtocolHandler ["http-nio-9203"]
20:37:34.731 [main] INFO  c.a.c.n.r.NacosServiceRegistry - [register,75] - nacos registry, DEFAULT_GROUP yinsw-job 10.6.8.233:9203 register finished
20:37:35.239 [nacos-grpc-client-executor-7] INFO  c.a.n.c.r.client - [printIfInfoEnabled,60] - [d2dbecf6-d80d-4f21-b891-07d24d218e48] Receive server push request, request = NotifySubscriberRequest, requestId = 12
20:37:35.244 [nacos-grpc-client-executor-7] INFO  c.a.n.c.r.client - [printIfInfoEnabled,60] - [d2dbecf6-d80d-4f21-b891-07d24d218e48] Ack server push request, request = NotifySubscriberRequest, requestId = 12
20:37:35.401 [http-nio-9203-exec-1] INFO  o.a.c.c.C.[.[.[/] - [log,173] - Initializing Spring DispatcherServlet 'dispatcherServlet'
20:37:35.585 [main] INFO  c.y.j.YinswJobApplication - [logStarted,61] - Started YinswJobApplication in 17.739 seconds (JVM running for 19.083)
20:37:36.597 [Quartz Scheduler [yinswScheduler]] INFO  o.q.c.QuartzScheduler - [start,547] - Scheduler yinswScheduler_$_DESKTOP-C19PSU21654173447784 started.
20:39:24.764 [background-preinit] INFO  o.h.v.i.util.Version - [<clinit>,21] - HV000001: Hibernate Validator 6.2.0.Final
20:39:26.368 [main] INFO  c.a.n.c.r.client - [lambda$createClient$0,80] - [RpcClientFactory] create a new rpc client of d82acd53-6a75-483c-8a48-e3531e8db8f7_config-0
20:39:26.420 [main] INFO  o.r.Reflections - [scan,232] - Reflections took 33 ms to scan 1 urls, producing 3 keys and 6 values 
20:39:26.462 [main] INFO  o.r.Reflections - [scan,232] - Reflections took 19 ms to scan 1 urls, producing 4 keys and 9 values 
20:39:26.482 [main] INFO  o.r.Reflections - [scan,232] - Reflections took 16 ms to scan 1 urls, producing 3 keys and 10 values 
20:39:26.731 [main] INFO  o.r.Reflections - [scan,232] - Reflections took 245 ms to scan 203 urls, producing 0 keys and 0 values 
20:39:26.745 [main] INFO  o.r.Reflections - [scan,232] - Reflections took 13 ms to scan 1 urls, producing 1 keys and 5 values 
20:39:26.768 [main] INFO  o.r.Reflections - [scan,232] - Reflections took 20 ms to scan 1 urls, producing 1 keys and 7 values 
20:39:26.786 [main] INFO  o.r.Reflections - [scan,232] - Reflections took 14 ms to scan 1 urls, producing 2 keys and 8 values 
20:39:26.981 [main] INFO  o.r.Reflections - [scan,232] - Reflections took 190 ms to scan 203 urls, producing 0 keys and 0 values 
20:39:26.982 [main] INFO  c.a.n.c.r.client - [printIfInfoEnabled,60] - [d82acd53-6a75-483c-8a48-e3531e8db8f7_config-0] RpcClient init label, labels = {module=config, Vipserver-Tag=null, source=sdk, Amory-Tag=null, Location-Tag=null, taskId=0, AppName=unknown}
20:39:26.983 [main] INFO  c.a.n.c.r.client - [printIfInfoEnabled,60] - [d82acd53-6a75-483c-8a48-e3531e8db8f7_config-0] Register server push request handler:com.alibaba.nacos.client.config.impl.ClientWorker$ConfigRpcTransportClient$$Lambda$332/2096268257
20:39:26.984 [main] INFO  c.a.n.c.r.client - [printIfInfoEnabled,60] - [d82acd53-6a75-483c-8a48-e3531e8db8f7_config-0] Register server push request handler:com.alibaba.nacos.client.config.impl.ClientWorker$ConfigRpcTransportClient$$Lambda$333/551994588
20:39:26.984 [main] INFO  c.a.n.c.r.client - [printIfInfoEnabled,60] - [d82acd53-6a75-483c-8a48-e3531e8db8f7_config-0] Registry connection listener to current client:com.alibaba.nacos.client.config.impl.ClientWorker$ConfigRpcTransportClient$1
20:39:26.986 [main] INFO  c.a.n.c.r.client - [printIfInfoEnabled,60] - [d82acd53-6a75-483c-8a48-e3531e8db8f7_config-0] RpcClient init, ServerListFactory = com.alibaba.nacos.client.config.impl.ClientWorker$ConfigRpcTransportClient$2
20:39:27.006 [main] INFO  c.a.n.c.r.client - [printIfInfoEnabled,60] - [d82acd53-6a75-483c-8a48-e3531e8db8f7_config-0] Try to connect to server on start up, server: {serverIp = '192.168.56.10', server main port = 8848}
20:39:29.844 [main] INFO  c.a.n.c.r.client - [printIfInfoEnabled,60] - [d82acd53-6a75-483c-8a48-e3531e8db8f7_config-0] Success to connect to server [192.168.56.10:8848] on start up, connectionId = 1654173571506_192.168.56.1_9860
20:39:29.848 [com.alibaba.nacos.client.remote.worker] INFO  c.a.n.c.r.client - [printIfInfoEnabled,60] - [d82acd53-6a75-483c-8a48-e3531e8db8f7_config-0] Notify connected event to listeners.
20:39:29.848 [main] INFO  c.a.n.c.r.client - [printIfInfoEnabled,60] - [d82acd53-6a75-483c-8a48-e3531e8db8f7_config-0] Register server push request handler:com.alibaba.nacos.common.remote.client.RpcClient$ConnectResetRequestHandler
20:39:29.849 [main] INFO  c.a.n.c.r.client - [printIfInfoEnabled,60] - [d82acd53-6a75-483c-8a48-e3531e8db8f7_config-0] Register server push request handler:com.alibaba.nacos.common.remote.client.RpcClient$$Lambda$342/677144856
20:39:29.972 [main] INFO  c.y.j.YinswJobApplication - [logStartupProfileInfo,639] - The following profiles are active: dev
20:39:33.491 [main] INFO  o.a.c.h.Http11NioProtocol - [log,173] - Initializing ProtocolHandler ["http-nio-9203"]
20:39:33.492 [main] INFO  o.a.c.c.StandardService - [log,173] - Starting service [Tomcat]
20:39:33.492 [main] INFO  o.a.c.c.StandardEngine - [log,173] - Starting Servlet engine: [Apache Tomcat/9.0.56]
20:39:33.630 [main] INFO  o.a.c.c.C.[.[.[/] - [log,173] - Initializing Spring embedded WebApplicationContext
20:39:34.042 [main] INFO  o.q.i.StdSchedulerFactory - [instantiate,1220] - Using default implementation for ThreadExecutor
20:39:34.050 [main] INFO  o.q.c.SchedulerSignalerImpl - [<init>,61] - Initialized Scheduler Signaller of type: class org.quartz.core.SchedulerSignalerImpl
20:39:34.050 [main] INFO  o.q.c.QuartzScheduler - [<init>,229] - Quartz Scheduler v.2.3.2 created.
20:39:34.056 [main] INFO  c.z.h.HikariDataSource - [getConnection,110] - HikariPool-1 - Starting...
20:39:34.692 [main] INFO  c.z.h.HikariDataSource - [getConnection,123] - HikariPool-1 - Start completed.
20:39:34.852 [main] INFO  o.q.c.QuartzScheduler - [initialize,294] - Scheduler meta-data: Quartz Scheduler (v2.3.2) 'yinswScheduler' with instanceId 'DESKTOP-C19PSU21654173574043'
  Scheduler class: 'org.quartz.core.QuartzScheduler' - running locally.
  NOT STARTED.
  Currently in standby mode.
  Number of jobs executed: 0
  Using thread pool 'org.quartz.simpl.SimpleThreadPool' - with 20 threads.
  Using job-store 'org.springframework.scheduling.quartz.LocalDataSourceJobStore' - which supports persistence. and is clustered.

20:39:34.853 [main] INFO  o.q.i.StdSchedulerFactory - [instantiate,1374] - Quartz scheduler 'yinswScheduler' initialized from an externally provided properties instance.
20:39:34.853 [main] INFO  o.q.i.StdSchedulerFactory - [instantiate,1378] - Quartz scheduler version: 2.3.2
20:39:34.855 [main] INFO  o.q.c.QuartzScheduler - [setJobFactory,2293] - JobFactory set to: org.springframework.scheduling.quartz.AdaptableJobFactory@9dbb1d9
20:39:35.855 [main] INFO  c.a.c.s.SentinelWebAutoConfiguration - [addInterceptors,80] - [Sentinel Starter] register SentinelWebInterceptor with urlPatterns: [/**].
20:39:36.921 [main] INFO  c.a.n.c.r.client - [lambda$createClient$0,80] - [RpcClientFactory] create a new rpc client of 2ee6d197-e81a-4d21-a263-e8d9f86a8a72
20:39:36.922 [main] INFO  c.a.n.c.r.client - [printIfInfoEnabled,60] - [2ee6d197-e81a-4d21-a263-e8d9f86a8a72] RpcClient init label, labels = {module=naming, source=sdk}
20:39:36.923 [main] INFO  c.a.n.c.r.client - [printIfInfoEnabled,60] - [2ee6d197-e81a-4d21-a263-e8d9f86a8a72] RpcClient init, ServerListFactory = com.alibaba.nacos.client.naming.core.ServerListManager
20:39:36.924 [main] INFO  c.a.n.c.r.client - [printIfInfoEnabled,60] - [2ee6d197-e81a-4d21-a263-e8d9f86a8a72] Registry connection listener to current client:com.alibaba.nacos.client.naming.remote.gprc.redo.NamingGrpcRedoService
20:39:36.924 [main] INFO  c.a.n.c.r.client - [printIfInfoEnabled,60] - [2ee6d197-e81a-4d21-a263-e8d9f86a8a72] Register server push request handler:com.alibaba.nacos.client.naming.remote.gprc.NamingPushRequestHandler
20:39:36.925 [main] INFO  c.a.n.c.r.client - [printIfInfoEnabled,60] - [2ee6d197-e81a-4d21-a263-e8d9f86a8a72] Try to connect to server on start up, server: {serverIp = '192.168.56.10', server main port = 8848}
20:39:37.033 [main] INFO  c.a.n.c.r.client - [printIfInfoEnabled,60] - [2ee6d197-e81a-4d21-a263-e8d9f86a8a72] Success to connect to server [192.168.56.10:8848] on start up, connectionId = 1654173578873_192.168.56.1_10200
20:39:37.033 [com.alibaba.nacos.client.remote.worker] INFO  c.a.n.c.r.client - [printIfInfoEnabled,60] - [2ee6d197-e81a-4d21-a263-e8d9f86a8a72] Notify connected event to listeners.
20:39:37.033 [main] INFO  c.a.n.c.r.client - [printIfInfoEnabled,60] - [2ee6d197-e81a-4d21-a263-e8d9f86a8a72] Register server push request handler:com.alibaba.nacos.common.remote.client.RpcClient$ConnectResetRequestHandler
20:39:37.033 [main] INFO  c.a.n.c.r.client - [printIfInfoEnabled,60] - [2ee6d197-e81a-4d21-a263-e8d9f86a8a72] Register server push request handler:com.alibaba.nacos.common.remote.client.RpcClient$$Lambda$342/677144856
20:39:39.935 [main] INFO  o.a.c.h.Http11NioProtocol - [log,173] - Starting ProtocolHandler ["http-nio-9203"]
20:39:39.959 [main] INFO  c.a.c.n.r.NacosServiceRegistry - [register,75] - nacos registry, DEFAULT_GROUP yinsw-job 10.6.8.233:9203 register finished
20:39:39.988 [nacos-grpc-client-executor-7] INFO  c.a.n.c.r.client - [printIfInfoEnabled,60] - [2ee6d197-e81a-4d21-a263-e8d9f86a8a72] Receive server push request, request = NotifySubscriberRequest, requestId = 59
20:39:39.992 [nacos-grpc-client-executor-7] INFO  c.a.n.c.r.client - [printIfInfoEnabled,60] - [2ee6d197-e81a-4d21-a263-e8d9f86a8a72] Ack server push request, request = NotifySubscriberRequest, requestId = 59
20:39:40.297 [http-nio-9203-exec-1] INFO  o.a.c.c.C.[.[.[/] - [log,173] - Initializing Spring DispatcherServlet 'dispatcherServlet'
20:39:40.851 [main] INFO  c.y.j.YinswJobApplication - [logStarted,61] - Started YinswJobApplication in 17.202 seconds (JVM running for 18.61)
20:39:41.846 [Quartz Scheduler [yinswScheduler]] INFO  o.q.c.QuartzScheduler - [start,547] - Scheduler yinswScheduler_$_DESKTOP-C19PSU21654173574043 started.
20:40:29.081 [SpringApplicationShutdownHook] INFO  o.q.c.QuartzScheduler - [standby,585] - Scheduler yinswScheduler_$_DESKTOP-C19PSU21654173574043 paused.
20:40:29.337 [SpringApplicationShutdownHook] INFO  c.a.c.n.r.NacosServiceRegistry - [deregister,90] - De-registering from Nacos Server now...
20:40:29.340 [SpringApplicationShutdownHook] INFO  c.a.c.n.r.NacosServiceRegistry - [deregister,110] - De-registration finished.
20:40:29.645 [SpringApplicationShutdownHook] INFO  c.a.n.c.r.client - [shutdown,454] - Shutdown rpc client, set status to shutdown
20:40:29.646 [SpringApplicationShutdownHook] INFO  c.a.n.c.r.client - [shutdown,456] - Shutdown client event executor java.util.concurrent.ScheduledThreadPoolExecutor@38bdb3e[Running, pool size = 2, active threads = 2, queued tasks = 0, completed tasks = 0]
20:40:29.646 [SpringApplicationShutdownHook] INFO  c.a.n.c.r.client - [closeConnection,591] - Close current connection 1654173578873_192.168.56.1_10200
20:40:29.647 [nacos-grpc-client-executor-23] INFO  c.a.n.c.r.c.g.GrpcClient - [printIfInfoEnabled,60] - [1654173578873_192.168.56.1_10200]Ignore complete event,isRunning:false,isAbandon=false
20:40:29.649 [SpringApplicationShutdownHook] INFO  c.a.n.c.r.c.g.GrpcClient - [shutdown,85] - Shutdown grpc executor java.util.concurrent.ThreadPoolExecutor@b0b9c32[Running, pool size = 4, active threads = 0, queued tasks = 0, completed tasks = 24]
20:40:29.878 [SpringApplicationShutdownHook] INFO  o.q.c.QuartzScheduler - [shutdown,666] - Scheduler yinswScheduler_$_DESKTOP-C19PSU21654173574043 shutting down.
20:40:29.878 [SpringApplicationShutdownHook] INFO  o.q.c.QuartzScheduler - [standby,585] - Scheduler yinswScheduler_$_DESKTOP-C19PSU21654173574043 paused.
20:40:29.878 [SpringApplicationShutdownHook] INFO  o.q.c.QuartzScheduler - [shutdown,740] - Scheduler yinswScheduler_$_DESKTOP-C19PSU21654173574043 shutdown complete.
20:40:29.879 [SpringApplicationShutdownHook] INFO  c.z.h.HikariDataSource - [close,350] - HikariPool-1 - Shutdown initiated...
20:40:29.885 [SpringApplicationShutdownHook] INFO  c.z.h.HikariDataSource - [close,352] - HikariPool-1 - Shutdown completed.
20:41:26.167 [background-preinit] INFO  o.h.v.i.util.Version - [<clinit>,21] - HV000001: Hibernate Validator 6.2.0.Final
20:41:27.584 [main] INFO  c.a.n.c.r.client - [lambda$createClient$0,80] - [RpcClientFactory] create a new rpc client of 291da14e-d981-414b-91e8-f75655e7bffd_config-0
20:41:27.646 [main] INFO  o.r.Reflections - [scan,232] - Reflections took 37 ms to scan 1 urls, producing 3 keys and 6 values 
20:41:27.676 [main] INFO  o.r.Reflections - [scan,232] - Reflections took 16 ms to scan 1 urls, producing 4 keys and 9 values 
20:41:27.689 [main] INFO  o.r.Reflections - [scan,232] - Reflections took 10 ms to scan 1 urls, producing 3 keys and 10 values 
20:41:27.900 [main] INFO  o.r.Reflections - [scan,232] - Reflections took 208 ms to scan 203 urls, producing 0 keys and 0 values 
20:41:27.917 [main] INFO  o.r.Reflections - [scan,232] - Reflections took 16 ms to scan 1 urls, producing 1 keys and 5 values 
20:41:27.937 [main] INFO  o.r.Reflections - [scan,232] - Reflections took 18 ms to scan 1 urls, producing 1 keys and 7 values 
20:41:27.950 [main] INFO  o.r.Reflections - [scan,232] - Reflections took 10 ms to scan 1 urls, producing 2 keys and 8 values 
20:41:28.135 [main] INFO  o.r.Reflections - [scan,232] - Reflections took 181 ms to scan 203 urls, producing 0 keys and 0 values 
20:41:28.136 [main] INFO  c.a.n.c.r.client - [printIfInfoEnabled,60] - [291da14e-d981-414b-91e8-f75655e7bffd_config-0] RpcClient init label, labels = {module=config, Vipserver-Tag=null, source=sdk, Amory-Tag=null, Location-Tag=null, taskId=0, AppName=unknown}
20:41:28.136 [main] INFO  c.a.n.c.r.client - [printIfInfoEnabled,60] - [291da14e-d981-414b-91e8-f75655e7bffd_config-0] Register server push request handler:com.alibaba.nacos.client.config.impl.ClientWorker$ConfigRpcTransportClient$$Lambda$332/881662115
20:41:28.137 [main] INFO  c.a.n.c.r.client - [printIfInfoEnabled,60] - [291da14e-d981-414b-91e8-f75655e7bffd_config-0] Register server push request handler:com.alibaba.nacos.client.config.impl.ClientWorker$ConfigRpcTransportClient$$Lambda$333/1818592781
20:41:28.137 [main] INFO  c.a.n.c.r.client - [printIfInfoEnabled,60] - [291da14e-d981-414b-91e8-f75655e7bffd_config-0] Registry connection listener to current client:com.alibaba.nacos.client.config.impl.ClientWorker$ConfigRpcTransportClient$1
20:41:28.138 [main] INFO  c.a.n.c.r.client - [printIfInfoEnabled,60] - [291da14e-d981-414b-91e8-f75655e7bffd_config-0] RpcClient init, ServerListFactory = com.alibaba.nacos.client.config.impl.ClientWorker$ConfigRpcTransportClient$2
20:41:28.146 [main] INFO  c.a.n.c.r.client - [printIfInfoEnabled,60] - [291da14e-d981-414b-91e8-f75655e7bffd_config-0] Try to connect to server on start up, server: {serverIp = '192.168.56.10', server main port = 8848}
20:41:30.452 [main] INFO  c.a.n.c.r.client - [printIfInfoEnabled,60] - [291da14e-d981-414b-91e8-f75655e7bffd_config-0] Success to connect to server [192.168.56.10:8848] on start up, connectionId = 1654173692091_192.168.56.1_11058
20:41:30.453 [com.alibaba.nacos.client.remote.worker] INFO  c.a.n.c.r.client - [printIfInfoEnabled,60] - [291da14e-d981-414b-91e8-f75655e7bffd_config-0] Notify connected event to listeners.
20:41:30.453 [main] INFO  c.a.n.c.r.client - [printIfInfoEnabled,60] - [291da14e-d981-414b-91e8-f75655e7bffd_config-0] Register server push request handler:com.alibaba.nacos.common.remote.client.RpcClient$ConnectResetRequestHandler
20:41:30.454 [main] INFO  c.a.n.c.r.client - [printIfInfoEnabled,60] - [291da14e-d981-414b-91e8-f75655e7bffd_config-0] Register server push request handler:com.alibaba.nacos.common.remote.client.RpcClient$$Lambda$342/1654015823
20:41:30.567 [main] INFO  c.y.j.YinswJobApplication - [logStartupProfileInfo,639] - The following profiles are active: dev
20:41:33.390 [main] INFO  o.a.c.h.Http11NioProtocol - [log,173] - Initializing ProtocolHandler ["http-nio-9203"]
20:41:33.391 [main] INFO  o.a.c.c.StandardService - [log,173] - Starting service [Tomcat]
20:41:33.392 [main] INFO  o.a.c.c.StandardEngine - [log,173] - Starting Servlet engine: [Apache Tomcat/9.0.56]
20:41:33.547 [main] INFO  o.a.c.c.C.[.[.[/] - [log,173] - Initializing Spring embedded WebApplicationContext
20:41:34.033 [main] INFO  o.q.i.StdSchedulerFactory - [instantiate,1220] - Using default implementation for ThreadExecutor
20:41:34.049 [main] INFO  o.q.c.SchedulerSignalerImpl - [<init>,61] - Initialized Scheduler Signaller of type: class org.quartz.core.SchedulerSignalerImpl
20:41:34.049 [main] INFO  o.q.c.QuartzScheduler - [<init>,229] - Quartz Scheduler v.2.3.2 created.
20:41:34.058 [main] INFO  c.z.h.HikariDataSource - [getConnection,110] - HikariPool-1 - Starting...
20:41:34.708 [main] INFO  c.z.h.HikariDataSource - [getConnection,123] - HikariPool-1 - Start completed.
20:41:34.882 [main] INFO  o.q.c.QuartzScheduler - [initialize,294] - Scheduler meta-data: Quartz Scheduler (v2.3.2) 'yinswScheduler' with instanceId 'DESKTOP-C19PSU21654173694035'
  Scheduler class: 'org.quartz.core.QuartzScheduler' - running locally.
  NOT STARTED.
  Currently in standby mode.
  Number of jobs executed: 0
  Using thread pool 'org.quartz.simpl.SimpleThreadPool' - with 20 threads.
  Using job-store 'org.springframework.scheduling.quartz.LocalDataSourceJobStore' - which supports persistence. and is clustered.

20:41:34.882 [main] INFO  o.q.i.StdSchedulerFactory - [instantiate,1374] - Quartz scheduler 'yinswScheduler' initialized from an externally provided properties instance.
20:41:34.882 [main] INFO  o.q.i.StdSchedulerFactory - [instantiate,1378] - Quartz scheduler version: 2.3.2
20:41:34.884 [main] INFO  o.q.c.QuartzScheduler - [setJobFactory,2293] - JobFactory set to: org.springframework.scheduling.quartz.AdaptableJobFactory@7910e307
20:41:36.049 [main] INFO  c.a.c.s.SentinelWebAutoConfiguration - [addInterceptors,80] - [Sentinel Starter] register SentinelWebInterceptor with urlPatterns: [/**].
20:41:37.262 [main] INFO  c.a.n.c.r.client - [lambda$createClient$0,80] - [RpcClientFactory] create a new rpc client of 156aabdb-ee9d-4d2a-86ec-018c0405bfc4
20:41:37.262 [main] INFO  c.a.n.c.r.client - [printIfInfoEnabled,60] - [156aabdb-ee9d-4d2a-86ec-018c0405bfc4] RpcClient init label, labels = {module=naming, source=sdk}
20:41:37.264 [main] INFO  c.a.n.c.r.client - [printIfInfoEnabled,60] - [156aabdb-ee9d-4d2a-86ec-018c0405bfc4] RpcClient init, ServerListFactory = com.alibaba.nacos.client.naming.core.ServerListManager
20:41:37.265 [main] INFO  c.a.n.c.r.client - [printIfInfoEnabled,60] - [156aabdb-ee9d-4d2a-86ec-018c0405bfc4] Registry connection listener to current client:com.alibaba.nacos.client.naming.remote.gprc.redo.NamingGrpcRedoService
20:41:37.265 [main] INFO  c.a.n.c.r.client - [printIfInfoEnabled,60] - [156aabdb-ee9d-4d2a-86ec-018c0405bfc4] Register server push request handler:com.alibaba.nacos.client.naming.remote.gprc.NamingPushRequestHandler
20:41:37.266 [main] INFO  c.a.n.c.r.client - [printIfInfoEnabled,60] - [156aabdb-ee9d-4d2a-86ec-018c0405bfc4] Try to connect to server on start up, server: {serverIp = '192.168.56.10', server main port = 8848}
20:41:37.391 [main] INFO  c.a.n.c.r.client - [printIfInfoEnabled,60] - [156aabdb-ee9d-4d2a-86ec-018c0405bfc4] Success to connect to server [192.168.56.10:8848] on start up, connectionId = 1654173699218_192.168.56.1_11365
20:41:37.391 [com.alibaba.nacos.client.remote.worker] INFO  c.a.n.c.r.client - [printIfInfoEnabled,60] - [156aabdb-ee9d-4d2a-86ec-018c0405bfc4] Notify connected event to listeners.
20:41:37.391 [main] INFO  c.a.n.c.r.client - [printIfInfoEnabled,60] - [156aabdb-ee9d-4d2a-86ec-018c0405bfc4] Register server push request handler:com.alibaba.nacos.common.remote.client.RpcClient$ConnectResetRequestHandler
20:41:37.392 [main] INFO  c.a.n.c.r.client - [printIfInfoEnabled,60] - [156aabdb-ee9d-4d2a-86ec-018c0405bfc4] Register server push request handler:com.alibaba.nacos.common.remote.client.RpcClient$$Lambda$342/1654015823
20:41:39.660 [main] INFO  o.a.c.h.Http11NioProtocol - [log,173] - Starting ProtocolHandler ["http-nio-9203"]
20:41:39.678 [main] INFO  c.a.c.n.r.NacosServiceRegistry - [register,75] - nacos registry, DEFAULT_GROUP yinsw-job 10.6.8.233:9203 register finished
20:41:40.201 [nacos-grpc-client-executor-6] INFO  c.a.n.c.r.client - [printIfInfoEnabled,60] - [156aabdb-ee9d-4d2a-86ec-018c0405bfc4] Receive server push request, request = NotifySubscriberRequest, requestId = 94
20:41:40.206 [nacos-grpc-client-executor-6] INFO  c.a.n.c.r.client - [printIfInfoEnabled,60] - [156aabdb-ee9d-4d2a-86ec-018c0405bfc4] Ack server push request, request = NotifySubscriberRequest, requestId = 94
20:41:40.545 [main] INFO  c.y.j.YinswJobApplication - [logStarted,61] - Started YinswJobApplication in 15.596 seconds (JVM running for 16.641)
20:41:40.695 [http-nio-9203-exec-1] INFO  o.a.c.c.C.[.[.[/] - [log,173] - Initializing Spring DispatcherServlet 'dispatcherServlet'
20:41:41.543 [Quartz Scheduler [yinswScheduler]] INFO  o.q.c.QuartzScheduler - [start,547] - Scheduler yinswScheduler_$_DESKTOP-C19PSU21654173694035 started.
21:43:50.026 [SpringApplicationShutdownHook] INFO  o.q.c.QuartzScheduler - [standby,585] - Scheduler yinswScheduler_$_DESKTOP-C19PSU21654173694035 paused.
21:43:50.425 [SpringApplicationShutdownHook] INFO  c.a.c.n.r.NacosServiceRegistry - [deregister,90] - De-registering from Nacos Server now...
21:43:50.429 [SpringApplicationShutdownHook] INFO  c.a.c.n.r.NacosServiceRegistry - [deregister,110] - De-registration finished.
21:43:50.736 [SpringApplicationShutdownHook] INFO  c.a.n.c.r.client - [shutdown,454] - Shutdown rpc client, set status to shutdown
21:43:50.736 [SpringApplicationShutdownHook] INFO  c.a.n.c.r.client - [shutdown,456] - Shutdown client event executor java.util.concurrent.ScheduledThreadPoolExecutor@2a1b89c3[Running, pool size = 2, active threads = 2, queued tasks = 0, completed tasks = 0]
21:43:50.736 [SpringApplicationShutdownHook] INFO  c.a.n.c.r.client - [closeConnection,591] - Close current connection 1654173699218_192.168.56.1_11365
21:43:50.737 [nacos-grpc-client-executor-797] INFO  c.a.n.c.r.c.g.GrpcClient - [printIfInfoEnabled,60] - [1654173699218_192.168.56.1_11365]Ignore complete event,isRunning:false,isAbandon=false
21:43:50.739 [SpringApplicationShutdownHook] INFO  c.a.n.c.r.c.g.GrpcClient - [shutdown,85] - Shutdown grpc executor java.util.concurrent.ThreadPoolExecutor@d5f943d[Running, pool size = 5, active threads = 0, queued tasks = 0, completed tasks = 798]
21:43:50.986 [SpringApplicationShutdownHook] INFO  o.q.c.QuartzScheduler - [shutdown,666] - Scheduler yinswScheduler_$_DESKTOP-C19PSU21654173694035 shutting down.
21:43:50.986 [SpringApplicationShutdownHook] INFO  o.q.c.QuartzScheduler - [standby,585] - Scheduler yinswScheduler_$_DESKTOP-C19PSU21654173694035 paused.
21:43:50.987 [SpringApplicationShutdownHook] INFO  o.q.c.QuartzScheduler - [shutdown,740] - Scheduler yinswScheduler_$_DESKTOP-C19PSU21654173694035 shutdown complete.
21:43:50.987 [SpringApplicationShutdownHook] INFO  c.z.h.HikariDataSource - [close,350] - HikariPool-1 - Shutdown initiated...
21:43:50.991 [SpringApplicationShutdownHook] INFO  c.z.h.HikariDataSource - [close,352] - HikariPool-1 - Shutdown completed.
