10:29:26.233 [background-preinit] INFO  o.h.v.i.util.Version - [<clinit>,21] - HV000001: Hibernate Validator 6.2.0.Final
10:29:27.911 [main] INFO  c.a.n.c.r.client - [lambda$createClient$0,80] - [RpcClientFactory] create a new rpc client of 21b55bcd-2f8d-4b06-a770-54b8ae82f5e6_config-0
10:29:27.956 [main] INFO  o.r.Reflections - [scan,232] - Reflections took 28 ms to scan 1 urls, producing 3 keys and 6 values 
10:29:27.989 [main] INFO  o.r.Reflections - [scan,232] - Reflections took 21 ms to scan 1 urls, producing 4 keys and 9 values 
10:29:28.003 [main] INFO  o.r.Reflections - [scan,232] - Reflections took 12 ms to scan 1 urls, producing 3 keys and 10 values 
10:29:28.207 [main] INFO  o.r.Reflections - [scan,232] - Reflections took 200 ms to scan 197 urls, producing 0 keys and 0 values 
10:29:28.222 [main] INFO  o.r.Reflections - [scan,232] - Reflections took 14 ms to scan 1 urls, producing 1 keys and 5 values 
10:29:28.265 [main] INFO  o.r.Reflections - [scan,232] - Reflections took 42 ms to scan 1 urls, producing 1 keys and 7 values 
10:29:28.286 [main] INFO  o.r.Reflections - [scan,232] - Reflections took 18 ms to scan 1 urls, producing 2 keys and 8 values 
10:29:28.510 [main] INFO  o.r.Reflections - [scan,232] - Reflections took 219 ms to scan 197 urls, producing 0 keys and 0 values 
10:29:28.512 [main] INFO  c.a.n.c.r.client - [printIfInfoEnabled,60] - [21b55bcd-2f8d-4b06-a770-54b8ae82f5e6_config-0] RpcClient init label, labels = {module=config, Vipserver-Tag=null, source=sdk, Amory-Tag=null, Location-Tag=null, taskId=0, AppName=unknown}
10:29:28.513 [main] INFO  c.a.n.c.r.client - [printIfInfoEnabled,60] - [21b55bcd-2f8d-4b06-a770-54b8ae82f5e6_config-0] Register server push request handler:com.alibaba.nacos.client.config.impl.ClientWorker$ConfigRpcTransportClient$$Lambda$332/837946527
10:29:28.514 [main] INFO  c.a.n.c.r.client - [printIfInfoEnabled,60] - [21b55bcd-2f8d-4b06-a770-54b8ae82f5e6_config-0] Register server push request handler:com.alibaba.nacos.client.config.impl.ClientWorker$ConfigRpcTransportClient$$Lambda$333/256139608
10:29:28.515 [main] INFO  c.a.n.c.r.client - [printIfInfoEnabled,60] - [21b55bcd-2f8d-4b06-a770-54b8ae82f5e6_config-0] Registry connection listener to current client:com.alibaba.nacos.client.config.impl.ClientWorker$ConfigRpcTransportClient$1
10:29:28.516 [main] INFO  c.a.n.c.r.client - [printIfInfoEnabled,60] - [21b55bcd-2f8d-4b06-a770-54b8ae82f5e6_config-0] RpcClient init, ServerListFactory = com.alibaba.nacos.client.config.impl.ClientWorker$ConfigRpcTransportClient$2
10:29:28.527 [main] INFO  c.a.n.c.r.client - [printIfInfoEnabled,60] - [21b55bcd-2f8d-4b06-a770-54b8ae82f5e6_config-0] Try to connect to server on start up, server: {serverIp = '192.168.56.10', server main port = 8848}
10:29:32.216 [main] INFO  c.a.n.c.r.client - [printIfInfoEnabled,60] - [21b55bcd-2f8d-4b06-a770-54b8ae82f5e6_config-0] Success to connect to server [192.168.56.10:8848] on start up, connectionId = 1653532172561_192.168.56.1_5350
10:29:32.218 [main] INFO  c.a.n.c.r.client - [printIfInfoEnabled,60] - [21b55bcd-2f8d-4b06-a770-54b8ae82f5e6_config-0] Register server push request handler:com.alibaba.nacos.common.remote.client.RpcClient$ConnectResetRequestHandler
10:29:32.218 [main] INFO  c.a.n.c.r.client - [printIfInfoEnabled,60] - [21b55bcd-2f8d-4b06-a770-54b8ae82f5e6_config-0] Register server push request handler:com.alibaba.nacos.common.remote.client.RpcClient$$Lambda$342/622043416
10:29:32.218 [com.alibaba.nacos.client.remote.worker] INFO  c.a.n.c.r.client - [printIfInfoEnabled,60] - [21b55bcd-2f8d-4b06-a770-54b8ae82f5e6_config-0] Notify connected event to listeners.
10:29:32.339 [main] INFO  c.y.j.YinswJobApplication - [logStartupProfileInfo,639] - The following profiles are active: dev
10:29:35.811 [main] INFO  o.a.c.h.Http11NioProtocol - [log,173] - Initializing ProtocolHandler ["http-nio-9203"]
10:29:35.811 [main] INFO  o.a.c.c.StandardService - [log,173] - Starting service [Tomcat]
10:29:35.811 [main] INFO  o.a.c.c.StandardEngine - [log,173] - Starting Servlet engine: [Apache Tomcat/9.0.56]
10:29:35.982 [main] INFO  o.a.c.c.C.[.[.[/] - [log,173] - Initializing Spring embedded WebApplicationContext
10:29:36.562 [main] INFO  o.q.i.StdSchedulerFactory - [instantiate,1220] - Using default implementation for ThreadExecutor
10:29:36.583 [main] INFO  o.q.c.SchedulerSignalerImpl - [<init>,61] - Initialized Scheduler Signaller of type: class org.quartz.core.SchedulerSignalerImpl
10:29:36.584 [main] INFO  o.q.c.QuartzScheduler - [<init>,229] - Quartz Scheduler v.2.3.2 created.
10:29:36.595 [main] INFO  c.z.h.HikariDataSource - [getConnection,110] - HikariPool-1 - Starting...
10:29:37.780 [main] INFO  c.z.h.HikariDataSource - [getConnection,123] - HikariPool-1 - Start completed.
10:29:37.791 [main] INFO  o.q.c.QuartzScheduler - [initialize,294] - Scheduler meta-data: Quartz Scheduler (v2.3.2) 'yinswScheduler' with instanceId 'DESKTOP-C19PSU21653532176568'
  Scheduler class: 'org.quartz.core.QuartzScheduler' - running locally.
  NOT STARTED.
  Currently in standby mode.
  Number of jobs executed: 0
  Using thread pool 'org.quartz.simpl.SimpleThreadPool' - with 20 threads.
  Using job-store 'org.springframework.scheduling.quartz.LocalDataSourceJobStore' - which supports persistence. and is clustered.

10:29:37.791 [main] INFO  o.q.i.StdSchedulerFactory - [instantiate,1374] - Quartz scheduler 'yinswScheduler' initialized from an externally provided properties instance.
10:29:37.792 [main] INFO  o.q.i.StdSchedulerFactory - [instantiate,1378] - Quartz scheduler version: 2.3.2
10:29:37.794 [main] INFO  o.q.c.QuartzScheduler - [setJobFactory,2293] - JobFactory set to: org.springframework.scheduling.quartz.AdaptableJobFactory@7b6854b5
10:29:39.337 [main] INFO  c.a.c.s.SentinelWebAutoConfiguration - [addInterceptors,80] - [Sentinel Starter] register SentinelWebInterceptor with urlPatterns: [/**].
10:29:40.804 [main] INFO  c.a.n.c.r.client - [lambda$createClient$0,80] - [RpcClientFactory] create a new rpc client of e1755800-8a7d-4ebe-bdb9-ae926b1eb8e6
10:29:40.805 [main] INFO  c.a.n.c.r.client - [printIfInfoEnabled,60] - [e1755800-8a7d-4ebe-bdb9-ae926b1eb8e6] RpcClient init label, labels = {module=naming, source=sdk}
10:29:40.808 [main] INFO  c.a.n.c.r.client - [printIfInfoEnabled,60] - [e1755800-8a7d-4ebe-bdb9-ae926b1eb8e6] RpcClient init, ServerListFactory = com.alibaba.nacos.client.naming.core.ServerListManager
10:29:40.808 [main] INFO  c.a.n.c.r.client - [printIfInfoEnabled,60] - [e1755800-8a7d-4ebe-bdb9-ae926b1eb8e6] Registry connection listener to current client:com.alibaba.nacos.client.naming.remote.gprc.redo.NamingGrpcRedoService
10:29:40.809 [main] INFO  c.a.n.c.r.client - [printIfInfoEnabled,60] - [e1755800-8a7d-4ebe-bdb9-ae926b1eb8e6] Register server push request handler:com.alibaba.nacos.client.naming.remote.gprc.NamingPushRequestHandler
10:29:40.811 [main] INFO  c.a.n.c.r.client - [printIfInfoEnabled,60] - [e1755800-8a7d-4ebe-bdb9-ae926b1eb8e6] Try to connect to server on start up, server: {serverIp = '192.168.56.10', server main port = 8848}
10:29:40.931 [main] INFO  c.a.n.c.r.client - [printIfInfoEnabled,60] - [e1755800-8a7d-4ebe-bdb9-ae926b1eb8e6] Success to connect to server [192.168.56.10:8848] on start up, connectionId = 1653532181427_192.168.56.1_5646
10:29:40.931 [com.alibaba.nacos.client.remote.worker] INFO  c.a.n.c.r.client - [printIfInfoEnabled,60] - [e1755800-8a7d-4ebe-bdb9-ae926b1eb8e6] Notify connected event to listeners.
10:29:40.931 [main] INFO  c.a.n.c.r.client - [printIfInfoEnabled,60] - [e1755800-8a7d-4ebe-bdb9-ae926b1eb8e6] Register server push request handler:com.alibaba.nacos.common.remote.client.RpcClient$ConnectResetRequestHandler
10:29:40.932 [main] INFO  c.a.n.c.r.client - [printIfInfoEnabled,60] - [e1755800-8a7d-4ebe-bdb9-ae926b1eb8e6] Register server push request handler:com.alibaba.nacos.common.remote.client.RpcClient$$Lambda$342/622043416
10:29:43.745 [main] INFO  o.a.c.h.Http11NioProtocol - [log,173] - Starting ProtocolHandler ["http-nio-9203"]
10:29:43.773 [main] INFO  c.a.c.n.r.NacosServiceRegistry - [register,75] - nacos registry, DEFAULT_GROUP yinsw-job 10.1.67.15:9203 register finished
10:29:44.252 [nacos-grpc-client-executor-8] INFO  c.a.n.c.r.client - [printIfInfoEnabled,60] - [e1755800-8a7d-4ebe-bdb9-ae926b1eb8e6] Receive server push request, request = NotifySubscriberRequest, requestId = 8
10:29:44.255 [nacos-grpc-client-executor-8] INFO  c.a.n.c.r.client - [printIfInfoEnabled,60] - [e1755800-8a7d-4ebe-bdb9-ae926b1eb8e6] Ack server push request, request = NotifySubscriberRequest, requestId = 8
10:29:44.902 [main] INFO  c.y.j.YinswJobApplication - [logStarted,61] - Started YinswJobApplication in 20.804 seconds (JVM running for 22.227)
10:29:45.778 [RMI TCP Connection(9)-192.168.56.1] INFO  o.a.c.c.C.[.[.[/] - [log,173] - Initializing Spring DispatcherServlet 'dispatcherServlet'
10:29:45.915 [Quartz Scheduler [yinswScheduler]] INFO  o.q.c.QuartzScheduler - [start,547] - Scheduler yinswScheduler_$_DESKTOP-C19PSU21653532176568 started.
10:48:20.201 [background-preinit] INFO  o.h.v.i.util.Version - [<clinit>,21] - HV000001: Hibernate Validator 6.2.0.Final
10:48:21.864 [main] INFO  c.a.n.c.r.client - [lambda$createClient$0,80] - [RpcClientFactory] create a new rpc client of b04d8494-980a-4204-923b-3ece2b59f407_config-0
10:48:21.914 [main] INFO  o.r.Reflections - [scan,232] - Reflections took 32 ms to scan 1 urls, producing 3 keys and 6 values 
10:48:21.955 [main] INFO  o.r.Reflections - [scan,232] - Reflections took 26 ms to scan 1 urls, producing 4 keys and 9 values 
10:48:21.970 [main] INFO  o.r.Reflections - [scan,232] - Reflections took 13 ms to scan 1 urls, producing 3 keys and 10 values 
10:48:22.310 [main] INFO  o.r.Reflections - [scan,232] - Reflections took 337 ms to scan 197 urls, producing 0 keys and 0 values 
10:48:22.324 [main] INFO  o.r.Reflections - [scan,232] - Reflections took 13 ms to scan 1 urls, producing 1 keys and 5 values 
10:48:22.349 [main] INFO  o.r.Reflections - [scan,232] - Reflections took 22 ms to scan 1 urls, producing 1 keys and 7 values 
10:48:22.363 [main] INFO  o.r.Reflections - [scan,232] - Reflections took 11 ms to scan 1 urls, producing 2 keys and 8 values 
10:48:22.604 [main] INFO  o.r.Reflections - [scan,232] - Reflections took 236 ms to scan 197 urls, producing 0 keys and 0 values 
10:48:22.608 [main] INFO  c.a.n.c.r.client - [printIfInfoEnabled,60] - [b04d8494-980a-4204-923b-3ece2b59f407_config-0] RpcClient init label, labels = {module=config, Vipserver-Tag=null, source=sdk, Amory-Tag=null, Location-Tag=null, taskId=0, AppName=unknown}
10:48:22.609 [main] INFO  c.a.n.c.r.client - [printIfInfoEnabled,60] - [b04d8494-980a-4204-923b-3ece2b59f407_config-0] Register server push request handler:com.alibaba.nacos.client.config.impl.ClientWorker$ConfigRpcTransportClient$$Lambda$332/142302025
10:48:22.609 [main] INFO  c.a.n.c.r.client - [printIfInfoEnabled,60] - [b04d8494-980a-4204-923b-3ece2b59f407_config-0] Register server push request handler:com.alibaba.nacos.client.config.impl.ClientWorker$ConfigRpcTransportClient$$Lambda$333/1249547869
10:48:22.611 [main] INFO  c.a.n.c.r.client - [printIfInfoEnabled,60] - [b04d8494-980a-4204-923b-3ece2b59f407_config-0] Registry connection listener to current client:com.alibaba.nacos.client.config.impl.ClientWorker$ConfigRpcTransportClient$1
10:48:22.612 [main] INFO  c.a.n.c.r.client - [printIfInfoEnabled,60] - [b04d8494-980a-4204-923b-3ece2b59f407_config-0] RpcClient init, ServerListFactory = com.alibaba.nacos.client.config.impl.ClientWorker$ConfigRpcTransportClient$2
10:48:22.624 [main] INFO  c.a.n.c.r.client - [printIfInfoEnabled,60] - [b04d8494-980a-4204-923b-3ece2b59f407_config-0] Try to connect to server on start up, server: {serverIp = '192.168.56.10', server main port = 8848}
10:48:26.258 [main] INFO  c.a.n.c.r.client - [printIfInfoEnabled,60] - [b04d8494-980a-4204-923b-3ece2b59f407_config-0] Success to connect to server [192.168.56.10:8848] on start up, connectionId = 1653533306807_192.168.56.1_2587
10:48:26.259 [com.alibaba.nacos.client.remote.worker] INFO  c.a.n.c.r.client - [printIfInfoEnabled,60] - [b04d8494-980a-4204-923b-3ece2b59f407_config-0] Notify connected event to listeners.
10:48:26.260 [main] INFO  c.a.n.c.r.client - [printIfInfoEnabled,60] - [b04d8494-980a-4204-923b-3ece2b59f407_config-0] Register server push request handler:com.alibaba.nacos.common.remote.client.RpcClient$ConnectResetRequestHandler
10:48:26.261 [main] INFO  c.a.n.c.r.client - [printIfInfoEnabled,60] - [b04d8494-980a-4204-923b-3ece2b59f407_config-0] Register server push request handler:com.alibaba.nacos.common.remote.client.RpcClient$$Lambda$342/1052658892
10:48:26.376 [main] INFO  c.y.j.YinswJobApplication - [logStartupProfileInfo,639] - The following profiles are active: dev
10:48:29.847 [main] INFO  o.a.c.h.Http11NioProtocol - [log,173] - Initializing ProtocolHandler ["http-nio-9203"]
10:48:29.848 [main] INFO  o.a.c.c.StandardService - [log,173] - Starting service [Tomcat]
10:48:29.848 [main] INFO  o.a.c.c.StandardEngine - [log,173] - Starting Servlet engine: [Apache Tomcat/9.0.56]
10:48:29.979 [main] INFO  o.a.c.c.C.[.[.[/] - [log,173] - Initializing Spring embedded WebApplicationContext
10:48:30.416 [main] INFO  o.q.i.StdSchedulerFactory - [instantiate,1220] - Using default implementation for ThreadExecutor
10:48:30.427 [main] INFO  o.q.c.SchedulerSignalerImpl - [<init>,61] - Initialized Scheduler Signaller of type: class org.quartz.core.SchedulerSignalerImpl
10:48:30.428 [main] INFO  o.q.c.QuartzScheduler - [<init>,229] - Quartz Scheduler v.2.3.2 created.
10:48:30.436 [main] INFO  c.z.h.HikariDataSource - [getConnection,110] - HikariPool-1 - Starting...
10:48:31.332 [main] INFO  c.z.h.HikariDataSource - [getConnection,123] - HikariPool-1 - Start completed.
10:48:31.344 [main] INFO  o.q.c.QuartzScheduler - [initialize,294] - Scheduler meta-data: Quartz Scheduler (v2.3.2) 'yinswScheduler' with instanceId 'DESKTOP-C19PSU21653533310418'
  Scheduler class: 'org.quartz.core.QuartzScheduler' - running locally.
  NOT STARTED.
  Currently in standby mode.
  Number of jobs executed: 0
  Using thread pool 'org.quartz.simpl.SimpleThreadPool' - with 20 threads.
  Using job-store 'org.springframework.scheduling.quartz.LocalDataSourceJobStore' - which supports persistence. and is clustered.

10:48:31.344 [main] INFO  o.q.i.StdSchedulerFactory - [instantiate,1374] - Quartz scheduler 'yinswScheduler' initialized from an externally provided properties instance.
10:48:31.344 [main] INFO  o.q.i.StdSchedulerFactory - [instantiate,1378] - Quartz scheduler version: 2.3.2
10:48:31.346 [main] INFO  o.q.c.QuartzScheduler - [setJobFactory,2293] - JobFactory set to: org.springframework.scheduling.quartz.AdaptableJobFactory@665f88e1
10:48:32.548 [main] INFO  c.a.c.s.SentinelWebAutoConfiguration - [addInterceptors,80] - [Sentinel Starter] register SentinelWebInterceptor with urlPatterns: [/**].
10:48:33.854 [main] INFO  c.a.n.c.r.client - [lambda$createClient$0,80] - [RpcClientFactory] create a new rpc client of a35a5041-2648-40bb-8a66-4752e289a9c2
10:48:33.855 [main] INFO  c.a.n.c.r.client - [printIfInfoEnabled,60] - [a35a5041-2648-40bb-8a66-4752e289a9c2] RpcClient init label, labels = {module=naming, source=sdk}
10:48:33.857 [main] INFO  c.a.n.c.r.client - [printIfInfoEnabled,60] - [a35a5041-2648-40bb-8a66-4752e289a9c2] RpcClient init, ServerListFactory = com.alibaba.nacos.client.naming.core.ServerListManager
10:48:33.857 [main] INFO  c.a.n.c.r.client - [printIfInfoEnabled,60] - [a35a5041-2648-40bb-8a66-4752e289a9c2] Registry connection listener to current client:com.alibaba.nacos.client.naming.remote.gprc.redo.NamingGrpcRedoService
10:48:33.858 [main] INFO  c.a.n.c.r.client - [printIfInfoEnabled,60] - [a35a5041-2648-40bb-8a66-4752e289a9c2] Register server push request handler:com.alibaba.nacos.client.naming.remote.gprc.NamingPushRequestHandler
10:48:33.858 [main] INFO  c.a.n.c.r.client - [printIfInfoEnabled,60] - [a35a5041-2648-40bb-8a66-4752e289a9c2] Try to connect to server on start up, server: {serverIp = '192.168.56.10', server main port = 8848}
10:48:33.968 [main] INFO  c.a.n.c.r.client - [printIfInfoEnabled,60] - [a35a5041-2648-40bb-8a66-4752e289a9c2] Success to connect to server [192.168.56.10:8848] on start up, connectionId = 1653533314648_192.168.56.1_2857
10:48:33.968 [com.alibaba.nacos.client.remote.worker] INFO  c.a.n.c.r.client - [printIfInfoEnabled,60] - [a35a5041-2648-40bb-8a66-4752e289a9c2] Notify connected event to listeners.
10:48:33.968 [main] INFO  c.a.n.c.r.client - [printIfInfoEnabled,60] - [a35a5041-2648-40bb-8a66-4752e289a9c2] Register server push request handler:com.alibaba.nacos.common.remote.client.RpcClient$ConnectResetRequestHandler
10:48:33.969 [main] INFO  c.a.n.c.r.client - [printIfInfoEnabled,60] - [a35a5041-2648-40bb-8a66-4752e289a9c2] Register server push request handler:com.alibaba.nacos.common.remote.client.RpcClient$$Lambda$342/1052658892
10:48:36.747 [main] INFO  o.a.c.h.Http11NioProtocol - [log,173] - Starting ProtocolHandler ["http-nio-9203"]
10:48:36.781 [main] INFO  c.a.c.n.r.NacosServiceRegistry - [register,75] - nacos registry, DEFAULT_GROUP yinsw-job 10.1.67.15:9203 register finished
10:48:37.280 [nacos-grpc-client-executor-6] INFO  c.a.n.c.r.client - [printIfInfoEnabled,60] - [a35a5041-2648-40bb-8a66-4752e289a9c2] Receive server push request, request = NotifySubscriberRequest, requestId = 10
10:48:37.283 [nacos-grpc-client-executor-6] INFO  c.a.n.c.r.client - [printIfInfoEnabled,60] - [a35a5041-2648-40bb-8a66-4752e289a9c2] Ack server push request, request = NotifySubscriberRequest, requestId = 10
10:48:37.770 [http-nio-9203-exec-1] INFO  o.a.c.c.C.[.[.[/] - [log,173] - Initializing Spring DispatcherServlet 'dispatcherServlet'
10:48:38.053 [main] INFO  c.y.j.YinswJobApplication - [logStarted,61] - Started YinswJobApplication in 19.227 seconds (JVM running for 20.999)
10:48:39.062 [Quartz Scheduler [yinswScheduler]] INFO  o.q.c.QuartzScheduler - [start,547] - Scheduler yinswScheduler_$_DESKTOP-C19PSU21653533310418 started.
13:43:06.261 [SpringApplicationShutdownHook] INFO  o.q.c.QuartzScheduler - [standby,585] - Scheduler yinswScheduler_$_DESKTOP-C19PSU21653533310418 paused.
13:43:06.803 [SpringApplicationShutdownHook] INFO  c.a.c.n.r.NacosServiceRegistry - [deregister,90] - De-registering from Nacos Server now...
13:43:06.805 [SpringApplicationShutdownHook] INFO  c.a.c.n.r.NacosServiceRegistry - [deregister,110] - De-registration finished.
13:43:07.112 [SpringApplicationShutdownHook] INFO  c.a.n.c.r.client - [shutdown,454] - Shutdown rpc client, set status to shutdown
13:43:07.112 [SpringApplicationShutdownHook] INFO  c.a.n.c.r.client - [shutdown,456] - Shutdown client event executor java.util.concurrent.ScheduledThreadPoolExecutor@7f12843e[Running, pool size = 2, active threads = 2, queued tasks = 0, completed tasks = 0]
13:43:07.112 [SpringApplicationShutdownHook] INFO  c.a.n.c.r.client - [closeConnection,591] - Close current connection 1653533314648_192.168.56.1_2857
13:43:07.113 [nacos-grpc-client-executor-2151] INFO  c.a.n.c.r.c.g.GrpcClient - [printIfInfoEnabled,60] - [1653533314648_192.168.56.1_2857]Ignore complete event,isRunning:false,isAbandon=false
13:43:07.115 [SpringApplicationShutdownHook] INFO  c.a.n.c.r.c.g.GrpcClient - [shutdown,85] - Shutdown grpc executor java.util.concurrent.ThreadPoolExecutor@35468e0c[Running, pool size = 4, active threads = 0, queued tasks = 0, completed tasks = 2152]
13:43:07.238 [SpringApplicationShutdownHook] INFO  o.q.c.QuartzScheduler - [shutdown,666] - Scheduler yinswScheduler_$_DESKTOP-C19PSU21653533310418 shutting down.
13:43:07.238 [SpringApplicationShutdownHook] INFO  o.q.c.QuartzScheduler - [standby,585] - Scheduler yinswScheduler_$_DESKTOP-C19PSU21653533310418 paused.
13:43:07.239 [SpringApplicationShutdownHook] INFO  o.q.c.QuartzScheduler - [shutdown,740] - Scheduler yinswScheduler_$_DESKTOP-C19PSU21653533310418 shutdown complete.
13:43:07.239 [SpringApplicationShutdownHook] INFO  c.z.h.HikariDataSource - [close,350] - HikariPool-1 - Shutdown initiated...
13:43:07.243 [SpringApplicationShutdownHook] INFO  c.z.h.HikariDataSource - [close,352] - HikariPool-1 - Shutdown completed.
15:31:32.827 [background-preinit] INFO  o.h.v.i.util.Version - [<clinit>,21] - HV000001: Hibernate Validator 6.2.0.Final
15:31:34.035 [main] INFO  c.a.n.c.r.client - [lambda$createClient$0,80] - [RpcClientFactory] create a new rpc client of c7a75b23-f27d-43a9-87b2-049b37f262d7_config-0
15:31:34.078 [main] INFO  o.r.Reflections - [scan,232] - Reflections took 26 ms to scan 1 urls, producing 3 keys and 6 values 
15:31:34.114 [main] INFO  o.r.Reflections - [scan,232] - Reflections took 24 ms to scan 1 urls, producing 4 keys and 9 values 
15:31:34.127 [main] INFO  o.r.Reflections - [scan,232] - Reflections took 11 ms to scan 1 urls, producing 3 keys and 10 values 
15:31:34.279 [main] INFO  o.r.Reflections - [scan,232] - Reflections took 149 ms to scan 197 urls, producing 0 keys and 0 values 
15:31:34.287 [main] INFO  o.r.Reflections - [scan,232] - Reflections took 7 ms to scan 1 urls, producing 1 keys and 5 values 
15:31:34.298 [main] INFO  o.r.Reflections - [scan,232] - Reflections took 9 ms to scan 1 urls, producing 1 keys and 7 values 
15:31:34.308 [main] INFO  o.r.Reflections - [scan,232] - Reflections took 8 ms to scan 1 urls, producing 2 keys and 8 values 
15:31:34.444 [main] INFO  o.r.Reflections - [scan,232] - Reflections took 134 ms to scan 197 urls, producing 0 keys and 0 values 
15:31:34.445 [main] INFO  c.a.n.c.r.client - [printIfInfoEnabled,60] - [c7a75b23-f27d-43a9-87b2-049b37f262d7_config-0] RpcClient init label, labels = {module=config, Vipserver-Tag=null, source=sdk, Amory-Tag=null, Location-Tag=null, taskId=0, AppName=unknown}
15:31:34.445 [main] INFO  c.a.n.c.r.client - [printIfInfoEnabled,60] - [c7a75b23-f27d-43a9-87b2-049b37f262d7_config-0] Register server push request handler:com.alibaba.nacos.client.config.impl.ClientWorker$ConfigRpcTransportClient$$Lambda$332/28010264
15:31:34.446 [main] INFO  c.a.n.c.r.client - [printIfInfoEnabled,60] - [c7a75b23-f27d-43a9-87b2-049b37f262d7_config-0] Register server push request handler:com.alibaba.nacos.client.config.impl.ClientWorker$ConfigRpcTransportClient$$Lambda$333/957414929
15:31:34.446 [main] INFO  c.a.n.c.r.client - [printIfInfoEnabled,60] - [c7a75b23-f27d-43a9-87b2-049b37f262d7_config-0] Registry connection listener to current client:com.alibaba.nacos.client.config.impl.ClientWorker$ConfigRpcTransportClient$1
15:31:34.447 [main] INFO  c.a.n.c.r.client - [printIfInfoEnabled,60] - [c7a75b23-f27d-43a9-87b2-049b37f262d7_config-0] RpcClient init, ServerListFactory = com.alibaba.nacos.client.config.impl.ClientWorker$ConfigRpcTransportClient$2
15:31:34.453 [main] INFO  c.a.n.c.r.client - [printIfInfoEnabled,60] - [c7a75b23-f27d-43a9-87b2-049b37f262d7_config-0] Try to connect to server on start up, server: {serverIp = '192.168.56.10', server main port = 8848}
15:31:36.890 [main] INFO  c.a.n.c.r.client - [printIfInfoEnabled,60] - [c7a75b23-f27d-43a9-87b2-049b37f262d7_config-0] Success to connect to server [192.168.56.10:8848] on start up, connectionId = 1653550297806_192.168.56.1_1184
15:31:36.890 [com.alibaba.nacos.client.remote.worker] INFO  c.a.n.c.r.client - [printIfInfoEnabled,60] - [c7a75b23-f27d-43a9-87b2-049b37f262d7_config-0] Notify connected event to listeners.
15:31:36.891 [main] INFO  c.a.n.c.r.client - [printIfInfoEnabled,60] - [c7a75b23-f27d-43a9-87b2-049b37f262d7_config-0] Register server push request handler:com.alibaba.nacos.common.remote.client.RpcClient$ConnectResetRequestHandler
15:31:36.891 [main] INFO  c.a.n.c.r.client - [printIfInfoEnabled,60] - [c7a75b23-f27d-43a9-87b2-049b37f262d7_config-0] Register server push request handler:com.alibaba.nacos.common.remote.client.RpcClient$$Lambda$342/1403495948
15:31:36.963 [main] INFO  c.y.j.YinswJobApplication - [logStartupProfileInfo,639] - The following profiles are active: dev
15:31:39.229 [main] INFO  o.a.c.h.Http11NioProtocol - [log,173] - Initializing ProtocolHandler ["http-nio-9203"]
15:31:39.230 [main] INFO  o.a.c.c.StandardService - [log,173] - Starting service [Tomcat]
15:31:39.230 [main] INFO  o.a.c.c.StandardEngine - [log,173] - Starting Servlet engine: [Apache Tomcat/9.0.56]
15:31:39.333 [main] INFO  o.a.c.c.C.[.[.[/] - [log,173] - Initializing Spring embedded WebApplicationContext
15:31:39.595 [main] INFO  o.q.i.StdSchedulerFactory - [instantiate,1220] - Using default implementation for ThreadExecutor
15:31:39.603 [main] INFO  o.q.c.SchedulerSignalerImpl - [<init>,61] - Initialized Scheduler Signaller of type: class org.quartz.core.SchedulerSignalerImpl
15:31:39.604 [main] INFO  o.q.c.QuartzScheduler - [<init>,229] - Quartz Scheduler v.2.3.2 created.
15:31:39.609 [main] INFO  c.z.h.HikariDataSource - [getConnection,110] - HikariPool-1 - Starting...
15:31:40.302 [main] INFO  c.z.h.HikariDataSource - [getConnection,123] - HikariPool-1 - Start completed.
15:31:40.313 [main] INFO  o.q.c.QuartzScheduler - [initialize,294] - Scheduler meta-data: Quartz Scheduler (v2.3.2) 'yinswScheduler' with instanceId 'DESKTOP-C19PSU21653550299596'
  Scheduler class: 'org.quartz.core.QuartzScheduler' - running locally.
  NOT STARTED.
  Currently in standby mode.
  Number of jobs executed: 0
  Using thread pool 'org.quartz.simpl.SimpleThreadPool' - with 20 threads.
  Using job-store 'org.springframework.scheduling.quartz.LocalDataSourceJobStore' - which supports persistence. and is clustered.

15:31:40.313 [main] INFO  o.q.i.StdSchedulerFactory - [instantiate,1374] - Quartz scheduler 'yinswScheduler' initialized from an externally provided properties instance.
15:31:40.313 [main] INFO  o.q.i.StdSchedulerFactory - [instantiate,1378] - Quartz scheduler version: 2.3.2
15:31:40.315 [main] INFO  o.q.c.QuartzScheduler - [setJobFactory,2293] - JobFactory set to: org.springframework.scheduling.quartz.AdaptableJobFactory@3ebc6d8b
15:31:41.333 [main] INFO  c.a.c.s.SentinelWebAutoConfiguration - [addInterceptors,80] - [Sentinel Starter] register SentinelWebInterceptor with urlPatterns: [/**].
15:31:42.573 [main] INFO  c.a.n.c.r.client - [lambda$createClient$0,80] - [RpcClientFactory] create a new rpc client of b5f14e1c-3065-46a8-b1c1-79244ed01db2
15:31:42.573 [main] INFO  c.a.n.c.r.client - [printIfInfoEnabled,60] - [b5f14e1c-3065-46a8-b1c1-79244ed01db2] RpcClient init label, labels = {module=naming, source=sdk}
15:31:42.575 [main] INFO  c.a.n.c.r.client - [printIfInfoEnabled,60] - [b5f14e1c-3065-46a8-b1c1-79244ed01db2] RpcClient init, ServerListFactory = com.alibaba.nacos.client.naming.core.ServerListManager
15:31:42.576 [main] INFO  c.a.n.c.r.client - [printIfInfoEnabled,60] - [b5f14e1c-3065-46a8-b1c1-79244ed01db2] Registry connection listener to current client:com.alibaba.nacos.client.naming.remote.gprc.redo.NamingGrpcRedoService
15:31:42.577 [main] INFO  c.a.n.c.r.client - [printIfInfoEnabled,60] - [b5f14e1c-3065-46a8-b1c1-79244ed01db2] Register server push request handler:com.alibaba.nacos.client.naming.remote.gprc.NamingPushRequestHandler
15:31:42.577 [main] INFO  c.a.n.c.r.client - [printIfInfoEnabled,60] - [b5f14e1c-3065-46a8-b1c1-79244ed01db2] Try to connect to server on start up, server: {serverIp = '192.168.56.10', server main port = 8848}
15:31:42.689 [main] INFO  c.a.n.c.r.client - [printIfInfoEnabled,60] - [b5f14e1c-3065-46a8-b1c1-79244ed01db2] Success to connect to server [192.168.56.10:8848] on start up, connectionId = 1653550303701_192.168.56.1_1357
15:31:42.689 [com.alibaba.nacos.client.remote.worker] INFO  c.a.n.c.r.client - [printIfInfoEnabled,60] - [b5f14e1c-3065-46a8-b1c1-79244ed01db2] Notify connected event to listeners.
15:31:42.689 [main] INFO  c.a.n.c.r.client - [printIfInfoEnabled,60] - [b5f14e1c-3065-46a8-b1c1-79244ed01db2] Register server push request handler:com.alibaba.nacos.common.remote.client.RpcClient$ConnectResetRequestHandler
15:31:42.690 [main] INFO  c.a.n.c.r.client - [printIfInfoEnabled,60] - [b5f14e1c-3065-46a8-b1c1-79244ed01db2] Register server push request handler:com.alibaba.nacos.common.remote.client.RpcClient$$Lambda$342/1403495948
15:31:45.431 [main] INFO  o.a.c.h.Http11NioProtocol - [log,173] - Starting ProtocolHandler ["http-nio-9203"]
15:31:45.455 [main] INFO  c.a.c.n.r.NacosServiceRegistry - [register,75] - nacos registry, DEFAULT_GROUP yinsw-job 10.1.67.15:9203 register finished
15:31:46.006 [nacos-grpc-client-executor-6] INFO  c.a.n.c.r.client - [printIfInfoEnabled,60] - [b5f14e1c-3065-46a8-b1c1-79244ed01db2] Receive server push request, request = NotifySubscriberRequest, requestId = 8
15:31:46.009 [nacos-grpc-client-executor-6] INFO  c.a.n.c.r.client - [printIfInfoEnabled,60] - [b5f14e1c-3065-46a8-b1c1-79244ed01db2] Ack server push request, request = NotifySubscriberRequest, requestId = 8
15:31:46.532 [main] INFO  c.y.j.YinswJobApplication - [logStarted,61] - Started YinswJobApplication in 14.97 seconds (JVM running for 16.022)
15:31:47.533 [Quartz Scheduler [yinswScheduler]] INFO  o.q.c.QuartzScheduler - [start,547] - Scheduler yinswScheduler_$_DESKTOP-C19PSU21653550299596 started.
15:31:47.762 [RMI TCP Connection(6)-192.168.56.1] INFO  o.a.c.c.C.[.[.[/] - [log,173] - Initializing Spring DispatcherServlet 'dispatcherServlet'
18:28:52.291 [SpringApplicationShutdownHook] INFO  o.q.c.QuartzScheduler - [standby,585] - Scheduler yinswScheduler_$_DESKTOP-C19PSU21653550299596 paused.
18:28:52.908 [SpringApplicationShutdownHook] INFO  c.a.c.n.r.NacosServiceRegistry - [deregister,90] - De-registering from Nacos Server now...
18:28:52.910 [SpringApplicationShutdownHook] INFO  c.a.c.n.r.NacosServiceRegistry - [deregister,110] - De-registration finished.
18:28:53.216 [SpringApplicationShutdownHook] INFO  c.a.n.c.r.client - [shutdown,454] - Shutdown rpc client, set status to shutdown
18:28:53.216 [SpringApplicationShutdownHook] INFO  c.a.n.c.r.client - [shutdown,456] - Shutdown client event executor java.util.concurrent.ScheduledThreadPoolExecutor@3831ef1a[Running, pool size = 2, active threads = 2, queued tasks = 0, completed tasks = 0]
18:28:53.216 [SpringApplicationShutdownHook] INFO  c.a.n.c.r.client - [closeConnection,591] - Close current connection 1653550303701_192.168.56.1_1357
18:28:53.218 [nacos-grpc-client-executor-2295] INFO  c.a.n.c.r.c.g.GrpcClient - [printIfInfoEnabled,60] - [1653550303701_192.168.56.1_1357]Ignore complete event,isRunning:false,isAbandon=false
18:28:53.221 [SpringApplicationShutdownHook] INFO  c.a.n.c.r.c.g.GrpcClient - [shutdown,85] - Shutdown grpc executor java.util.concurrent.ThreadPoolExecutor@463114e4[Running, pool size = 5, active threads = 0, queued tasks = 0, completed tasks = 2296]
18:28:53.452 [SpringApplicationShutdownHook] INFO  o.q.c.QuartzScheduler - [shutdown,666] - Scheduler yinswScheduler_$_DESKTOP-C19PSU21653550299596 shutting down.
18:28:53.452 [SpringApplicationShutdownHook] INFO  o.q.c.QuartzScheduler - [standby,585] - Scheduler yinswScheduler_$_DESKTOP-C19PSU21653550299596 paused.
18:28:53.453 [SpringApplicationShutdownHook] INFO  o.q.c.QuartzScheduler - [shutdown,740] - Scheduler yinswScheduler_$_DESKTOP-C19PSU21653550299596 shutdown complete.
18:28:53.453 [SpringApplicationShutdownHook] INFO  c.z.h.HikariDataSource - [close,350] - HikariPool-1 - Shutdown initiated...
18:28:53.459 [SpringApplicationShutdownHook] INFO  c.z.h.HikariDataSource - [close,352] - HikariPool-1 - Shutdown completed.
