20:37:32.144 [background-preinit] INFO  o.h.v.i.util.Version - [<clinit>,21] - HV000001: Hibernate Validator 6.2.0.Final
20:37:33.305 [main] INFO  c.a.n.c.r.client - [lambda$createClient$0,80] - [RpcClientFactory] create a new rpc client of d7dc7f49-31f5-4676-aa93-d3002f8bfa74_config-0
20:37:33.361 [main] INFO  o.r.Reflections - [scan,232] - Reflections took 33 ms to scan 1 urls, producing 3 keys and 6 values 
20:37:33.412 [main] INFO  o.r.Reflections - [scan,232] - Reflections took 33 ms to scan 1 urls, producing 4 keys and 9 values 
20:37:33.432 [main] INFO  o.r.Reflections - [scan,232] - Reflections took 16 ms to scan 1 urls, producing 3 keys and 10 values 
20:37:33.620 [main] INFO  o.r.Reflections - [scan,232] - Reflections took 184 ms to scan 248 urls, producing 0 keys and 0 values 
20:37:33.629 [main] INFO  o.r.Reflections - [scan,232] - Reflections took 7 ms to scan 1 urls, producing 1 keys and 5 values 
20:37:33.644 [main] INFO  o.r.Reflections - [scan,232] - Reflections took 12 ms to scan 1 urls, producing 1 keys and 7 values 
20:37:33.658 [main] INFO  o.r.Reflections - [scan,232] - Reflections took 11 ms to scan 1 urls, producing 2 keys and 8 values 
20:37:33.805 [main] INFO  o.r.Reflections - [scan,232] - Reflections took 143 ms to scan 248 urls, producing 0 keys and 0 values 
20:37:33.807 [main] INFO  c.a.n.c.r.client - [printIfInfoEnabled,60] - [d7dc7f49-31f5-4676-aa93-d3002f8bfa74_config-0] RpcClient init label, labels = {module=config, Vipserver-Tag=null, source=sdk, Amory-Tag=null, Location-Tag=null, taskId=0, AppName=unknown}
20:37:33.811 [main] INFO  c.a.n.c.r.client - [printIfInfoEnabled,60] - [d7dc7f49-31f5-4676-aa93-d3002f8bfa74_config-0] Register server push request handler:com.alibaba.nacos.client.config.impl.ClientWorker$ConfigRpcTransportClient$$Lambda$332/1261321871
20:37:33.811 [main] INFO  c.a.n.c.r.client - [printIfInfoEnabled,60] - [d7dc7f49-31f5-4676-aa93-d3002f8bfa74_config-0] Register server push request handler:com.alibaba.nacos.client.config.impl.ClientWorker$ConfigRpcTransportClient$$Lambda$333/1270565296
20:37:33.813 [main] INFO  c.a.n.c.r.client - [printIfInfoEnabled,60] - [d7dc7f49-31f5-4676-aa93-d3002f8bfa74_config-0] Registry connection listener to current client:com.alibaba.nacos.client.config.impl.ClientWorker$ConfigRpcTransportClient$1
20:37:33.814 [main] INFO  c.a.n.c.r.client - [printIfInfoEnabled,60] - [d7dc7f49-31f5-4676-aa93-d3002f8bfa74_config-0] RpcClient init, ServerListFactory = com.alibaba.nacos.client.config.impl.ClientWorker$ConfigRpcTransportClient$2
20:37:33.823 [main] INFO  c.a.n.c.r.client - [printIfInfoEnabled,60] - [d7dc7f49-31f5-4676-aa93-d3002f8bfa74_config-0] Try to connect to server on start up, server: {serverIp = '192.168.56.10', server main port = 8848}
20:37:35.874 [main] INFO  c.a.n.c.r.client - [printIfInfoEnabled,60] - [d7dc7f49-31f5-4676-aa93-d3002f8bfa74_config-0] Success to connect to server [192.168.56.10:8848] on start up, connectionId = 1654173457596_192.168.56.1_9014
20:37:35.874 [com.alibaba.nacos.client.remote.worker] INFO  c.a.n.c.r.client - [printIfInfoEnabled,60] - [d7dc7f49-31f5-4676-aa93-d3002f8bfa74_config-0] Notify connected event to listeners.
20:37:35.875 [main] INFO  c.a.n.c.r.client - [printIfInfoEnabled,60] - [d7dc7f49-31f5-4676-aa93-d3002f8bfa74_config-0] Register server push request handler:com.alibaba.nacos.common.remote.client.RpcClient$ConnectResetRequestHandler
20:37:35.875 [main] INFO  c.a.n.c.r.client - [printIfInfoEnabled,60] - [d7dc7f49-31f5-4676-aa93-d3002f8bfa74_config-0] Register server push request handler:com.alibaba.nacos.common.remote.client.RpcClient$$Lambda$342/2085813377
20:37:35.977 [main] INFO  c.y.s.YinswSystemApplication - [logStartupProfileInfo,639] - The following profiles are active: dev
20:37:38.105 [main] INFO  o.a.c.h.Http11NioProtocol - [log,173] - Initializing ProtocolHandler ["http-nio-9201"]
20:37:38.106 [main] INFO  o.a.c.c.StandardService - [log,173] - Starting service [Tomcat]
20:37:38.106 [main] INFO  o.a.c.c.StandardEngine - [log,173] - Starting Servlet engine: [Apache Tomcat/9.0.56]
20:37:38.212 [main] INFO  o.a.c.c.C.[.[.[/] - [log,173] - Initializing Spring embedded WebApplicationContext
20:37:39.184 [main] INFO  c.a.d.p.DruidDataSource - [init,998] - {dataSource-1,master} inited
20:37:39.185 [main] INFO  c.b.d.d.DynamicRoutingDataSource - [addDataSource,148] - dynamic-datasource - add a datasource named [master] success
20:37:39.185 [main] INFO  c.b.d.d.DynamicRoutingDataSource - [afterPropertiesSet,228] - dynamic-datasource initial loaded [1] datasource,primary datasource named [master]
20:37:42.140 [main] INFO  c.a.c.s.SentinelWebAutoConfiguration - [addInterceptors,80] - [Sentinel Starter] register SentinelWebInterceptor with urlPatterns: [/**].
20:37:42.775 [main] INFO  c.a.n.c.r.client - [lambda$createClient$0,80] - [RpcClientFactory] create a new rpc client of 855d0da6-ec01-47ad-882e-af38497c54ab
20:37:42.776 [main] INFO  c.a.n.c.r.client - [printIfInfoEnabled,60] - [855d0da6-ec01-47ad-882e-af38497c54ab] RpcClient init label, labels = {module=naming, source=sdk}
20:37:42.777 [main] INFO  c.a.n.c.r.client - [printIfInfoEnabled,60] - [855d0da6-ec01-47ad-882e-af38497c54ab] RpcClient init, ServerListFactory = com.alibaba.nacos.client.naming.core.ServerListManager
20:37:42.777 [main] INFO  c.a.n.c.r.client - [printIfInfoEnabled,60] - [855d0da6-ec01-47ad-882e-af38497c54ab] Registry connection listener to current client:com.alibaba.nacos.client.naming.remote.gprc.redo.NamingGrpcRedoService
20:37:42.778 [main] INFO  c.a.n.c.r.client - [printIfInfoEnabled,60] - [855d0da6-ec01-47ad-882e-af38497c54ab] Register server push request handler:com.alibaba.nacos.client.naming.remote.gprc.NamingPushRequestHandler
20:37:42.778 [main] INFO  c.a.n.c.r.client - [printIfInfoEnabled,60] - [855d0da6-ec01-47ad-882e-af38497c54ab] Try to connect to server on start up, server: {serverIp = '192.168.56.10', server main port = 8848}
20:37:42.885 [main] INFO  c.a.n.c.r.client - [printIfInfoEnabled,60] - [855d0da6-ec01-47ad-882e-af38497c54ab] Success to connect to server [192.168.56.10:8848] on start up, connectionId = 1654173464725_192.168.56.1_9182
20:37:42.885 [com.alibaba.nacos.client.remote.worker] INFO  c.a.n.c.r.client - [printIfInfoEnabled,60] - [855d0da6-ec01-47ad-882e-af38497c54ab] Notify connected event to listeners.
20:37:42.885 [main] INFO  c.a.n.c.r.client - [printIfInfoEnabled,60] - [855d0da6-ec01-47ad-882e-af38497c54ab] Register server push request handler:com.alibaba.nacos.common.remote.client.RpcClient$ConnectResetRequestHandler
20:37:42.885 [main] INFO  c.a.n.c.r.client - [printIfInfoEnabled,60] - [855d0da6-ec01-47ad-882e-af38497c54ab] Register server push request handler:com.alibaba.nacos.common.remote.client.RpcClient$$Lambda$342/2085813377
20:37:44.753 [main] INFO  o.a.c.h.Http11NioProtocol - [log,173] - Starting ProtocolHandler ["http-nio-9201"]
20:37:45.263 [nacos-grpc-client-executor-5] INFO  c.a.n.c.r.client - [printIfInfoEnabled,60] - [855d0da6-ec01-47ad-882e-af38497c54ab] Receive server push request, request = NotifySubscriberRequest, requestId = 20
20:37:45.264 [nacos-grpc-client-executor-5] INFO  c.a.n.c.r.client - [printIfInfoEnabled,60] - [855d0da6-ec01-47ad-882e-af38497c54ab] Ack server push request, request = NotifySubscriberRequest, requestId = 20
20:37:45.361 [main] INFO  c.a.n.c.r.client - [shutdown,454] - Shutdown rpc client, set status to shutdown
20:37:45.361 [main] INFO  c.a.n.c.r.client - [shutdown,456] - Shutdown client event executor java.util.concurrent.ScheduledThreadPoolExecutor@61aaec51[Running, pool size = 2, active threads = 2, queued tasks = 0, completed tasks = 0]
20:37:45.361 [main] INFO  c.a.n.c.r.client - [closeConnection,591] - Close current connection 1654173464725_192.168.56.1_9182
20:37:45.363 [nacos-grpc-client-executor-6] INFO  c.a.n.c.r.c.g.GrpcClient - [printIfInfoEnabled,60] - [1654173464725_192.168.56.1_9182]Ignore complete event,isRunning:false,isAbandon=false
20:37:45.365 [main] INFO  c.a.n.c.r.c.g.GrpcClient - [shutdown,85] - Shutdown grpc executor java.util.concurrent.ThreadPoolExecutor@7d6f094e[Running, pool size = 7, active threads = 0, queued tasks = 0, completed tasks = 7]
20:37:45.587 [main] INFO  c.b.d.d.DynamicRoutingDataSource - [destroy,205] - dynamic-datasource start closing ....
20:37:46.039 [main] INFO  c.a.d.p.DruidDataSource - [close,2071] - {dataSource-1} closing ...
20:37:46.041 [main] INFO  c.a.d.p.DruidDataSource - [close,2144] - {dataSource-1} closed
20:37:46.041 [main] INFO  c.b.d.d.DynamicRoutingDataSource - [destroy,209] - dynamic-datasource all closed success,bye
20:37:46.042 [main] INFO  o.a.c.h.Http11NioProtocol - [log,173] - Pausing ProtocolHandler ["http-nio-9201"]
20:37:46.043 [main] INFO  o.a.c.c.StandardService - [log,173] - Stopping service [Tomcat]
20:37:46.046 [main] INFO  o.a.c.h.Http11NioProtocol - [log,173] - Stopping ProtocolHandler ["http-nio-9201"]
20:37:46.047 [main] INFO  o.a.c.h.Http11NioProtocol - [log,173] - Destroying ProtocolHandler ["http-nio-9201"]
20:39:33.448 [background-preinit] INFO  o.h.v.i.util.Version - [<clinit>,21] - HV000001: Hibernate Validator 6.2.0.Final
20:39:34.615 [main] INFO  c.a.n.c.r.client - [lambda$createClient$0,80] - [RpcClientFactory] create a new rpc client of c4780425-3b16-491e-88e3-bc3d4259dfa7_config-0
20:39:34.671 [main] INFO  o.r.Reflections - [scan,232] - Reflections took 37 ms to scan 1 urls, producing 3 keys and 6 values 
20:39:34.720 [main] INFO  o.r.Reflections - [scan,232] - Reflections took 31 ms to scan 1 urls, producing 4 keys and 9 values 
20:39:34.735 [main] INFO  o.r.Reflections - [scan,232] - Reflections took 12 ms to scan 1 urls, producing 3 keys and 10 values 
20:39:34.942 [main] INFO  o.r.Reflections - [scan,232] - Reflections took 203 ms to scan 248 urls, producing 0 keys and 0 values 
20:39:34.951 [main] INFO  o.r.Reflections - [scan,232] - Reflections took 9 ms to scan 1 urls, producing 1 keys and 5 values 
20:39:34.966 [main] INFO  o.r.Reflections - [scan,232] - Reflections took 13 ms to scan 1 urls, producing 1 keys and 7 values 
20:39:34.983 [main] INFO  o.r.Reflections - [scan,232] - Reflections took 13 ms to scan 1 urls, producing 2 keys and 8 values 
20:39:35.137 [main] INFO  o.r.Reflections - [scan,232] - Reflections took 151 ms to scan 248 urls, producing 0 keys and 0 values 
20:39:35.139 [main] INFO  c.a.n.c.r.client - [printIfInfoEnabled,60] - [c4780425-3b16-491e-88e3-bc3d4259dfa7_config-0] RpcClient init label, labels = {module=config, Vipserver-Tag=null, source=sdk, Amory-Tag=null, Location-Tag=null, taskId=0, AppName=unknown}
20:39:35.139 [main] INFO  c.a.n.c.r.client - [printIfInfoEnabled,60] - [c4780425-3b16-491e-88e3-bc3d4259dfa7_config-0] Register server push request handler:com.alibaba.nacos.client.config.impl.ClientWorker$ConfigRpcTransportClient$$Lambda$332/1491623023
20:39:35.139 [main] INFO  c.a.n.c.r.client - [printIfInfoEnabled,60] - [c4780425-3b16-491e-88e3-bc3d4259dfa7_config-0] Register server push request handler:com.alibaba.nacos.client.config.impl.ClientWorker$ConfigRpcTransportClient$$Lambda$333/169049466
20:39:35.140 [main] INFO  c.a.n.c.r.client - [printIfInfoEnabled,60] - [c4780425-3b16-491e-88e3-bc3d4259dfa7_config-0] Registry connection listener to current client:com.alibaba.nacos.client.config.impl.ClientWorker$ConfigRpcTransportClient$1
20:39:35.141 [main] INFO  c.a.n.c.r.client - [printIfInfoEnabled,60] - [c4780425-3b16-491e-88e3-bc3d4259dfa7_config-0] RpcClient init, ServerListFactory = com.alibaba.nacos.client.config.impl.ClientWorker$ConfigRpcTransportClient$2
20:39:35.150 [main] INFO  c.a.n.c.r.client - [printIfInfoEnabled,60] - [c4780425-3b16-491e-88e3-bc3d4259dfa7_config-0] Try to connect to server on start up, server: {serverIp = '192.168.56.10', server main port = 8848}
20:39:37.555 [main] INFO  c.a.n.c.r.client - [printIfInfoEnabled,60] - [c4780425-3b16-491e-88e3-bc3d4259dfa7_config-0] Success to connect to server [192.168.56.10:8848] on start up, connectionId = 1654173579277_192.168.56.1_10201
20:39:37.556 [com.alibaba.nacos.client.remote.worker] INFO  c.a.n.c.r.client - [printIfInfoEnabled,60] - [c4780425-3b16-491e-88e3-bc3d4259dfa7_config-0] Notify connected event to listeners.
20:39:37.556 [main] INFO  c.a.n.c.r.client - [printIfInfoEnabled,60] - [c4780425-3b16-491e-88e3-bc3d4259dfa7_config-0] Register server push request handler:com.alibaba.nacos.common.remote.client.RpcClient$ConnectResetRequestHandler
20:39:37.557 [main] INFO  c.a.n.c.r.client - [printIfInfoEnabled,60] - [c4780425-3b16-491e-88e3-bc3d4259dfa7_config-0] Register server push request handler:com.alibaba.nacos.common.remote.client.RpcClient$$Lambda$342/1399691256
20:39:37.628 [main] INFO  c.y.s.YinswSystemApplication - [logStartupProfileInfo,639] - The following profiles are active: dev
20:39:40.655 [main] INFO  o.a.c.h.Http11NioProtocol - [log,173] - Initializing ProtocolHandler ["http-nio-9201"]
20:39:40.656 [main] INFO  o.a.c.c.StandardService - [log,173] - Starting service [Tomcat]
20:39:40.656 [main] INFO  o.a.c.c.StandardEngine - [log,173] - Starting Servlet engine: [Apache Tomcat/9.0.56]
20:39:40.788 [main] INFO  o.a.c.c.C.[.[.[/] - [log,173] - Initializing Spring embedded WebApplicationContext
20:39:41.903 [main] INFO  c.a.d.p.DruidDataSource - [init,998] - {dataSource-1,master} inited
20:39:41.904 [main] INFO  c.b.d.d.DynamicRoutingDataSource - [addDataSource,148] - dynamic-datasource - add a datasource named [master] success
20:39:41.904 [main] INFO  c.b.d.d.DynamicRoutingDataSource - [afterPropertiesSet,228] - dynamic-datasource initial loaded [1] datasource,primary datasource named [master]
20:39:44.365 [main] INFO  c.a.c.s.SentinelWebAutoConfiguration - [addInterceptors,80] - [Sentinel Starter] register SentinelWebInterceptor with urlPatterns: [/**].
20:39:44.994 [main] INFO  c.a.n.c.r.client - [lambda$createClient$0,80] - [RpcClientFactory] create a new rpc client of c99c15f3-f99c-438f-a364-6f5c3e2d98c8
20:39:44.994 [main] INFO  c.a.n.c.r.client - [printIfInfoEnabled,60] - [c99c15f3-f99c-438f-a364-6f5c3e2d98c8] RpcClient init label, labels = {module=naming, source=sdk}
20:39:44.996 [main] INFO  c.a.n.c.r.client - [printIfInfoEnabled,60] - [c99c15f3-f99c-438f-a364-6f5c3e2d98c8] RpcClient init, ServerListFactory = com.alibaba.nacos.client.naming.core.ServerListManager
20:39:44.996 [main] INFO  c.a.n.c.r.client - [printIfInfoEnabled,60] - [c99c15f3-f99c-438f-a364-6f5c3e2d98c8] Registry connection listener to current client:com.alibaba.nacos.client.naming.remote.gprc.redo.NamingGrpcRedoService
20:39:44.997 [main] INFO  c.a.n.c.r.client - [printIfInfoEnabled,60] - [c99c15f3-f99c-438f-a364-6f5c3e2d98c8] Register server push request handler:com.alibaba.nacos.client.naming.remote.gprc.NamingPushRequestHandler
20:39:44.997 [main] INFO  c.a.n.c.r.client - [printIfInfoEnabled,60] - [c99c15f3-f99c-438f-a364-6f5c3e2d98c8] Try to connect to server on start up, server: {serverIp = '192.168.56.10', server main port = 8848}
20:39:45.104 [main] INFO  c.a.n.c.r.client - [printIfInfoEnabled,60] - [c99c15f3-f99c-438f-a364-6f5c3e2d98c8] Success to connect to server [192.168.56.10:8848] on start up, connectionId = 1654173586945_192.168.56.1_10473
20:39:45.104 [com.alibaba.nacos.client.remote.worker] INFO  c.a.n.c.r.client - [printIfInfoEnabled,60] - [c99c15f3-f99c-438f-a364-6f5c3e2d98c8] Notify connected event to listeners.
20:39:45.104 [main] INFO  c.a.n.c.r.client - [printIfInfoEnabled,60] - [c99c15f3-f99c-438f-a364-6f5c3e2d98c8] Register server push request handler:com.alibaba.nacos.common.remote.client.RpcClient$ConnectResetRequestHandler
20:39:45.104 [main] INFO  c.a.n.c.r.client - [printIfInfoEnabled,60] - [c99c15f3-f99c-438f-a364-6f5c3e2d98c8] Register server push request handler:com.alibaba.nacos.common.remote.client.RpcClient$$Lambda$342/1399691256
20:39:46.799 [main] INFO  o.a.c.h.Http11NioProtocol - [log,173] - Starting ProtocolHandler ["http-nio-9201"]
20:39:46.817 [main] INFO  c.a.c.n.r.NacosServiceRegistry - [register,75] - nacos registry, DEFAULT_GROUP yinsw-system 10.6.8.233:9201 register finished
20:39:47.393 [nacos-grpc-client-executor-6] INFO  c.a.n.c.r.client - [printIfInfoEnabled,60] - [c99c15f3-f99c-438f-a364-6f5c3e2d98c8] Receive server push request, request = NotifySubscriberRequest, requestId = 68
20:39:47.395 [nacos-grpc-client-executor-6] INFO  c.a.n.c.r.client - [printIfInfoEnabled,60] - [c99c15f3-f99c-438f-a364-6f5c3e2d98c8] Ack server push request, request = NotifySubscriberRequest, requestId = 68
20:39:47.870 [main] INFO  c.y.s.YinswSystemApplication - [logStarted,61] - Started YinswSystemApplication in 15.854 seconds (JVM running for 17.683)
20:39:48.613 [RMI TCP Connection(9)-192.168.56.1] INFO  o.a.c.c.C.[.[.[/] - [log,173] - Initializing Spring DispatcherServlet 'dispatcherServlet'
20:40:34.735 [SpringApplicationShutdownHook] INFO  c.a.c.n.r.NacosServiceRegistry - [deregister,90] - De-registering from Nacos Server now...
20:40:34.738 [SpringApplicationShutdownHook] INFO  c.a.c.n.r.NacosServiceRegistry - [deregister,110] - De-registration finished.
20:40:35.042 [SpringApplicationShutdownHook] INFO  c.a.n.c.r.client - [shutdown,454] - Shutdown rpc client, set status to shutdown
20:40:35.042 [SpringApplicationShutdownHook] INFO  c.a.n.c.r.client - [shutdown,456] - Shutdown client event executor java.util.concurrent.ScheduledThreadPoolExecutor@2d5fca48[Running, pool size = 2, active threads = 2, queued tasks = 0, completed tasks = 0]
20:40:35.042 [SpringApplicationShutdownHook] INFO  c.a.n.c.r.client - [closeConnection,591] - Close current connection 1654173586945_192.168.56.1_10473
20:40:35.044 [nacos-grpc-client-executor-19] INFO  c.a.n.c.r.c.g.GrpcClient - [printIfInfoEnabled,60] - [1654173586945_192.168.56.1_10473]Ignore complete event,isRunning:false,isAbandon=false
20:40:35.046 [SpringApplicationShutdownHook] INFO  c.a.n.c.r.c.g.GrpcClient - [shutdown,85] - Shutdown grpc executor java.util.concurrent.ThreadPoolExecutor@75ba9042[Running, pool size = 4, active threads = 0, queued tasks = 0, completed tasks = 20]
20:40:35.283 [SpringApplicationShutdownHook] INFO  c.b.d.d.DynamicRoutingDataSource - [destroy,205] - dynamic-datasource start closing ....
20:40:35.286 [SpringApplicationShutdownHook] INFO  c.a.d.p.DruidDataSource - [close,2071] - {dataSource-1} closing ...
20:40:35.291 [SpringApplicationShutdownHook] INFO  c.a.d.p.DruidDataSource - [close,2144] - {dataSource-1} closed
20:40:35.291 [SpringApplicationShutdownHook] INFO  c.b.d.d.DynamicRoutingDataSource - [destroy,209] - dynamic-datasource all closed success,bye
20:41:37.699 [background-preinit] INFO  o.h.v.i.util.Version - [<clinit>,21] - HV000001: Hibernate Validator 6.2.0.Final
20:41:38.750 [main] INFO  c.a.n.c.r.client - [lambda$createClient$0,80] - [RpcClientFactory] create a new rpc client of 5bb5b871-7658-4957-8917-951b33d733c9_config-0
20:41:38.790 [main] INFO  o.r.Reflections - [scan,232] - Reflections took 23 ms to scan 1 urls, producing 3 keys and 6 values 
20:41:38.827 [main] INFO  o.r.Reflections - [scan,232] - Reflections took 24 ms to scan 1 urls, producing 4 keys and 9 values 
20:41:38.841 [main] INFO  o.r.Reflections - [scan,232] - Reflections took 12 ms to scan 1 urls, producing 3 keys and 10 values 
20:41:39.011 [main] INFO  o.r.Reflections - [scan,232] - Reflections took 165 ms to scan 248 urls, producing 0 keys and 0 values 
20:41:39.019 [main] INFO  o.r.Reflections - [scan,232] - Reflections took 7 ms to scan 1 urls, producing 1 keys and 5 values 
20:41:39.030 [main] INFO  o.r.Reflections - [scan,232] - Reflections took 8 ms to scan 1 urls, producing 1 keys and 7 values 
20:41:39.040 [main] INFO  o.r.Reflections - [scan,232] - Reflections took 7 ms to scan 1 urls, producing 2 keys and 8 values 
20:41:39.170 [main] INFO  o.r.Reflections - [scan,232] - Reflections took 127 ms to scan 248 urls, producing 0 keys and 0 values 
20:41:39.172 [main] INFO  c.a.n.c.r.client - [printIfInfoEnabled,60] - [5bb5b871-7658-4957-8917-951b33d733c9_config-0] RpcClient init label, labels = {module=config, Vipserver-Tag=null, source=sdk, Amory-Tag=null, Location-Tag=null, taskId=0, AppName=unknown}
20:41:39.172 [main] INFO  c.a.n.c.r.client - [printIfInfoEnabled,60] - [5bb5b871-7658-4957-8917-951b33d733c9_config-0] Register server push request handler:com.alibaba.nacos.client.config.impl.ClientWorker$ConfigRpcTransportClient$$Lambda$332/1302984483
20:41:39.173 [main] INFO  c.a.n.c.r.client - [printIfInfoEnabled,60] - [5bb5b871-7658-4957-8917-951b33d733c9_config-0] Register server push request handler:com.alibaba.nacos.client.config.impl.ClientWorker$ConfigRpcTransportClient$$Lambda$333/992955027
20:41:39.173 [main] INFO  c.a.n.c.r.client - [printIfInfoEnabled,60] - [5bb5b871-7658-4957-8917-951b33d733c9_config-0] Registry connection listener to current client:com.alibaba.nacos.client.config.impl.ClientWorker$ConfigRpcTransportClient$1
20:41:39.174 [main] INFO  c.a.n.c.r.client - [printIfInfoEnabled,60] - [5bb5b871-7658-4957-8917-951b33d733c9_config-0] RpcClient init, ServerListFactory = com.alibaba.nacos.client.config.impl.ClientWorker$ConfigRpcTransportClient$2
20:41:39.182 [main] INFO  c.a.n.c.r.client - [printIfInfoEnabled,60] - [5bb5b871-7658-4957-8917-951b33d733c9_config-0] Try to connect to server on start up, server: {serverIp = '192.168.56.10', server main port = 8848}
20:41:41.181 [main] INFO  c.a.n.c.r.client - [printIfInfoEnabled,60] - [5bb5b871-7658-4957-8917-951b33d733c9_config-0] Success to connect to server [192.168.56.10:8848] on start up, connectionId = 1654173702918_192.168.56.1_11565
20:41:41.181 [com.alibaba.nacos.client.remote.worker] INFO  c.a.n.c.r.client - [printIfInfoEnabled,60] - [5bb5b871-7658-4957-8917-951b33d733c9_config-0] Notify connected event to listeners.
20:41:41.182 [main] INFO  c.a.n.c.r.client - [printIfInfoEnabled,60] - [5bb5b871-7658-4957-8917-951b33d733c9_config-0] Register server push request handler:com.alibaba.nacos.common.remote.client.RpcClient$ConnectResetRequestHandler
20:41:41.182 [main] INFO  c.a.n.c.r.client - [printIfInfoEnabled,60] - [5bb5b871-7658-4957-8917-951b33d733c9_config-0] Register server push request handler:com.alibaba.nacos.common.remote.client.RpcClient$$Lambda$342/376668615
20:41:41.261 [main] INFO  c.y.s.YinswSystemApplication - [logStartupProfileInfo,639] - The following profiles are active: dev
20:41:43.314 [main] INFO  o.a.c.h.Http11NioProtocol - [log,173] - Initializing ProtocolHandler ["http-nio-9201"]
20:41:43.314 [main] INFO  o.a.c.c.StandardService - [log,173] - Starting service [Tomcat]
20:41:43.314 [main] INFO  o.a.c.c.StandardEngine - [log,173] - Starting Servlet engine: [Apache Tomcat/9.0.56]
20:41:43.417 [main] INFO  o.a.c.c.C.[.[.[/] - [log,173] - Initializing Spring embedded WebApplicationContext
20:41:44.536 [main] INFO  c.a.d.p.DruidDataSource - [init,998] - {dataSource-1,master} inited
20:41:44.537 [main] INFO  c.b.d.d.DynamicRoutingDataSource - [addDataSource,148] - dynamic-datasource - add a datasource named [master] success
20:41:44.537 [main] INFO  c.b.d.d.DynamicRoutingDataSource - [afterPropertiesSet,228] - dynamic-datasource initial loaded [1] datasource,primary datasource named [master]
20:41:46.917 [main] INFO  c.a.c.s.SentinelWebAutoConfiguration - [addInterceptors,80] - [Sentinel Starter] register SentinelWebInterceptor with urlPatterns: [/**].
20:41:47.563 [main] INFO  c.a.n.c.r.client - [lambda$createClient$0,80] - [RpcClientFactory] create a new rpc client of 8491fc66-44b4-4398-a9a8-b12c74ca7a29
20:41:47.563 [main] INFO  c.a.n.c.r.client - [printIfInfoEnabled,60] - [8491fc66-44b4-4398-a9a8-b12c74ca7a29] RpcClient init label, labels = {module=naming, source=sdk}
20:41:47.565 [main] INFO  c.a.n.c.r.client - [printIfInfoEnabled,60] - [8491fc66-44b4-4398-a9a8-b12c74ca7a29] RpcClient init, ServerListFactory = com.alibaba.nacos.client.naming.core.ServerListManager
20:41:47.566 [main] INFO  c.a.n.c.r.client - [printIfInfoEnabled,60] - [8491fc66-44b4-4398-a9a8-b12c74ca7a29] Registry connection listener to current client:com.alibaba.nacos.client.naming.remote.gprc.redo.NamingGrpcRedoService
20:41:47.566 [main] INFO  c.a.n.c.r.client - [printIfInfoEnabled,60] - [8491fc66-44b4-4398-a9a8-b12c74ca7a29] Register server push request handler:com.alibaba.nacos.client.naming.remote.gprc.NamingPushRequestHandler
20:41:47.567 [main] INFO  c.a.n.c.r.client - [printIfInfoEnabled,60] - [8491fc66-44b4-4398-a9a8-b12c74ca7a29] Try to connect to server on start up, server: {serverIp = '192.168.56.10', server main port = 8848}
20:41:47.673 [main] INFO  c.a.n.c.r.client - [printIfInfoEnabled,60] - [8491fc66-44b4-4398-a9a8-b12c74ca7a29] Success to connect to server [192.168.56.10:8848] on start up, connectionId = 1654173709514_192.168.56.1_11701
20:41:47.673 [com.alibaba.nacos.client.remote.worker] INFO  c.a.n.c.r.client - [printIfInfoEnabled,60] - [8491fc66-44b4-4398-a9a8-b12c74ca7a29] Notify connected event to listeners.
20:41:47.673 [main] INFO  c.a.n.c.r.client - [printIfInfoEnabled,60] - [8491fc66-44b4-4398-a9a8-b12c74ca7a29] Register server push request handler:com.alibaba.nacos.common.remote.client.RpcClient$ConnectResetRequestHandler
20:41:47.673 [main] INFO  c.a.n.c.r.client - [printIfInfoEnabled,60] - [8491fc66-44b4-4398-a9a8-b12c74ca7a29] Register server push request handler:com.alibaba.nacos.common.remote.client.RpcClient$$Lambda$342/376668615
20:41:49.513 [main] INFO  o.a.c.h.Http11NioProtocol - [log,173] - Starting ProtocolHandler ["http-nio-9201"]
20:41:49.555 [main] INFO  c.a.c.n.r.NacosServiceRegistry - [register,75] - nacos registry, DEFAULT_GROUP yinsw-system 10.6.8.233:9201 register finished
20:41:50.079 [nacos-grpc-client-executor-6] INFO  c.a.n.c.r.client - [printIfInfoEnabled,60] - [8491fc66-44b4-4398-a9a8-b12c74ca7a29] Receive server push request, request = NotifySubscriberRequest, requestId = 115
20:41:50.082 [nacos-grpc-client-executor-6] INFO  c.a.n.c.r.client - [printIfInfoEnabled,60] - [8491fc66-44b4-4398-a9a8-b12c74ca7a29] Ack server push request, request = NotifySubscriberRequest, requestId = 115
20:41:50.398 [main] INFO  c.y.s.YinswSystemApplication - [logStarted,61] - Started YinswSystemApplication in 13.793 seconds (JVM running for 15.334)
20:41:50.943 [RMI TCP Connection(5)-192.168.56.1] INFO  o.a.c.c.C.[.[.[/] - [log,173] - Initializing Spring DispatcherServlet 'dispatcherServlet'
21:43:58.276 [SpringApplicationShutdownHook] INFO  c.a.c.n.r.NacosServiceRegistry - [deregister,90] - De-registering from Nacos Server now...
21:43:58.278 [SpringApplicationShutdownHook] INFO  c.a.c.n.r.NacosServiceRegistry - [deregister,110] - De-registration finished.
21:43:58.583 [SpringApplicationShutdownHook] INFO  c.a.n.c.r.client - [shutdown,454] - Shutdown rpc client, set status to shutdown
21:43:58.583 [SpringApplicationShutdownHook] INFO  c.a.n.c.r.client - [shutdown,456] - Shutdown client event executor java.util.concurrent.ScheduledThreadPoolExecutor@11a78c01[Running, pool size = 2, active threads = 2, queued tasks = 0, completed tasks = 0]
21:43:58.583 [SpringApplicationShutdownHook] INFO  c.a.n.c.r.client - [closeConnection,591] - Close current connection 1654173709514_192.168.56.1_11701
21:43:58.584 [nacos-grpc-client-executor-781] INFO  c.a.n.c.r.c.g.GrpcClient - [printIfInfoEnabled,60] - [1654173709514_192.168.56.1_11701]Ignore complete event,isRunning:false,isAbandon=false
21:43:58.585 [SpringApplicationShutdownHook] INFO  c.a.n.c.r.c.g.GrpcClient - [shutdown,85] - Shutdown grpc executor java.util.concurrent.ThreadPoolExecutor@67f3e999[Running, pool size = 4, active threads = 0, queued tasks = 0, completed tasks = 782]
21:43:58.814 [SpringApplicationShutdownHook] INFO  c.b.d.d.DynamicRoutingDataSource - [destroy,205] - dynamic-datasource start closing ....
21:43:58.816 [SpringApplicationShutdownHook] INFO  c.a.d.p.DruidDataSource - [close,2071] - {dataSource-1} closing ...
21:43:58.819 [SpringApplicationShutdownHook] INFO  c.a.d.p.DruidDataSource - [close,2144] - {dataSource-1} closed
21:43:58.820 [SpringApplicationShutdownHook] INFO  c.b.d.d.DynamicRoutingDataSource - [destroy,209] - dynamic-datasource all closed success,bye
