10:29:44.999 [background-preinit] INFO  o.h.v.i.util.Version - [<clinit>,21] - HV000001: Hibernate Validator 6.2.0.Final
10:29:46.363 [main] INFO  c.a.n.c.r.client - [lambda$createClient$0,80] - [RpcClientFactory] create a new rpc client of 26304e1b-e96f-4b08-9323-382482c76622_config-0
10:29:46.427 [main] INFO  o.r.Reflections - [scan,232] - Reflections took 36 ms to scan 1 urls, producing 3 keys and 6 values 
10:29:46.463 [main] INFO  o.r.Reflections - [scan,232] - Reflections took 21 ms to scan 1 urls, producing 4 keys and 9 values 
10:29:46.484 [main] INFO  o.r.Reflections - [scan,232] - Reflections took 18 ms to scan 1 urls, producing 3 keys and 10 values 
10:29:46.750 [main] INFO  o.r.Reflections - [scan,232] - Reflections took 262 ms to scan 241 urls, producing 0 keys and 0 values 
10:29:46.764 [main] INFO  o.r.Reflections - [scan,232] - Reflections took 13 ms to scan 1 urls, producing 1 keys and 5 values 
10:29:46.784 [main] INFO  o.r.Reflections - [scan,232] - Reflections took 18 ms to scan 1 urls, producing 1 keys and 7 values 
10:29:46.799 [main] INFO  o.r.Reflections - [scan,232] - Reflections took 11 ms to scan 1 urls, producing 2 keys and 8 values 
10:29:46.972 [main] INFO  o.r.Reflections - [scan,232] - Reflections took 170 ms to scan 241 urls, producing 0 keys and 0 values 
10:29:46.973 [main] INFO  c.a.n.c.r.client - [printIfInfoEnabled,60] - [26304e1b-e96f-4b08-9323-382482c76622_config-0] RpcClient init label, labels = {module=config, Vipserver-Tag=null, source=sdk, Amory-Tag=null, Location-Tag=null, taskId=0, AppName=unknown}
10:29:46.974 [main] INFO  c.a.n.c.r.client - [printIfInfoEnabled,60] - [26304e1b-e96f-4b08-9323-382482c76622_config-0] Register server push request handler:com.alibaba.nacos.client.config.impl.ClientWorker$ConfigRpcTransportClient$$Lambda$332/874981105
10:29:46.974 [main] INFO  c.a.n.c.r.client - [printIfInfoEnabled,60] - [26304e1b-e96f-4b08-9323-382482c76622_config-0] Register server push request handler:com.alibaba.nacos.client.config.impl.ClientWorker$ConfigRpcTransportClient$$Lambda$333/209748487
10:29:46.975 [main] INFO  c.a.n.c.r.client - [printIfInfoEnabled,60] - [26304e1b-e96f-4b08-9323-382482c76622_config-0] Registry connection listener to current client:com.alibaba.nacos.client.config.impl.ClientWorker$ConfigRpcTransportClient$1
10:29:46.975 [main] INFO  c.a.n.c.r.client - [printIfInfoEnabled,60] - [26304e1b-e96f-4b08-9323-382482c76622_config-0] RpcClient init, ServerListFactory = com.alibaba.nacos.client.config.impl.ClientWorker$ConfigRpcTransportClient$2
10:29:46.984 [main] INFO  c.a.n.c.r.client - [printIfInfoEnabled,60] - [26304e1b-e96f-4b08-9323-382482c76622_config-0] Try to connect to server on start up, server: {serverIp = '192.168.56.10', server main port = 8848}
10:29:49.119 [main] INFO  c.a.n.c.r.client - [printIfInfoEnabled,60] - [26304e1b-e96f-4b08-9323-382482c76622_config-0] Success to connect to server [192.168.56.10:8848] on start up, connectionId = 1653532189528_192.168.56.1_6003
10:29:49.119 [com.alibaba.nacos.client.remote.worker] INFO  c.a.n.c.r.client - [printIfInfoEnabled,60] - [26304e1b-e96f-4b08-9323-382482c76622_config-0] Notify connected event to listeners.
10:29:49.119 [main] INFO  c.a.n.c.r.client - [printIfInfoEnabled,60] - [26304e1b-e96f-4b08-9323-382482c76622_config-0] Register server push request handler:com.alibaba.nacos.common.remote.client.RpcClient$ConnectResetRequestHandler
10:29:49.120 [main] INFO  c.a.n.c.r.client - [printIfInfoEnabled,60] - [26304e1b-e96f-4b08-9323-382482c76622_config-0] Register server push request handler:com.alibaba.nacos.common.remote.client.RpcClient$$Lambda$342/1674938191
10:29:49.184 [main] INFO  c.y.s.YinswSystemApplication - [logStartupProfileInfo,639] - The following profiles are active: dev
10:29:51.873 [main] INFO  o.a.c.h.Http11NioProtocol - [log,173] - Initializing ProtocolHandler ["http-nio-9201"]
10:29:51.873 [main] INFO  o.a.c.c.StandardService - [log,173] - Starting service [Tomcat]
10:29:51.873 [main] INFO  o.a.c.c.StandardEngine - [log,173] - Starting Servlet engine: [Apache Tomcat/9.0.56]
10:29:51.998 [main] INFO  o.a.c.c.C.[.[.[/] - [log,173] - Initializing Spring embedded WebApplicationContext
10:29:53.137 [main] INFO  c.a.d.p.DruidDataSource - [init,998] - {dataSource-1,master} inited
10:29:53.138 [main] INFO  c.b.d.d.DynamicRoutingDataSource - [addDataSource,148] - dynamic-datasource - add a datasource named [master] success
10:29:53.138 [main] INFO  c.b.d.d.DynamicRoutingDataSource - [afterPropertiesSet,228] - dynamic-datasource initial loaded [1] datasource,primary datasource named [master]
10:29:55.887 [main] INFO  c.a.c.s.SentinelWebAutoConfiguration - [addInterceptors,80] - [Sentinel Starter] register SentinelWebInterceptor with urlPatterns: [/**].
10:29:56.775 [main] INFO  c.a.n.c.r.client - [lambda$createClient$0,80] - [RpcClientFactory] create a new rpc client of 69724f91-77b1-482a-9236-6965c51633ac
10:29:56.776 [main] INFO  c.a.n.c.r.client - [printIfInfoEnabled,60] - [69724f91-77b1-482a-9236-6965c51633ac] RpcClient init label, labels = {module=naming, source=sdk}
10:29:56.778 [main] INFO  c.a.n.c.r.client - [printIfInfoEnabled,60] - [69724f91-77b1-482a-9236-6965c51633ac] RpcClient init, ServerListFactory = com.alibaba.nacos.client.naming.core.ServerListManager
10:29:56.778 [main] INFO  c.a.n.c.r.client - [printIfInfoEnabled,60] - [69724f91-77b1-482a-9236-6965c51633ac] Registry connection listener to current client:com.alibaba.nacos.client.naming.remote.gprc.redo.NamingGrpcRedoService
10:29:56.779 [main] INFO  c.a.n.c.r.client - [printIfInfoEnabled,60] - [69724f91-77b1-482a-9236-6965c51633ac] Register server push request handler:com.alibaba.nacos.client.naming.remote.gprc.NamingPushRequestHandler
10:29:56.779 [main] INFO  c.a.n.c.r.client - [printIfInfoEnabled,60] - [69724f91-77b1-482a-9236-6965c51633ac] Try to connect to server on start up, server: {serverIp = '192.168.56.10', server main port = 8848}
10:29:56.888 [main] INFO  c.a.n.c.r.client - [printIfInfoEnabled,60] - [69724f91-77b1-482a-9236-6965c51633ac] Success to connect to server [192.168.56.10:8848] on start up, connectionId = 1653532197392_192.168.56.1_6130
10:29:56.888 [com.alibaba.nacos.client.remote.worker] INFO  c.a.n.c.r.client - [printIfInfoEnabled,60] - [69724f91-77b1-482a-9236-6965c51633ac] Notify connected event to listeners.
10:29:56.888 [main] INFO  c.a.n.c.r.client - [printIfInfoEnabled,60] - [69724f91-77b1-482a-9236-6965c51633ac] Register server push request handler:com.alibaba.nacos.common.remote.client.RpcClient$ConnectResetRequestHandler
10:29:56.888 [main] INFO  c.a.n.c.r.client - [printIfInfoEnabled,60] - [69724f91-77b1-482a-9236-6965c51633ac] Register server push request handler:com.alibaba.nacos.common.remote.client.RpcClient$$Lambda$342/1674938191
10:29:58.450 [main] INFO  o.a.c.h.Http11NioProtocol - [log,173] - Starting ProtocolHandler ["http-nio-9201"]
10:29:58.468 [main] INFO  c.a.c.n.r.NacosServiceRegistry - [register,75] - nacos registry, DEFAULT_GROUP yinsw-system 10.1.67.15:9201 register finished
10:29:58.977 [nacos-grpc-client-executor-6] INFO  c.a.n.c.r.client - [printIfInfoEnabled,60] - [69724f91-77b1-482a-9236-6965c51633ac] Receive server push request, request = NotifySubscriberRequest, requestId = 18
10:29:58.980 [nacos-grpc-client-executor-6] INFO  c.a.n.c.r.client - [printIfInfoEnabled,60] - [69724f91-77b1-482a-9236-6965c51633ac] Ack server push request, request = NotifySubscriberRequest, requestId = 18
10:29:59.487 [main] INFO  c.y.s.YinswSystemApplication - [logStarted,61] - Started YinswSystemApplication in 15.746 seconds (JVM running for 17.186)
10:29:59.878 [RMI TCP Connection(3)-192.168.56.1] INFO  o.a.c.c.C.[.[.[/] - [log,173] - Initializing Spring DispatcherServlet 'dispatcherServlet'
10:48:29.479 [background-preinit] INFO  o.h.v.i.util.Version - [<clinit>,21] - HV000001: Hibernate Validator 6.2.0.Final
10:48:30.923 [main] INFO  c.a.n.c.r.client - [lambda$createClient$0,80] - [RpcClientFactory] create a new rpc client of a135f8d9-421c-40a0-8cdc-8b6d8dbf1259_config-0
10:48:30.967 [main] INFO  o.r.Reflections - [scan,232] - Reflections took 26 ms to scan 1 urls, producing 3 keys and 6 values 
10:48:31.005 [main] INFO  o.r.Reflections - [scan,232] - Reflections took 17 ms to scan 1 urls, producing 4 keys and 9 values 
10:48:31.028 [main] INFO  o.r.Reflections - [scan,232] - Reflections took 19 ms to scan 1 urls, producing 3 keys and 10 values 
10:48:31.338 [main] INFO  o.r.Reflections - [scan,232] - Reflections took 307 ms to scan 241 urls, producing 0 keys and 0 values 
10:48:31.353 [main] INFO  o.r.Reflections - [scan,232] - Reflections took 14 ms to scan 1 urls, producing 1 keys and 5 values 
10:48:31.372 [main] INFO  o.r.Reflections - [scan,232] - Reflections took 16 ms to scan 1 urls, producing 1 keys and 7 values 
10:48:31.390 [main] INFO  o.r.Reflections - [scan,232] - Reflections took 14 ms to scan 1 urls, producing 2 keys and 8 values 
10:48:31.560 [main] INFO  o.r.Reflections - [scan,232] - Reflections took 166 ms to scan 241 urls, producing 0 keys and 0 values 
10:48:31.562 [main] INFO  c.a.n.c.r.client - [printIfInfoEnabled,60] - [a135f8d9-421c-40a0-8cdc-8b6d8dbf1259_config-0] RpcClient init label, labels = {module=config, Vipserver-Tag=null, source=sdk, Amory-Tag=null, Location-Tag=null, taskId=0, AppName=unknown}
10:48:31.562 [main] INFO  c.a.n.c.r.client - [printIfInfoEnabled,60] - [a135f8d9-421c-40a0-8cdc-8b6d8dbf1259_config-0] Register server push request handler:com.alibaba.nacos.client.config.impl.ClientWorker$ConfigRpcTransportClient$$Lambda$332/820422499
10:48:31.563 [main] INFO  c.a.n.c.r.client - [printIfInfoEnabled,60] - [a135f8d9-421c-40a0-8cdc-8b6d8dbf1259_config-0] Register server push request handler:com.alibaba.nacos.client.config.impl.ClientWorker$ConfigRpcTransportClient$$Lambda$333/1279852178
10:48:31.563 [main] INFO  c.a.n.c.r.client - [printIfInfoEnabled,60] - [a135f8d9-421c-40a0-8cdc-8b6d8dbf1259_config-0] Registry connection listener to current client:com.alibaba.nacos.client.config.impl.ClientWorker$ConfigRpcTransportClient$1
10:48:31.564 [main] INFO  c.a.n.c.r.client - [printIfInfoEnabled,60] - [a135f8d9-421c-40a0-8cdc-8b6d8dbf1259_config-0] RpcClient init, ServerListFactory = com.alibaba.nacos.client.config.impl.ClientWorker$ConfigRpcTransportClient$2
10:48:31.573 [main] INFO  c.a.n.c.r.client - [printIfInfoEnabled,60] - [a135f8d9-421c-40a0-8cdc-8b6d8dbf1259_config-0] Try to connect to server on start up, server: {serverIp = '192.168.56.10', server main port = 8848}
10:48:34.231 [main] INFO  c.a.n.c.r.client - [printIfInfoEnabled,60] - [a135f8d9-421c-40a0-8cdc-8b6d8dbf1259_config-0] Success to connect to server [192.168.56.10:8848] on start up, connectionId = 1653533314769_192.168.56.1_2859
10:48:34.231 [com.alibaba.nacos.client.remote.worker] INFO  c.a.n.c.r.client - [printIfInfoEnabled,60] - [a135f8d9-421c-40a0-8cdc-8b6d8dbf1259_config-0] Notify connected event to listeners.
10:48:34.232 [main] INFO  c.a.n.c.r.client - [printIfInfoEnabled,60] - [a135f8d9-421c-40a0-8cdc-8b6d8dbf1259_config-0] Register server push request handler:com.alibaba.nacos.common.remote.client.RpcClient$ConnectResetRequestHandler
10:48:34.232 [main] INFO  c.a.n.c.r.client - [printIfInfoEnabled,60] - [a135f8d9-421c-40a0-8cdc-8b6d8dbf1259_config-0] Register server push request handler:com.alibaba.nacos.common.remote.client.RpcClient$$Lambda$342/1340421119
10:48:34.314 [main] INFO  c.y.s.YinswSystemApplication - [logStartupProfileInfo,639] - The following profiles are active: dev
10:48:37.519 [main] INFO  o.a.c.h.Http11NioProtocol - [log,173] - Initializing ProtocolHandler ["http-nio-9201"]
10:48:37.520 [main] INFO  o.a.c.c.StandardService - [log,173] - Starting service [Tomcat]
10:48:37.520 [main] INFO  o.a.c.c.StandardEngine - [log,173] - Starting Servlet engine: [Apache Tomcat/9.0.56]
10:48:37.702 [main] INFO  o.a.c.c.C.[.[.[/] - [log,173] - Initializing Spring embedded WebApplicationContext
10:48:39.196 [main] INFO  c.a.d.p.DruidDataSource - [init,998] - {dataSource-1,master} inited
10:48:39.198 [main] INFO  c.b.d.d.DynamicRoutingDataSource - [addDataSource,148] - dynamic-datasource - add a datasource named [master] success
10:48:39.198 [main] INFO  c.b.d.d.DynamicRoutingDataSource - [afterPropertiesSet,228] - dynamic-datasource initial loaded [1] datasource,primary datasource named [master]
10:48:42.301 [main] INFO  c.a.c.s.SentinelWebAutoConfiguration - [addInterceptors,80] - [Sentinel Starter] register SentinelWebInterceptor with urlPatterns: [/**].
10:48:43.084 [main] INFO  c.a.n.c.r.client - [lambda$createClient$0,80] - [RpcClientFactory] create a new rpc client of 85f74c64-84ea-44ea-a1ee-4be71614c76c
10:48:43.084 [main] INFO  c.a.n.c.r.client - [printIfInfoEnabled,60] - [85f74c64-84ea-44ea-a1ee-4be71614c76c] RpcClient init label, labels = {module=naming, source=sdk}
10:48:43.086 [main] INFO  c.a.n.c.r.client - [printIfInfoEnabled,60] - [85f74c64-84ea-44ea-a1ee-4be71614c76c] RpcClient init, ServerListFactory = com.alibaba.nacos.client.naming.core.ServerListManager
10:48:43.086 [main] INFO  c.a.n.c.r.client - [printIfInfoEnabled,60] - [85f74c64-84ea-44ea-a1ee-4be71614c76c] Registry connection listener to current client:com.alibaba.nacos.client.naming.remote.gprc.redo.NamingGrpcRedoService
10:48:43.087 [main] INFO  c.a.n.c.r.client - [printIfInfoEnabled,60] - [85f74c64-84ea-44ea-a1ee-4be71614c76c] Register server push request handler:com.alibaba.nacos.client.naming.remote.gprc.NamingPushRequestHandler
10:48:43.087 [main] INFO  c.a.n.c.r.client - [printIfInfoEnabled,60] - [85f74c64-84ea-44ea-a1ee-4be71614c76c] Try to connect to server on start up, server: {serverIp = '192.168.56.10', server main port = 8848}
10:48:43.195 [main] INFO  c.a.n.c.r.client - [printIfInfoEnabled,60] - [85f74c64-84ea-44ea-a1ee-4be71614c76c] Success to connect to server [192.168.56.10:8848] on start up, connectionId = 1653533323875_192.168.56.1_3205
10:48:43.195 [com.alibaba.nacos.client.remote.worker] INFO  c.a.n.c.r.client - [printIfInfoEnabled,60] - [85f74c64-84ea-44ea-a1ee-4be71614c76c] Notify connected event to listeners.
10:48:43.195 [main] INFO  c.a.n.c.r.client - [printIfInfoEnabled,60] - [85f74c64-84ea-44ea-a1ee-4be71614c76c] Register server push request handler:com.alibaba.nacos.common.remote.client.RpcClient$ConnectResetRequestHandler
10:48:43.195 [main] INFO  c.a.n.c.r.client - [printIfInfoEnabled,60] - [85f74c64-84ea-44ea-a1ee-4be71614c76c] Register server push request handler:com.alibaba.nacos.common.remote.client.RpcClient$$Lambda$342/1340421119
10:48:44.784 [main] INFO  o.a.c.h.Http11NioProtocol - [log,173] - Starting ProtocolHandler ["http-nio-9201"]
10:48:44.803 [main] INFO  c.a.c.n.r.NacosServiceRegistry - [register,75] - nacos registry, DEFAULT_GROUP yinsw-system 10.1.67.15:9201 register finished
10:48:45.322 [nacos-grpc-client-executor-6] INFO  c.a.n.c.r.client - [printIfInfoEnabled,60] - [85f74c64-84ea-44ea-a1ee-4be71614c76c] Receive server push request, request = NotifySubscriberRequest, requestId = 21
10:48:45.326 [nacos-grpc-client-executor-6] INFO  c.a.n.c.r.client - [printIfInfoEnabled,60] - [85f74c64-84ea-44ea-a1ee-4be71614c76c] Ack server push request, request = NotifySubscriberRequest, requestId = 21
10:48:45.768 [main] INFO  c.y.s.YinswSystemApplication - [logStarted,61] - Started YinswSystemApplication in 18.105 seconds (JVM running for 19.946)
10:48:46.740 [RMI TCP Connection(5)-192.168.56.1] INFO  o.a.c.c.C.[.[.[/] - [log,173] - Initializing Spring DispatcherServlet 'dispatcherServlet'
13:43:06.905 [SpringApplicationShutdownHook] INFO  c.a.c.n.r.NacosServiceRegistry - [deregister,90] - De-registering from Nacos Server now...
13:43:06.907 [SpringApplicationShutdownHook] INFO  c.a.c.n.r.NacosServiceRegistry - [deregister,110] - De-registration finished.
13:43:07.212 [SpringApplicationShutdownHook] INFO  c.a.n.c.r.client - [shutdown,454] - Shutdown rpc client, set status to shutdown
13:43:07.212 [SpringApplicationShutdownHook] INFO  c.a.n.c.r.client - [shutdown,456] - Shutdown client event executor java.util.concurrent.ScheduledThreadPoolExecutor@4c0dc59f[Running, pool size = 2, active threads = 2, queued tasks = 0, completed tasks = 0]
13:43:07.213 [SpringApplicationShutdownHook] INFO  c.a.n.c.r.client - [closeConnection,591] - Close current connection 1653533323875_192.168.56.1_3205
13:43:07.214 [nacos-grpc-client-executor-2205] INFO  c.a.n.c.r.c.g.GrpcClient - [printIfInfoEnabled,60] - [1653533323875_192.168.56.1_3205]Ignore complete event,isRunning:false,isAbandon=false
13:43:07.217 [SpringApplicationShutdownHook] INFO  c.a.n.c.r.c.g.GrpcClient - [shutdown,85] - Shutdown grpc executor java.util.concurrent.ThreadPoolExecutor@6d8776d8[Running, pool size = 5, active threads = 0, queued tasks = 0, completed tasks = 2206]
13:43:07.448 [SpringApplicationShutdownHook] INFO  c.b.d.d.DynamicRoutingDataSource - [destroy,205] - dynamic-datasource start closing ....
13:43:07.451 [SpringApplicationShutdownHook] INFO  c.a.d.p.DruidDataSource - [close,2071] - {dataSource-1} closing ...
13:43:07.456 [SpringApplicationShutdownHook] INFO  c.a.d.p.DruidDataSource - [close,2144] - {dataSource-1} closed
13:43:07.457 [SpringApplicationShutdownHook] INFO  c.b.d.d.DynamicRoutingDataSource - [destroy,209] - dynamic-datasource all closed success,bye
15:31:53.050 [background-preinit] INFO  o.h.v.i.util.Version - [<clinit>,21] - HV000001: Hibernate Validator 6.2.0.Final
15:31:54.066 [main] INFO  c.a.n.c.r.client - [lambda$createClient$0,80] - [RpcClientFactory] create a new rpc client of 642cc1a8-3426-4555-8394-9f0724cb37f6_config-0
15:31:54.105 [main] INFO  o.r.Reflections - [scan,232] - Reflections took 23 ms to scan 1 urls, producing 3 keys and 6 values 
15:31:54.131 [main] INFO  o.r.Reflections - [scan,232] - Reflections took 12 ms to scan 1 urls, producing 4 keys and 9 values 
15:31:54.146 [main] INFO  o.r.Reflections - [scan,232] - Reflections took 12 ms to scan 1 urls, producing 3 keys and 10 values 
15:31:54.274 [main] INFO  o.r.Reflections - [scan,232] - Reflections took 124 ms to scan 241 urls, producing 0 keys and 0 values 
15:31:54.285 [main] INFO  o.r.Reflections - [scan,232] - Reflections took 10 ms to scan 1 urls, producing 1 keys and 5 values 
15:31:54.295 [main] INFO  o.r.Reflections - [scan,232] - Reflections took 8 ms to scan 1 urls, producing 1 keys and 7 values 
15:31:54.305 [main] INFO  o.r.Reflections - [scan,232] - Reflections took 8 ms to scan 1 urls, producing 2 keys and 8 values 
15:31:54.418 [main] INFO  o.r.Reflections - [scan,232] - Reflections took 112 ms to scan 241 urls, producing 0 keys and 0 values 
15:31:54.419 [main] INFO  c.a.n.c.r.client - [printIfInfoEnabled,60] - [642cc1a8-3426-4555-8394-9f0724cb37f6_config-0] RpcClient init label, labels = {module=config, Vipserver-Tag=null, source=sdk, Amory-Tag=null, Location-Tag=null, taskId=0, AppName=unknown}
15:31:54.420 [main] INFO  c.a.n.c.r.client - [printIfInfoEnabled,60] - [642cc1a8-3426-4555-8394-9f0724cb37f6_config-0] Register server push request handler:com.alibaba.nacos.client.config.impl.ClientWorker$ConfigRpcTransportClient$$Lambda$332/567391009
15:31:54.420 [main] INFO  c.a.n.c.r.client - [printIfInfoEnabled,60] - [642cc1a8-3426-4555-8394-9f0724cb37f6_config-0] Register server push request handler:com.alibaba.nacos.client.config.impl.ClientWorker$ConfigRpcTransportClient$$Lambda$333/1589931229
15:31:54.421 [main] INFO  c.a.n.c.r.client - [printIfInfoEnabled,60] - [642cc1a8-3426-4555-8394-9f0724cb37f6_config-0] Registry connection listener to current client:com.alibaba.nacos.client.config.impl.ClientWorker$ConfigRpcTransportClient$1
15:31:54.421 [main] INFO  c.a.n.c.r.client - [printIfInfoEnabled,60] - [642cc1a8-3426-4555-8394-9f0724cb37f6_config-0] RpcClient init, ServerListFactory = com.alibaba.nacos.client.config.impl.ClientWorker$ConfigRpcTransportClient$2
15:31:54.427 [main] INFO  c.a.n.c.r.client - [printIfInfoEnabled,60] - [642cc1a8-3426-4555-8394-9f0724cb37f6_config-0] Try to connect to server on start up, server: {serverIp = '192.168.56.10', server main port = 8848}
15:31:56.464 [main] INFO  c.a.n.c.r.client - [printIfInfoEnabled,60] - [642cc1a8-3426-4555-8394-9f0724cb37f6_config-0] Success to connect to server [192.168.56.10:8848] on start up, connectionId = 1653550317373_192.168.56.1_1760
15:31:56.464 [com.alibaba.nacos.client.remote.worker] INFO  c.a.n.c.r.client - [printIfInfoEnabled,60] - [642cc1a8-3426-4555-8394-9f0724cb37f6_config-0] Notify connected event to listeners.
15:31:56.464 [main] INFO  c.a.n.c.r.client - [printIfInfoEnabled,60] - [642cc1a8-3426-4555-8394-9f0724cb37f6_config-0] Register server push request handler:com.alibaba.nacos.common.remote.client.RpcClient$ConnectResetRequestHandler
15:31:56.465 [main] INFO  c.a.n.c.r.client - [printIfInfoEnabled,60] - [642cc1a8-3426-4555-8394-9f0724cb37f6_config-0] Register server push request handler:com.alibaba.nacos.common.remote.client.RpcClient$$Lambda$342/413293501
15:31:56.540 [main] INFO  c.y.s.YinswSystemApplication - [logStartupProfileInfo,639] - The following profiles are active: dev
15:31:58.951 [main] INFO  o.a.c.h.Http11NioProtocol - [log,173] - Initializing ProtocolHandler ["http-nio-9201"]
15:31:58.951 [main] INFO  o.a.c.c.StandardService - [log,173] - Starting service [Tomcat]
15:31:58.951 [main] INFO  o.a.c.c.StandardEngine - [log,173] - Starting Servlet engine: [Apache Tomcat/9.0.56]
15:31:59.069 [main] INFO  o.a.c.c.C.[.[.[/] - [log,173] - Initializing Spring embedded WebApplicationContext
15:32:00.104 [main] INFO  c.a.d.p.DruidDataSource - [init,998] - {dataSource-1,master} inited
15:32:00.105 [main] INFO  c.b.d.d.DynamicRoutingDataSource - [addDataSource,148] - dynamic-datasource - add a datasource named [master] success
15:32:00.105 [main] INFO  c.b.d.d.DynamicRoutingDataSource - [afterPropertiesSet,228] - dynamic-datasource initial loaded [1] datasource,primary datasource named [master]
15:32:02.809 [main] INFO  c.a.c.s.SentinelWebAutoConfiguration - [addInterceptors,80] - [Sentinel Starter] register SentinelWebInterceptor with urlPatterns: [/**].
15:32:03.638 [main] INFO  c.a.n.c.r.client - [lambda$createClient$0,80] - [RpcClientFactory] create a new rpc client of 411a4b15-f649-478e-a7c8-5bf9042d45b9
15:32:03.639 [main] INFO  c.a.n.c.r.client - [printIfInfoEnabled,60] - [411a4b15-f649-478e-a7c8-5bf9042d45b9] RpcClient init label, labels = {module=naming, source=sdk}
15:32:03.641 [main] INFO  c.a.n.c.r.client - [printIfInfoEnabled,60] - [411a4b15-f649-478e-a7c8-5bf9042d45b9] RpcClient init, ServerListFactory = com.alibaba.nacos.client.naming.core.ServerListManager
15:32:03.641 [main] INFO  c.a.n.c.r.client - [printIfInfoEnabled,60] - [411a4b15-f649-478e-a7c8-5bf9042d45b9] Registry connection listener to current client:com.alibaba.nacos.client.naming.remote.gprc.redo.NamingGrpcRedoService
15:32:03.642 [main] INFO  c.a.n.c.r.client - [printIfInfoEnabled,60] - [411a4b15-f649-478e-a7c8-5bf9042d45b9] Register server push request handler:com.alibaba.nacos.client.naming.remote.gprc.NamingPushRequestHandler
15:32:03.643 [main] INFO  c.a.n.c.r.client - [printIfInfoEnabled,60] - [411a4b15-f649-478e-a7c8-5bf9042d45b9] Try to connect to server on start up, server: {serverIp = '192.168.56.10', server main port = 8848}
15:32:03.753 [main] INFO  c.a.n.c.r.client - [printIfInfoEnabled,60] - [411a4b15-f649-478e-a7c8-5bf9042d45b9] Success to connect to server [192.168.56.10:8848] on start up, connectionId = 1653550324766_192.168.56.1_1890
15:32:03.753 [com.alibaba.nacos.client.remote.worker] INFO  c.a.n.c.r.client - [printIfInfoEnabled,60] - [411a4b15-f649-478e-a7c8-5bf9042d45b9] Notify connected event to listeners.
15:32:03.753 [main] INFO  c.a.n.c.r.client - [printIfInfoEnabled,60] - [411a4b15-f649-478e-a7c8-5bf9042d45b9] Register server push request handler:com.alibaba.nacos.common.remote.client.RpcClient$ConnectResetRequestHandler
15:32:03.753 [main] INFO  c.a.n.c.r.client - [printIfInfoEnabled,60] - [411a4b15-f649-478e-a7c8-5bf9042d45b9] Register server push request handler:com.alibaba.nacos.common.remote.client.RpcClient$$Lambda$342/413293501
15:32:05.377 [main] INFO  o.a.c.h.Http11NioProtocol - [log,173] - Starting ProtocolHandler ["http-nio-9201"]
15:32:05.394 [main] INFO  c.a.c.n.r.NacosServiceRegistry - [register,75] - nacos registry, DEFAULT_GROUP yinsw-system 10.1.67.15:9201 register finished
15:32:05.876 [nacos-grpc-client-executor-6] INFO  c.a.n.c.r.client - [printIfInfoEnabled,60] - [411a4b15-f649-478e-a7c8-5bf9042d45b9] Receive server push request, request = NotifySubscriberRequest, requestId = 23
15:32:05.879 [nacos-grpc-client-executor-6] INFO  c.a.n.c.r.client - [printIfInfoEnabled,60] - [411a4b15-f649-478e-a7c8-5bf9042d45b9] Ack server push request, request = NotifySubscriberRequest, requestId = 23
15:32:06.497 [main] INFO  c.y.s.YinswSystemApplication - [logStarted,61] - Started YinswSystemApplication in 14.691 seconds (JVM running for 15.982)
15:32:06.545 [RMI TCP Connection(2)-192.168.56.1] INFO  o.a.c.c.C.[.[.[/] - [log,173] - Initializing Spring DispatcherServlet 'dispatcherServlet'
18:28:52.995 [SpringApplicationShutdownHook] INFO  c.a.c.n.r.NacosServiceRegistry - [deregister,90] - De-registering from Nacos Server now...
18:28:52.998 [SpringApplicationShutdownHook] INFO  c.a.c.n.r.NacosServiceRegistry - [deregister,110] - De-registration finished.
18:28:53.302 [SpringApplicationShutdownHook] INFO  c.a.n.c.r.client - [shutdown,454] - Shutdown rpc client, set status to shutdown
18:28:53.302 [SpringApplicationShutdownHook] INFO  c.a.n.c.r.client - [shutdown,456] - Shutdown client event executor java.util.concurrent.ScheduledThreadPoolExecutor@185329d6[Running, pool size = 2, active threads = 2, queued tasks = 0, completed tasks = 0]
18:28:53.302 [SpringApplicationShutdownHook] INFO  c.a.n.c.r.client - [closeConnection,591] - Close current connection 1653550324766_192.168.56.1_1890
18:28:53.304 [nacos-grpc-client-executor-2133] INFO  c.a.n.c.r.c.g.GrpcClient - [printIfInfoEnabled,60] - [1653550324766_192.168.56.1_1890]Ignore complete event,isRunning:false,isAbandon=false
18:28:53.308 [SpringApplicationShutdownHook] INFO  c.a.n.c.r.c.g.GrpcClient - [shutdown,85] - Shutdown grpc executor java.util.concurrent.ThreadPoolExecutor@4d3ab05c[Running, pool size = 5, active threads = 0, queued tasks = 0, completed tasks = 2134]
18:28:53.537 [SpringApplicationShutdownHook] INFO  c.b.d.d.DynamicRoutingDataSource - [destroy,205] - dynamic-datasource start closing ....
18:28:53.540 [SpringApplicationShutdownHook] INFO  c.a.d.p.DruidDataSource - [close,2071] - {dataSource-1} closing ...
18:28:53.548 [SpringApplicationShutdownHook] INFO  c.a.d.p.DruidDataSource - [close,2144] - {dataSource-1} closed
18:28:53.548 [SpringApplicationShutdownHook] INFO  c.b.d.d.DynamicRoutingDataSource - [destroy,209] - dynamic-datasource all closed success,bye
