15:11:40.247 [background-preinit] INFO  o.h.v.i.util.Version - [<clinit>,21] - HV000001: Hibernate Validator 6.2.0.Final
15:11:41.140 [main] INFO  c.a.n.c.r.client - [lambda$createClient$0,80] - [RpcClientFactory] create a new rpc client of 447ff505-3c65-449b-a56d-5bb9cecd0d86_config-0
15:11:41.182 [main] INFO  o.r.Reflections - [scan,232] - Reflections took 26 ms to scan 1 urls, producing 3 keys and 6 values 
15:11:41.211 [main] INFO  o.r.Reflections - [scan,232] - Reflections took 11 ms to scan 1 urls, producing 4 keys and 9 values 
15:11:41.226 [main] INFO  o.r.Reflections - [scan,232] - Reflections took 12 ms to scan 1 urls, producing 3 keys and 10 values 
15:11:41.361 [main] INFO  o.r.Reflections - [scan,232] - Reflections took 132 ms to scan 241 urls, producing 0 keys and 0 values 
15:11:41.369 [main] INFO  o.r.Reflections - [scan,232] - Reflections took 7 ms to scan 1 urls, producing 1 keys and 5 values 
15:11:41.381 [main] INFO  o.r.Reflections - [scan,232] - Reflections took 9 ms to scan 1 urls, producing 1 keys and 7 values 
15:11:41.391 [main] INFO  o.r.Reflections - [scan,232] - Reflections took 8 ms to scan 1 urls, producing 2 keys and 8 values 
15:11:41.549 [main] INFO  o.r.Reflections - [scan,232] - Reflections took 156 ms to scan 241 urls, producing 0 keys and 0 values 
15:11:41.550 [main] INFO  c.a.n.c.r.client - [printIfInfoEnabled,60] - [447ff505-3c65-449b-a56d-5bb9cecd0d86_config-0] RpcClient init label, labels = {module=config, Vipserver-Tag=null, source=sdk, Amory-Tag=null, Location-Tag=null, taskId=0, AppName=unknown}
15:11:41.551 [main] INFO  c.a.n.c.r.client - [printIfInfoEnabled,60] - [447ff505-3c65-449b-a56d-5bb9cecd0d86_config-0] Register server push request handler:com.alibaba.nacos.client.config.impl.ClientWorker$ConfigRpcTransportClient$$Lambda$332/1715657818
15:11:41.551 [main] INFO  c.a.n.c.r.client - [printIfInfoEnabled,60] - [447ff505-3c65-449b-a56d-5bb9cecd0d86_config-0] Register server push request handler:com.alibaba.nacos.client.config.impl.ClientWorker$ConfigRpcTransportClient$$Lambda$333/71148574
15:11:41.552 [main] INFO  c.a.n.c.r.client - [printIfInfoEnabled,60] - [447ff505-3c65-449b-a56d-5bb9cecd0d86_config-0] Registry connection listener to current client:com.alibaba.nacos.client.config.impl.ClientWorker$ConfigRpcTransportClient$1
15:11:41.553 [main] INFO  c.a.n.c.r.client - [printIfInfoEnabled,60] - [447ff505-3c65-449b-a56d-5bb9cecd0d86_config-0] RpcClient init, ServerListFactory = com.alibaba.nacos.client.config.impl.ClientWorker$ConfigRpcTransportClient$2
15:11:41.560 [main] INFO  c.a.n.c.r.client - [printIfInfoEnabled,60] - [447ff505-3c65-449b-a56d-5bb9cecd0d86_config-0] Try to connect to server on start up, server: {serverIp = '192.168.56.10', server main port = 8848}
15:11:43.257 [main] INFO  c.a.n.c.r.client - [printIfInfoEnabled,60] - [447ff505-3c65-449b-a56d-5bb9cecd0d86_config-0] Success to connect to server [192.168.56.10:8848] on start up, connectionId = 1655622704107_192.168.56.1_5436
15:11:43.257 [com.alibaba.nacos.client.remote.worker] INFO  c.a.n.c.r.client - [printIfInfoEnabled,60] - [447ff505-3c65-449b-a56d-5bb9cecd0d86_config-0] Notify connected event to listeners.
15:11:43.257 [main] INFO  c.a.n.c.r.client - [printIfInfoEnabled,60] - [447ff505-3c65-449b-a56d-5bb9cecd0d86_config-0] Register server push request handler:com.alibaba.nacos.common.remote.client.RpcClient$ConnectResetRequestHandler
15:11:43.258 [main] INFO  c.a.n.c.r.client - [printIfInfoEnabled,60] - [447ff505-3c65-449b-a56d-5bb9cecd0d86_config-0] Register server push request handler:com.alibaba.nacos.common.remote.client.RpcClient$$Lambda$342/572137576
15:11:43.318 [main] INFO  c.y.s.YinswSearchApplication - [logStartupProfileInfo,639] - The following profiles are active: dev
15:11:45.280 [main] INFO  o.a.c.h.Http11NioProtocol - [log,173] - Initializing ProtocolHandler ["http-nio-9501"]
15:11:45.281 [main] INFO  o.a.c.c.StandardService - [log,173] - Starting service [Tomcat]
15:11:45.281 [main] INFO  o.a.c.c.StandardEngine - [log,173] - Starting Servlet engine: [Apache Tomcat/9.0.56]
15:11:45.434 [main] INFO  o.a.c.c.C.[.[.[/] - [log,173] - Initializing Spring embedded WebApplicationContext
15:11:46.074 [main] INFO  c.y.s.e.c.EsConfig - [setEsHttpProperties,33] - 成功加载ES配置:[{"host":"192.168.56.10","port":9200,"scheme":"http"}]
15:11:46.075 [main] INFO  c.y.s.e.i.EsInstance - [<init>,43] - 加载ES配置
15:11:46.076 [main] INFO  c.y.s.e.i.EsInstance - [initEs,53] - 开始创建ES实例
15:11:46.094 [main] INFO  c.y.s.e.i.EsInstance - [initEs,60] - 成功建立ES连接对象:IP:[192.168.56.10],Port:[9200]
15:11:46.749 [main] INFO  c.y.s.e.i.EsInstance - [initEs,65] - 结束创建ES实例耗时:[673]MS
15:11:47.024 [main] INFO  c.a.c.s.SentinelWebAutoConfiguration - [addInterceptors,80] - [Sentinel Starter] register SentinelWebInterceptor with urlPatterns: [/**].
15:11:47.869 [main] INFO  c.a.n.c.r.client - [lambda$createClient$0,80] - [RpcClientFactory] create a new rpc client of ca68adbf-62e0-4a49-9362-9422bdac55c8
15:11:47.869 [main] INFO  c.a.n.c.r.client - [printIfInfoEnabled,60] - [ca68adbf-62e0-4a49-9362-9422bdac55c8] RpcClient init label, labels = {module=naming, source=sdk}
15:11:47.871 [main] INFO  c.a.n.c.r.client - [printIfInfoEnabled,60] - [ca68adbf-62e0-4a49-9362-9422bdac55c8] RpcClient init, ServerListFactory = com.alibaba.nacos.client.naming.core.ServerListManager
15:11:47.871 [main] INFO  c.a.n.c.r.client - [printIfInfoEnabled,60] - [ca68adbf-62e0-4a49-9362-9422bdac55c8] Registry connection listener to current client:com.alibaba.nacos.client.naming.remote.gprc.redo.NamingGrpcRedoService
15:11:47.872 [main] INFO  c.a.n.c.r.client - [printIfInfoEnabled,60] - [ca68adbf-62e0-4a49-9362-9422bdac55c8] Register server push request handler:com.alibaba.nacos.client.naming.remote.gprc.NamingPushRequestHandler
15:11:47.872 [main] INFO  c.a.n.c.r.client - [printIfInfoEnabled,60] - [ca68adbf-62e0-4a49-9362-9422bdac55c8] Try to connect to server on start up, server: {serverIp = '192.168.56.10', server main port = 8848}
15:11:47.979 [main] INFO  c.a.n.c.r.client - [printIfInfoEnabled,60] - [ca68adbf-62e0-4a49-9362-9422bdac55c8] Success to connect to server [192.168.56.10:8848] on start up, connectionId = 1655622708896_192.168.56.1_5515
15:11:47.979 [com.alibaba.nacos.client.remote.worker] INFO  c.a.n.c.r.client - [printIfInfoEnabled,60] - [ca68adbf-62e0-4a49-9362-9422bdac55c8] Notify connected event to listeners.
15:11:47.979 [main] INFO  c.a.n.c.r.client - [printIfInfoEnabled,60] - [ca68adbf-62e0-4a49-9362-9422bdac55c8] Register server push request handler:com.alibaba.nacos.common.remote.client.RpcClient$ConnectResetRequestHandler
15:11:47.979 [main] INFO  c.a.n.c.r.client - [printIfInfoEnabled,60] - [ca68adbf-62e0-4a49-9362-9422bdac55c8] Register server push request handler:com.alibaba.nacos.common.remote.client.RpcClient$$Lambda$342/572137576
15:11:50.057 [main] INFO  o.a.c.h.Http11NioProtocol - [log,173] - Starting ProtocolHandler ["http-nio-9501"]
15:11:50.076 [main] INFO  c.a.c.n.r.NacosServiceRegistry - [register,75] - nacos registry, DEFAULT_GROUP yinsw-search 192.168.1.110:9501 register finished
15:11:50.614 [nacos-grpc-client-executor-6] INFO  c.a.n.c.r.client - [printIfInfoEnabled,60] - [ca68adbf-62e0-4a49-9362-9422bdac55c8] Receive server push request, request = NotifySubscriberRequest, requestId = 48
15:11:50.617 [nacos-grpc-client-executor-6] INFO  c.a.n.c.r.client - [printIfInfoEnabled,60] - [ca68adbf-62e0-4a49-9362-9422bdac55c8] Ack server push request, request = NotifySubscriberRequest, requestId = 48
15:11:50.755 [main] INFO  c.y.s.YinswSearchApplication - [logStarted,61] - Started YinswSearchApplication in 11.555 seconds (JVM running for 12.675)
15:11:50.760 [main] INFO  c.y.s.init.ProdInit - [init,40] - 初始化商品服务开始
15:11:50.760 [main] INFO  c.y.s.init.ProdInit - [init,41] - 开始计算商品总数,发起请求
15:11:51.225 [main] INFO  c.y.s.init.ProdInit - [init,43] - 商品总数远程调用成功:[com.yinsw.common.core.domain.R@3c12f87d]
15:11:51.225 [main] INFO  c.y.s.init.ProdInit - [init,55] - 商品数量为:[14个,每次同步:[100个],总需同步:[1次]
15:11:51.225 [main] INFO  c.y.s.init.ProdInit - [init,58] - 第1次同步开始
15:11:51.423 [nacos-grpc-client-executor-9] INFO  c.a.n.c.r.client - [printIfInfoEnabled,60] - [ca68adbf-62e0-4a49-9362-9422bdac55c8] Receive server push request, request = NotifySubscriberRequest, requestId = 49
15:11:51.424 [nacos-grpc-client-executor-9] INFO  c.a.n.c.r.client - [printIfInfoEnabled,60] - [ca68adbf-62e0-4a49-9362-9422bdac55c8] Ack server push request, request = NotifySubscriberRequest, requestId = 49
15:11:51.527 [main] INFO  c.y.s.e.s.EsDocumentService - [insert,108] - 请求参数:[{"brief":"6.5英寸大屏，支持双卡。","imgs":"http://127.0.0.1:9300/statics/2022/05/31/bf19652c11dfa9ec558ea57e64d0f703908fc106_20220531103017A002.jpg","scores":0,"price":1.01,"name":"Apple iPhone XS Max 移动联通电信4G手机 ","total_stocks":96,"id":18,"pic":"http://127.0.0.1:9300/statics/2022/05/31/f4f2a9504fc2d562b95e2384e11190ef77c66c4b_20220531103013A001.jpg","ori_price":0.00,"sold_num":0}],响应结果:[{"fragment":false,"id":"18","index":"search_shop","primaryTerm":8,"result":"UPDATED","seqNo":50,"shardId":{"fragment":true,"id":-1,"index":{"fragment":false,"name":"search_shop","uUID":"_na_"},"indexName":"search_shop"},"shardInfo":{"failed":0,"failures":[],"fragment":false,"successful":1,"total":2},"type":"_doc","version":5}]
15:11:51.529 [main] INFO  c.y.s.init.ProdInit - [init,75] - 第1次同步成功,耗时[304MS]
15:11:51.538 [main] INFO  c.y.s.e.s.EsDocumentService - [insert,108] - 请求参数:[{"brief":"好看耐穿","imgs":"2019/04/ce5a32005a7a4f9483a17051bda6bd6c.jpg,2019/04/8a8712b81a2d4f4ca3eb4a725ad229c6.jpg","scores":0,"price":420.00,"name":"兰蔻粉水清滢柔肤水400ml 爽肤水女保湿舒缓滋润嫩肤","total_stocks":0,"id":59,"pic":"2019/04/ce5a32005a7a4f9483a17051bda6bd6c.jpg","ori_price":0.00,"sold_num":0}],响应结果:[{"fragment":false,"id":"59","index":"search_shop","primaryTerm":8,"result":"UPDATED","seqNo":51,"shardId":{"fragment":true,"id":-1,"index":{"fragment":false,"name":"search_shop","uUID":"_na_"},"indexName":"search_shop"},"shardInfo":{"failed":0,"failures":[],"fragment":false,"successful":1,"total":2},"type":"_doc","version":5}]
15:11:51.538 [main] INFO  c.y.s.init.ProdInit - [init,75] - 第1次同步成功,耗时[313MS]
15:11:51.544 [main] INFO  c.y.s.e.s.EsDocumentService - [insert,108] - 请求参数:[{"brief":"包邮 肉厚籽少 独具风味","imgs":"2019/04/0bfd73f43d764d20b2f0b92813abdc56.jpg,2019/04/355020f27acd4b13a652cb830f03bedc.jpg","scores":0,"price":26.00,"name":"【Dole都乐】菲律宾都乐非转基因木瓜1只 单只约410g","total_stocks":0,"id":68,"pic":"2019/04/0bfd73f43d764d20b2f0b92813abdc56.jpg","ori_price":0.00,"sold_num":0}],响应结果:[{"fragment":false,"id":"68","index":"search_shop","primaryTerm":8,"result":"UPDATED","seqNo":52,"shardId":{"fragment":true,"id":-1,"index":{"fragment":false,"name":"search_shop","uUID":"_na_"},"indexName":"search_shop"},"shardInfo":{"failed":0,"failures":[],"fragment":false,"successful":1,"total":2},"type":"_doc","version":5}]
15:11:51.544 [main] INFO  c.y.s.init.ProdInit - [init,75] - 第1次同步成功,耗时[319MS]
15:11:51.550 [main] INFO  c.y.s.e.s.EsDocumentService - [insert,108] - 请求参数:[{"brief":" 运动鞋/休闲鞋","imgs":"2019/04/b3558ee506fb4589bfaa94a543226477.jpg,2019/04/df052ea31d3149fdb5c54f7c4fc6349b.jpg","scores":0,"price":1199.00,"name":"阿迪达斯官方 adidas 三叶草 NITE JOGGER 男子经典鞋BD7956","total_stocks":0,"id":69,"pic":"2019/04/b3558ee506fb4589bfaa94a543226477.jpg","ori_price":10.00,"sold_num":0}],响应结果:[{"fragment":false,"id":"69","index":"search_shop","primaryTerm":8,"result":"UPDATED","seqNo":53,"shardId":{"fragment":true,"id":-1,"index":{"fragment":false,"name":"search_shop","uUID":"_na_"},"indexName":"search_shop"},"shardInfo":{"failed":0,"failures":[],"fragment":false,"successful":1,"total":2},"type":"_doc","version":5}]
15:11:51.550 [main] INFO  c.y.s.init.ProdInit - [init,75] - 第1次同步成功,耗时[325MS]
15:11:51.556 [main] INFO  c.y.s.e.s.EsDocumentService - [insert,108] - 请求参数:[{"brief":"好吃","imgs":"2019/04/de0edd2aaf2d4d3c8b6c3fdfde738805.jpg,2019/04/ee4530e364ca48869347e1e79915406c.jpg","scores":0,"price":38.00,"name":"【Dole都乐】比利时Truval啤梨12只 进口水果新鲜梨 单果120g左右","total_stocks":15,"id":70,"pic":"2019/04/de0edd2aaf2d4d3c8b6c3fdfde738805.jpg","ori_price":0.00,"sold_num":0}],响应结果:[{"fragment":false,"id":"70","index":"search_shop","primaryTerm":8,"result":"UPDATED","seqNo":54,"shardId":{"fragment":true,"id":-1,"index":{"fragment":false,"name":"search_shop","uUID":"_na_"},"indexName":"search_shop"},"shardInfo":{"failed":0,"failures":[],"fragment":false,"successful":1,"total":2},"type":"_doc","version":5}]
15:11:51.558 [main] INFO  c.y.s.init.ProdInit - [init,75] - 第1次同步成功,耗时[333MS]
15:11:51.568 [main] INFO  c.y.s.e.s.EsDocumentService - [insert,108] - 请求参数:[{"brief":"梵高定制礼盒 全球限量发售 分期免息","imgs":"2019/04/667e4ce211b44c6da10891f42927fc11.jpg,2019/04/31c416e7020b4fe69d491bc09baaae90.jpg","scores":0,"price":6998.00,"name":"旗舰店官网 自拍神器 梵高定制","total_stocks":99,"id":71,"pic":"2019/04/667e4ce211b44c6da10891f42927fc11.jpg","ori_price":10.00,"sold_num":0}],响应结果:[{"fragment":false,"id":"71","index":"search_shop","primaryTerm":8,"result":"UPDATED","seqNo":55,"shardId":{"fragment":true,"id":-1,"index":{"fragment":false,"name":"search_shop","uUID":"_na_"},"indexName":"search_shop"},"shardInfo":{"failed":0,"failures":[],"fragment":false,"successful":1,"total":2},"type":"_doc","version":5}]
15:11:51.568 [main] INFO  c.y.s.init.ProdInit - [init,75] - 第1次同步成功,耗时[343MS]
15:11:51.573 [main] INFO  c.y.s.e.s.EsDocumentService - [insert,108] - 请求参数:[{"brief":"创意餐厅装饰画 好好吃饭","imgs":"2019/04/299df42b0b404c338060aef5b1b11dd7.jpg,2019/04/bca5ff8e257f4db6aa0be42ed4393568.jpg","scores":0,"price":169.00,"name":"餐厅装饰画现代简约饭厅挂画墙面壁画好好吃饭","total_stocks":0,"id":72,"pic":"2019/04/299df42b0b404c338060aef5b1b11dd7.jpg","ori_price":0.00,"sold_num":0}],响应结果:[{"fragment":false,"id":"72","index":"search_shop","primaryTerm":8,"result":"UPDATED","seqNo":56,"shardId":{"fragment":true,"id":-1,"index":{"fragment":false,"name":"search_shop","uUID":"_na_"},"indexName":"search_shop"},"shardInfo":{"failed":0,"failures":[],"fragment":false,"successful":1,"total":2},"type":"_doc","version":5}]
15:11:51.573 [main] INFO  c.y.s.init.ProdInit - [init,75] - 第1次同步成功,耗时[348MS]
15:11:51.579 [main] INFO  c.y.s.e.s.EsDocumentService - [insert,108] - 请求参数:[{"brief":"三层夹心，Q弹有料","imgs":"2019/04/60c6300596504c10bd80d6365647b078.jpg,2019/04/11175723eae8431cabda164e0e197cb1.jpg","scores":0,"price":22.00,"name":"阴阳师寮办秘制 月见和菓子 184克","total_stocks":77,"id":73,"pic":"2019/04/60c6300596504c10bd80d6365647b078.jpg","ori_price":0.00,"sold_num":0}],响应结果:[{"fragment":false,"id":"73","index":"search_shop","primaryTerm":8,"result":"UPDATED","seqNo":57,"shardId":{"fragment":true,"id":-1,"index":{"fragment":false,"name":"search_shop","uUID":"_na_"},"indexName":"search_shop"},"shardInfo":{"failed":0,"failures":[],"fragment":false,"successful":1,"total":2},"type":"_doc","version":5}]
15:11:51.579 [main] INFO  c.y.s.init.ProdInit - [init,75] - 第1次同步成功,耗时[354MS]
15:11:51.586 [main] INFO  c.y.s.e.s.EsDocumentService - [insert,108] - 请求参数:[{"brief":"测试","imgs":"2019/05/b1a4bf7612554dbc8395f22e22d531c8.jpg","scores":0,"price":100.00,"name":"旺仔牛奶","total_stocks":0,"id":74,"pic":"2019/05/b1a4bf7612554dbc8395f22e22d531c8.jpg","ori_price":0.00,"sold_num":0}],响应结果:[{"fragment":false,"id":"74","index":"search_shop","primaryTerm":8,"result":"UPDATED","seqNo":58,"shardId":{"fragment":true,"id":-1,"index":{"fragment":false,"name":"search_shop","uUID":"_na_"},"indexName":"search_shop"},"shardInfo":{"failed":0,"failures":[],"fragment":false,"successful":1,"total":2},"type":"_doc","version":5}]
15:11:51.587 [main] INFO  c.y.s.init.ProdInit - [init,75] - 第1次同步成功,耗时[362MS]
15:11:51.590 [main] INFO  c.y.s.e.s.EsDocumentService - [insert,108] - 请求参数:[{"brief":"大宋","imgs":"2019/05/65525bbccee04ec5a094f38ce61d6b86.jpg","scores":0,"price":30.00,"name":"测试商品A","total_stocks":30,"id":75,"pic":"2019/05/65525bbccee04ec5a094f38ce61d6b86.jpg","ori_price":30.00,"sold_num":0}],响应结果:[{"fragment":false,"id":"75","index":"search_shop","primaryTerm":8,"result":"UPDATED","seqNo":59,"shardId":{"fragment":true,"id":-1,"index":{"fragment":false,"name":"search_shop","uUID":"_na_"},"indexName":"search_shop"},"shardInfo":{"failed":0,"failures":[],"fragment":false,"successful":1,"total":2},"type":"_doc","version":5}]
15:11:51.591 [main] INFO  c.y.s.init.ProdInit - [init,75] - 第1次同步成功,耗时[366MS]
15:11:51.595 [main] INFO  c.y.s.e.s.EsDocumentService - [insert,108] - 请求参数:[{"brief":"BBBB","imgs":"2019/05/150d6c4a46914dbfa82690098b2ec4e7.jpg","scores":0,"price":40.00,"name":"测试商品B","total_stocks":40,"id":76,"pic":"2019/05/150d6c4a46914dbfa82690098b2ec4e7.jpg","ori_price":40.00,"sold_num":0}],响应结果:[{"fragment":false,"id":"76","index":"search_shop","primaryTerm":8,"result":"UPDATED","seqNo":60,"shardId":{"fragment":true,"id":-1,"index":{"fragment":false,"name":"search_shop","uUID":"_na_"},"indexName":"search_shop"},"shardInfo":{"failed":0,"failures":[],"fragment":false,"successful":1,"total":2},"type":"_doc","version":5}]
15:11:51.596 [main] INFO  c.y.s.init.ProdInit - [init,75] - 第1次同步成功,耗时[371MS]
15:11:51.599 [main] INFO  c.y.s.e.s.EsDocumentService - [insert,108] - 请求参数:[{"brief":"CCC","imgs":"2019/05/1bdd097dbffd477799a7aca949377b20.jpg","scores":0,"price":50.00,"name":"测试商品C","total_stocks":50,"id":77,"pic":"2019/05/1bdd097dbffd477799a7aca949377b20.jpg","ori_price":60.00,"sold_num":0}],响应结果:[{"fragment":false,"id":"77","index":"search_shop","primaryTerm":8,"result":"UPDATED","seqNo":61,"shardId":{"fragment":true,"id":-1,"index":{"fragment":false,"name":"search_shop","uUID":"_na_"},"indexName":"search_shop"},"shardInfo":{"failed":0,"failures":[],"fragment":false,"successful":1,"total":2},"type":"_doc","version":5}]
15:11:51.600 [main] INFO  c.y.s.init.ProdInit - [init,75] - 第1次同步成功,耗时[375MS]
15:11:51.605 [main] INFO  c.y.s.e.s.EsDocumentService - [insert,108] - 请求参数:[{"brief":"这就是描述","imgs":"http://127.0.0.1:9300/statics/2022/06/02/be14868f8c5494eeba36fc702bf5e0fe98257e89_20220602212624A002.jpg","scores":0,"price":80.00,"name":"test01","total_stocks":100,"id":78,"pic":"http://127.0.0.1:9300/statics/2022/06/02/32f45509c93d70cf4e245964fedcd100b8a12bc3_20220602212621A001.jpg","ori_price":100.00,"sold_num":20}],响应结果:[{"fragment":false,"id":"78","index":"search_shop","primaryTerm":8,"result":"UPDATED","seqNo":62,"shardId":{"fragment":true,"id":-1,"index":{"fragment":false,"name":"search_shop","uUID":"_na_"},"indexName":"search_shop"},"shardInfo":{"failed":0,"failures":[],"fragment":false,"successful":1,"total":2},"type":"_doc","version":2}]
15:11:51.605 [main] INFO  c.y.s.init.ProdInit - [init,75] - 第1次同步成功,耗时[380MS]
15:11:51.610 [main] INFO  c.y.s.e.s.EsDocumentService - [insert,108] - 请求参数:[{"brief":"而我却二群无","imgs":"http://127.0.0.1:9300/statics/2022/06/02/32f45509c93d70cf4e245964fedcd100b8a12bc3_20220602214223A004.jpg","scores":0,"price":70.00,"name":"自然","total_stocks":200,"id":79,"pic":"http://127.0.0.1:9300/statics/2022/06/02/be14868f8c5494eeba36fc702bf5e0fe98257e89_20220602214218A003.jpg","ori_price":111.00,"sold_num":100}],响应结果:[{"fragment":false,"id":"79","index":"search_shop","primaryTerm":8,"result":"UPDATED","seqNo":63,"shardId":{"fragment":true,"id":-1,"index":{"fragment":false,"name":"search_shop","uUID":"_na_"},"indexName":"search_shop"},"shardInfo":{"failed":0,"failures":[],"fragment":false,"successful":1,"total":2},"type":"_doc","version":2}]
15:11:51.610 [main] INFO  c.y.s.init.ProdInit - [init,75] - 第1次同步成功,耗时[385MS]
15:11:51.610 [main] INFO  c.y.s.init.ProdInit - [init,77] - 初始化商品服务结束,耗时:[850MS]
15:11:52.303 [RMI TCP Connection(8)-192.168.56.1] INFO  o.a.c.c.C.[.[.[/] - [log,173] - Initializing Spring DispatcherServlet 'dispatcherServlet'
18:26:34.549 [nacos-grpc-client-executor-2496] INFO  c.a.n.c.r.client - [printIfInfoEnabled,60] - [ca68adbf-62e0-4a49-9362-9422bdac55c8] Receive server push request, request = NotifySubscriberRequest, requestId = 81
18:26:34.553 [nacos-grpc-client-executor-2496] INFO  c.a.n.c.r.client - [printIfInfoEnabled,60] - [ca68adbf-62e0-4a49-9362-9422bdac55c8] Ack server push request, request = NotifySubscriberRequest, requestId = 81
18:26:39.263 [SpringApplicationShutdownHook] INFO  c.a.c.n.r.NacosServiceRegistry - [deregister,90] - De-registering from Nacos Server now...
18:26:39.265 [SpringApplicationShutdownHook] INFO  c.a.c.n.r.NacosServiceRegistry - [deregister,110] - De-registration finished.
18:26:39.570 [SpringApplicationShutdownHook] INFO  c.a.n.c.r.client - [shutdown,454] - Shutdown rpc client, set status to shutdown
18:26:39.570 [SpringApplicationShutdownHook] INFO  c.a.n.c.r.client - [shutdown,456] - Shutdown client event executor java.util.concurrent.ScheduledThreadPoolExecutor@3e11f16[Running, pool size = 2, active threads = 2, queued tasks = 0, completed tasks = 0]
18:26:39.571 [SpringApplicationShutdownHook] INFO  c.a.n.c.r.client - [closeConnection,591] - Close current connection 1655622708896_192.168.56.1_5515
18:26:39.572 [nacos-grpc-client-executor-2499] INFO  c.a.n.c.r.c.g.GrpcClient - [printIfInfoEnabled,60] - [1655622708896_192.168.56.1_5515]Ignore complete event,isRunning:false,isAbandon=false
18:26:39.576 [SpringApplicationShutdownHook] INFO  c.a.n.c.r.c.g.GrpcClient - [shutdown,85] - Shutdown grpc executor java.util.concurrent.ThreadPoolExecutor@3bc254bc[Running, pool size = 4, active threads = 0, queued tasks = 0, completed tasks = 2500]
18:26:39.810 [SpringApplicationShutdownHook] INFO  c.y.s.e.i.EsInstance - [destroy,71] - 程序关闭准备销毁ES连接
18:26:39.812 [SpringApplicationShutdownHook] INFO  c.y.s.e.i.EsInstance - [destroy,79] - 程序关闭成功销毁ES连接耗时:[2]MS
