20:37:25.304 [background-preinit] INFO  o.h.v.i.util.Version - [<clinit>,21] - HV000001: Hibernate Validator 6.2.0.Final
20:37:26.699 [main] INFO  c.a.n.c.r.client - [lambda$createClient$0,80] - [RpcClientFactory] create a new rpc client of e2dc402b-d3cf-488f-825f-3e25d53730be_config-0
20:37:26.810 [main] INFO  o.r.Reflections - [scan,232] - Reflections took 71 ms to scan 1 urls, producing 3 keys and 6 values 
20:37:26.855 [main] INFO  o.r.Reflections - [scan,232] - Reflections took 22 ms to scan 1 urls, producing 4 keys and 9 values 
20:37:26.887 [main] INFO  o.r.Reflections - [scan,232] - Reflections took 26 ms to scan 1 urls, producing 3 keys and 10 values 
20:37:27.236 [main] INFO  o.r.Reflections - [scan,232] - Reflections took 341 ms to scan 241 urls, producing 0 keys and 0 values 
20:37:27.254 [main] INFO  o.r.Reflections - [scan,232] - Reflections took 16 ms to scan 1 urls, producing 1 keys and 5 values 
20:37:27.283 [main] INFO  o.r.Reflections - [scan,232] - Reflections took 26 ms to scan 1 urls, producing 1 keys and 7 values 
20:37:27.305 [main] INFO  o.r.Reflections - [scan,232] - Reflections took 19 ms to scan 1 urls, producing 2 keys and 8 values 
20:37:27.606 [main] INFO  o.r.Reflections - [scan,232] - Reflections took 294 ms to scan 241 urls, producing 0 keys and 0 values 
20:37:27.608 [main] INFO  c.a.n.c.r.client - [printIfInfoEnabled,60] - [e2dc402b-d3cf-488f-825f-3e25d53730be_config-0] RpcClient init label, labels = {module=config, Vipserver-Tag=null, source=sdk, Amory-Tag=null, Location-Tag=null, taskId=0, AppName=unknown}
20:37:27.610 [main] INFO  c.a.n.c.r.client - [printIfInfoEnabled,60] - [e2dc402b-d3cf-488f-825f-3e25d53730be_config-0] Register server push request handler:com.alibaba.nacos.client.config.impl.ClientWorker$ConfigRpcTransportClient$$Lambda$332/2081595126
20:37:27.610 [main] INFO  c.a.n.c.r.client - [printIfInfoEnabled,60] - [e2dc402b-d3cf-488f-825f-3e25d53730be_config-0] Register server push request handler:com.alibaba.nacos.client.config.impl.ClientWorker$ConfigRpcTransportClient$$Lambda$333/1121401953
20:37:27.612 [main] INFO  c.a.n.c.r.client - [printIfInfoEnabled,60] - [e2dc402b-d3cf-488f-825f-3e25d53730be_config-0] Registry connection listener to current client:com.alibaba.nacos.client.config.impl.ClientWorker$ConfigRpcTransportClient$1
20:37:27.614 [main] INFO  c.a.n.c.r.client - [printIfInfoEnabled,60] - [e2dc402b-d3cf-488f-825f-3e25d53730be_config-0] RpcClient init, ServerListFactory = com.alibaba.nacos.client.config.impl.ClientWorker$ConfigRpcTransportClient$2
20:37:27.634 [main] INFO  c.a.n.c.r.client - [printIfInfoEnabled,60] - [e2dc402b-d3cf-488f-825f-3e25d53730be_config-0] Try to connect to server on start up, server: {serverIp = '192.168.56.10', server main port = 8848}
20:37:30.431 [main] INFO  c.a.n.c.r.client - [printIfInfoEnabled,60] - [e2dc402b-d3cf-488f-825f-3e25d53730be_config-0] Success to connect to server [192.168.56.10:8848] on start up, connectionId = 1654173452099_192.168.56.1_8701
20:37:30.434 [main] INFO  c.a.n.c.r.client - [printIfInfoEnabled,60] - [e2dc402b-d3cf-488f-825f-3e25d53730be_config-0] Register server push request handler:com.alibaba.nacos.common.remote.client.RpcClient$ConnectResetRequestHandler
20:37:30.436 [com.alibaba.nacos.client.remote.worker] INFO  c.a.n.c.r.client - [printIfInfoEnabled,60] - [e2dc402b-d3cf-488f-825f-3e25d53730be_config-0] Notify connected event to listeners.
20:37:30.443 [main] INFO  c.a.n.c.r.client - [printIfInfoEnabled,60] - [e2dc402b-d3cf-488f-825f-3e25d53730be_config-0] Register server push request handler:com.alibaba.nacos.common.remote.client.RpcClient$$Lambda$342/1408073939
20:37:30.665 [main] INFO  c.y.s.YinswSearchApplication - [logStartupProfileInfo,639] - The following profiles are active: dev
20:37:33.221 [main] INFO  o.a.c.h.Http11NioProtocol - [log,173] - Initializing ProtocolHandler ["http-nio-9501"]
20:37:33.222 [main] INFO  o.a.c.c.StandardService - [log,173] - Starting service [Tomcat]
20:37:33.222 [main] INFO  o.a.c.c.StandardEngine - [log,173] - Starting Servlet engine: [Apache Tomcat/9.0.56]
20:37:33.361 [main] INFO  o.a.c.c.C.[.[.[/] - [log,173] - Initializing Spring embedded WebApplicationContext
20:37:34.117 [main] INFO  c.y.s.e.c.EsConfig - [setEsHttpProperties,33] - 成功加载ES配置:[{"host":"192.168.56.10","port":9200,"scheme":"http"}]
20:37:34.118 [main] INFO  c.y.s.e.i.EsInstance - [<init>,43] - 加载ES配置
20:37:34.118 [main] INFO  c.y.s.e.i.EsInstance - [initEs,53] - 开始创建ES实例
20:37:34.120 [main] INFO  c.y.s.e.i.EsInstance - [initEs,60] - 成功建立ES连接对象:IP:[192.168.56.10],Port:[9200]
20:37:35.571 [main] INFO  c.y.s.e.i.EsInstance - [initEs,65] - 结束创建ES实例耗时:[1453]MS
20:37:35.921 [main] INFO  c.a.c.s.SentinelWebAutoConfiguration - [addInterceptors,80] - [Sentinel Starter] register SentinelWebInterceptor with urlPatterns: [/**].
20:37:36.874 [main] INFO  c.a.n.c.r.client - [lambda$createClient$0,80] - [RpcClientFactory] create a new rpc client of 04dbad6d-4ea9-4d5a-8662-ee3a657a88f9
20:37:36.874 [main] INFO  c.a.n.c.r.client - [printIfInfoEnabled,60] - [04dbad6d-4ea9-4d5a-8662-ee3a657a88f9] RpcClient init label, labels = {module=naming, source=sdk}
20:37:36.876 [main] INFO  c.a.n.c.r.client - [printIfInfoEnabled,60] - [04dbad6d-4ea9-4d5a-8662-ee3a657a88f9] RpcClient init, ServerListFactory = com.alibaba.nacos.client.naming.core.ServerListManager
20:37:36.877 [main] INFO  c.a.n.c.r.client - [printIfInfoEnabled,60] - [04dbad6d-4ea9-4d5a-8662-ee3a657a88f9] Registry connection listener to current client:com.alibaba.nacos.client.naming.remote.gprc.redo.NamingGrpcRedoService
20:37:36.877 [main] INFO  c.a.n.c.r.client - [printIfInfoEnabled,60] - [04dbad6d-4ea9-4d5a-8662-ee3a657a88f9] Register server push request handler:com.alibaba.nacos.client.naming.remote.gprc.NamingPushRequestHandler
20:37:36.878 [main] INFO  c.a.n.c.r.client - [printIfInfoEnabled,60] - [04dbad6d-4ea9-4d5a-8662-ee3a657a88f9] Try to connect to server on start up, server: {serverIp = '192.168.56.10', server main port = 8848}
20:37:36.986 [main] INFO  c.a.n.c.r.client - [printIfInfoEnabled,60] - [04dbad6d-4ea9-4d5a-8662-ee3a657a88f9] Success to connect to server [192.168.56.10:8848] on start up, connectionId = 1654173458825_192.168.56.1_9052
20:37:36.986 [com.alibaba.nacos.client.remote.worker] INFO  c.a.n.c.r.client - [printIfInfoEnabled,60] - [04dbad6d-4ea9-4d5a-8662-ee3a657a88f9] Notify connected event to listeners.
20:37:36.986 [main] INFO  c.a.n.c.r.client - [printIfInfoEnabled,60] - [04dbad6d-4ea9-4d5a-8662-ee3a657a88f9] Register server push request handler:com.alibaba.nacos.common.remote.client.RpcClient$ConnectResetRequestHandler
20:37:36.986 [main] INFO  c.a.n.c.r.client - [printIfInfoEnabled,60] - [04dbad6d-4ea9-4d5a-8662-ee3a657a88f9] Register server push request handler:com.alibaba.nacos.common.remote.client.RpcClient$$Lambda$342/1408073939
20:37:39.370 [main] INFO  o.a.c.h.Http11NioProtocol - [log,173] - Starting ProtocolHandler ["http-nio-9501"]
20:37:39.387 [main] INFO  c.a.c.n.r.NacosServiceRegistry - [register,75] - nacos registry, DEFAULT_GROUP yinsw-search 10.6.8.233:9501 register finished
20:37:39.929 [nacos-grpc-client-executor-6] INFO  c.a.n.c.r.client - [printIfInfoEnabled,60] - [04dbad6d-4ea9-4d5a-8662-ee3a657a88f9] Receive server push request, request = NotifySubscriberRequest, requestId = 16
20:37:39.932 [nacos-grpc-client-executor-6] INFO  c.a.n.c.r.client - [printIfInfoEnabled,60] - [04dbad6d-4ea9-4d5a-8662-ee3a657a88f9] Ack server push request, request = NotifySubscriberRequest, requestId = 16
20:37:40.110 [main] INFO  c.y.s.YinswSearchApplication - [logStarted,61] - Started YinswSearchApplication in 16.254 seconds (JVM running for 17.807)
20:37:40.115 [main] INFO  c.y.s.init.ProdInit - [init,40] - 初始化商品服务开始
20:37:40.115 [main] INFO  c.y.s.init.ProdInit - [init,41] - 开始计算商品总数,发起请求
20:37:40.838 [nacos-grpc-client-executor-9] INFO  c.a.n.c.r.client - [printIfInfoEnabled,60] - [04dbad6d-4ea9-4d5a-8662-ee3a657a88f9] Receive server push request, request = NotifySubscriberRequest, requestId = 17
20:37:40.838 [nacos-grpc-client-executor-9] INFO  c.a.n.c.r.client - [printIfInfoEnabled,60] - [04dbad6d-4ea9-4d5a-8662-ee3a657a88f9] Ack server push request, request = NotifySubscriberRequest, requestId = 17
20:37:42.279 [nacos-grpc-client-executor-12] INFO  c.a.n.c.r.client - [printIfInfoEnabled,60] - [04dbad6d-4ea9-4d5a-8662-ee3a657a88f9] Receive server push request, request = NotifySubscriberRequest, requestId = 19
20:37:42.280 [nacos-grpc-client-executor-12] INFO  c.a.n.c.r.client - [printIfInfoEnabled,60] - [04dbad6d-4ea9-4d5a-8662-ee3a657a88f9] Ack server push request, request = NotifySubscriberRequest, requestId = 19
20:37:42.912 [main] INFO  c.y.s.init.ProdInit - [init,43] - 商品总数远程调用成功:[com.yinsw.common.core.domain.R@3741a170]
20:37:42.912 [main] INFO  c.y.s.init.ProdInit - [init,55] - 商品数量为:[12个,每次同步:[100个],总需同步:[1次]
20:37:42.912 [main] INFO  c.y.s.init.ProdInit - [init,58] - 第1次同步开始
20:37:43.322 [main] INFO  c.y.s.e.s.EsDocumentService - [insert,108] - 请求参数:[{"brief":"6.5英寸大屏，支持双卡。","imgs":"http://127.0.0.1:9300/statics/2022/05/31/bf19652c11dfa9ec558ea57e64d0f703908fc106_20220531103017A002.jpg","scores":0,"price":1.01,"name":"Apple iPhone XS Max 移动联通电信4G手机 ","total_stocks":96,"id":18,"pic":"http://127.0.0.1:9300/statics/2022/05/31/f4f2a9504fc2d562b95e2384e11190ef77c66c4b_20220531103013A001.jpg","ori_price":0.00,"sold_num":0}],响应结果:[{"fragment":false,"id":"18","index":"search_shop","primaryTerm":2,"result":"UPDATED","seqNo":24,"shardId":{"fragment":true,"id":-1,"index":{"fragment":false,"name":"search_shop","uUID":"_na_"},"indexName":"search_shop"},"shardInfo":{"failed":0,"failures":[],"fragment":false,"successful":1,"total":2},"type":"_doc","version":3}]
20:37:43.324 [main] INFO  c.y.s.init.ProdInit - [init,75] - 第1次同步成功,耗时[412MS]
20:37:43.332 [main] INFO  c.y.s.e.s.EsDocumentService - [insert,108] - 请求参数:[{"brief":"好看耐穿","imgs":"2019/04/ce5a32005a7a4f9483a17051bda6bd6c.jpg,2019/04/8a8712b81a2d4f4ca3eb4a725ad229c6.jpg","scores":0,"price":420.00,"name":"兰蔻粉水清滢柔肤水400ml 爽肤水女保湿舒缓滋润嫩肤","total_stocks":0,"id":59,"pic":"2019/04/ce5a32005a7a4f9483a17051bda6bd6c.jpg","ori_price":0.00,"sold_num":0}],响应结果:[{"fragment":false,"id":"59","index":"search_shop","primaryTerm":2,"result":"UPDATED","seqNo":25,"shardId":{"fragment":true,"id":-1,"index":{"fragment":false,"name":"search_shop","uUID":"_na_"},"indexName":"search_shop"},"shardInfo":{"failed":0,"failures":[],"fragment":false,"successful":1,"total":2},"type":"_doc","version":3}]
20:37:43.332 [main] INFO  c.y.s.init.ProdInit - [init,75] - 第1次同步成功,耗时[420MS]
20:37:43.339 [main] INFO  c.y.s.e.s.EsDocumentService - [insert,108] - 请求参数:[{"brief":"包邮 肉厚籽少 独具风味","imgs":"2019/04/0bfd73f43d764d20b2f0b92813abdc56.jpg,2019/04/355020f27acd4b13a652cb830f03bedc.jpg","scores":0,"price":26.00,"name":"【Dole都乐】菲律宾都乐非转基因木瓜1只 单只约410g","total_stocks":0,"id":68,"pic":"2019/04/0bfd73f43d764d20b2f0b92813abdc56.jpg","ori_price":0.00,"sold_num":0}],响应结果:[{"fragment":false,"id":"68","index":"search_shop","primaryTerm":2,"result":"UPDATED","seqNo":26,"shardId":{"fragment":true,"id":-1,"index":{"fragment":false,"name":"search_shop","uUID":"_na_"},"indexName":"search_shop"},"shardInfo":{"failed":0,"failures":[],"fragment":false,"successful":1,"total":2},"type":"_doc","version":3}]
20:37:43.339 [main] INFO  c.y.s.init.ProdInit - [init,75] - 第1次同步成功,耗时[427MS]
20:37:43.345 [main] INFO  c.y.s.e.s.EsDocumentService - [insert,108] - 请求参数:[{"brief":" 运动鞋/休闲鞋","imgs":"2019/04/b3558ee506fb4589bfaa94a543226477.jpg,2019/04/df052ea31d3149fdb5c54f7c4fc6349b.jpg","scores":0,"price":1199.00,"name":"阿迪达斯官方 adidas 三叶草 NITE JOGGER 男子经典鞋BD7956","total_stocks":0,"id":69,"pic":"2019/04/b3558ee506fb4589bfaa94a543226477.jpg","ori_price":10.00,"sold_num":0}],响应结果:[{"fragment":false,"id":"69","index":"search_shop","primaryTerm":2,"result":"UPDATED","seqNo":27,"shardId":{"fragment":true,"id":-1,"index":{"fragment":false,"name":"search_shop","uUID":"_na_"},"indexName":"search_shop"},"shardInfo":{"failed":0,"failures":[],"fragment":false,"successful":1,"total":2},"type":"_doc","version":3}]
20:37:43.345 [main] INFO  c.y.s.init.ProdInit - [init,75] - 第1次同步成功,耗时[433MS]
20:37:43.352 [main] INFO  c.y.s.e.s.EsDocumentService - [insert,108] - 请求参数:[{"brief":"好吃","imgs":"2019/04/de0edd2aaf2d4d3c8b6c3fdfde738805.jpg,2019/04/ee4530e364ca48869347e1e79915406c.jpg","scores":0,"price":38.00,"name":"【Dole都乐】比利时Truval啤梨12只 进口水果新鲜梨 单果120g左右","total_stocks":15,"id":70,"pic":"2019/04/de0edd2aaf2d4d3c8b6c3fdfde738805.jpg","ori_price":0.00,"sold_num":0}],响应结果:[{"fragment":false,"id":"70","index":"search_shop","primaryTerm":2,"result":"UPDATED","seqNo":28,"shardId":{"fragment":true,"id":-1,"index":{"fragment":false,"name":"search_shop","uUID":"_na_"},"indexName":"search_shop"},"shardInfo":{"failed":0,"failures":[],"fragment":false,"successful":1,"total":2},"type":"_doc","version":3}]
20:37:43.353 [main] INFO  c.y.s.init.ProdInit - [init,75] - 第1次同步成功,耗时[441MS]
20:37:43.359 [main] INFO  c.y.s.e.s.EsDocumentService - [insert,108] - 请求参数:[{"brief":"梵高定制礼盒 全球限量发售 分期免息","imgs":"2019/04/667e4ce211b44c6da10891f42927fc11.jpg,2019/04/31c416e7020b4fe69d491bc09baaae90.jpg","scores":0,"price":6998.00,"name":"旗舰店官网 自拍神器 梵高定制","total_stocks":99,"id":71,"pic":"2019/04/667e4ce211b44c6da10891f42927fc11.jpg","ori_price":10.00,"sold_num":0}],响应结果:[{"fragment":false,"id":"71","index":"search_shop","primaryTerm":2,"result":"UPDATED","seqNo":29,"shardId":{"fragment":true,"id":-1,"index":{"fragment":false,"name":"search_shop","uUID":"_na_"},"indexName":"search_shop"},"shardInfo":{"failed":0,"failures":[],"fragment":false,"successful":1,"total":2},"type":"_doc","version":3}]
20:37:43.359 [main] INFO  c.y.s.init.ProdInit - [init,75] - 第1次同步成功,耗时[447MS]
20:37:43.364 [main] INFO  c.y.s.e.s.EsDocumentService - [insert,108] - 请求参数:[{"brief":"创意餐厅装饰画 好好吃饭","imgs":"2019/04/299df42b0b404c338060aef5b1b11dd7.jpg,2019/04/bca5ff8e257f4db6aa0be42ed4393568.jpg","scores":0,"price":169.00,"name":"餐厅装饰画现代简约饭厅挂画墙面壁画好好吃饭","total_stocks":0,"id":72,"pic":"2019/04/299df42b0b404c338060aef5b1b11dd7.jpg","ori_price":0.00,"sold_num":0}],响应结果:[{"fragment":false,"id":"72","index":"search_shop","primaryTerm":2,"result":"UPDATED","seqNo":30,"shardId":{"fragment":true,"id":-1,"index":{"fragment":false,"name":"search_shop","uUID":"_na_"},"indexName":"search_shop"},"shardInfo":{"failed":0,"failures":[],"fragment":false,"successful":1,"total":2},"type":"_doc","version":3}]
20:37:43.365 [main] INFO  c.y.s.init.ProdInit - [init,75] - 第1次同步成功,耗时[453MS]
20:37:43.370 [main] INFO  c.y.s.e.s.EsDocumentService - [insert,108] - 请求参数:[{"brief":"三层夹心，Q弹有料","imgs":"2019/04/60c6300596504c10bd80d6365647b078.jpg,2019/04/11175723eae8431cabda164e0e197cb1.jpg","scores":0,"price":22.00,"name":"阴阳师寮办秘制 月见和菓子 184克","total_stocks":77,"id":73,"pic":"2019/04/60c6300596504c10bd80d6365647b078.jpg","ori_price":0.00,"sold_num":0}],响应结果:[{"fragment":false,"id":"73","index":"search_shop","primaryTerm":2,"result":"UPDATED","seqNo":31,"shardId":{"fragment":true,"id":-1,"index":{"fragment":false,"name":"search_shop","uUID":"_na_"},"indexName":"search_shop"},"shardInfo":{"failed":0,"failures":[],"fragment":false,"successful":1,"total":2},"type":"_doc","version":3}]
20:37:43.370 [main] INFO  c.y.s.init.ProdInit - [init,75] - 第1次同步成功,耗时[458MS]
20:37:43.375 [main] INFO  c.y.s.e.s.EsDocumentService - [insert,108] - 请求参数:[{"brief":"测试","imgs":"2019/05/b1a4bf7612554dbc8395f22e22d531c8.jpg","scores":0,"price":100.00,"name":"旺仔牛奶","total_stocks":0,"id":74,"pic":"2019/05/b1a4bf7612554dbc8395f22e22d531c8.jpg","ori_price":0.00,"sold_num":0}],响应结果:[{"fragment":false,"id":"74","index":"search_shop","primaryTerm":2,"result":"UPDATED","seqNo":32,"shardId":{"fragment":true,"id":-1,"index":{"fragment":false,"name":"search_shop","uUID":"_na_"},"indexName":"search_shop"},"shardInfo":{"failed":0,"failures":[],"fragment":false,"successful":1,"total":2},"type":"_doc","version":3}]
20:37:43.375 [main] INFO  c.y.s.init.ProdInit - [init,75] - 第1次同步成功,耗时[463MS]
20:37:43.381 [main] INFO  c.y.s.e.s.EsDocumentService - [insert,108] - 请求参数:[{"brief":"大宋","imgs":"2019/05/65525bbccee04ec5a094f38ce61d6b86.jpg","scores":0,"price":30.00,"name":"测试商品A","total_stocks":30,"id":75,"pic":"2019/05/65525bbccee04ec5a094f38ce61d6b86.jpg","ori_price":30.00,"sold_num":0}],响应结果:[{"fragment":false,"id":"75","index":"search_shop","primaryTerm":2,"result":"UPDATED","seqNo":33,"shardId":{"fragment":true,"id":-1,"index":{"fragment":false,"name":"search_shop","uUID":"_na_"},"indexName":"search_shop"},"shardInfo":{"failed":0,"failures":[],"fragment":false,"successful":1,"total":2},"type":"_doc","version":3}]
20:37:43.382 [main] INFO  c.y.s.init.ProdInit - [init,75] - 第1次同步成功,耗时[470MS]
20:37:43.387 [main] INFO  c.y.s.e.s.EsDocumentService - [insert,108] - 请求参数:[{"brief":"BBBB","imgs":"2019/05/150d6c4a46914dbfa82690098b2ec4e7.jpg","scores":0,"price":40.00,"name":"测试商品B","total_stocks":40,"id":76,"pic":"2019/05/150d6c4a46914dbfa82690098b2ec4e7.jpg","ori_price":40.00,"sold_num":0}],响应结果:[{"fragment":false,"id":"76","index":"search_shop","primaryTerm":2,"result":"UPDATED","seqNo":34,"shardId":{"fragment":true,"id":-1,"index":{"fragment":false,"name":"search_shop","uUID":"_na_"},"indexName":"search_shop"},"shardInfo":{"failed":0,"failures":[],"fragment":false,"successful":1,"total":2},"type":"_doc","version":3}]
20:37:43.387 [main] INFO  c.y.s.init.ProdInit - [init,75] - 第1次同步成功,耗时[475MS]
20:37:43.390 [main] INFO  c.y.s.e.s.EsDocumentService - [insert,108] - 请求参数:[{"brief":"CCC","imgs":"2019/05/1bdd097dbffd477799a7aca949377b20.jpg","scores":0,"price":50.00,"name":"测试商品C","total_stocks":50,"id":77,"pic":"2019/05/1bdd097dbffd477799a7aca949377b20.jpg","ori_price":60.00,"sold_num":0}],响应结果:[{"fragment":false,"id":"77","index":"search_shop","primaryTerm":2,"result":"UPDATED","seqNo":35,"shardId":{"fragment":true,"id":-1,"index":{"fragment":false,"name":"search_shop","uUID":"_na_"},"indexName":"search_shop"},"shardInfo":{"failed":0,"failures":[],"fragment":false,"successful":1,"total":2},"type":"_doc","version":3}]
20:37:43.391 [main] INFO  c.y.s.init.ProdInit - [init,75] - 第1次同步成功,耗时[479MS]
20:37:43.391 [main] INFO  c.y.s.init.ProdInit - [init,77] - 初始化商品服务结束,耗时:[3276MS]
20:37:44.044 [RMI TCP Connection(11)-192.168.56.1] INFO  o.a.c.c.C.[.[.[/] - [log,173] - Initializing Spring DispatcherServlet 'dispatcherServlet'
20:39:28.938 [background-preinit] INFO  o.h.v.i.util.Version - [<clinit>,21] - HV000001: Hibernate Validator 6.2.0.Final
20:39:30.961 [main] INFO  c.a.n.c.r.client - [lambda$createClient$0,80] - [RpcClientFactory] create a new rpc client of fcc5ac77-4a0f-4375-89c7-cbd9cf1851cc_config-0
20:39:31.029 [main] INFO  o.r.Reflections - [scan,232] - Reflections took 44 ms to scan 1 urls, producing 3 keys and 6 values 
20:39:31.096 [main] INFO  o.r.Reflections - [scan,232] - Reflections took 34 ms to scan 1 urls, producing 4 keys and 9 values 
20:39:31.150 [main] INFO  o.r.Reflections - [scan,232] - Reflections took 49 ms to scan 1 urls, producing 3 keys and 10 values 
20:39:31.484 [main] INFO  o.r.Reflections - [scan,232] - Reflections took 325 ms to scan 241 urls, producing 0 keys and 0 values 
20:39:31.503 [main] INFO  o.r.Reflections - [scan,232] - Reflections took 17 ms to scan 1 urls, producing 1 keys and 5 values 
20:39:31.549 [main] INFO  o.r.Reflections - [scan,232] - Reflections took 34 ms to scan 1 urls, producing 1 keys and 7 values 
20:39:31.575 [main] INFO  o.r.Reflections - [scan,232] - Reflections took 22 ms to scan 1 urls, producing 2 keys and 8 values 
20:39:31.977 [main] INFO  o.r.Reflections - [scan,232] - Reflections took 397 ms to scan 241 urls, producing 0 keys and 0 values 
20:39:31.979 [main] INFO  c.a.n.c.r.client - [printIfInfoEnabled,60] - [fcc5ac77-4a0f-4375-89c7-cbd9cf1851cc_config-0] RpcClient init label, labels = {module=config, Vipserver-Tag=null, source=sdk, Amory-Tag=null, Location-Tag=null, taskId=0, AppName=unknown}
20:39:31.980 [main] INFO  c.a.n.c.r.client - [printIfInfoEnabled,60] - [fcc5ac77-4a0f-4375-89c7-cbd9cf1851cc_config-0] Register server push request handler:com.alibaba.nacos.client.config.impl.ClientWorker$ConfigRpcTransportClient$$Lambda$332/1147943200
20:39:31.981 [main] INFO  c.a.n.c.r.client - [printIfInfoEnabled,60] - [fcc5ac77-4a0f-4375-89c7-cbd9cf1851cc_config-0] Register server push request handler:com.alibaba.nacos.client.config.impl.ClientWorker$ConfigRpcTransportClient$$Lambda$333/783218541
20:39:31.985 [main] INFO  c.a.n.c.r.client - [printIfInfoEnabled,60] - [fcc5ac77-4a0f-4375-89c7-cbd9cf1851cc_config-0] Registry connection listener to current client:com.alibaba.nacos.client.config.impl.ClientWorker$ConfigRpcTransportClient$1
20:39:31.987 [main] INFO  c.a.n.c.r.client - [printIfInfoEnabled,60] - [fcc5ac77-4a0f-4375-89c7-cbd9cf1851cc_config-0] RpcClient init, ServerListFactory = com.alibaba.nacos.client.config.impl.ClientWorker$ConfigRpcTransportClient$2
20:39:32.007 [main] INFO  c.a.n.c.r.client - [printIfInfoEnabled,60] - [fcc5ac77-4a0f-4375-89c7-cbd9cf1851cc_config-0] Try to connect to server on start up, server: {serverIp = '192.168.56.10', server main port = 8848}
20:39:34.427 [main] INFO  c.a.n.c.r.client - [printIfInfoEnabled,60] - [fcc5ac77-4a0f-4375-89c7-cbd9cf1851cc_config-0] Success to connect to server [192.168.56.10:8848] on start up, connectionId = 1654173576201_192.168.56.1_10043
20:39:34.427 [com.alibaba.nacos.client.remote.worker] INFO  c.a.n.c.r.client - [printIfInfoEnabled,60] - [fcc5ac77-4a0f-4375-89c7-cbd9cf1851cc_config-0] Notify connected event to listeners.
20:39:34.428 [main] INFO  c.a.n.c.r.client - [printIfInfoEnabled,60] - [fcc5ac77-4a0f-4375-89c7-cbd9cf1851cc_config-0] Register server push request handler:com.alibaba.nacos.common.remote.client.RpcClient$ConnectResetRequestHandler
20:39:34.428 [main] INFO  c.a.n.c.r.client - [printIfInfoEnabled,60] - [fcc5ac77-4a0f-4375-89c7-cbd9cf1851cc_config-0] Register server push request handler:com.alibaba.nacos.common.remote.client.RpcClient$$Lambda$342/2035387904
20:39:34.493 [main] INFO  c.y.s.YinswSearchApplication - [logStartupProfileInfo,639] - The following profiles are active: dev
20:39:36.965 [main] INFO  o.a.c.h.Http11NioProtocol - [log,173] - Initializing ProtocolHandler ["http-nio-9501"]
20:39:36.966 [main] INFO  o.a.c.c.StandardService - [log,173] - Starting service [Tomcat]
20:39:36.966 [main] INFO  o.a.c.c.StandardEngine - [log,173] - Starting Servlet engine: [Apache Tomcat/9.0.56]
20:39:37.069 [main] INFO  o.a.c.c.C.[.[.[/] - [log,173] - Initializing Spring embedded WebApplicationContext
20:39:37.697 [main] INFO  c.y.s.e.c.EsConfig - [setEsHttpProperties,33] - 成功加载ES配置:[{"host":"192.168.56.10","port":9200,"scheme":"http"}]
20:39:37.699 [main] INFO  c.y.s.e.i.EsInstance - [<init>,43] - 加载ES配置
20:39:37.700 [main] INFO  c.y.s.e.i.EsInstance - [initEs,53] - 开始创建ES实例
20:39:37.701 [main] INFO  c.y.s.e.i.EsInstance - [initEs,60] - 成功建立ES连接对象:IP:[192.168.56.10],Port:[9200]
20:39:38.675 [main] INFO  c.y.s.e.i.EsInstance - [initEs,65] - 结束创建ES实例耗时:[975]MS
20:39:39.103 [main] INFO  c.a.c.s.SentinelWebAutoConfiguration - [addInterceptors,80] - [Sentinel Starter] register SentinelWebInterceptor with urlPatterns: [/**].
20:39:40.208 [main] INFO  c.a.n.c.r.client - [lambda$createClient$0,80] - [RpcClientFactory] create a new rpc client of 8d8eb56b-3c65-446c-825d-bfe201942cb5
20:39:40.208 [main] INFO  c.a.n.c.r.client - [printIfInfoEnabled,60] - [8d8eb56b-3c65-446c-825d-bfe201942cb5] RpcClient init label, labels = {module=naming, source=sdk}
20:39:40.213 [main] INFO  c.a.n.c.r.client - [printIfInfoEnabled,60] - [8d8eb56b-3c65-446c-825d-bfe201942cb5] RpcClient init, ServerListFactory = com.alibaba.nacos.client.naming.core.ServerListManager
20:39:40.214 [main] INFO  c.a.n.c.r.client - [printIfInfoEnabled,60] - [8d8eb56b-3c65-446c-825d-bfe201942cb5] Registry connection listener to current client:com.alibaba.nacos.client.naming.remote.gprc.redo.NamingGrpcRedoService
20:39:40.215 [main] INFO  c.a.n.c.r.client - [printIfInfoEnabled,60] - [8d8eb56b-3c65-446c-825d-bfe201942cb5] Register server push request handler:com.alibaba.nacos.client.naming.remote.gprc.NamingPushRequestHandler
20:39:40.216 [main] INFO  c.a.n.c.r.client - [printIfInfoEnabled,60] - [8d8eb56b-3c65-446c-825d-bfe201942cb5] Try to connect to server on start up, server: {serverIp = '192.168.56.10', server main port = 8848}
20:39:40.334 [main] INFO  c.a.n.c.r.client - [printIfInfoEnabled,60] - [8d8eb56b-3c65-446c-825d-bfe201942cb5] Success to connect to server [192.168.56.10:8848] on start up, connectionId = 1654173582173_192.168.56.1_10343
20:39:40.334 [com.alibaba.nacos.client.remote.worker] INFO  c.a.n.c.r.client - [printIfInfoEnabled,60] - [8d8eb56b-3c65-446c-825d-bfe201942cb5] Notify connected event to listeners.
20:39:40.334 [main] INFO  c.a.n.c.r.client - [printIfInfoEnabled,60] - [8d8eb56b-3c65-446c-825d-bfe201942cb5] Register server push request handler:com.alibaba.nacos.common.remote.client.RpcClient$ConnectResetRequestHandler
20:39:40.335 [main] INFO  c.a.n.c.r.client - [printIfInfoEnabled,60] - [8d8eb56b-3c65-446c-825d-bfe201942cb5] Register server push request handler:com.alibaba.nacos.common.remote.client.RpcClient$$Lambda$342/2035387904
20:39:42.391 [main] INFO  o.a.c.h.Http11NioProtocol - [log,173] - Starting ProtocolHandler ["http-nio-9501"]
20:39:42.408 [main] INFO  c.a.c.n.r.NacosServiceRegistry - [register,75] - nacos registry, DEFAULT_GROUP yinsw-search 10.6.8.233:9501 register finished
20:39:42.942 [nacos-grpc-client-executor-6] INFO  c.a.n.c.r.client - [printIfInfoEnabled,60] - [8d8eb56b-3c65-446c-825d-bfe201942cb5] Receive server push request, request = NotifySubscriberRequest, requestId = 62
20:39:42.945 [nacos-grpc-client-executor-6] INFO  c.a.n.c.r.client - [printIfInfoEnabled,60] - [8d8eb56b-3c65-446c-825d-bfe201942cb5] Ack server push request, request = NotifySubscriberRequest, requestId = 62
20:39:43.126 [main] INFO  c.y.s.YinswSearchApplication - [logStarted,61] - Started YinswSearchApplication in 15.597 seconds (JVM running for 17.09)
20:39:43.131 [main] INFO  c.y.s.init.ProdInit - [init,40] - 初始化商品服务开始
20:39:43.131 [main] INFO  c.y.s.init.ProdInit - [init,41] - 开始计算商品总数,发起请求
20:39:43.873 [nacos-grpc-client-executor-9] INFO  c.a.n.c.r.client - [printIfInfoEnabled,60] - [8d8eb56b-3c65-446c-825d-bfe201942cb5] Receive server push request, request = NotifySubscriberRequest, requestId = 63
20:39:43.874 [nacos-grpc-client-executor-9] INFO  c.a.n.c.r.client - [printIfInfoEnabled,60] - [8d8eb56b-3c65-446c-825d-bfe201942cb5] Ack server push request, request = NotifySubscriberRequest, requestId = 63
20:39:46.382 [main] INFO  c.a.c.n.r.NacosServiceRegistry - [deregister,90] - De-registering from Nacos Server now...
20:39:46.387 [main] INFO  c.a.c.n.r.NacosServiceRegistry - [deregister,110] - De-registration finished.
20:39:46.954 [nacos-grpc-client-executor-14] INFO  c.a.n.c.r.client - [printIfInfoEnabled,60] - [8d8eb56b-3c65-446c-825d-bfe201942cb5] Receive server push request, request = NotifySubscriberRequest, requestId = 67
20:39:46.955 [nacos-grpc-client-executor-14] INFO  c.a.n.c.r.client - [printIfInfoEnabled,60] - [8d8eb56b-3c65-446c-825d-bfe201942cb5] Ack server push request, request = NotifySubscriberRequest, requestId = 67
20:39:46.994 [main] INFO  c.a.n.c.r.client - [shutdown,454] - Shutdown rpc client, set status to shutdown
20:39:46.994 [main] INFO  c.a.n.c.r.client - [shutdown,456] - Shutdown client event executor java.util.concurrent.ScheduledThreadPoolExecutor@5b076d23[Running, pool size = 2, active threads = 2, queued tasks = 0, completed tasks = 0]
20:39:46.994 [main] INFO  c.a.n.c.r.client - [closeConnection,591] - Close current connection 1654173582173_192.168.56.1_10343
20:39:46.996 [nacos-grpc-client-executor-15] INFO  c.a.n.c.r.c.g.GrpcClient - [printIfInfoEnabled,60] - [1654173582173_192.168.56.1_10343]Ignore complete event,isRunning:false,isAbandon=false
20:39:46.998 [main] INFO  c.a.n.c.r.c.g.GrpcClient - [shutdown,85] - Shutdown grpc executor java.util.concurrent.ThreadPoolExecutor@420d123d[Running, pool size = 16, active threads = 0, queued tasks = 0, completed tasks = 16]
20:39:47.024 [main] INFO  c.y.s.e.i.EsInstance - [destroy,71] - 程序关闭准备销毁ES连接
20:39:47.025 [main] INFO  c.y.s.e.i.EsInstance - [destroy,79] - 程序关闭成功销毁ES连接耗时:[1]MS
20:41:31.957 [background-preinit] INFO  o.h.v.i.util.Version - [<clinit>,21] - HV000001: Hibernate Validator 6.2.0.Final
20:41:33.231 [main] INFO  c.a.n.c.r.client - [lambda$createClient$0,80] - [RpcClientFactory] create a new rpc client of d2b5b7f4-a5c2-400c-ba70-162f0bd863ca_config-0
20:41:33.298 [main] INFO  o.r.Reflections - [scan,232] - Reflections took 42 ms to scan 1 urls, producing 3 keys and 6 values 
20:41:33.346 [main] INFO  o.r.Reflections - [scan,232] - Reflections took 16 ms to scan 1 urls, producing 4 keys and 9 values 
20:41:33.366 [main] INFO  o.r.Reflections - [scan,232] - Reflections took 16 ms to scan 1 urls, producing 3 keys and 10 values 
20:41:33.613 [main] INFO  o.r.Reflections - [scan,232] - Reflections took 241 ms to scan 241 urls, producing 0 keys and 0 values 
20:41:33.629 [main] INFO  o.r.Reflections - [scan,232] - Reflections took 14 ms to scan 1 urls, producing 1 keys and 5 values 
20:41:33.649 [main] INFO  o.r.Reflections - [scan,232] - Reflections took 16 ms to scan 1 urls, producing 1 keys and 7 values 
20:41:33.667 [main] INFO  o.r.Reflections - [scan,232] - Reflections took 14 ms to scan 1 urls, producing 2 keys and 8 values 
20:41:33.898 [main] INFO  o.r.Reflections - [scan,232] - Reflections took 226 ms to scan 241 urls, producing 0 keys and 0 values 
20:41:33.900 [main] INFO  c.a.n.c.r.client - [printIfInfoEnabled,60] - [d2b5b7f4-a5c2-400c-ba70-162f0bd863ca_config-0] RpcClient init label, labels = {module=config, Vipserver-Tag=null, source=sdk, Amory-Tag=null, Location-Tag=null, taskId=0, AppName=unknown}
20:41:33.901 [main] INFO  c.a.n.c.r.client - [printIfInfoEnabled,60] - [d2b5b7f4-a5c2-400c-ba70-162f0bd863ca_config-0] Register server push request handler:com.alibaba.nacos.client.config.impl.ClientWorker$ConfigRpcTransportClient$$Lambda$332/1881218633
20:41:33.902 [main] INFO  c.a.n.c.r.client - [printIfInfoEnabled,60] - [d2b5b7f4-a5c2-400c-ba70-162f0bd863ca_config-0] Register server push request handler:com.alibaba.nacos.client.config.impl.ClientWorker$ConfigRpcTransportClient$$Lambda$333/62156248
20:41:33.903 [main] INFO  c.a.n.c.r.client - [printIfInfoEnabled,60] - [d2b5b7f4-a5c2-400c-ba70-162f0bd863ca_config-0] Registry connection listener to current client:com.alibaba.nacos.client.config.impl.ClientWorker$ConfigRpcTransportClient$1
20:41:33.904 [main] INFO  c.a.n.c.r.client - [printIfInfoEnabled,60] - [d2b5b7f4-a5c2-400c-ba70-162f0bd863ca_config-0] RpcClient init, ServerListFactory = com.alibaba.nacos.client.config.impl.ClientWorker$ConfigRpcTransportClient$2
20:41:33.920 [main] INFO  c.a.n.c.r.client - [printIfInfoEnabled,60] - [d2b5b7f4-a5c2-400c-ba70-162f0bd863ca_config-0] Try to connect to server on start up, server: {serverIp = '192.168.56.10', server main port = 8848}
20:41:36.639 [main] INFO  c.a.n.c.r.client - [printIfInfoEnabled,60] - [d2b5b7f4-a5c2-400c-ba70-162f0bd863ca_config-0] Success to connect to server [192.168.56.10:8848] on start up, connectionId = 1654173698363_192.168.56.1_11263
20:41:36.640 [com.alibaba.nacos.client.remote.worker] INFO  c.a.n.c.r.client - [printIfInfoEnabled,60] - [d2b5b7f4-a5c2-400c-ba70-162f0bd863ca_config-0] Notify connected event to listeners.
20:41:36.640 [main] INFO  c.a.n.c.r.client - [printIfInfoEnabled,60] - [d2b5b7f4-a5c2-400c-ba70-162f0bd863ca_config-0] Register server push request handler:com.alibaba.nacos.common.remote.client.RpcClient$ConnectResetRequestHandler
20:41:36.641 [main] INFO  c.a.n.c.r.client - [printIfInfoEnabled,60] - [d2b5b7f4-a5c2-400c-ba70-162f0bd863ca_config-0] Register server push request handler:com.alibaba.nacos.common.remote.client.RpcClient$$Lambda$342/1261545224
20:41:36.732 [main] INFO  c.y.s.YinswSearchApplication - [logStartupProfileInfo,639] - The following profiles are active: dev
20:41:38.868 [main] INFO  o.a.c.h.Http11NioProtocol - [log,173] - Initializing ProtocolHandler ["http-nio-9501"]
20:41:38.869 [main] INFO  o.a.c.c.StandardService - [log,173] - Starting service [Tomcat]
20:41:38.869 [main] INFO  o.a.c.c.StandardEngine - [log,173] - Starting Servlet engine: [Apache Tomcat/9.0.56]
20:41:38.985 [main] INFO  o.a.c.c.C.[.[.[/] - [log,173] - Initializing Spring embedded WebApplicationContext
20:41:39.592 [main] INFO  c.y.s.e.c.EsConfig - [setEsHttpProperties,33] - 成功加载ES配置:[{"host":"192.168.56.10","port":9200,"scheme":"http"}]
20:41:39.593 [main] INFO  c.y.s.e.i.EsInstance - [<init>,43] - 加载ES配置
20:41:39.594 [main] INFO  c.y.s.e.i.EsInstance - [initEs,53] - 开始创建ES实例
20:41:39.595 [main] INFO  c.y.s.e.i.EsInstance - [initEs,60] - 成功建立ES连接对象:IP:[192.168.56.10],Port:[9200]
20:41:40.359 [main] INFO  c.y.s.e.i.EsInstance - [initEs,65] - 结束创建ES实例耗时:[765]MS
20:41:40.669 [main] INFO  c.a.c.s.SentinelWebAutoConfiguration - [addInterceptors,80] - [Sentinel Starter] register SentinelWebInterceptor with urlPatterns: [/**].
20:41:41.634 [main] INFO  c.a.n.c.r.client - [lambda$createClient$0,80] - [RpcClientFactory] create a new rpc client of a3288373-4adf-4ec1-8f13-be2d82c2588d
20:41:41.634 [main] INFO  c.a.n.c.r.client - [printIfInfoEnabled,60] - [a3288373-4adf-4ec1-8f13-be2d82c2588d] RpcClient init label, labels = {module=naming, source=sdk}
20:41:41.636 [main] INFO  c.a.n.c.r.client - [printIfInfoEnabled,60] - [a3288373-4adf-4ec1-8f13-be2d82c2588d] RpcClient init, ServerListFactory = com.alibaba.nacos.client.naming.core.ServerListManager
20:41:41.636 [main] INFO  c.a.n.c.r.client - [printIfInfoEnabled,60] - [a3288373-4adf-4ec1-8f13-be2d82c2588d] Registry connection listener to current client:com.alibaba.nacos.client.naming.remote.gprc.redo.NamingGrpcRedoService
20:41:41.637 [main] INFO  c.a.n.c.r.client - [printIfInfoEnabled,60] - [a3288373-4adf-4ec1-8f13-be2d82c2588d] Register server push request handler:com.alibaba.nacos.client.naming.remote.gprc.NamingPushRequestHandler
20:41:41.637 [main] INFO  c.a.n.c.r.client - [printIfInfoEnabled,60] - [a3288373-4adf-4ec1-8f13-be2d82c2588d] Try to connect to server on start up, server: {serverIp = '192.168.56.10', server main port = 8848}
20:41:41.746 [main] INFO  c.a.n.c.r.client - [printIfInfoEnabled,60] - [a3288373-4adf-4ec1-8f13-be2d82c2588d] Success to connect to server [192.168.56.10:8848] on start up, connectionId = 1654173703586_192.168.56.1_11598
20:41:41.746 [com.alibaba.nacos.client.remote.worker] INFO  c.a.n.c.r.client - [printIfInfoEnabled,60] - [a3288373-4adf-4ec1-8f13-be2d82c2588d] Notify connected event to listeners.
20:41:41.746 [main] INFO  c.a.n.c.r.client - [printIfInfoEnabled,60] - [a3288373-4adf-4ec1-8f13-be2d82c2588d] Register server push request handler:com.alibaba.nacos.common.remote.client.RpcClient$ConnectResetRequestHandler
20:41:41.746 [main] INFO  c.a.n.c.r.client - [printIfInfoEnabled,60] - [a3288373-4adf-4ec1-8f13-be2d82c2588d] Register server push request handler:com.alibaba.nacos.common.remote.client.RpcClient$$Lambda$342/1261545224
20:41:43.524 [main] INFO  o.a.c.h.Http11NioProtocol - [log,173] - Starting ProtocolHandler ["http-nio-9501"]
20:41:43.543 [main] INFO  c.a.c.n.r.NacosServiceRegistry - [register,75] - nacos registry, DEFAULT_GROUP yinsw-search 10.6.8.233:9501 register finished
20:41:44.105 [nacos-grpc-client-executor-7] INFO  c.a.n.c.r.client - [printIfInfoEnabled,60] - [a3288373-4adf-4ec1-8f13-be2d82c2588d] Receive server push request, request = NotifySubscriberRequest, requestId = 106
20:41:44.108 [nacos-grpc-client-executor-7] INFO  c.a.n.c.r.client - [printIfInfoEnabled,60] - [a3288373-4adf-4ec1-8f13-be2d82c2588d] Ack server push request, request = NotifySubscriberRequest, requestId = 106
20:41:44.427 [main] INFO  c.y.s.YinswSearchApplication - [logStarted,61] - Started YinswSearchApplication in 13.902 seconds (JVM running for 15.356)
20:41:44.433 [main] INFO  c.y.s.init.ProdInit - [init,40] - 初始化商品服务开始
20:41:44.433 [main] INFO  c.y.s.init.ProdInit - [init,41] - 开始计算商品总数,发起请求
20:41:45.107 [nacos-grpc-client-executor-11] INFO  c.a.n.c.r.client - [printIfInfoEnabled,60] - [a3288373-4adf-4ec1-8f13-be2d82c2588d] Receive server push request, request = NotifySubscriberRequest, requestId = 107
20:41:45.107 [nacos-grpc-client-executor-11] INFO  c.a.n.c.r.client - [printIfInfoEnabled,60] - [a3288373-4adf-4ec1-8f13-be2d82c2588d] Ack server push request, request = NotifySubscriberRequest, requestId = 107
20:41:47.162 [nacos-grpc-client-executor-13] INFO  c.a.n.c.r.client - [printIfInfoEnabled,60] - [a3288373-4adf-4ec1-8f13-be2d82c2588d] Receive server push request, request = NotifySubscriberRequest, requestId = 109
20:41:47.164 [nacos-grpc-client-executor-13] INFO  c.a.n.c.r.client - [printIfInfoEnabled,60] - [a3288373-4adf-4ec1-8f13-be2d82c2588d] Ack server push request, request = NotifySubscriberRequest, requestId = 109
20:41:47.699 [main] INFO  c.a.c.n.r.NacosServiceRegistry - [deregister,90] - De-registering from Nacos Server now...
20:41:47.702 [main] INFO  c.a.c.n.r.NacosServiceRegistry - [deregister,110] - De-registration finished.
20:41:48.224 [nacos-grpc-client-executor-16] INFO  c.a.n.c.r.client - [printIfInfoEnabled,60] - [a3288373-4adf-4ec1-8f13-be2d82c2588d] Receive server push request, request = NotifySubscriberRequest, requestId = 112
20:41:48.225 [nacos-grpc-client-executor-16] INFO  c.a.n.c.r.client - [printIfInfoEnabled,60] - [a3288373-4adf-4ec1-8f13-be2d82c2588d] Ack server push request, request = NotifySubscriberRequest, requestId = 112
20:41:48.309 [main] INFO  c.a.n.c.r.client - [shutdown,454] - Shutdown rpc client, set status to shutdown
20:41:48.309 [main] INFO  c.a.n.c.r.client - [shutdown,456] - Shutdown client event executor java.util.concurrent.ScheduledThreadPoolExecutor@475454ae[Running, pool size = 2, active threads = 2, queued tasks = 0, completed tasks = 0]
20:41:48.310 [main] INFO  c.a.n.c.r.client - [closeConnection,591] - Close current connection 1654173703586_192.168.56.1_11598
20:41:48.311 [nacos-grpc-client-executor-17] INFO  c.a.n.c.r.c.g.GrpcClient - [printIfInfoEnabled,60] - [1654173703586_192.168.56.1_11598]Ignore complete event,isRunning:false,isAbandon=false
20:41:48.314 [main] INFO  c.a.n.c.r.c.g.GrpcClient - [shutdown,85] - Shutdown grpc executor java.util.concurrent.ThreadPoolExecutor@2ea2f965[Running, pool size = 18, active threads = 0, queued tasks = 0, completed tasks = 18]
20:41:48.343 [main] INFO  c.y.s.e.i.EsInstance - [destroy,71] - 程序关闭准备销毁ES连接
20:41:48.344 [main] INFO  c.y.s.e.i.EsInstance - [destroy,79] - 程序关闭成功销毁ES连接耗时:[1]MS
20:42:01.542 [background-preinit] INFO  o.h.v.i.util.Version - [<clinit>,21] - HV000001: Hibernate Validator 6.2.0.Final
20:42:02.367 [main] INFO  c.a.n.c.r.client - [lambda$createClient$0,80] - [RpcClientFactory] create a new rpc client of 7ff8e0ab-e2be-4887-a29b-c05d11aeefd4_config-0
20:42:02.408 [main] INFO  o.r.Reflections - [scan,232] - Reflections took 27 ms to scan 1 urls, producing 3 keys and 6 values 
20:42:02.438 [main] INFO  o.r.Reflections - [scan,232] - Reflections took 10 ms to scan 1 urls, producing 4 keys and 9 values 
20:42:02.452 [main] INFO  o.r.Reflections - [scan,232] - Reflections took 12 ms to scan 1 urls, producing 3 keys and 10 values 
20:42:02.580 [main] INFO  o.r.Reflections - [scan,232] - Reflections took 126 ms to scan 241 urls, producing 0 keys and 0 values 
20:42:02.589 [main] INFO  o.r.Reflections - [scan,232] - Reflections took 7 ms to scan 1 urls, producing 1 keys and 5 values 
20:42:02.599 [main] INFO  o.r.Reflections - [scan,232] - Reflections took 8 ms to scan 1 urls, producing 1 keys and 7 values 
20:42:02.609 [main] INFO  o.r.Reflections - [scan,232] - Reflections took 8 ms to scan 1 urls, producing 2 keys and 8 values 
20:42:02.728 [main] INFO  o.r.Reflections - [scan,232] - Reflections took 116 ms to scan 241 urls, producing 0 keys and 0 values 
20:42:02.729 [main] INFO  c.a.n.c.r.client - [printIfInfoEnabled,60] - [7ff8e0ab-e2be-4887-a29b-c05d11aeefd4_config-0] RpcClient init label, labels = {module=config, Vipserver-Tag=null, source=sdk, Amory-Tag=null, Location-Tag=null, taskId=0, AppName=unknown}
20:42:02.729 [main] INFO  c.a.n.c.r.client - [printIfInfoEnabled,60] - [7ff8e0ab-e2be-4887-a29b-c05d11aeefd4_config-0] Register server push request handler:com.alibaba.nacos.client.config.impl.ClientWorker$ConfigRpcTransportClient$$Lambda$332/1772270518
20:42:02.729 [main] INFO  c.a.n.c.r.client - [printIfInfoEnabled,60] - [7ff8e0ab-e2be-4887-a29b-c05d11aeefd4_config-0] Register server push request handler:com.alibaba.nacos.client.config.impl.ClientWorker$ConfigRpcTransportClient$$Lambda$333/1329492804
20:42:02.730 [main] INFO  c.a.n.c.r.client - [printIfInfoEnabled,60] - [7ff8e0ab-e2be-4887-a29b-c05d11aeefd4_config-0] Registry connection listener to current client:com.alibaba.nacos.client.config.impl.ClientWorker$ConfigRpcTransportClient$1
20:42:02.731 [main] INFO  c.a.n.c.r.client - [printIfInfoEnabled,60] - [7ff8e0ab-e2be-4887-a29b-c05d11aeefd4_config-0] RpcClient init, ServerListFactory = com.alibaba.nacos.client.config.impl.ClientWorker$ConfigRpcTransportClient$2
20:42:02.738 [main] INFO  c.a.n.c.r.client - [printIfInfoEnabled,60] - [7ff8e0ab-e2be-4887-a29b-c05d11aeefd4_config-0] Try to connect to server on start up, server: {serverIp = '192.168.56.10', server main port = 8848}
20:42:04.400 [main] INFO  c.a.n.c.r.client - [printIfInfoEnabled,60] - [7ff8e0ab-e2be-4887-a29b-c05d11aeefd4_config-0] Success to connect to server [192.168.56.10:8848] on start up, connectionId = 1654173726164_192.168.56.1_11831
20:42:04.400 [com.alibaba.nacos.client.remote.worker] INFO  c.a.n.c.r.client - [printIfInfoEnabled,60] - [7ff8e0ab-e2be-4887-a29b-c05d11aeefd4_config-0] Notify connected event to listeners.
20:42:04.401 [main] INFO  c.a.n.c.r.client - [printIfInfoEnabled,60] - [7ff8e0ab-e2be-4887-a29b-c05d11aeefd4_config-0] Register server push request handler:com.alibaba.nacos.common.remote.client.RpcClient$ConnectResetRequestHandler
20:42:04.401 [main] INFO  c.a.n.c.r.client - [printIfInfoEnabled,60] - [7ff8e0ab-e2be-4887-a29b-c05d11aeefd4_config-0] Register server push request handler:com.alibaba.nacos.common.remote.client.RpcClient$$Lambda$342/1917860633
20:42:04.468 [main] INFO  c.y.s.YinswSearchApplication - [logStartupProfileInfo,639] - The following profiles are active: dev
20:42:06.092 [main] INFO  o.a.c.h.Http11NioProtocol - [log,173] - Initializing ProtocolHandler ["http-nio-9501"]
20:42:06.092 [main] INFO  o.a.c.c.StandardService - [log,173] - Starting service [Tomcat]
20:42:06.092 [main] INFO  o.a.c.c.StandardEngine - [log,173] - Starting Servlet engine: [Apache Tomcat/9.0.56]
20:42:06.202 [main] INFO  o.a.c.c.C.[.[.[/] - [log,173] - Initializing Spring embedded WebApplicationContext
20:42:06.617 [main] INFO  c.y.s.e.c.EsConfig - [setEsHttpProperties,33] - 成功加载ES配置:[{"host":"192.168.56.10","port":9200,"scheme":"http"}]
20:42:06.617 [main] INFO  c.y.s.e.i.EsInstance - [<init>,43] - 加载ES配置
20:42:06.617 [main] INFO  c.y.s.e.i.EsInstance - [initEs,53] - 开始创建ES实例
20:42:06.618 [main] INFO  c.y.s.e.i.EsInstance - [initEs,60] - 成功建立ES连接对象:IP:[192.168.56.10],Port:[9200]
20:42:07.206 [main] INFO  c.y.s.e.i.EsInstance - [initEs,65] - 结束创建ES实例耗时:[589]MS
20:42:07.443 [main] INFO  c.a.c.s.SentinelWebAutoConfiguration - [addInterceptors,80] - [Sentinel Starter] register SentinelWebInterceptor with urlPatterns: [/**].
20:42:08.162 [main] INFO  c.a.n.c.r.client - [lambda$createClient$0,80] - [RpcClientFactory] create a new rpc client of 0336d59f-0c1d-4b4d-97f6-67a328ed8456
20:42:08.162 [main] INFO  c.a.n.c.r.client - [printIfInfoEnabled,60] - [0336d59f-0c1d-4b4d-97f6-67a328ed8456] RpcClient init label, labels = {module=naming, source=sdk}
20:42:08.164 [main] INFO  c.a.n.c.r.client - [printIfInfoEnabled,60] - [0336d59f-0c1d-4b4d-97f6-67a328ed8456] RpcClient init, ServerListFactory = com.alibaba.nacos.client.naming.core.ServerListManager
20:42:08.164 [main] INFO  c.a.n.c.r.client - [printIfInfoEnabled,60] - [0336d59f-0c1d-4b4d-97f6-67a328ed8456] Registry connection listener to current client:com.alibaba.nacos.client.naming.remote.gprc.redo.NamingGrpcRedoService
20:42:08.165 [main] INFO  c.a.n.c.r.client - [printIfInfoEnabled,60] - [0336d59f-0c1d-4b4d-97f6-67a328ed8456] Register server push request handler:com.alibaba.nacos.client.naming.remote.gprc.NamingPushRequestHandler
20:42:08.165 [main] INFO  c.a.n.c.r.client - [printIfInfoEnabled,60] - [0336d59f-0c1d-4b4d-97f6-67a328ed8456] Try to connect to server on start up, server: {serverIp = '192.168.56.10', server main port = 8848}
20:42:08.275 [main] INFO  c.a.n.c.r.client - [printIfInfoEnabled,60] - [0336d59f-0c1d-4b4d-97f6-67a328ed8456] Success to connect to server [192.168.56.10:8848] on start up, connectionId = 1654173730115_192.168.56.1_11866
20:42:08.275 [com.alibaba.nacos.client.remote.worker] INFO  c.a.n.c.r.client - [printIfInfoEnabled,60] - [0336d59f-0c1d-4b4d-97f6-67a328ed8456] Notify connected event to listeners.
20:42:08.275 [main] INFO  c.a.n.c.r.client - [printIfInfoEnabled,60] - [0336d59f-0c1d-4b4d-97f6-67a328ed8456] Register server push request handler:com.alibaba.nacos.common.remote.client.RpcClient$ConnectResetRequestHandler
20:42:08.275 [main] INFO  c.a.n.c.r.client - [printIfInfoEnabled,60] - [0336d59f-0c1d-4b4d-97f6-67a328ed8456] Register server push request handler:com.alibaba.nacos.common.remote.client.RpcClient$$Lambda$342/1917860633
20:42:09.853 [main] INFO  o.a.c.h.Http11NioProtocol - [log,173] - Starting ProtocolHandler ["http-nio-9501"]
20:42:09.870 [main] INFO  c.a.c.n.r.NacosServiceRegistry - [register,75] - nacos registry, DEFAULT_GROUP yinsw-search 10.6.8.233:9501 register finished
20:42:10.394 [nacos-grpc-client-executor-6] INFO  c.a.n.c.r.client - [printIfInfoEnabled,60] - [0336d59f-0c1d-4b4d-97f6-67a328ed8456] Receive server push request, request = NotifySubscriberRequest, requestId = 119
20:42:10.397 [nacos-grpc-client-executor-6] INFO  c.a.n.c.r.client - [printIfInfoEnabled,60] - [0336d59f-0c1d-4b4d-97f6-67a328ed8456] Ack server push request, request = NotifySubscriberRequest, requestId = 119
20:42:10.521 [main] INFO  c.y.s.YinswSearchApplication - [logStarted,61] - Started YinswSearchApplication in 9.906 seconds (JVM running for 10.822)
20:42:10.525 [main] INFO  c.y.s.init.ProdInit - [init,40] - 初始化商品服务开始
20:42:10.525 [main] INFO  c.y.s.init.ProdInit - [init,41] - 开始计算商品总数,发起请求
20:42:10.844 [main] INFO  c.y.s.init.ProdInit - [init,43] - 商品总数远程调用成功:[com.yinsw.common.core.domain.R@6f54d397]
20:42:10.845 [main] INFO  c.y.s.init.ProdInit - [init,55] - 商品数量为:[12个,每次同步:[100个],总需同步:[1次]
20:42:10.845 [main] INFO  c.y.s.init.ProdInit - [init,58] - 第1次同步开始
20:42:11.064 [main] INFO  c.y.s.e.s.EsDocumentService - [insert,108] - 请求参数:[{"brief":"6.5英寸大屏，支持双卡。","imgs":"http://127.0.0.1:9300/statics/2022/05/31/bf19652c11dfa9ec558ea57e64d0f703908fc106_20220531103017A002.jpg","scores":0,"price":1.01,"name":"Apple iPhone XS Max 移动联通电信4G手机 ","total_stocks":96,"id":18,"pic":"http://127.0.0.1:9300/statics/2022/05/31/f4f2a9504fc2d562b95e2384e11190ef77c66c4b_20220531103013A001.jpg","ori_price":0.00,"sold_num":0}],响应结果:[{"fragment":false,"id":"18","index":"search_shop","primaryTerm":2,"result":"UPDATED","seqNo":36,"shardId":{"fragment":true,"id":-1,"index":{"fragment":false,"name":"search_shop","uUID":"_na_"},"indexName":"search_shop"},"shardInfo":{"failed":0,"failures":[],"fragment":false,"successful":1,"total":2},"type":"_doc","version":4}]
20:42:11.065 [main] INFO  c.y.s.init.ProdInit - [init,75] - 第1次同步成功,耗时[220MS]
20:42:11.070 [main] INFO  c.y.s.e.s.EsDocumentService - [insert,108] - 请求参数:[{"brief":"好看耐穿","imgs":"2019/04/ce5a32005a7a4f9483a17051bda6bd6c.jpg,2019/04/8a8712b81a2d4f4ca3eb4a725ad229c6.jpg","scores":0,"price":420.00,"name":"兰蔻粉水清滢柔肤水400ml 爽肤水女保湿舒缓滋润嫩肤","total_stocks":0,"id":59,"pic":"2019/04/ce5a32005a7a4f9483a17051bda6bd6c.jpg","ori_price":0.00,"sold_num":0}],响应结果:[{"fragment":false,"id":"59","index":"search_shop","primaryTerm":2,"result":"UPDATED","seqNo":37,"shardId":{"fragment":true,"id":-1,"index":{"fragment":false,"name":"search_shop","uUID":"_na_"},"indexName":"search_shop"},"shardInfo":{"failed":0,"failures":[],"fragment":false,"successful":1,"total":2},"type":"_doc","version":4}]
20:42:11.070 [main] INFO  c.y.s.init.ProdInit - [init,75] - 第1次同步成功,耗时[225MS]
20:42:11.074 [main] INFO  c.y.s.e.s.EsDocumentService - [insert,108] - 请求参数:[{"brief":"包邮 肉厚籽少 独具风味","imgs":"2019/04/0bfd73f43d764d20b2f0b92813abdc56.jpg,2019/04/355020f27acd4b13a652cb830f03bedc.jpg","scores":0,"price":26.00,"name":"【Dole都乐】菲律宾都乐非转基因木瓜1只 单只约410g","total_stocks":0,"id":68,"pic":"2019/04/0bfd73f43d764d20b2f0b92813abdc56.jpg","ori_price":0.00,"sold_num":0}],响应结果:[{"fragment":false,"id":"68","index":"search_shop","primaryTerm":2,"result":"UPDATED","seqNo":38,"shardId":{"fragment":true,"id":-1,"index":{"fragment":false,"name":"search_shop","uUID":"_na_"},"indexName":"search_shop"},"shardInfo":{"failed":0,"failures":[],"fragment":false,"successful":1,"total":2},"type":"_doc","version":4}]
20:42:11.074 [main] INFO  c.y.s.init.ProdInit - [init,75] - 第1次同步成功,耗时[229MS]
20:42:11.078 [main] INFO  c.y.s.e.s.EsDocumentService - [insert,108] - 请求参数:[{"brief":" 运动鞋/休闲鞋","imgs":"2019/04/b3558ee506fb4589bfaa94a543226477.jpg,2019/04/df052ea31d3149fdb5c54f7c4fc6349b.jpg","scores":0,"price":1199.00,"name":"阿迪达斯官方 adidas 三叶草 NITE JOGGER 男子经典鞋BD7956","total_stocks":0,"id":69,"pic":"2019/04/b3558ee506fb4589bfaa94a543226477.jpg","ori_price":10.00,"sold_num":0}],响应结果:[{"fragment":false,"id":"69","index":"search_shop","primaryTerm":2,"result":"UPDATED","seqNo":39,"shardId":{"fragment":true,"id":-1,"index":{"fragment":false,"name":"search_shop","uUID":"_na_"},"indexName":"search_shop"},"shardInfo":{"failed":0,"failures":[],"fragment":false,"successful":1,"total":2},"type":"_doc","version":4}]
20:42:11.078 [main] INFO  c.y.s.init.ProdInit - [init,75] - 第1次同步成功,耗时[233MS]
20:42:11.082 [main] INFO  c.y.s.e.s.EsDocumentService - [insert,108] - 请求参数:[{"brief":"好吃","imgs":"2019/04/de0edd2aaf2d4d3c8b6c3fdfde738805.jpg,2019/04/ee4530e364ca48869347e1e79915406c.jpg","scores":0,"price":38.00,"name":"【Dole都乐】比利时Truval啤梨12只 进口水果新鲜梨 单果120g左右","total_stocks":15,"id":70,"pic":"2019/04/de0edd2aaf2d4d3c8b6c3fdfde738805.jpg","ori_price":0.00,"sold_num":0}],响应结果:[{"fragment":false,"id":"70","index":"search_shop","primaryTerm":2,"result":"UPDATED","seqNo":40,"shardId":{"fragment":true,"id":-1,"index":{"fragment":false,"name":"search_shop","uUID":"_na_"},"indexName":"search_shop"},"shardInfo":{"failed":0,"failures":[],"fragment":false,"successful":1,"total":2},"type":"_doc","version":4}]
20:42:11.083 [main] INFO  c.y.s.init.ProdInit - [init,75] - 第1次同步成功,耗时[238MS]
20:42:11.090 [main] INFO  c.y.s.e.s.EsDocumentService - [insert,108] - 请求参数:[{"brief":"梵高定制礼盒 全球限量发售 分期免息","imgs":"2019/04/667e4ce211b44c6da10891f42927fc11.jpg,2019/04/31c416e7020b4fe69d491bc09baaae90.jpg","scores":0,"price":6998.00,"name":"旗舰店官网 自拍神器 梵高定制","total_stocks":99,"id":71,"pic":"2019/04/667e4ce211b44c6da10891f42927fc11.jpg","ori_price":10.00,"sold_num":0}],响应结果:[{"fragment":false,"id":"71","index":"search_shop","primaryTerm":2,"result":"UPDATED","seqNo":41,"shardId":{"fragment":true,"id":-1,"index":{"fragment":false,"name":"search_shop","uUID":"_na_"},"indexName":"search_shop"},"shardInfo":{"failed":0,"failures":[],"fragment":false,"successful":1,"total":2},"type":"_doc","version":4}]
20:42:11.090 [main] INFO  c.y.s.init.ProdInit - [init,75] - 第1次同步成功,耗时[245MS]
20:42:11.111 [main] INFO  c.y.s.e.s.EsDocumentService - [insert,108] - 请求参数:[{"brief":"创意餐厅装饰画 好好吃饭","imgs":"2019/04/299df42b0b404c338060aef5b1b11dd7.jpg,2019/04/bca5ff8e257f4db6aa0be42ed4393568.jpg","scores":0,"price":169.00,"name":"餐厅装饰画现代简约饭厅挂画墙面壁画好好吃饭","total_stocks":0,"id":72,"pic":"2019/04/299df42b0b404c338060aef5b1b11dd7.jpg","ori_price":0.00,"sold_num":0}],响应结果:[{"fragment":false,"id":"72","index":"search_shop","primaryTerm":2,"result":"UPDATED","seqNo":42,"shardId":{"fragment":true,"id":-1,"index":{"fragment":false,"name":"search_shop","uUID":"_na_"},"indexName":"search_shop"},"shardInfo":{"failed":0,"failures":[],"fragment":false,"successful":1,"total":2},"type":"_doc","version":4}]
20:42:11.111 [main] INFO  c.y.s.init.ProdInit - [init,75] - 第1次同步成功,耗时[266MS]
20:42:11.117 [main] INFO  c.y.s.e.s.EsDocumentService - [insert,108] - 请求参数:[{"brief":"三层夹心，Q弹有料","imgs":"2019/04/60c6300596504c10bd80d6365647b078.jpg,2019/04/11175723eae8431cabda164e0e197cb1.jpg","scores":0,"price":22.00,"name":"阴阳师寮办秘制 月见和菓子 184克","total_stocks":77,"id":73,"pic":"2019/04/60c6300596504c10bd80d6365647b078.jpg","ori_price":0.00,"sold_num":0}],响应结果:[{"fragment":false,"id":"73","index":"search_shop","primaryTerm":2,"result":"UPDATED","seqNo":43,"shardId":{"fragment":true,"id":-1,"index":{"fragment":false,"name":"search_shop","uUID":"_na_"},"indexName":"search_shop"},"shardInfo":{"failed":0,"failures":[],"fragment":false,"successful":1,"total":2},"type":"_doc","version":4}]
20:42:11.117 [main] INFO  c.y.s.init.ProdInit - [init,75] - 第1次同步成功,耗时[272MS]
20:42:11.124 [main] INFO  c.y.s.e.s.EsDocumentService - [insert,108] - 请求参数:[{"brief":"测试","imgs":"2019/05/b1a4bf7612554dbc8395f22e22d531c8.jpg","scores":0,"price":100.00,"name":"旺仔牛奶","total_stocks":0,"id":74,"pic":"2019/05/b1a4bf7612554dbc8395f22e22d531c8.jpg","ori_price":0.00,"sold_num":0}],响应结果:[{"fragment":false,"id":"74","index":"search_shop","primaryTerm":2,"result":"UPDATED","seqNo":44,"shardId":{"fragment":true,"id":-1,"index":{"fragment":false,"name":"search_shop","uUID":"_na_"},"indexName":"search_shop"},"shardInfo":{"failed":0,"failures":[],"fragment":false,"successful":1,"total":2},"type":"_doc","version":4}]
20:42:11.124 [main] INFO  c.y.s.init.ProdInit - [init,75] - 第1次同步成功,耗时[279MS]
20:42:11.129 [main] INFO  c.y.s.e.s.EsDocumentService - [insert,108] - 请求参数:[{"brief":"大宋","imgs":"2019/05/65525bbccee04ec5a094f38ce61d6b86.jpg","scores":0,"price":30.00,"name":"测试商品A","total_stocks":30,"id":75,"pic":"2019/05/65525bbccee04ec5a094f38ce61d6b86.jpg","ori_price":30.00,"sold_num":0}],响应结果:[{"fragment":false,"id":"75","index":"search_shop","primaryTerm":2,"result":"UPDATED","seqNo":45,"shardId":{"fragment":true,"id":-1,"index":{"fragment":false,"name":"search_shop","uUID":"_na_"},"indexName":"search_shop"},"shardInfo":{"failed":0,"failures":[],"fragment":false,"successful":1,"total":2},"type":"_doc","version":4}]
20:42:11.129 [main] INFO  c.y.s.init.ProdInit - [init,75] - 第1次同步成功,耗时[284MS]
20:42:11.133 [main] INFO  c.y.s.e.s.EsDocumentService - [insert,108] - 请求参数:[{"brief":"BBBB","imgs":"2019/05/150d6c4a46914dbfa82690098b2ec4e7.jpg","scores":0,"price":40.00,"name":"测试商品B","total_stocks":40,"id":76,"pic":"2019/05/150d6c4a46914dbfa82690098b2ec4e7.jpg","ori_price":40.00,"sold_num":0}],响应结果:[{"fragment":false,"id":"76","index":"search_shop","primaryTerm":2,"result":"UPDATED","seqNo":46,"shardId":{"fragment":true,"id":-1,"index":{"fragment":false,"name":"search_shop","uUID":"_na_"},"indexName":"search_shop"},"shardInfo":{"failed":0,"failures":[],"fragment":false,"successful":1,"total":2},"type":"_doc","version":4}]
20:42:11.133 [main] INFO  c.y.s.init.ProdInit - [init,75] - 第1次同步成功,耗时[288MS]
20:42:11.144 [main] INFO  c.y.s.e.s.EsDocumentService - [insert,108] - 请求参数:[{"brief":"CCC","imgs":"2019/05/1bdd097dbffd477799a7aca949377b20.jpg","scores":0,"price":50.00,"name":"测试商品C","total_stocks":50,"id":77,"pic":"2019/05/1bdd097dbffd477799a7aca949377b20.jpg","ori_price":60.00,"sold_num":0}],响应结果:[{"fragment":false,"id":"77","index":"search_shop","primaryTerm":2,"result":"UPDATED","seqNo":47,"shardId":{"fragment":true,"id":-1,"index":{"fragment":false,"name":"search_shop","uUID":"_na_"},"indexName":"search_shop"},"shardInfo":{"failed":0,"failures":[],"fragment":false,"successful":1,"total":2},"type":"_doc","version":4}]
20:42:11.145 [main] INFO  c.y.s.init.ProdInit - [init,75] - 第1次同步成功,耗时[300MS]
20:42:11.145 [main] INFO  c.y.s.init.ProdInit - [init,77] - 初始化商品服务结束,耗时:[620MS]
20:42:11.186 [nacos-grpc-client-executor-10] INFO  c.a.n.c.r.client - [printIfInfoEnabled,60] - [0336d59f-0c1d-4b4d-97f6-67a328ed8456] Receive server push request, request = NotifySubscriberRequest, requestId = 121
20:42:11.187 [nacos-grpc-client-executor-10] INFO  c.a.n.c.r.client - [printIfInfoEnabled,60] - [0336d59f-0c1d-4b4d-97f6-67a328ed8456] Ack server push request, request = NotifySubscriberRequest, requestId = 121
20:42:11.746 [RMI TCP Connection(2)-192.168.56.1] INFO  o.a.c.c.C.[.[.[/] - [log,173] - Initializing Spring DispatcherServlet 'dispatcherServlet'
21:26:31.134 [org.springframework.amqp.rabbit.RabbitListenerEndpointContainer#0-1] INFO  c.y.s.i.ProdIncrQueueHandler - [prodNewSearchHandler,46] - 消息队列:[prod_new_search],接受到消息:[78]
21:26:31.134 [org.springframework.amqp.rabbit.RabbitListenerEndpointContainer#0-1] INFO  c.y.s.i.ProdIncrService - [prodIncrSearch,42] - 进行商品增量业务开始
21:26:31.157 [org.springframework.amqp.rabbit.RabbitListenerEndpointContainer#0-1] INFO  c.y.s.i.ProdIncrService - [prodIncrSearch,44] - 实行根据商品ID获取商品信息远程调用 请求参数:[78],响应结果:[{"code":200,"data":{"brief":"这就是描述","content":"详细描述","createTime":1654176391000,"id":78,"imgs":"http://127.0.0.1:9300/statics/2022/06/02/be14868f8c5494eeba36fc702bf5e0fe98257e89_20220602212624A002.jpg","name":"test01","oriPrice":100.00,"params":{},"pic":"http://127.0.0.1:9300/statics/2022/06/02/32f45509c93d70cf4e245964fedcd100b8a12bc3_20220602212621A001.jpg","price":80.00,"soldNum":20,"status":"0","totalStocks":100}}]
21:26:31.185 [org.springframework.amqp.rabbit.RabbitListenerEndpointContainer#0-1] INFO  c.y.s.e.s.EsDocumentService - [insert,108] - 请求参数:[{"brief":"这就是描述","imgs":"http://127.0.0.1:9300/statics/2022/06/02/be14868f8c5494eeba36fc702bf5e0fe98257e89_20220602212624A002.jpg","scores":0,"price":80.00,"name":"test01","total_stocks":100,"id":78,"pic":"http://127.0.0.1:9300/statics/2022/06/02/32f45509c93d70cf4e245964fedcd100b8a12bc3_20220602212621A001.jpg","ori_price":100.00,"sold_num":20}],响应结果:[{"fragment":false,"id":"78","index":"search_shop","primaryTerm":2,"result":"CREATED","seqNo":48,"shardId":{"fragment":true,"id":-1,"index":{"fragment":false,"name":"search_shop","uUID":"_na_"},"indexName":"search_shop"},"shardInfo":{"failed":0,"failures":[],"fragment":false,"successful":1,"total":2},"type":"_doc","version":1}]
21:26:31.185 [org.springframework.amqp.rabbit.RabbitListenerEndpointContainer#0-1] INFO  c.y.s.i.ProdIncrService - [prodIncrSearch,53] - 商品信息:[test01],增量成功 耗时:[51MS]
21:26:31.185 [org.springframework.amqp.rabbit.RabbitListenerEndpointContainer#0-1] INFO  c.y.s.i.ProdIncrQueueHandler - [prodNewSearchHandler,52] - 消息队列:[prod_new_search],消息:[78],消费完成 耗时:[51MS]
21:42:29.926 [org.springframework.amqp.rabbit.RabbitListenerEndpointContainer#0-2] INFO  c.y.s.i.ProdIncrQueueHandler - [prodNewSearchHandler,46] - 消息队列:[prod_new_search],接受到消息:[79]
21:42:29.926 [org.springframework.amqp.rabbit.RabbitListenerEndpointContainer#0-2] INFO  c.y.s.i.ProdIncrService - [prodIncrSearch,42] - 进行商品增量业务开始
21:42:29.933 [org.springframework.amqp.rabbit.RabbitListenerEndpointContainer#0-2] INFO  c.y.s.i.ProdIncrService - [prodIncrSearch,44] - 实行根据商品ID获取商品信息远程调用 请求参数:[79],响应结果:[{"code":200,"data":{"brief":"而我却二群无","content":"阿萨德","createTime":1654177350000,"id":79,"imgs":"http://127.0.0.1:9300/statics/2022/06/02/32f45509c93d70cf4e245964fedcd100b8a12bc3_20220602214223A004.jpg","name":"自然","oriPrice":111.00,"params":{},"pic":"http://127.0.0.1:9300/statics/2022/06/02/be14868f8c5494eeba36fc702bf5e0fe98257e89_20220602214218A003.jpg","price":70.00,"soldNum":100,"status":"0","totalStocks":200}}]
21:42:29.970 [org.springframework.amqp.rabbit.RabbitListenerEndpointContainer#0-2] INFO  c.y.s.e.s.EsDocumentService - [insert,108] - 请求参数:[{"brief":"而我却二群无","imgs":"http://127.0.0.1:9300/statics/2022/06/02/32f45509c93d70cf4e245964fedcd100b8a12bc3_20220602214223A004.jpg","scores":0,"price":70.00,"name":"自然","total_stocks":200,"id":79,"pic":"http://127.0.0.1:9300/statics/2022/06/02/be14868f8c5494eeba36fc702bf5e0fe98257e89_20220602214218A003.jpg","ori_price":111.00,"sold_num":100}],响应结果:[{"fragment":false,"id":"79","index":"search_shop","primaryTerm":2,"result":"CREATED","seqNo":49,"shardId":{"fragment":true,"id":-1,"index":{"fragment":false,"name":"search_shop","uUID":"_na_"},"indexName":"search_shop"},"shardInfo":{"failed":0,"failures":[],"fragment":false,"successful":1,"total":2},"type":"_doc","version":1}]
21:42:29.970 [org.springframework.amqp.rabbit.RabbitListenerEndpointContainer#0-2] INFO  c.y.s.i.ProdIncrService - [prodIncrSearch,53] - 商品信息:[自然],增量成功 耗时:[44MS]
21:42:29.970 [org.springframework.amqp.rabbit.RabbitListenerEndpointContainer#0-2] INFO  c.y.s.i.ProdIncrQueueHandler - [prodNewSearchHandler,52] - 消息队列:[prod_new_search],消息:[79],消费完成 耗时:[44MS]
21:43:55.340 [SpringApplicationShutdownHook] INFO  c.a.c.n.r.NacosServiceRegistry - [deregister,90] - De-registering from Nacos Server now...
21:43:55.355 [SpringApplicationShutdownHook] INFO  c.a.c.n.r.NacosServiceRegistry - [deregister,110] - De-registration finished.
21:43:55.661 [SpringApplicationShutdownHook] INFO  c.a.n.c.r.client - [shutdown,454] - Shutdown rpc client, set status to shutdown
21:43:55.661 [SpringApplicationShutdownHook] INFO  c.a.n.c.r.client - [shutdown,456] - Shutdown client event executor java.util.concurrent.ScheduledThreadPoolExecutor@21e9a352[Running, pool size = 2, active threads = 2, queued tasks = 0, completed tasks = 0]
21:43:55.661 [SpringApplicationShutdownHook] INFO  c.a.n.c.r.client - [closeConnection,591] - Close current connection 1654173730115_192.168.56.1_11866
21:43:55.663 [nacos-grpc-client-executor-816] INFO  c.a.n.c.r.c.g.GrpcClient - [printIfInfoEnabled,60] - [1654173730115_192.168.56.1_11866]Ignore complete event,isRunning:false,isAbandon=false
21:43:55.668 [SpringApplicationShutdownHook] INFO  c.a.n.c.r.c.g.GrpcClient - [shutdown,85] - Shutdown grpc executor java.util.concurrent.ThreadPoolExecutor@6cdcb51a[Running, pool size = 5, active threads = 0, queued tasks = 0, completed tasks = 817]
21:43:55.899 [SpringApplicationShutdownHook] INFO  c.y.s.e.i.EsInstance - [destroy,71] - 程序关闭准备销毁ES连接
21:43:55.903 [SpringApplicationShutdownHook] INFO  c.y.s.e.i.EsInstance - [destroy,79] - 程序关闭成功销毁ES连接耗时:[4]MS
