10:29:33.311 [main] INFO  c.a.n.c.r.client - [lambda$createClient$0,80] - [RpcClientFactory] create a new rpc client of 95573d4b-53aa-43e9-9ecd-7e89b445328d_config-0
10:29:33.382 [main] INFO  o.r.Reflections - [scan,232] - Reflections took 43 ms to scan 1 urls, producing 3 keys and 6 values 
10:29:33.438 [main] INFO  o.r.Reflections - [scan,232] - Reflections took 29 ms to scan 1 urls, producing 4 keys and 9 values 
10:29:33.468 [main] INFO  o.r.Reflections - [scan,232] - Reflections took 22 ms to scan 1 urls, producing 3 keys and 10 values 
10:29:33.653 [main] INFO  o.r.Reflections - [scan,232] - Reflections took 179 ms to scan 148 urls, producing 0 keys and 0 values 
10:29:33.669 [main] INFO  o.r.Reflections - [scan,232] - Reflections took 15 ms to scan 1 urls, producing 1 keys and 5 values 
10:29:33.688 [main] INFO  o.r.Reflections - [scan,232] - Reflections took 11 ms to scan 1 urls, producing 1 keys and 7 values 
10:29:33.703 [main] INFO  o.r.Reflections - [scan,232] - Reflections took 11 ms to scan 1 urls, producing 2 keys and 8 values 
10:29:33.843 [main] INFO  o.r.Reflections - [scan,232] - Reflections took 137 ms to scan 148 urls, producing 0 keys and 0 values 
10:29:33.847 [main] INFO  c.a.n.c.r.client - [printIfInfoEnabled,60] - [95573d4b-53aa-43e9-9ecd-7e89b445328d_config-0] RpcClient init label, labels = {module=config, Vipserver-Tag=null, source=sdk, Amory-Tag=null, Location-Tag=null, taskId=0, AppName=unknown}
10:29:33.849 [main] INFO  c.a.n.c.r.client - [printIfInfoEnabled,60] - [95573d4b-53aa-43e9-9ecd-7e89b445328d_config-0] Register server push request handler:com.alibaba.nacos.client.config.impl.ClientWorker$ConfigRpcTransportClient$$Lambda$322/876881599
10:29:33.849 [main] INFO  c.a.n.c.r.client - [printIfInfoEnabled,60] - [95573d4b-53aa-43e9-9ecd-7e89b445328d_config-0] Register server push request handler:com.alibaba.nacos.client.config.impl.ClientWorker$ConfigRpcTransportClient$$Lambda$323/1410456976
10:29:33.850 [main] INFO  c.a.n.c.r.client - [printIfInfoEnabled,60] - [95573d4b-53aa-43e9-9ecd-7e89b445328d_config-0] Registry connection listener to current client:com.alibaba.nacos.client.config.impl.ClientWorker$ConfigRpcTransportClient$1
10:29:33.851 [main] INFO  c.a.n.c.r.client - [printIfInfoEnabled,60] - [95573d4b-53aa-43e9-9ecd-7e89b445328d_config-0] RpcClient init, ServerListFactory = com.alibaba.nacos.client.config.impl.ClientWorker$ConfigRpcTransportClient$2
10:29:33.870 [main] INFO  c.a.n.c.r.client - [printIfInfoEnabled,60] - [95573d4b-53aa-43e9-9ecd-7e89b445328d_config-0] Try to connect to server on start up, server: {serverIp = '192.168.56.10', server main port = 8848}
10:29:37.442 [main] INFO  c.a.n.c.r.client - [printIfInfoEnabled,60] - [95573d4b-53aa-43e9-9ecd-7e89b445328d_config-0] Success to connect to server [192.168.56.10:8848] on start up, connectionId = 1653532177819_192.168.56.1_5540
10:29:37.445 [com.alibaba.nacos.client.remote.worker] INFO  c.a.n.c.r.client - [printIfInfoEnabled,60] - [95573d4b-53aa-43e9-9ecd-7e89b445328d_config-0] Notify connected event to listeners.
10:29:37.446 [main] INFO  c.a.n.c.r.client - [printIfInfoEnabled,60] - [95573d4b-53aa-43e9-9ecd-7e89b445328d_config-0] Register server push request handler:com.alibaba.nacos.common.remote.client.RpcClient$ConnectResetRequestHandler
10:29:37.446 [main] INFO  c.a.n.c.r.client - [printIfInfoEnabled,60] - [95573d4b-53aa-43e9-9ecd-7e89b445328d_config-0] Register server push request handler:com.alibaba.nacos.common.remote.client.RpcClient$$Lambda$332/103130367
10:29:37.554 [main] INFO  c.y.m.m.YinswMonitorApplication - [logStartupProfileInfo,639] - The following profiles are active: dev
10:29:39.500 [main] INFO  o.a.c.h.Http11NioProtocol - [log,173] - Initializing ProtocolHandler ["http-nio-9100"]
10:29:39.501 [main] INFO  o.a.c.c.StandardService - [log,173] - Starting service [Tomcat]
10:29:39.501 [main] INFO  o.a.c.c.StandardEngine - [log,173] - Starting Servlet engine: [Apache Tomcat/9.0.56]
10:29:39.607 [main] INFO  o.a.c.c.C.[.[.[/] - [log,173] - Initializing Spring embedded WebApplicationContext
10:29:40.014 [main] INFO  c.a.c.s.SentinelWebAutoConfiguration - [addInterceptors,80] - [Sentinel Starter] register SentinelWebInterceptor with urlPatterns: [/**].
10:29:42.225 [main] INFO  c.a.n.c.r.client - [lambda$createClient$0,80] - [RpcClientFactory] create a new rpc client of b77d6fcd-4438-4c6b-9f7f-8374d9d7bc0f
10:29:42.226 [main] INFO  c.a.n.c.r.client - [printIfInfoEnabled,60] - [b77d6fcd-4438-4c6b-9f7f-8374d9d7bc0f] RpcClient init label, labels = {module=naming, source=sdk}
10:29:42.227 [main] INFO  c.a.n.c.r.client - [printIfInfoEnabled,60] - [b77d6fcd-4438-4c6b-9f7f-8374d9d7bc0f] RpcClient init, ServerListFactory = com.alibaba.nacos.client.naming.core.ServerListManager
10:29:42.227 [main] INFO  c.a.n.c.r.client - [printIfInfoEnabled,60] - [b77d6fcd-4438-4c6b-9f7f-8374d9d7bc0f] Registry connection listener to current client:com.alibaba.nacos.client.naming.remote.gprc.redo.NamingGrpcRedoService
10:29:42.228 [main] INFO  c.a.n.c.r.client - [printIfInfoEnabled,60] - [b77d6fcd-4438-4c6b-9f7f-8374d9d7bc0f] Register server push request handler:com.alibaba.nacos.client.naming.remote.gprc.NamingPushRequestHandler
10:29:42.228 [main] INFO  c.a.n.c.r.client - [printIfInfoEnabled,60] - [b77d6fcd-4438-4c6b-9f7f-8374d9d7bc0f] Try to connect to server on start up, server: {serverIp = '192.168.56.10', server main port = 8848}
10:29:42.337 [main] INFO  c.a.n.c.r.client - [printIfInfoEnabled,60] - [b77d6fcd-4438-4c6b-9f7f-8374d9d7bc0f] Success to connect to server [192.168.56.10:8848] on start up, connectionId = 1653532182837_192.168.56.1_5652
10:29:42.337 [main] INFO  c.a.n.c.r.client - [printIfInfoEnabled,60] - [b77d6fcd-4438-4c6b-9f7f-8374d9d7bc0f] Register server push request handler:com.alibaba.nacos.common.remote.client.RpcClient$ConnectResetRequestHandler
10:29:42.337 [com.alibaba.nacos.client.remote.worker] INFO  c.a.n.c.r.client - [printIfInfoEnabled,60] - [b77d6fcd-4438-4c6b-9f7f-8374d9d7bc0f] Notify connected event to listeners.
10:29:42.337 [main] INFO  c.a.n.c.r.client - [printIfInfoEnabled,60] - [b77d6fcd-4438-4c6b-9f7f-8374d9d7bc0f] Register server push request handler:com.alibaba.nacos.common.remote.client.RpcClient$$Lambda$332/103130367
10:29:45.255 [main] INFO  o.a.c.h.Http11NioProtocol - [log,173] - Starting ProtocolHandler ["http-nio-9100"]
10:29:45.784 [nacos-grpc-client-executor-10] INFO  c.a.n.c.r.client - [printIfInfoEnabled,60] - [b77d6fcd-4438-4c6b-9f7f-8374d9d7bc0f] Receive server push request, request = NotifySubscriberRequest, requestId = 9
10:29:45.786 [nacos-grpc-client-executor-10] INFO  c.a.n.c.r.client - [printIfInfoEnabled,60] - [b77d6fcd-4438-4c6b-9f7f-8374d9d7bc0f] Ack server push request, request = NotifySubscriberRequest, requestId = 9
10:29:45.875 [nacos-grpc-client-executor-11] INFO  c.a.n.c.r.client - [printIfInfoEnabled,60] - [b77d6fcd-4438-4c6b-9f7f-8374d9d7bc0f] Receive server push request, request = NotifySubscriberRequest, requestId = 10
10:29:45.875 [nacos-grpc-client-executor-11] INFO  c.a.n.c.r.client - [printIfInfoEnabled,60] - [b77d6fcd-4438-4c6b-9f7f-8374d9d7bc0f] Ack server push request, request = NotifySubscriberRequest, requestId = 10
10:29:46.214 [main] INFO  c.a.c.n.r.NacosServiceRegistry - [register,75] - nacos registry, DEFAULT_GROUP yinsw-monitor 10.1.67.15:9100 register finished
10:29:46.598 [nacos-grpc-client-executor-21] INFO  c.a.n.c.r.client - [printIfInfoEnabled,60] - [b77d6fcd-4438-4c6b-9f7f-8374d9d7bc0f] Receive server push request, request = NotifySubscriberRequest, requestId = 12
10:29:46.598 [nacos-grpc-client-executor-21] INFO  c.a.n.c.r.client - [printIfInfoEnabled,60] - [b77d6fcd-4438-4c6b-9f7f-8374d9d7bc0f] Ack server push request, request = NotifySubscriberRequest, requestId = 12
10:29:46.607 [nacos-grpc-client-executor-22] INFO  c.a.n.c.r.client - [printIfInfoEnabled,60] - [b77d6fcd-4438-4c6b-9f7f-8374d9d7bc0f] Receive server push request, request = NotifySubscriberRequest, requestId = 11
10:29:46.608 [nacos-grpc-client-executor-22] INFO  c.a.n.c.r.client - [printIfInfoEnabled,60] - [b77d6fcd-4438-4c6b-9f7f-8374d9d7bc0f] Ack server push request, request = NotifySubscriberRequest, requestId = 11
10:29:46.612 [nacos-grpc-client-executor-23] INFO  c.a.n.c.r.client - [printIfInfoEnabled,60] - [b77d6fcd-4438-4c6b-9f7f-8374d9d7bc0f] Receive server push request, request = NotifySubscriberRequest, requestId = 13
10:29:46.613 [nacos-grpc-client-executor-23] INFO  c.a.n.c.r.client - [printIfInfoEnabled,60] - [b77d6fcd-4438-4c6b-9f7f-8374d9d7bc0f] Ack server push request, request = NotifySubscriberRequest, requestId = 13
10:29:46.616 [nacos-grpc-client-executor-24] INFO  c.a.n.c.r.client - [printIfInfoEnabled,60] - [b77d6fcd-4438-4c6b-9f7f-8374d9d7bc0f] Receive server push request, request = NotifySubscriberRequest, requestId = 14
10:29:46.617 [nacos-grpc-client-executor-24] INFO  c.a.n.c.r.client - [printIfInfoEnabled,60] - [b77d6fcd-4438-4c6b-9f7f-8374d9d7bc0f] Ack server push request, request = NotifySubscriberRequest, requestId = 14
10:29:46.806 [nacos-grpc-client-executor-25] INFO  c.a.n.c.r.client - [printIfInfoEnabled,60] - [b77d6fcd-4438-4c6b-9f7f-8374d9d7bc0f] Receive server push request, request = NotifySubscriberRequest, requestId = 15
10:29:46.807 [nacos-grpc-client-executor-25] INFO  c.a.n.c.r.client - [printIfInfoEnabled,60] - [b77d6fcd-4438-4c6b-9f7f-8374d9d7bc0f] Ack server push request, request = NotifySubscriberRequest, requestId = 15
10:29:47.356 [main] INFO  c.y.m.m.YinswMonitorApplication - [logStarted,61] - Started YinswMonitorApplication in 18.143 seconds (JVM running for 19.882)
10:29:47.435 [http-nio-9100-exec-1] INFO  o.a.c.c.C.[.[.[/] - [log,173] - Initializing Spring DispatcherServlet 'dispatcherServlet'
10:30:16.621 [nacos-grpc-client-executor-42] INFO  c.a.n.c.r.client - [printIfInfoEnabled,60] - [b77d6fcd-4438-4c6b-9f7f-8374d9d7bc0f] Receive server push request, request = NotifySubscriberRequest, requestId = 25
10:30:16.621 [nacos-grpc-client-executor-42] INFO  c.a.n.c.r.client - [printIfInfoEnabled,60] - [b77d6fcd-4438-4c6b-9f7f-8374d9d7bc0f] Ack server push request, request = NotifySubscriberRequest, requestId = 25
10:30:16.622 [nacos-grpc-client-executor-43] INFO  c.a.n.c.r.client - [printIfInfoEnabled,60] - [b77d6fcd-4438-4c6b-9f7f-8374d9d7bc0f] Receive server push request, request = NotifySubscriberRequest, requestId = 26
10:30:16.622 [nacos-grpc-client-executor-43] INFO  c.a.n.c.r.client - [printIfInfoEnabled,60] - [b77d6fcd-4438-4c6b-9f7f-8374d9d7bc0f] Ack server push request, request = NotifySubscriberRequest, requestId = 26
10:30:16.623 [nacos-grpc-client-executor-44] INFO  c.a.n.c.r.client - [printIfInfoEnabled,60] - [b77d6fcd-4438-4c6b-9f7f-8374d9d7bc0f] Receive server push request, request = NotifySubscriberRequest, requestId = 27
10:30:16.624 [nacos-grpc-client-executor-44] INFO  c.a.n.c.r.client - [printIfInfoEnabled,60] - [b77d6fcd-4438-4c6b-9f7f-8374d9d7bc0f] Ack server push request, request = NotifySubscriberRequest, requestId = 27
10:48:24.529 [main] INFO  c.a.n.c.r.client - [lambda$createClient$0,80] - [RpcClientFactory] create a new rpc client of 6b0d8a66-1a57-48e2-b180-2bca95742d7c_config-0
10:48:24.585 [main] INFO  o.r.Reflections - [scan,232] - Reflections took 31 ms to scan 1 urls, producing 3 keys and 6 values 
10:48:24.616 [main] INFO  o.r.Reflections - [scan,232] - Reflections took 15 ms to scan 1 urls, producing 4 keys and 9 values 
10:48:24.633 [main] INFO  o.r.Reflections - [scan,232] - Reflections took 15 ms to scan 1 urls, producing 3 keys and 10 values 
10:48:24.849 [main] INFO  o.r.Reflections - [scan,232] - Reflections took 211 ms to scan 148 urls, producing 0 keys and 0 values 
10:48:24.892 [main] INFO  o.r.Reflections - [scan,232] - Reflections took 43 ms to scan 1 urls, producing 1 keys and 5 values 
10:48:24.915 [main] INFO  o.r.Reflections - [scan,232] - Reflections took 19 ms to scan 1 urls, producing 1 keys and 7 values 
10:48:24.935 [main] INFO  o.r.Reflections - [scan,232] - Reflections took 16 ms to scan 1 urls, producing 2 keys and 8 values 
10:48:25.098 [main] INFO  o.r.Reflections - [scan,232] - Reflections took 160 ms to scan 148 urls, producing 0 keys and 0 values 
10:48:25.104 [main] INFO  c.a.n.c.r.client - [printIfInfoEnabled,60] - [6b0d8a66-1a57-48e2-b180-2bca95742d7c_config-0] RpcClient init label, labels = {module=config, Vipserver-Tag=null, source=sdk, Amory-Tag=null, Location-Tag=null, taskId=0, AppName=unknown}
10:48:25.105 [main] INFO  c.a.n.c.r.client - [printIfInfoEnabled,60] - [6b0d8a66-1a57-48e2-b180-2bca95742d7c_config-0] Register server push request handler:com.alibaba.nacos.client.config.impl.ClientWorker$ConfigRpcTransportClient$$Lambda$322/1210600718
10:48:25.105 [main] INFO  c.a.n.c.r.client - [printIfInfoEnabled,60] - [6b0d8a66-1a57-48e2-b180-2bca95742d7c_config-0] Register server push request handler:com.alibaba.nacos.client.config.impl.ClientWorker$ConfigRpcTransportClient$$Lambda$323/1433568941
10:48:25.106 [main] INFO  c.a.n.c.r.client - [printIfInfoEnabled,60] - [6b0d8a66-1a57-48e2-b180-2bca95742d7c_config-0] Registry connection listener to current client:com.alibaba.nacos.client.config.impl.ClientWorker$ConfigRpcTransportClient$1
10:48:25.107 [main] INFO  c.a.n.c.r.client - [printIfInfoEnabled,60] - [6b0d8a66-1a57-48e2-b180-2bca95742d7c_config-0] RpcClient init, ServerListFactory = com.alibaba.nacos.client.config.impl.ClientWorker$ConfigRpcTransportClient$2
10:48:25.120 [main] INFO  c.a.n.c.r.client - [printIfInfoEnabled,60] - [6b0d8a66-1a57-48e2-b180-2bca95742d7c_config-0] Try to connect to server on start up, server: {serverIp = '192.168.56.10', server main port = 8848}
10:48:29.006 [main] INFO  c.a.n.c.r.client - [printIfInfoEnabled,60] - [6b0d8a66-1a57-48e2-b180-2bca95742d7c_config-0] Success to connect to server [192.168.56.10:8848] on start up, connectionId = 1653533309604_192.168.56.1_2672
10:48:29.006 [com.alibaba.nacos.client.remote.worker] INFO  c.a.n.c.r.client - [printIfInfoEnabled,60] - [6b0d8a66-1a57-48e2-b180-2bca95742d7c_config-0] Notify connected event to listeners.
10:48:29.007 [main] INFO  c.a.n.c.r.client - [printIfInfoEnabled,60] - [6b0d8a66-1a57-48e2-b180-2bca95742d7c_config-0] Register server push request handler:com.alibaba.nacos.common.remote.client.RpcClient$ConnectResetRequestHandler
10:48:29.008 [main] INFO  c.a.n.c.r.client - [printIfInfoEnabled,60] - [6b0d8a66-1a57-48e2-b180-2bca95742d7c_config-0] Register server push request handler:com.alibaba.nacos.common.remote.client.RpcClient$$Lambda$332/1506703662
10:48:29.102 [main] INFO  c.y.m.m.YinswMonitorApplication - [logStartupProfileInfo,639] - The following profiles are active: dev
10:48:30.705 [main] INFO  o.a.c.h.Http11NioProtocol - [log,173] - Initializing ProtocolHandler ["http-nio-9100"]
10:48:30.705 [main] INFO  o.a.c.c.StandardService - [log,173] - Starting service [Tomcat]
10:48:30.706 [main] INFO  o.a.c.c.StandardEngine - [log,173] - Starting Servlet engine: [Apache Tomcat/9.0.56]
10:48:30.821 [main] INFO  o.a.c.c.C.[.[.[/] - [log,173] - Initializing Spring embedded WebApplicationContext
10:48:31.313 [main] INFO  c.a.c.s.SentinelWebAutoConfiguration - [addInterceptors,80] - [Sentinel Starter] register SentinelWebInterceptor with urlPatterns: [/**].
10:48:33.414 [main] INFO  c.a.n.c.r.client - [lambda$createClient$0,80] - [RpcClientFactory] create a new rpc client of 5b7e28cb-ae1d-40eb-9dcc-27141555f890
10:48:33.415 [main] INFO  c.a.n.c.r.client - [printIfInfoEnabled,60] - [5b7e28cb-ae1d-40eb-9dcc-27141555f890] RpcClient init label, labels = {module=naming, source=sdk}
10:48:33.416 [main] INFO  c.a.n.c.r.client - [printIfInfoEnabled,60] - [5b7e28cb-ae1d-40eb-9dcc-27141555f890] RpcClient init, ServerListFactory = com.alibaba.nacos.client.naming.core.ServerListManager
10:48:33.416 [main] INFO  c.a.n.c.r.client - [printIfInfoEnabled,60] - [5b7e28cb-ae1d-40eb-9dcc-27141555f890] Registry connection listener to current client:com.alibaba.nacos.client.naming.remote.gprc.redo.NamingGrpcRedoService
10:48:33.417 [main] INFO  c.a.n.c.r.client - [printIfInfoEnabled,60] - [5b7e28cb-ae1d-40eb-9dcc-27141555f890] Register server push request handler:com.alibaba.nacos.client.naming.remote.gprc.NamingPushRequestHandler
10:48:33.417 [main] INFO  c.a.n.c.r.client - [printIfInfoEnabled,60] - [5b7e28cb-ae1d-40eb-9dcc-27141555f890] Try to connect to server on start up, server: {serverIp = '192.168.56.10', server main port = 8848}
10:48:33.555 [main] INFO  c.a.n.c.r.client - [printIfInfoEnabled,60] - [5b7e28cb-ae1d-40eb-9dcc-27141555f890] Success to connect to server [192.168.56.10:8848] on start up, connectionId = 1653533314206_192.168.56.1_2818
10:48:33.555 [main] INFO  c.a.n.c.r.client - [printIfInfoEnabled,60] - [5b7e28cb-ae1d-40eb-9dcc-27141555f890] Register server push request handler:com.alibaba.nacos.common.remote.client.RpcClient$ConnectResetRequestHandler
10:48:33.555 [com.alibaba.nacos.client.remote.worker] INFO  c.a.n.c.r.client - [printIfInfoEnabled,60] - [5b7e28cb-ae1d-40eb-9dcc-27141555f890] Notify connected event to listeners.
10:48:33.555 [main] INFO  c.a.n.c.r.client - [printIfInfoEnabled,60] - [5b7e28cb-ae1d-40eb-9dcc-27141555f890] Register server push request handler:com.alibaba.nacos.common.remote.client.RpcClient$$Lambda$332/1506703662
10:48:36.610 [main] INFO  o.a.c.h.Http11NioProtocol - [log,173] - Starting ProtocolHandler ["http-nio-9100"]
10:48:37.187 [nacos-grpc-client-executor-7] INFO  c.a.n.c.r.client - [printIfInfoEnabled,60] - [5b7e28cb-ae1d-40eb-9dcc-27141555f890] Receive server push request, request = NotifySubscriberRequest, requestId = 8
10:48:37.188 [nacos-grpc-client-executor-7] INFO  c.a.n.c.r.client - [printIfInfoEnabled,60] - [5b7e28cb-ae1d-40eb-9dcc-27141555f890] Ack server push request, request = NotifySubscriberRequest, requestId = 8
10:48:37.192 [nacos-grpc-client-executor-8] INFO  c.a.n.c.r.client - [printIfInfoEnabled,60] - [5b7e28cb-ae1d-40eb-9dcc-27141555f890] Receive server push request, request = NotifySubscriberRequest, requestId = 9
10:48:37.192 [nacos-grpc-client-executor-8] INFO  c.a.n.c.r.client - [printIfInfoEnabled,60] - [5b7e28cb-ae1d-40eb-9dcc-27141555f890] Ack server push request, request = NotifySubscriberRequest, requestId = 9
10:48:37.618 [main] INFO  c.a.c.n.r.NacosServiceRegistry - [register,75] - nacos registry, DEFAULT_GROUP yinsw-monitor 10.1.67.15:9100 register finished
10:48:38.102 [nacos-grpc-client-executor-19] INFO  c.a.n.c.r.client - [printIfInfoEnabled,60] - [5b7e28cb-ae1d-40eb-9dcc-27141555f890] Receive server push request, request = NotifySubscriberRequest, requestId = 11
10:48:38.105 [nacos-grpc-client-executor-19] INFO  c.a.n.c.r.client - [printIfInfoEnabled,60] - [5b7e28cb-ae1d-40eb-9dcc-27141555f890] Ack server push request, request = NotifySubscriberRequest, requestId = 11
10:48:38.110 [nacos-grpc-client-executor-20] INFO  c.a.n.c.r.client - [printIfInfoEnabled,60] - [5b7e28cb-ae1d-40eb-9dcc-27141555f890] Receive server push request, request = NotifySubscriberRequest, requestId = 12
10:48:38.111 [nacos-grpc-client-executor-20] INFO  c.a.n.c.r.client - [printIfInfoEnabled,60] - [5b7e28cb-ae1d-40eb-9dcc-27141555f890] Ack server push request, request = NotifySubscriberRequest, requestId = 12
10:48:38.200 [nacos-grpc-client-executor-21] INFO  c.a.n.c.r.client - [printIfInfoEnabled,60] - [5b7e28cb-ae1d-40eb-9dcc-27141555f890] Receive server push request, request = NotifySubscriberRequest, requestId = 13
10:48:38.201 [nacos-grpc-client-executor-21] INFO  c.a.n.c.r.client - [printIfInfoEnabled,60] - [5b7e28cb-ae1d-40eb-9dcc-27141555f890] Ack server push request, request = NotifySubscriberRequest, requestId = 13
10:48:38.210 [nacos-grpc-client-executor-22] INFO  c.a.n.c.r.client - [printIfInfoEnabled,60] - [5b7e28cb-ae1d-40eb-9dcc-27141555f890] Receive server push request, request = NotifySubscriberRequest, requestId = 16
10:48:38.214 [nacos-grpc-client-executor-22] INFO  c.a.n.c.r.client - [printIfInfoEnabled,60] - [5b7e28cb-ae1d-40eb-9dcc-27141555f890] Ack server push request, request = NotifySubscriberRequest, requestId = 16
10:48:38.643 [main] INFO  c.y.m.m.YinswMonitorApplication - [logStarted,61] - Started YinswMonitorApplication in 17.769 seconds (JVM running for 19.381)
10:48:38.727 [http-nio-9100-exec-1] INFO  o.a.c.c.C.[.[.[/] - [log,173] - Initializing Spring DispatcherServlet 'dispatcherServlet'
10:48:39.227 [nacos-grpc-client-executor-30] INFO  c.a.n.c.r.client - [printIfInfoEnabled,60] - [5b7e28cb-ae1d-40eb-9dcc-27141555f890] Receive server push request, request = NotifySubscriberRequest, requestId = 18
10:48:39.228 [nacos-grpc-client-executor-30] INFO  c.a.n.c.r.client - [printIfInfoEnabled,60] - [5b7e28cb-ae1d-40eb-9dcc-27141555f890] Ack server push request, request = NotifySubscriberRequest, requestId = 18
10:49:08.179 [nacos-grpc-client-executor-43] INFO  c.a.n.c.r.client - [printIfInfoEnabled,60] - [5b7e28cb-ae1d-40eb-9dcc-27141555f890] Receive server push request, request = NotifySubscriberRequest, requestId = 25
10:49:08.179 [nacos-grpc-client-executor-43] INFO  c.a.n.c.r.client - [printIfInfoEnabled,60] - [5b7e28cb-ae1d-40eb-9dcc-27141555f890] Ack server push request, request = NotifySubscriberRequest, requestId = 25
10:49:08.180 [nacos-grpc-client-executor-44] INFO  c.a.n.c.r.client - [printIfInfoEnabled,60] - [5b7e28cb-ae1d-40eb-9dcc-27141555f890] Receive server push request, request = NotifySubscriberRequest, requestId = 26
10:49:08.181 [nacos-grpc-client-executor-44] INFO  c.a.n.c.r.client - [printIfInfoEnabled,60] - [5b7e28cb-ae1d-40eb-9dcc-27141555f890] Ack server push request, request = NotifySubscriberRequest, requestId = 26
10:49:08.182 [nacos-grpc-client-executor-45] INFO  c.a.n.c.r.client - [printIfInfoEnabled,60] - [5b7e28cb-ae1d-40eb-9dcc-27141555f890] Receive server push request, request = NotifySubscriberRequest, requestId = 27
10:49:08.182 [nacos-grpc-client-executor-45] INFO  c.a.n.c.r.client - [printIfInfoEnabled,60] - [5b7e28cb-ae1d-40eb-9dcc-27141555f890] Ack server push request, request = NotifySubscriberRequest, requestId = 27
13:43:06.783 [nacos-grpc-client-executor-3772] INFO  c.a.n.c.r.client - [printIfInfoEnabled,60] - [5b7e28cb-ae1d-40eb-9dcc-27141555f890] Receive server push request, request = NotifySubscriberRequest, requestId = 29
13:43:06.785 [nacos-grpc-client-executor-3772] INFO  c.a.n.c.r.client - [printIfInfoEnabled,60] - [5b7e28cb-ae1d-40eb-9dcc-27141555f890] Ack server push request, request = NotifySubscriberRequest, requestId = 29
13:43:07.187 [nacos-grpc-client-executor-3774] INFO  c.a.n.c.r.client - [printIfInfoEnabled,60] - [5b7e28cb-ae1d-40eb-9dcc-27141555f890] Receive server push request, request = NotifySubscriberRequest, requestId = 30
13:43:07.188 [nacos-grpc-client-executor-3774] INFO  c.a.n.c.r.client - [printIfInfoEnabled,60] - [5b7e28cb-ae1d-40eb-9dcc-27141555f890] Ack server push request, request = NotifySubscriberRequest, requestId = 30
13:43:07.189 [nacos-grpc-client-executor-3775] INFO  c.a.n.c.r.client - [printIfInfoEnabled,60] - [5b7e28cb-ae1d-40eb-9dcc-27141555f890] Receive server push request, request = NotifySubscriberRequest, requestId = 31
13:43:07.190 [nacos-grpc-client-executor-3775] INFO  c.a.n.c.r.client - [printIfInfoEnabled,60] - [5b7e28cb-ae1d-40eb-9dcc-27141555f890] Ack server push request, request = NotifySubscriberRequest, requestId = 31
13:43:07.287 [nacos-grpc-client-executor-3776] INFO  c.a.n.c.r.client - [printIfInfoEnabled,60] - [5b7e28cb-ae1d-40eb-9dcc-27141555f890] Receive server push request, request = NotifySubscriberRequest, requestId = 32
13:43:07.288 [nacos-grpc-client-executor-3776] INFO  c.a.n.c.r.client - [printIfInfoEnabled,60] - [5b7e28cb-ae1d-40eb-9dcc-27141555f890] Ack server push request, request = NotifySubscriberRequest, requestId = 32
13:43:07.387 [nacos-grpc-client-executor-3777] INFO  c.a.n.c.r.client - [printIfInfoEnabled,60] - [5b7e28cb-ae1d-40eb-9dcc-27141555f890] Receive server push request, request = NotifySubscriberRequest, requestId = 33
13:43:07.389 [nacos-grpc-client-executor-3777] INFO  c.a.n.c.r.client - [printIfInfoEnabled,60] - [5b7e28cb-ae1d-40eb-9dcc-27141555f890] Ack server push request, request = NotifySubscriberRequest, requestId = 33
13:43:07.392 [nacos-grpc-client-executor-3778] INFO  c.a.n.c.r.client - [printIfInfoEnabled,60] - [5b7e28cb-ae1d-40eb-9dcc-27141555f890] Receive server push request, request = NotifySubscriberRequest, requestId = 34
13:43:07.393 [nacos-grpc-client-executor-3778] INFO  c.a.n.c.r.client - [printIfInfoEnabled,60] - [5b7e28cb-ae1d-40eb-9dcc-27141555f890] Ack server push request, request = NotifySubscriberRequest, requestId = 34
13:43:07.396 [nacos-grpc-client-executor-3779] INFO  c.a.n.c.r.client - [printIfInfoEnabled,60] - [5b7e28cb-ae1d-40eb-9dcc-27141555f890] Receive server push request, request = NotifySubscriberRequest, requestId = 35
13:43:07.398 [nacos-grpc-client-executor-3779] INFO  c.a.n.c.r.client - [printIfInfoEnabled,60] - [5b7e28cb-ae1d-40eb-9dcc-27141555f890] Ack server push request, request = NotifySubscriberRequest, requestId = 35
13:43:07.488 [nacos-grpc-client-executor-3780] INFO  c.a.n.c.r.client - [printIfInfoEnabled,60] - [5b7e28cb-ae1d-40eb-9dcc-27141555f890] Receive server push request, request = NotifySubscriberRequest, requestId = 36
13:43:07.489 [nacos-grpc-client-executor-3780] INFO  c.a.n.c.r.client - [printIfInfoEnabled,60] - [5b7e28cb-ae1d-40eb-9dcc-27141555f890] Ack server push request, request = NotifySubscriberRequest, requestId = 36
13:43:08.838 [SpringApplicationShutdownHook] INFO  c.a.c.n.r.NacosServiceRegistry - [deregister,90] - De-registering from Nacos Server now...
13:43:08.840 [SpringApplicationShutdownHook] INFO  c.a.c.n.r.NacosServiceRegistry - [deregister,110] - De-registration finished.
13:43:09.145 [SpringApplicationShutdownHook] INFO  c.a.n.c.r.client - [shutdown,454] - Shutdown rpc client, set status to shutdown
13:43:09.145 [SpringApplicationShutdownHook] INFO  c.a.n.c.r.client - [shutdown,456] - Shutdown client event executor java.util.concurrent.ScheduledThreadPoolExecutor@6aabeee1[Running, pool size = 2, active threads = 2, queued tasks = 0, completed tasks = 0]
13:43:09.146 [SpringApplicationShutdownHook] INFO  c.a.n.c.r.client - [closeConnection,591] - Close current connection 1653533314206_192.168.56.1_2818
13:43:09.147 [nacos-grpc-client-executor-3782] INFO  c.a.n.c.r.c.g.GrpcClient - [printIfInfoEnabled,60] - [1653533314206_192.168.56.1_2818]Ignore complete event,isRunning:false,isAbandon=false
13:43:09.150 [SpringApplicationShutdownHook] INFO  c.a.n.c.r.c.g.GrpcClient - [shutdown,85] - Shutdown grpc executor java.util.concurrent.ThreadPoolExecutor@215f9117[Running, pool size = 13, active threads = 0, queued tasks = 0, completed tasks = 3783]
15:31:38.076 [main] INFO  c.a.n.c.r.client - [lambda$createClient$0,80] - [RpcClientFactory] create a new rpc client of aaecab24-f2a2-401f-afba-4fa69ada2445_config-0
15:31:38.123 [main] INFO  o.r.Reflections - [scan,232] - Reflections took 30 ms to scan 1 urls, producing 3 keys and 6 values 
15:31:38.149 [main] INFO  o.r.Reflections - [scan,232] - Reflections took 13 ms to scan 1 urls, producing 4 keys and 9 values 
15:31:38.167 [main] INFO  o.r.Reflections - [scan,232] - Reflections took 15 ms to scan 1 urls, producing 3 keys and 10 values 
15:31:38.299 [main] INFO  o.r.Reflections - [scan,232] - Reflections took 129 ms to scan 148 urls, producing 0 keys and 0 values 
15:31:38.307 [main] INFO  o.r.Reflections - [scan,232] - Reflections took 8 ms to scan 1 urls, producing 1 keys and 5 values 
15:31:38.318 [main] INFO  o.r.Reflections - [scan,232] - Reflections took 9 ms to scan 1 urls, producing 1 keys and 7 values 
15:31:38.328 [main] INFO  o.r.Reflections - [scan,232] - Reflections took 8 ms to scan 1 urls, producing 2 keys and 8 values 
15:31:38.419 [main] INFO  o.r.Reflections - [scan,232] - Reflections took 88 ms to scan 148 urls, producing 0 keys and 0 values 
15:31:38.424 [main] INFO  c.a.n.c.r.client - [printIfInfoEnabled,60] - [aaecab24-f2a2-401f-afba-4fa69ada2445_config-0] RpcClient init label, labels = {module=config, Vipserver-Tag=null, source=sdk, Amory-Tag=null, Location-Tag=null, taskId=0, AppName=unknown}
15:31:38.425 [main] INFO  c.a.n.c.r.client - [printIfInfoEnabled,60] - [aaecab24-f2a2-401f-afba-4fa69ada2445_config-0] Register server push request handler:com.alibaba.nacos.client.config.impl.ClientWorker$ConfigRpcTransportClient$$Lambda$322/1269826537
15:31:38.425 [main] INFO  c.a.n.c.r.client - [printIfInfoEnabled,60] - [aaecab24-f2a2-401f-afba-4fa69ada2445_config-0] Register server push request handler:com.alibaba.nacos.client.config.impl.ClientWorker$ConfigRpcTransportClient$$Lambda$323/313149846
15:31:38.426 [main] INFO  c.a.n.c.r.client - [printIfInfoEnabled,60] - [aaecab24-f2a2-401f-afba-4fa69ada2445_config-0] Registry connection listener to current client:com.alibaba.nacos.client.config.impl.ClientWorker$ConfigRpcTransportClient$1
15:31:38.426 [main] INFO  c.a.n.c.r.client - [printIfInfoEnabled,60] - [aaecab24-f2a2-401f-afba-4fa69ada2445_config-0] RpcClient init, ServerListFactory = com.alibaba.nacos.client.config.impl.ClientWorker$ConfigRpcTransportClient$2
15:31:38.435 [main] INFO  c.a.n.c.r.client - [printIfInfoEnabled,60] - [aaecab24-f2a2-401f-afba-4fa69ada2445_config-0] Try to connect to server on start up, server: {serverIp = '192.168.56.10', server main port = 8848}
15:31:40.714 [main] INFO  c.a.n.c.r.client - [printIfInfoEnabled,60] - [aaecab24-f2a2-401f-afba-4fa69ada2445_config-0] Success to connect to server [192.168.56.10:8848] on start up, connectionId = 1653550301653_192.168.56.1_1300
15:31:40.714 [com.alibaba.nacos.client.remote.worker] INFO  c.a.n.c.r.client - [printIfInfoEnabled,60] - [aaecab24-f2a2-401f-afba-4fa69ada2445_config-0] Notify connected event to listeners.
15:31:40.715 [main] INFO  c.a.n.c.r.client - [printIfInfoEnabled,60] - [aaecab24-f2a2-401f-afba-4fa69ada2445_config-0] Register server push request handler:com.alibaba.nacos.common.remote.client.RpcClient$ConnectResetRequestHandler
15:31:40.715 [main] INFO  c.a.n.c.r.client - [printIfInfoEnabled,60] - [aaecab24-f2a2-401f-afba-4fa69ada2445_config-0] Register server push request handler:com.alibaba.nacos.common.remote.client.RpcClient$$Lambda$332/2036292945
15:31:40.784 [main] INFO  c.y.m.m.YinswMonitorApplication - [logStartupProfileInfo,639] - The following profiles are active: dev
15:31:42.168 [main] INFO  o.a.c.h.Http11NioProtocol - [log,173] - Initializing ProtocolHandler ["http-nio-9100"]
15:31:42.169 [main] INFO  o.a.c.c.StandardService - [log,173] - Starting service [Tomcat]
15:31:42.169 [main] INFO  o.a.c.c.StandardEngine - [log,173] - Starting Servlet engine: [Apache Tomcat/9.0.56]
15:31:42.255 [main] INFO  o.a.c.c.C.[.[.[/] - [log,173] - Initializing Spring embedded WebApplicationContext
15:31:42.615 [main] INFO  c.a.c.s.SentinelWebAutoConfiguration - [addInterceptors,80] - [Sentinel Starter] register SentinelWebInterceptor with urlPatterns: [/**].
15:31:44.503 [main] INFO  c.a.n.c.r.client - [lambda$createClient$0,80] - [RpcClientFactory] create a new rpc client of 12343c3e-c636-46d7-8d2f-2e26563763b3
15:31:44.503 [main] INFO  c.a.n.c.r.client - [printIfInfoEnabled,60] - [12343c3e-c636-46d7-8d2f-2e26563763b3] RpcClient init label, labels = {module=naming, source=sdk}
15:31:44.505 [main] INFO  c.a.n.c.r.client - [printIfInfoEnabled,60] - [12343c3e-c636-46d7-8d2f-2e26563763b3] RpcClient init, ServerListFactory = com.alibaba.nacos.client.naming.core.ServerListManager
15:31:44.505 [main] INFO  c.a.n.c.r.client - [printIfInfoEnabled,60] - [12343c3e-c636-46d7-8d2f-2e26563763b3] Registry connection listener to current client:com.alibaba.nacos.client.naming.remote.gprc.redo.NamingGrpcRedoService
15:31:44.505 [main] INFO  c.a.n.c.r.client - [printIfInfoEnabled,60] - [12343c3e-c636-46d7-8d2f-2e26563763b3] Register server push request handler:com.alibaba.nacos.client.naming.remote.gprc.NamingPushRequestHandler
15:31:44.506 [main] INFO  c.a.n.c.r.client - [printIfInfoEnabled,60] - [12343c3e-c636-46d7-8d2f-2e26563763b3] Try to connect to server on start up, server: {serverIp = '192.168.56.10', server main port = 8848}
15:31:44.614 [main] INFO  c.a.n.c.r.client - [printIfInfoEnabled,60] - [12343c3e-c636-46d7-8d2f-2e26563763b3] Success to connect to server [192.168.56.10:8848] on start up, connectionId = 1653550305628_192.168.56.1_1373
15:31:44.614 [com.alibaba.nacos.client.remote.worker] INFO  c.a.n.c.r.client - [printIfInfoEnabled,60] - [12343c3e-c636-46d7-8d2f-2e26563763b3] Notify connected event to listeners.
15:31:44.614 [main] INFO  c.a.n.c.r.client - [printIfInfoEnabled,60] - [12343c3e-c636-46d7-8d2f-2e26563763b3] Register server push request handler:com.alibaba.nacos.common.remote.client.RpcClient$ConnectResetRequestHandler
15:31:44.614 [main] INFO  c.a.n.c.r.client - [printIfInfoEnabled,60] - [12343c3e-c636-46d7-8d2f-2e26563763b3] Register server push request handler:com.alibaba.nacos.common.remote.client.RpcClient$$Lambda$332/2036292945
15:31:47.437 [main] INFO  o.a.c.h.Http11NioProtocol - [log,173] - Starting ProtocolHandler ["http-nio-9100"]
15:31:47.966 [nacos-grpc-client-executor-8] INFO  c.a.n.c.r.client - [printIfInfoEnabled,60] - [12343c3e-c636-46d7-8d2f-2e26563763b3] Receive server push request, request = NotifySubscriberRequest, requestId = 9
15:31:47.967 [nacos-grpc-client-executor-8] INFO  c.a.n.c.r.client - [printIfInfoEnabled,60] - [12343c3e-c636-46d7-8d2f-2e26563763b3] Ack server push request, request = NotifySubscriberRequest, requestId = 9
15:31:48.059 [nacos-grpc-client-executor-9] INFO  c.a.n.c.r.client - [printIfInfoEnabled,60] - [12343c3e-c636-46d7-8d2f-2e26563763b3] Receive server push request, request = NotifySubscriberRequest, requestId = 10
15:31:48.060 [nacos-grpc-client-executor-9] INFO  c.a.n.c.r.client - [printIfInfoEnabled,60] - [12343c3e-c636-46d7-8d2f-2e26563763b3] Ack server push request, request = NotifySubscriberRequest, requestId = 10
15:31:48.426 [main] INFO  c.a.c.n.r.NacosServiceRegistry - [register,75] - nacos registry, DEFAULT_GROUP yinsw-monitor 10.1.67.15:9100 register finished
15:31:48.777 [nacos-grpc-client-executor-20] INFO  c.a.n.c.r.client - [printIfInfoEnabled,60] - [12343c3e-c636-46d7-8d2f-2e26563763b3] Receive server push request, request = NotifySubscriberRequest, requestId = 11
15:31:48.777 [nacos-grpc-client-executor-20] INFO  c.a.n.c.r.client - [printIfInfoEnabled,60] - [12343c3e-c636-46d7-8d2f-2e26563763b3] Ack server push request, request = NotifySubscriberRequest, requestId = 11
15:31:48.881 [nacos-grpc-client-executor-21] INFO  c.a.n.c.r.client - [printIfInfoEnabled,60] - [12343c3e-c636-46d7-8d2f-2e26563763b3] Receive server push request, request = NotifySubscriberRequest, requestId = 13
15:31:48.881 [nacos-grpc-client-executor-21] INFO  c.a.n.c.r.client - [printIfInfoEnabled,60] - [12343c3e-c636-46d7-8d2f-2e26563763b3] Ack server push request, request = NotifySubscriberRequest, requestId = 13
15:31:48.883 [nacos-grpc-client-executor-22] INFO  c.a.n.c.r.client - [printIfInfoEnabled,60] - [12343c3e-c636-46d7-8d2f-2e26563763b3] Receive server push request, request = NotifySubscriberRequest, requestId = 12
15:31:48.883 [nacos-grpc-client-executor-22] INFO  c.a.n.c.r.client - [printIfInfoEnabled,60] - [12343c3e-c636-46d7-8d2f-2e26563763b3] Ack server push request, request = NotifySubscriberRequest, requestId = 12
15:31:48.884 [nacos-grpc-client-executor-23] INFO  c.a.n.c.r.client - [printIfInfoEnabled,60] - [12343c3e-c636-46d7-8d2f-2e26563763b3] Receive server push request, request = NotifySubscriberRequest, requestId = 14
15:31:48.884 [nacos-grpc-client-executor-23] INFO  c.a.n.c.r.client - [printIfInfoEnabled,60] - [12343c3e-c636-46d7-8d2f-2e26563763b3] Ack server push request, request = NotifySubscriberRequest, requestId = 14
15:31:49.009 [nacos-grpc-client-executor-24] INFO  c.a.n.c.r.client - [printIfInfoEnabled,60] - [12343c3e-c636-46d7-8d2f-2e26563763b3] Receive server push request, request = NotifySubscriberRequest, requestId = 15
15:31:49.013 [nacos-grpc-client-executor-24] INFO  c.a.n.c.r.client - [printIfInfoEnabled,60] - [12343c3e-c636-46d7-8d2f-2e26563763b3] Ack server push request, request = NotifySubscriberRequest, requestId = 15
15:31:49.322 [main] INFO  c.y.m.m.YinswMonitorApplication - [logStarted,61] - Started YinswMonitorApplication in 13.805 seconds (JVM running for 14.942)
15:31:49.418 [http-nio-9100-exec-1] INFO  o.a.c.c.C.[.[.[/] - [log,173] - Initializing Spring DispatcherServlet 'dispatcherServlet'
15:32:18.928 [nacos-grpc-client-executor-41] INFO  c.a.n.c.r.client - [printIfInfoEnabled,60] - [12343c3e-c636-46d7-8d2f-2e26563763b3] Receive server push request, request = NotifySubscriberRequest, requestId = 24
15:32:18.928 [nacos-grpc-client-executor-41] INFO  c.a.n.c.r.client - [printIfInfoEnabled,60] - [12343c3e-c636-46d7-8d2f-2e26563763b3] Ack server push request, request = NotifySubscriberRequest, requestId = 24
15:32:18.929 [nacos-grpc-client-executor-42] INFO  c.a.n.c.r.client - [printIfInfoEnabled,60] - [12343c3e-c636-46d7-8d2f-2e26563763b3] Receive server push request, request = NotifySubscriberRequest, requestId = 25
15:32:18.930 [nacos-grpc-client-executor-42] INFO  c.a.n.c.r.client - [printIfInfoEnabled,60] - [12343c3e-c636-46d7-8d2f-2e26563763b3] Ack server push request, request = NotifySubscriberRequest, requestId = 25
15:32:18.931 [nacos-grpc-client-executor-43] INFO  c.a.n.c.r.client - [printIfInfoEnabled,60] - [12343c3e-c636-46d7-8d2f-2e26563763b3] Receive server push request, request = NotifySubscriberRequest, requestId = 26
15:32:18.931 [nacos-grpc-client-executor-43] INFO  c.a.n.c.r.client - [printIfInfoEnabled,60] - [12343c3e-c636-46d7-8d2f-2e26563763b3] Ack server push request, request = NotifySubscriberRequest, requestId = 26
18:28:52.862 [nacos-grpc-client-executor-3866] INFO  c.a.n.c.r.client - [printIfInfoEnabled,60] - [12343c3e-c636-46d7-8d2f-2e26563763b3] Receive server push request, request = NotifySubscriberRequest, requestId = 29
18:28:52.865 [nacos-grpc-client-executor-3866] INFO  c.a.n.c.r.client - [printIfInfoEnabled,60] - [12343c3e-c636-46d7-8d2f-2e26563763b3] Ack server push request, request = NotifySubscriberRequest, requestId = 29
18:28:53.171 [nacos-grpc-client-executor-3868] INFO  c.a.n.c.r.client - [printIfInfoEnabled,60] - [12343c3e-c636-46d7-8d2f-2e26563763b3] Receive server push request, request = NotifySubscriberRequest, requestId = 30
18:28:53.172 [nacos-grpc-client-executor-3868] INFO  c.a.n.c.r.client - [printIfInfoEnabled,60] - [12343c3e-c636-46d7-8d2f-2e26563763b3] Ack server push request, request = NotifySubscriberRequest, requestId = 30
18:28:53.272 [nacos-grpc-client-executor-3869] INFO  c.a.n.c.r.client - [printIfInfoEnabled,60] - [12343c3e-c636-46d7-8d2f-2e26563763b3] Receive server push request, request = NotifySubscriberRequest, requestId = 31
18:28:53.273 [nacos-grpc-client-executor-3869] INFO  c.a.n.c.r.client - [printIfInfoEnabled,60] - [12343c3e-c636-46d7-8d2f-2e26563763b3] Ack server push request, request = NotifySubscriberRequest, requestId = 31
18:28:53.375 [nacos-grpc-client-executor-3870] INFO  c.a.n.c.r.client - [printIfInfoEnabled,60] - [12343c3e-c636-46d7-8d2f-2e26563763b3] Receive server push request, request = NotifySubscriberRequest, requestId = 32
18:28:53.376 [nacos-grpc-client-executor-3870] INFO  c.a.n.c.r.client - [printIfInfoEnabled,60] - [12343c3e-c636-46d7-8d2f-2e26563763b3] Ack server push request, request = NotifySubscriberRequest, requestId = 32
18:28:53.484 [nacos-grpc-client-executor-3871] INFO  c.a.n.c.r.client - [printIfInfoEnabled,60] - [12343c3e-c636-46d7-8d2f-2e26563763b3] Receive server push request, request = NotifySubscriberRequest, requestId = 33
18:28:53.486 [nacos-grpc-client-executor-3871] INFO  c.a.n.c.r.client - [printIfInfoEnabled,60] - [12343c3e-c636-46d7-8d2f-2e26563763b3] Ack server push request, request = NotifySubscriberRequest, requestId = 33
18:28:53.489 [nacos-grpc-client-executor-3872] INFO  c.a.n.c.r.client - [printIfInfoEnabled,60] - [12343c3e-c636-46d7-8d2f-2e26563763b3] Receive server push request, request = NotifySubscriberRequest, requestId = 34
18:28:53.491 [nacos-grpc-client-executor-3872] INFO  c.a.n.c.r.client - [printIfInfoEnabled,60] - [12343c3e-c636-46d7-8d2f-2e26563763b3] Ack server push request, request = NotifySubscriberRequest, requestId = 34
18:28:53.493 [nacos-grpc-client-executor-3873] INFO  c.a.n.c.r.client - [printIfInfoEnabled,60] - [12343c3e-c636-46d7-8d2f-2e26563763b3] Receive server push request, request = NotifySubscriberRequest, requestId = 35
18:28:53.495 [nacos-grpc-client-executor-3873] INFO  c.a.n.c.r.client - [printIfInfoEnabled,60] - [12343c3e-c636-46d7-8d2f-2e26563763b3] Ack server push request, request = NotifySubscriberRequest, requestId = 35
18:28:53.593 [nacos-grpc-client-executor-3874] INFO  c.a.n.c.r.client - [printIfInfoEnabled,60] - [12343c3e-c636-46d7-8d2f-2e26563763b3] Receive server push request, request = NotifySubscriberRequest, requestId = 36
18:28:53.594 [nacos-grpc-client-executor-3874] INFO  c.a.n.c.r.client - [printIfInfoEnabled,60] - [12343c3e-c636-46d7-8d2f-2e26563763b3] Ack server push request, request = NotifySubscriberRequest, requestId = 36
18:28:54.939 [SpringApplicationShutdownHook] INFO  c.a.c.n.r.NacosServiceRegistry - [deregister,90] - De-registering from Nacos Server now...
18:28:54.941 [SpringApplicationShutdownHook] INFO  c.a.c.n.r.NacosServiceRegistry - [deregister,110] - De-registration finished.
18:28:55.245 [SpringApplicationShutdownHook] INFO  c.a.n.c.r.client - [shutdown,454] - Shutdown rpc client, set status to shutdown
18:28:55.245 [SpringApplicationShutdownHook] INFO  c.a.n.c.r.client - [shutdown,456] - Shutdown client event executor java.util.concurrent.ScheduledThreadPoolExecutor@71edae2[Running, pool size = 2, active threads = 2, queued tasks = 0, completed tasks = 0]
18:28:55.246 [SpringApplicationShutdownHook] INFO  c.a.n.c.r.client - [closeConnection,591] - Close current connection 1653550305628_192.168.56.1_1373
18:28:55.247 [nacos-grpc-client-executor-3876] INFO  c.a.n.c.r.c.g.GrpcClient - [printIfInfoEnabled,60] - [1653550305628_192.168.56.1_1373]Ignore complete event,isRunning:false,isAbandon=false
18:28:55.250 [SpringApplicationShutdownHook] INFO  c.a.n.c.r.c.g.GrpcClient - [shutdown,85] - Shutdown grpc executor java.util.concurrent.ThreadPoolExecutor@4bb302b8[Running, pool size = 20, active threads = 0, queued tasks = 0, completed tasks = 3877]
